000 (407590.000.000) 10/23 15:49:17 Job submitted from host: <137.138.156.150:9618?addrs=137.138.156.150-9618+[2001-1458-d00-14--9a]-9618&noUDP&sock=4221_d558_7>
...
001 (407590.000.000) 10/23 15:49:41 Job executing on host: <188.184.204.103:9618?addrs=188.184.204.103-9618+[2001-1458-301-7d--100-4fd]-9618&noUDP&sock=1263_e434_3>
...
006 (407590.000.000) 10/23 15:49:49 Image size of job updated: 99672
	41  -  MemoryUsage of job (MB)
	41968  -  ResidentSetSize of job (KB)
...
005 (407590.000.000) 10/23 15:49:55 Job terminated.
	(1) Normal termination (return value 1)
		Usr 0 00:00:00, Sys 0 00:00:00  -  Run Remote Usage
		Usr 0 00:00:00, Sys 0 00:00:00  -  Run Local Usage
		Usr 0 00:00:00, Sys 0 00:00:00  -  Total Remote Usage
		Usr 0 00:00:00, Sys 0 00:00:00  -  Total Local Usage
	790  -  Run Bytes Sent By Job
	902  -  Run Bytes Received By Job
	790  -  Total Bytes Sent By Job
	902  -  Total Bytes Received By Job
	Partitionable Resources :    Usage  Request Allocated
	   Cpus                 :                 1         1
	   Disk (KB)            :       17        1   2120098
	   Memory (MB)          :       41     2000      2000
...
000 (408836.000.000) 10/24 13:22:07 Job submitted from host: <137.138.156.150:9618?addrs=137.138.156.150-9618+[2001-1458-d00-14--9a]-9618&noUDP&sock=4221_d558_7>
...
001 (408836.000.000) 10/24 13:22:10 Job executing on host: <188.184.206.38:9618?addrs=188.184.206.38-9618+[2001-1458-301-7d--100-545]-9618&noUDP&sock=1263_e434_3>
...
006 (408836.000.000) 10/24 13:22:19 Image size of job updated: 100416
	42  -  MemoryUsage of job (MB)
	42716  -  ResidentSetSize of job (KB)
...
006 (408836.000.000) 10/24 13:22:30 Image size of job updated: 471352
	42  -  MemoryUsage of job (MB)
	42716  -  ResidentSetSize of job (KB)
...
005 (408836.000.000) 10/24 13:22:31 Job terminated.
	(1) Normal termination (return value 1)
		Usr 0 00:00:01, Sys 0 00:00:00  -  Run Remote Usage
		Usr 0 00:00:00, Sys 0 00:00:00  -  Run Local Usage
		Usr 0 00:00:01, Sys 0 00:00:00  -  Total Remote Usage
		Usr 0 00:00:00, Sys 0 00:00:00  -  Total Local Usage
	7826  -  Run Bytes Sent By Job
	902  -  Run Bytes Received By Job
	7826  -  Total Bytes Sent By Job
	902  -  Total Bytes Received By Job
	Partitionable Resources :    Usage  Request Allocated
	   Cpus                 :                 1         1
	   Disk (KB)            :       24        1   2206163
	   Memory (MB)          :       42     2000      2000
...
