000 (407600.000.000) 10/23 15:49:45 Job submitted from host: <137.138.156.150:9618?addrs=137.138.156.150-9618+[2001-1458-d00-14--9a]-9618&noUDP&sock=4221_d558_7>
...
001 (407600.000.000) 10/23 15:50:07 Job executing on host: <188.184.205.128:9618?addrs=188.184.205.128-9618+[2001-1458-301-7d--100-51f]-9618&noUDP&sock=1278_2e20_3>
...
006 (407600.000.000) 10/23 15:50:16 Image size of job updated: 98224
	40  -  MemoryUsage of job (MB)
	40524  -  ResidentSetSize of job (KB)
...
006 (407600.000.000) 10/23 15:50:23 Image size of job updated: 98224
	40  -  MemoryUsage of job (MB)
	40528  -  ResidentSetSize of job (KB)
...
005 (407600.000.000) 10/23 15:50:23 Job terminated.
	(1) Normal termination (return value 1)
		Usr 0 00:00:01, Sys 0 00:00:00  -  Run Remote Usage
		Usr 0 00:00:00, Sys 0 00:00:00  -  Run Local Usage
		Usr 0 00:00:01, Sys 0 00:00:00  -  Total Remote Usage
		Usr 0 00:00:00, Sys 0 00:00:00  -  Total Local Usage
	792  -  Run Bytes Sent By Job
	902  -  Run Bytes Received By Job
	792  -  Total Bytes Sent By Job
	902  -  Total Bytes Received By Job
	Partitionable Resources :    Usage  Request Allocated
	   Cpus                 :                 1         1
	   Disk (KB)            :       17        1   2223754
	   Memory (MB)          :       40     2000      2000
...
000 (408846.000.000) 10/24 13:22:37 Job submitted from host: <137.138.156.150:9618?addrs=137.138.156.150-9618+[2001-1458-d00-14--9a]-9618&noUDP&sock=4221_d558_7>
...
001 (408846.000.000) 10/24 13:22:44 Job executing on host: <188.184.204.151:9618?addrs=188.184.204.151-9618+[--1]-9618&noUDP&sock=1216_a740_3>
...
006 (408846.000.000) 10/24 13:22:52 Image size of job updated: 76892
	44  -  MemoryUsage of job (MB)
	44592  -  ResidentSetSize of job (KB)
...
006 (408846.000.000) 10/24 13:22:56 Image size of job updated: 415400
	44  -  MemoryUsage of job (MB)
	44592  -  ResidentSetSize of job (KB)
...
005 (408846.000.000) 10/24 13:22:56 Job terminated.
	(1) Normal termination (return value 1)
		Usr 0 00:00:00, Sys 0 00:00:00  -  Run Remote Usage
		Usr 0 00:00:00, Sys 0 00:00:00  -  Run Local Usage
		Usr 0 00:00:00, Sys 0 00:00:00  -  Total Remote Usage
		Usr 0 00:00:00, Sys 0 00:00:00  -  Total Local Usage
	3465  -  Run Bytes Sent By Job
	902  -  Run Bytes Received By Job
	3465  -  Total Bytes Sent By Job
	902  -  Total Bytes Received By Job
	Partitionable Resources :    Usage  Request Allocated
	   Cpus                 :                 1         1
	   Disk (KB)            :       19        1   2181666
	   Memory (MB)          :       44     2000      2000
...
