000 (407443.000.000) 10/23 15:30:33 Job submitted from host: <137.138.156.150:9618?addrs=137.138.156.150-9618+[2001-1458-d00-14--9a]-9618&noUDP&sock=4221_d558_7>
...
001 (407443.000.000) 10/23 15:31:15 Job executing on host: <188.184.205.67:9618?addrs=188.184.205.67-9618+[2001-1458-301-7d--100-515]-9618&noUDP&sock=1274_6fbf_3>
...
006 (407443.000.000) 10/23 15:31:24 Image size of job updated: 10956
	9  -  MemoryUsage of job (MB)
	8928  -  ResidentSetSize of job (KB)
...
006 (407443.000.000) 10/23 15:31:35 Image size of job updated: 10956
	9  -  MemoryUsage of job (MB)
	8940  -  ResidentSetSize of job (KB)
...
005 (407443.000.000) 10/23 15:31:35 Job terminated.
	(1) Normal termination (return value 1)
		Usr 0 00:00:01, Sys 0 00:00:00  -  Run Remote Usage
		Usr 0 00:00:00, Sys 0 00:00:00  -  Run Local Usage
		Usr 0 00:00:01, Sys 0 00:00:00  -  Total Remote Usage
		Usr 0 00:00:00, Sys 0 00:00:00  -  Total Local Usage
	794  -  Run Bytes Sent By Job
	902  -  Run Bytes Received By Job
	794  -  Total Bytes Sent By Job
	902  -  Total Bytes Received By Job
	Partitionable Resources :    Usage  Request Allocated
	   Cpus                 :                 1         1
	   Disk (KB)            :       16        1   2127757
	   Memory (MB)          :        9     2000      2000
...
000 (407976.000.000) 10/23 16:43:54 Job submitted from host: <137.138.156.150:9618?addrs=137.138.156.150-9618+[2001-1458-d00-14--9a]-9618&noUDP&sock=4221_d558_7>
...
001 (407976.000.000) 10/23 16:45:07 Job executing on host: <128.142.32.201:9618?addrs=128.142.32.201-9618+[2001-1458-301-62--100-5]-9618&noUDP&sock=2273_aadb_3>
...
006 (407976.000.000) 10/23 16:45:16 Image size of job updated: 76084
	43  -  MemoryUsage of job (MB)
	43548  -  ResidentSetSize of job (KB)
...
005 (407976.000.000) 10/23 16:45:24 Job terminated.
	(1) Normal termination (return value 1)
		Usr 0 00:00:02, Sys 0 00:00:00  -  Run Remote Usage
		Usr 0 00:00:00, Sys 0 00:00:00  -  Run Local Usage
		Usr 0 00:00:02, Sys 0 00:00:00  -  Total Remote Usage
		Usr 0 00:00:00, Sys 0 00:00:00  -  Total Local Usage
	12086  -  Run Bytes Sent By Job
	902  -  Run Bytes Received By Job
	12086  -  Total Bytes Sent By Job
	902  -  Total Bytes Received By Job
	Partitionable Resources :    Usage  Request Allocated
	   Cpus                 :                 1         1
	   Disk (KB)            :       28        1  17007445
	   Memory (MB)          :       43     2000      2000
...
