000 (407595.000.000) 10/23 15:49:32 Job submitted from host: <137.138.156.150:9618?addrs=137.138.156.150-9618+[2001-1458-d00-14--9a]-9618&noUDP&sock=4221_d558_7>
...
001 (407595.000.000) 10/23 15:50:05 Job executing on host: <188.184.206.77:9618?addrs=188.184.206.77-9618+[2001-1458-301-7d--100-53f]-9618&noUDP&sock=1262_349c_3>
...
006 (407595.000.000) 10/23 15:50:14 Image size of job updated: 25756
	10  -  MemoryUsage of job (MB)
	9916  -  ResidentSetSize of job (KB)
...
006 (407595.000.000) 10/23 15:50:21 Image size of job updated: 446580
	10  -  MemoryUsage of job (MB)
	9916  -  ResidentSetSize of job (KB)
...
005 (407595.000.000) 10/23 15:50:21 Job terminated.
	(1) Normal termination (return value 1)
		Usr 0 00:00:01, Sys 0 00:00:00  -  Run Remote Usage
		Usr 0 00:00:00, Sys 0 00:00:00  -  Run Local Usage
		Usr 0 00:00:01, Sys 0 00:00:00  -  Total Remote Usage
		Usr 0 00:00:00, Sys 0 00:00:00  -  Total Local Usage
	790  -  Run Bytes Sent By Job
	902  -  Run Bytes Received By Job
	790  -  Total Bytes Sent By Job
	902  -  Total Bytes Received By Job
	Partitionable Resources :    Usage  Request Allocated
	   Cpus                 :                 1         1
	   Disk (KB)            :       17        1   2127012
	   Memory (MB)          :       10     2000      2000
...
000 (408841.000.000) 10/24 13:22:23 Job submitted from host: <137.138.156.150:9618?addrs=137.138.156.150-9618+[2001-1458-d00-14--9a]-9618&noUDP&sock=4221_d558_7>
...
001 (408841.000.000) 10/24 13:22:32 Job executing on host: <188.184.206.38:9618?addrs=188.184.206.38-9618+[2001-1458-301-7d--100-545]-9618&noUDP&sock=1263_e434_3>
...
006 (408841.000.000) 10/24 13:22:41 Image size of job updated: 25236
	10  -  MemoryUsage of job (MB)
	9412  -  ResidentSetSize of job (KB)
...
006 (408841.000.000) 10/24 13:22:51 Image size of job updated: 147156
	10  -  MemoryUsage of job (MB)
	9412  -  ResidentSetSize of job (KB)
...
005 (408841.000.000) 10/24 13:22:51 Job terminated.
	(1) Normal termination (return value 1)
		Usr 0 00:00:01, Sys 0 00:00:00  -  Run Remote Usage
		Usr 0 00:00:00, Sys 0 00:00:00  -  Run Local Usage
		Usr 0 00:00:01, Sys 0 00:00:00  -  Total Remote Usage
		Usr 0 00:00:00, Sys 0 00:00:00  -  Total Local Usage
	5645  -  Run Bytes Sent By Job
	902  -  Run Bytes Received By Job
	5645  -  Total Bytes Sent By Job
	902  -  Total Bytes Received By Job
	Partitionable Resources :    Usage  Request Allocated
	   Cpus                 :                 1         1
	   Disk (KB)            :       22        1   2206163
	   Memory (MB)          :       10     2000      2000
...
