000 (407353.000.000) 10/23 15:24:48 Job submitted from host: <137.138.156.150:9618?addrs=137.138.156.150-9618+[2001-1458-d00-14--9a]-9618&noUDP&sock=4221_d558_7>
...
001 (407353.000.000) 10/23 15:25:14 Job executing on host: <188.184.204.206:9618?addrs=188.184.204.206-9618+[2001-1458-301-7d--100-50c]-9618&noUDP&sock=1269_01c5_3>
...
006 (407353.000.000) 10/23 15:25:22 Image size of job updated: 87056
	44  -  MemoryUsage of job (MB)
	44396  -  ResidentSetSize of job (KB)
...
006 (407353.000.000) 10/23 15:25:23 Image size of job updated: 87420
	44  -  MemoryUsage of job (MB)
	44476  -  ResidentSetSize of job (KB)
...
005 (407353.000.000) 10/23 15:25:24 Job terminated.
	(1) Normal termination (return value 1)
		Usr 0 00:00:00, Sys 0 00:00:00  -  Run Remote Usage
		Usr 0 00:00:00, Sys 0 00:00:00  -  Run Local Usage
		Usr 0 00:00:00, Sys 0 00:00:00  -  Total Remote Usage
		Usr 0 00:00:00, Sys 0 00:00:00  -  Total Local Usage
	791  -  Run Bytes Sent By Job
	902  -  Run Bytes Received By Job
	791  -  Total Bytes Sent By Job
	902  -  Total Bytes Received By Job
	Partitionable Resources :    Usage  Request Allocated
	   Cpus                 :                 1         1
	   Disk (KB)            :       17        1   2123714
	   Memory (MB)          :       44     2000      2000
...
000 (407878.000.000) 10/23 16:36:20 Job submitted from host: <137.138.156.150:9618?addrs=137.138.156.150-9618+[2001-1458-d00-14--9a]-9618&noUDP&sock=4221_d558_7>
...
001 (407878.000.000) 10/23 16:38:18 Job executing on host: <188.184.206.95:9618?addrs=188.184.206.95-9618+[2001-1458-301-7d--100-54f]-9618&noUDP&sock=1284_4bb1_3>
...
006 (407878.000.000) 10/23 16:38:27 Image size of job updated: 77088
	44  -  MemoryUsage of job (MB)
	44408  -  ResidentSetSize of job (KB)
...
006 (407878.000.000) 10/23 16:38:40 Image size of job updated: 161392
	44  -  MemoryUsage of job (MB)
	44408  -  ResidentSetSize of job (KB)
...
005 (407878.000.000) 10/23 16:38:41 Job terminated.
	(1) Normal termination (return value 1)
		Usr 0 00:00:01, Sys 0 00:00:00  -  Run Remote Usage
		Usr 0 00:00:00, Sys 0 00:00:00  -  Run Local Usage
		Usr 0 00:00:01, Sys 0 00:00:00  -  Total Remote Usage
		Usr 0 00:00:00, Sys 0 00:00:00  -  Total Local Usage
	12084  -  Run Bytes Sent By Job
	902  -  Run Bytes Received By Job
	12084  -  Total Bytes Sent By Job
	902  -  Total Bytes Received By Job
	Partitionable Resources :    Usage  Request Allocated
	   Cpus                 :                 1         1
	   Disk (KB)            :       28        1   2193661
	   Memory (MB)          :       44     2000      2000
...
