000 (407556.000.000) 10/23 15:46:58 Job submitted from host: <137.138.156.150:9618?addrs=137.138.156.150-9618+[2001-1458-d00-14--9a]-9618&noUDP&sock=4221_d558_7>
...
001 (407556.000.000) 10/23 15:47:12 Job executing on host: <188.184.205.239:9618?addrs=188.184.205.239-9618+[2001-1458-301-7d--100-532]-9618&noUDP&sock=1265_4364_3>
...
006 (407556.000.000) 10/23 15:47:20 Image size of job updated: 15880
	8  -  MemoryUsage of job (MB)
	7716  -  ResidentSetSize of job (KB)
...
006 (407556.000.000) 10/23 15:47:38 Image size of job updated: 31740
	8  -  MemoryUsage of job (MB)
	7724  -  ResidentSetSize of job (KB)
...
005 (407556.000.000) 10/23 15:47:38 Job terminated.
	(1) Normal termination (return value 1)
		Usr 0 00:00:01, Sys 0 00:00:00  -  Run Remote Usage
		Usr 0 00:00:00, Sys 0 00:00:00  -  Run Local Usage
		Usr 0 00:00:01, Sys 0 00:00:00  -  Total Remote Usage
		Usr 0 00:00:00, Sys 0 00:00:00  -  Total Local Usage
	792  -  Run Bytes Sent By Job
	902  -  Run Bytes Received By Job
	792  -  Total Bytes Sent By Job
	902  -  Total Bytes Received By Job
	Partitionable Resources :    Usage  Request Allocated
	   Cpus                 :                 1         1
	   Disk (KB)            :       17        1   2200446
	   Memory (MB)          :        8     2000      2000
...
000 (408801.000.000) 10/24 13:19:49 Job submitted from host: <137.138.156.150:9618?addrs=137.138.156.150-9618+[2001-1458-d00-14--9a]-9618&noUDP&sock=4221_d558_7>
...
001 (408801.000.000) 10/24 13:19:59 Job executing on host: <188.185.213.80:9618?addrs=188.185.213.80-9618+[2001-1459-301-98--100-4a]-9618&noUDP&sock=1306_62c6_3>
...
006 (408801.000.000) 10/24 13:20:08 Image size of job updated: 98628
	40  -  MemoryUsage of job (MB)
	40924  -  ResidentSetSize of job (KB)
...
006 (408801.000.000) 10/24 13:20:19 Image size of job updated: 147064
	41  -  MemoryUsage of job (MB)
	41004  -  ResidentSetSize of job (KB)
...
005 (408801.000.000) 10/24 13:20:20 Job terminated.
	(1) Normal termination (return value 1)
		Usr 0 00:00:01, Sys 0 00:00:00  -  Run Remote Usage
		Usr 0 00:00:00, Sys 0 00:00:00  -  Run Local Usage
		Usr 0 00:00:01, Sys 0 00:00:00  -  Total Remote Usage
		Usr 0 00:00:00, Sys 0 00:00:00  -  Total Local Usage
	5646  -  Run Bytes Sent By Job
	902  -  Run Bytes Received By Job
	5646  -  Total Bytes Sent By Job
	902  -  Total Bytes Received By Job
	Partitionable Resources :    Usage  Request Allocated
	   Cpus                 :                 1         1
	   Disk (KB)            :       21        1   2187936
	   Memory (MB)          :       41     2000      2000
...
