000 (407401.000.000) 10/23 15:28:01 Job submitted from host: <137.138.156.150:9618?addrs=137.138.156.150-9618+[2001-1458-d00-14--9a]-9618&noUDP&sock=4221_d558_7>
...
001 (407401.000.000) 10/23 15:28:09 Job executing on host: <188.184.205.61:9618?addrs=188.184.205.61-9618+[2001-1458-301-7d--100-516]-9618&noUDP&sock=1270_b15e_3>
...
006 (407401.000.000) 10/23 15:28:18 Image size of job updated: 63952
	43  -  MemoryUsage of job (MB)
	43548  -  ResidentSetSize of job (KB)
...
006 (407401.000.000) 10/23 15:28:23 Image size of job updated: 448556
	43  -  MemoryUsage of job (MB)
	43548  -  ResidentSetSize of job (KB)
...
005 (407401.000.000) 10/23 15:28:23 Job terminated.
	(1) Normal termination (return value 1)
		Usr 0 00:00:01, Sys 0 00:00:00  -  Run Remote Usage
		Usr 0 00:00:00, Sys 0 00:00:00  -  Run Local Usage
		Usr 0 00:00:01, Sys 0 00:00:00  -  Total Remote Usage
		Usr 0 00:00:00, Sys 0 00:00:00  -  Total Local Usage
	794  -  Run Bytes Sent By Job
	902  -  Run Bytes Received By Job
	794  -  Total Bytes Sent By Job
	902  -  Total Bytes Received By Job
	Partitionable Resources :    Usage  Request Allocated
	   Cpus                 :                 1         1
	   Disk (KB)            :       17        1   2190514
	   Memory (MB)          :       43     2000      2000
...
000 (407934.000.000) 10/23 16:39:54 Job submitted from host: <137.138.156.150:9618?addrs=137.138.156.150-9618+[2001-1458-d00-14--9a]-9618&noUDP&sock=4221_d558_7>
...
001 (407934.000.000) 10/23 16:40:01 Job executing on host: <188.185.208.166:9618?addrs=188.185.208.166-9618+[2001-1459-301-93--100-a0]-9618&noUDP&sock=1318_9de9_3>
...
006 (407934.000.000) 10/23 16:40:10 Image size of job updated: 25752
	10  -  MemoryUsage of job (MB)
	9912  -  ResidentSetSize of job (KB)
...
006 (407934.000.000) 10/23 16:40:30 Image size of job updated: 161828
	10  -  MemoryUsage of job (MB)
	9936  -  ResidentSetSize of job (KB)
...
005 (407934.000.000) 10/23 16:40:30 Job terminated.
	(1) Normal termination (return value 1)
		Usr 0 00:00:01, Sys 0 00:00:00  -  Run Remote Usage
		Usr 0 00:00:00, Sys 0 00:00:00  -  Run Local Usage
		Usr 0 00:00:01, Sys 0 00:00:00  -  Total Remote Usage
		Usr 0 00:00:00, Sys 0 00:00:00  -  Total Local Usage
	12086  -  Run Bytes Sent By Job
	902  -  Run Bytes Received By Job
	12086  -  Total Bytes Sent By Job
	902  -  Total Bytes Received By Job
	Partitionable Resources :    Usage  Request Allocated
	   Cpus                 :                 1         1
	   Disk (KB)            :       28        1   2200470
	   Memory (MB)          :       10     2000      2000
...
