000 (407433.000.000) 10/23 15:29:37 Job submitted from host: <137.138.156.150:9618?addrs=137.138.156.150-9618+[2001-1458-d00-14--9a]-9618&noUDP&sock=4221_d558_7>
...
001 (407433.000.000) 10/23 15:31:12 Job executing on host: <188.184.205.239:9618?addrs=188.184.205.239-9618+[2001-1458-301-7d--100-532]-9618&noUDP&sock=1265_4364_3>
...
006 (407433.000.000) 10/23 15:31:21 Image size of job updated: 15292
	8  -  MemoryUsage of job (MB)
	7784  -  ResidentSetSize of job (KB)
...
006 (407433.000.000) 10/23 15:31:38 Image size of job updated: 415964
	8  -  MemoryUsage of job (MB)
	7784  -  ResidentSetSize of job (KB)
...
005 (407433.000.000) 10/23 15:31:38 Job terminated.
	(1) Normal termination (return value 1)
		Usr 0 00:00:01, Sys 0 00:00:00  -  Run Remote Usage
		Usr 0 00:00:00, Sys 0 00:00:00  -  Run Local Usage
		Usr 0 00:00:01, Sys 0 00:00:00  -  Total Remote Usage
		Usr 0 00:00:00, Sys 0 00:00:00  -  Total Local Usage
	788  -  Run Bytes Sent By Job
	902  -  Run Bytes Received By Job
	788  -  Total Bytes Sent By Job
	902  -  Total Bytes Received By Job
	Partitionable Resources :    Usage  Request Allocated
	   Cpus                 :                 1         1
	   Disk (KB)            :       17        1   2200441
	   Memory (MB)          :        8     2000      2000
...
000 (407966.000.000) 10/23 16:42:39 Job submitted from host: <137.138.156.150:9618?addrs=137.138.156.150-9618+[2001-1458-d00-14--9a]-9618&noUDP&sock=4221_d558_7>
...
001 (407966.000.000) 10/23 16:44:35 Job executing on host: <128.142.32.201:9618?addrs=128.142.32.201-9618+[2001-1458-301-62--100-5]-9618&noUDP&sock=2273_aadb_3>
...
006 (407966.000.000) 10/23 16:44:45 Image size of job updated: 23736
	9  -  MemoryUsage of job (MB)
	8220  -  ResidentSetSize of job (KB)
...
006 (407966.000.000) 10/23 16:45:04 Image size of job updated: 23736
	9  -  MemoryUsage of job (MB)
	8224  -  ResidentSetSize of job (KB)
...
005 (407966.000.000) 10/23 16:45:04 Job terminated.
	(1) Normal termination (return value 1)
		Usr 0 00:00:02, Sys 0 00:00:00  -  Run Remote Usage
		Usr 0 00:00:00, Sys 0 00:00:00  -  Run Local Usage
		Usr 0 00:00:02, Sys 0 00:00:00  -  Total Remote Usage
		Usr 0 00:00:00, Sys 0 00:00:00  -  Total Local Usage
	12083  -  Run Bytes Sent By Job
	902  -  Run Bytes Received By Job
	12083  -  Total Bytes Sent By Job
	902  -  Total Bytes Received By Job
	Partitionable Resources :    Usage  Request Allocated
	   Cpus                 :                 1         1
	   Disk (KB)            :       28        1  17007445
	   Memory (MB)          :        9     2000      2000
...
