000 (407268.000.000) 10/23 15:18:43 Job submitted from host: <137.138.156.150:9618?addrs=137.138.156.150-9618+[2001-1458-d00-14--9a]-9618&noUDP&sock=4221_d558_7>
...
001 (407268.000.000) 10/23 15:22:13 Job executing on host: <188.184.205.239:9618?addrs=188.184.205.239-9618+[2001-1458-301-7d--100-532]-9618&noUDP&sock=1265_4364_3>
...
006 (407268.000.000) 10/23 15:22:22 Image size of job updated: 14468
	8  -  MemoryUsage of job (MB)
	7664  -  ResidentSetSize of job (KB)
...
006 (407268.000.000) 10/23 15:22:36 Image size of job updated: 432468
	8  -  MemoryUsage of job (MB)
	7664  -  ResidentSetSize of job (KB)
...
005 (407268.000.000) 10/23 15:22:36 Job terminated.
	(1) Normal termination (return value 1)
		Usr 0 00:00:01, Sys 0 00:00:00  -  Run Remote Usage
		Usr 0 00:00:00, Sys 0 00:00:00  -  Run Local Usage
		Usr 0 00:00:01, Sys 0 00:00:00  -  Total Remote Usage
		Usr 0 00:00:00, Sys 0 00:00:00  -  Total Local Usage
	793  -  Run Bytes Sent By Job
	902  -  Run Bytes Received By Job
	793  -  Total Bytes Sent By Job
	902  -  Total Bytes Received By Job
	Partitionable Resources :    Usage  Request Allocated
	   Cpus                 :                 1         1
	   Disk (KB)            :       17        1   2200446
	   Memory (MB)          :        8     2000      2000
...
000 (407777.000.000) 10/23 16:31:05 Job submitted from host: <137.138.156.150:9618?addrs=137.138.156.150-9618+[2001-1458-d00-14--9a]-9618&noUDP&sock=4221_d558_7>
...
001 (407777.000.000) 10/23 16:34:53 Job executing on host: <188.184.205.239:9618?addrs=188.184.205.239-9618+[2001-1458-301-7d--100-532]-9618&noUDP&sock=1265_4364_3>
...
006 (407777.000.000) 10/23 16:35:01 Image size of job updated: 149424
	85  -  MemoryUsage of job (MB)
	86624  -  ResidentSetSize of job (KB)
...
006 (407777.000.000) 10/23 16:35:05 Image size of job updated: 161776
	85  -  MemoryUsage of job (MB)
	86660  -  ResidentSetSize of job (KB)
...
005 (407777.000.000) 10/23 16:35:05 Job terminated.
	(1) Normal termination (return value 1)
		Usr 0 00:00:01, Sys 0 00:00:00  -  Run Remote Usage
		Usr 0 00:00:00, Sys 0 00:00:00  -  Run Local Usage
		Usr 0 00:00:01, Sys 0 00:00:00  -  Total Remote Usage
		Usr 0 00:00:00, Sys 0 00:00:00  -  Total Local Usage
	12085  -  Run Bytes Sent By Job
	902  -  Run Bytes Received By Job
	12085  -  Total Bytes Sent By Job
	902  -  Total Bytes Received By Job
	Partitionable Resources :    Usage  Request Allocated
	   Cpus                 :                 1         1
	   Disk (KB)            :       28        1   2200376
	   Memory (MB)          :       85     2000      2000
...
