000 (407681.000.000) 10/23 16:07:53 Job submitted from host: <137.138.156.150:9618?addrs=137.138.156.150-9618+[2001-1458-d00-14--9a]-9618&noUDP&sock=4221_d558_7>
...
001 (407681.000.000) 10/23 16:12:57 Job executing on host: <188.184.204.189:9618?addrs=188.184.204.189-9618+[2001-1458-301-7d--100-505]-9618&noUDP&sock=1290_6943_3>
...
006 (407681.000.000) 10/23 16:13:06 Image size of job updated: 18452
	6  -  MemoryUsage of job (MB)
	6056  -  ResidentSetSize of job (KB)
...
006 (407681.000.000) 10/23 16:13:34 Image size of job updated: 142876
	6  -  MemoryUsage of job (MB)
	6056  -  ResidentSetSize of job (KB)
...
005 (407681.000.000) 10/23 16:13:34 Job terminated.
	(1) Normal termination (return value 1)
		Usr 0 00:00:01, Sys 0 00:00:00  -  Run Remote Usage
		Usr 0 00:00:00, Sys 0 00:00:00  -  Run Local Usage
		Usr 0 00:00:01, Sys 0 00:00:00  -  Total Remote Usage
		Usr 0 00:00:00, Sys 0 00:00:00  -  Total Local Usage
	15237  -  Run Bytes Sent By Job
	902  -  Run Bytes Received By Job
	15237  -  Total Bytes Sent By Job
	902  -  Total Bytes Received By Job
	Partitionable Resources :    Usage  Request Allocated
	   Cpus                 :                 1         1
	   Disk (KB)            :       31        1   2209024
	   Memory (MB)          :        6     2000      2000
...
000 (408932.000.000) 10/24 14:48:58 Job submitted from host: <137.138.156.150:9618?addrs=137.138.156.150-9618+[2001-1458-d00-14--9a]-9618&noUDP&sock=4221_d558_7>
...
001 (408932.000.000) 10/24 14:51:56 Job executing on host: <188.185.55.69:9618?addrs=188.185.55.69-9618+[2001-1459-301-b3--100-2fd]-9618&noUDP&sock=1215_f7a8_3>
...
006 (408932.000.000) 10/24 14:52:04 Image size of job updated: 1512
	2  -  MemoryUsage of job (MB)
	1424  -  ResidentSetSize of job (KB)
...
006 (408932.000.000) 10/24 14:53:07 Image size of job updated: 468452
	2  -  MemoryUsage of job (MB)
	1432  -  ResidentSetSize of job (KB)
...
005 (408932.000.000) 10/24 14:53:08 Job terminated.
	(1) Normal termination (return value 1)
		Usr 0 00:00:01, Sys 0 00:00:00  -  Run Remote Usage
		Usr 0 00:00:00, Sys 0 00:00:00  -  Run Local Usage
		Usr 0 00:00:01, Sys 0 00:00:00  -  Total Remote Usage
		Usr 0 00:00:00, Sys 0 00:00:00  -  Total Local Usage
	15237  -  Run Bytes Sent By Job
	902  -  Run Bytes Received By Job
	15237  -  Total Bytes Sent By Job
	902  -  Total Bytes Received By Job
	Partitionable Resources :    Usage  Request Allocated
	   Cpus                 :                 1         1
	   Disk (KB)            :       31        1   2198633
	   Memory (MB)          :        2     2000      2000
...
