Opened: /afs/cern.ch/work/i/idutta/private/HCAL_muALCA/CMSSW_10_1_6/src/Muon_Calibration_noTrack_2018/muon_calibration_ana/bash/condor/condor_submit/runList_QCD_2018D_wPU_ieta27_Oct20_86.txt
Added file: /eos/cms/store/group/dpg_hcal/comm_hcal/idutta/QCD-Pt15-7000_TuneCP5_13TeV_pythia8_IsoTrackFilter/QCD_2018D_wPU_ieta27_Oct20/181021_191320/0000/Validation_874.root
Added file: /eos/cms/store/group/dpg_hcal/comm_hcal/idutta/QCD-Pt15-7000_TuneCP5_13TeV_pythia8_IsoTrackFilter/QCD_2018D_wPU_ieta27_Oct20/181021_191320/0000/Validation_875.root
Added file: /eos/cms/store/group/dpg_hcal/comm_hcal/idutta/QCD-Pt15-7000_TuneCP5_13TeV_pythia8_IsoTrackFilter/QCD_2018D_wPU_ieta27_Oct20/181021_191320/0000/Validation_876.root
Added file: /eos/cms/store/group/dpg_hcal/comm_hcal/idutta/QCD-Pt15-7000_TuneCP5_13TeV_pythia8_IsoTrackFilter/QCD_2018D_wPU_ieta27_Oct20/181021_191320/0000/Validation_877.root
Added file: /eos/cms/store/group/dpg_hcal/comm_hcal/idutta/QCD-Pt15-7000_TuneCP5_13TeV_pythia8_IsoTrackFilter/QCD_2018D_wPU_ieta27_Oct20/181021_191320/0000/Validation_878.root
Added file: /eos/cms/store/group/dpg_hcal/comm_hcal/idutta/QCD-Pt15-7000_TuneCP5_13TeV_pythia8_IsoTrackFilter/QCD_2018D_wPU_ieta27_Oct20/181021_191320/0000/Validation_879.root
Added file: /eos/cms/store/group/dpg_hcal/comm_hcal/idutta/QCD-Pt15-7000_TuneCP5_13TeV_pythia8_IsoTrackFilter/QCD_2018D_wPU_ieta27_Oct20/181021_191320/0000/Validation_88.root
Added file: /eos/cms/store/group/dpg_hcal/comm_hcal/idutta/QCD-Pt15-7000_TuneCP5_13TeV_pythia8_IsoTrackFilter/QCD_2018D_wPU_ieta27_Oct20/181021_191320/0000/Validation_880.root
Added file: /eos/cms/store/group/dpg_hcal/comm_hcal/idutta/QCD-Pt15-7000_TuneCP5_13TeV_pythia8_IsoTrackFilter/QCD_2018D_wPU_ieta27_Oct20/181021_191320/0000/Validation_881.root
Added file: /eos/cms/store/group/dpg_hcal/comm_hcal/idutta/QCD-Pt15-7000_TuneCP5_13TeV_pythia8_IsoTrackFilter/QCD_2018D_wPU_ieta27_Oct20/181021_191320/0000/Validation_882.root
SysError in <TFile::TFile>: file /eos/cms/store/group/dpg_hcal/comm_hcal/idutta/QCD-Pt15-7000_TuneCP5_13TeV_pythia8_IsoTrackFilter/QCD_2018D_wPU_ieta27_Oct20/181021_191320/0000/Validation_874.root can not be opened for reading (Software caused connection abort)
Error in <TFile::TFile>: file /eos/cms/store/group/dpg_hcal/comm_hcal/idutta/QCD-Pt15-7000_TuneCP5_13TeV_pythia8_IsoTrackFilter/QCD_2018D_wPU_ieta27_Oct20/181021_191320/0000/Validation_875.root does not exist
Error in <TFile::TFile>: file /eos/cms/store/group/dpg_hcal/comm_hcal/idutta/QCD-Pt15-7000_TuneCP5_13TeV_pythia8_IsoTrackFilter/QCD_2018D_wPU_ieta27_Oct20/181021_191320/0000/Validation_876.root does not exist
Error in <TFile::TFile>: file /eos/cms/store/group/dpg_hcal/comm_hcal/idutta/QCD-Pt15-7000_TuneCP5_13TeV_pythia8_IsoTrackFilter/QCD_2018D_wPU_ieta27_Oct20/181021_191320/0000/Validation_877.root does not exist
Error in <TFile::TFile>: file /eos/cms/store/group/dpg_hcal/comm_hcal/idutta/QCD-Pt15-7000_TuneCP5_13TeV_pythia8_IsoTrackFilter/QCD_2018D_wPU_ieta27_Oct20/181021_191320/0000/Validation_878.root does not exist
Error in <TFile::TFile>: file /eos/cms/store/group/dpg_hcal/comm_hcal/idutta/QCD-Pt15-7000_TuneCP5_13TeV_pythia8_IsoTrackFilter/QCD_2018D_wPU_ieta27_Oct20/181021_191320/0000/Validation_879.root does not exist
Error in <TFile::TFile>: file /eos/cms/store/group/dpg_hcal/comm_hcal/idutta/QCD-Pt15-7000_TuneCP5_13TeV_pythia8_IsoTrackFilter/QCD_2018D_wPU_ieta27_Oct20/181021_191320/0000/Validation_88.root does not exist
Error in <TFile::TFile>: file /eos/cms/store/group/dpg_hcal/comm_hcal/idutta/QCD-Pt15-7000_TuneCP5_13TeV_pythia8_IsoTrackFilter/QCD_2018D_wPU_ieta27_Oct20/181021_191320/0000/Validation_880.root does not exist
Error in <TFile::TFile>: file /eos/cms/store/group/dpg_hcal/comm_hcal/idutta/QCD-Pt15-7000_TuneCP5_13TeV_pythia8_IsoTrackFilter/QCD_2018D_wPU_ieta27_Oct20/181021_191320/0000/Validation_881.root does not exist
Error in <TFile::TFile>: file /eos/cms/store/group/dpg_hcal/comm_hcal/idutta/QCD-Pt15-7000_TuneCP5_13TeV_pythia8_IsoTrackFilter/QCD_2018D_wPU_ieta27_Oct20/181021_191320/0000/Validation_882.root does not exist
SysError in <TFile::WriteBuffer>: error writing to file /eos/cms/store/group/dpg_hcal/comm_hcal/idutta/ntuples/20Oct2018/HCALSampleQCD_2018D_wPU_ieta27_Oct20/20Oct2018QCD_2018D_wPU_ieta27_Oct20_job86_nvtx_sel-1.root (-1) (Transport endpoint is not connected)
