000 (407567.000.000) 10/23 15:47:38 Job submitted from host: <137.138.156.150:9618?addrs=137.138.156.150-9618+[2001-1458-d00-14--9a]-9618&noUDP&sock=4221_d558_7>
...
001 (407567.000.000) 10/23 15:47:42 Job executing on host: <188.184.205.237:9618?addrs=188.184.205.237-9618+[2001-1458-301-7d--100-531]-9618&noUDP&sock=1287_5a7a_3>
...
006 (407567.000.000) 10/23 15:47:51 Image size of job updated: 76776
	44  -  MemoryUsage of job (MB)
	44364  -  ResidentSetSize of job (KB)
...
006 (407567.000.000) 10/23 15:47:55 Image size of job updated: 121280
	44  -  MemoryUsage of job (MB)
	44372  -  ResidentSetSize of job (KB)
...
005 (407567.000.000) 10/23 15:47:55 Job terminated.
	(1) Normal termination (return value 1)
		Usr 0 00:00:00, Sys 0 00:00:00  -  Run Remote Usage
		Usr 0 00:00:00, Sys 0 00:00:00  -  Run Local Usage
		Usr 0 00:00:00, Sys 0 00:00:00  -  Total Remote Usage
		Usr 0 00:00:00, Sys 0 00:00:00  -  Total Local Usage
	792  -  Run Bytes Sent By Job
	902  -  Run Bytes Received By Job
	792  -  Total Bytes Sent By Job
	902  -  Total Bytes Received By Job
	Partitionable Resources :    Usage  Request Allocated
	   Cpus                 :                 1         1
	   Disk (KB)            :       17        1   2224104
	   Memory (MB)          :       44     2000      2000
...
000 (408812.000.000) 10/24 13:20:28 Job submitted from host: <137.138.156.150:9618?addrs=137.138.156.150-9618+[2001-1458-d00-14--9a]-9618&noUDP&sock=4221_d558_7>
...
001 (408812.000.000) 10/24 13:20:51 Job executing on host: <188.185.205.12:9618?addrs=188.185.205.12-9618+[2001-1459-301-64--100-6]-9618&noUDP&sock=1277_7e87_3>
...
006 (408812.000.000) 10/24 13:20:59 Image size of job updated: 18648
	6  -  MemoryUsage of job (MB)
	6092  -  ResidentSetSize of job (KB)
...
006 (408812.000.000) 10/24 13:21:40 Image size of job updated: 144016
	6  -  MemoryUsage of job (MB)
	6104  -  ResidentSetSize of job (KB)
...
005 (408812.000.000) 10/24 13:21:40 Job terminated.
	(1) Normal termination (return value 1)
		Usr 0 00:00:01, Sys 0 00:00:00  -  Run Remote Usage
		Usr 0 00:00:00, Sys 0 00:00:00  -  Run Local Usage
		Usr 0 00:00:01, Sys 0 00:00:00  -  Total Remote Usage
		Usr 0 00:00:00, Sys 0 00:00:00  -  Total Local Usage
	3455  -  Run Bytes Sent By Job
	902  -  Run Bytes Received By Job
	3455  -  Total Bytes Sent By Job
	902  -  Total Bytes Received By Job
	Partitionable Resources :    Usage  Request Allocated
	   Cpus                 :                 1         1
	   Disk (KB)            :       19        1   2185419
	   Memory (MB)          :        6     2000      2000
...
