000 (407635.000.000) 10/23 15:51:38 Job submitted from host: <137.138.156.150:9618?addrs=137.138.156.150-9618+[2001-1458-d00-14--9a]-9618&noUDP&sock=4221_d558_7>
...
001 (407635.000.000) 10/23 15:54:21 Job executing on host: <188.184.186.253:9618?addrs=188.184.186.253-9618+[2001-1458-301-f8--15]-9618&noUDP&sock=1310_2127_3>
...
006 (407635.000.000) 10/23 15:54:30 Image size of job updated: 23892
	8  -  MemoryUsage of job (MB)
	8188  -  ResidentSetSize of job (KB)
...
006 (407635.000.000) 10/23 15:54:40 Image size of job updated: 94216
	8  -  MemoryUsage of job (MB)
	8188  -  ResidentSetSize of job (KB)
...
005 (407635.000.000) 10/23 15:54:40 Job terminated.
	(1) Normal termination (return value 1)
		Usr 0 00:00:01, Sys 0 00:00:00  -  Run Remote Usage
		Usr 0 00:00:00, Sys 0 00:00:00  -  Run Local Usage
		Usr 0 00:00:01, Sys 0 00:00:00  -  Total Remote Usage
		Usr 0 00:00:00, Sys 0 00:00:00  -  Total Local Usage
	790  -  Run Bytes Sent By Job
	902  -  Run Bytes Received By Job
	790  -  Total Bytes Sent By Job
	902  -  Total Bytes Received By Job
	Partitionable Resources :    Usage  Request Allocated
	   Cpus                 :                 1         1
	   Disk (KB)            :       17        1   2129200
	   Memory (MB)          :        8     2000      2000
...
000 (408881.000.000) 10/24 13:24:37 Job submitted from host: <137.138.156.150:9618?addrs=137.138.156.150-9618+[2001-1458-d00-14--9a]-9618&noUDP&sock=4221_d558_7>
...
001 (408881.000.000) 10/24 13:24:59 Job executing on host: <188.184.204.151:9618?addrs=188.184.204.151-9618+[--1]-9618&noUDP&sock=1216_a740_3>
...
006 (408881.000.000) 10/24 13:25:08 Image size of job updated: 76084
	43  -  MemoryUsage of job (MB)
	43984  -  ResidentSetSize of job (KB)
...
006 (408881.000.000) 10/24 13:25:11 Image size of job updated: 95264
	43  -  MemoryUsage of job (MB)
	43984  -  ResidentSetSize of job (KB)
...
005 (408881.000.000) 10/24 13:25:12 Job terminated.
	(1) Normal termination (return value 1)
		Usr 0 00:00:00, Sys 0 00:00:00  -  Run Remote Usage
		Usr 0 00:00:00, Sys 0 00:00:00  -  Run Local Usage
		Usr 0 00:00:00, Sys 0 00:00:00  -  Total Remote Usage
		Usr 0 00:00:00, Sys 0 00:00:00  -  Total Local Usage
	5645  -  Run Bytes Sent By Job
	902  -  Run Bytes Received By Job
	5645  -  Total Bytes Sent By Job
	902  -  Total Bytes Received By Job
	Partitionable Resources :    Usage  Request Allocated
	   Cpus                 :                 1         1
	   Disk (KB)            :       21        1   2181666
	   Memory (MB)          :       43     2000      2000
...
