000 (407294.000.000) 10/23 15:20:32 Job submitted from host: <137.138.156.150:9618?addrs=137.138.156.150-9618+[2001-1458-d00-14--9a]-9618&noUDP&sock=4221_d558_7>
...
001 (407294.000.000) 10/23 15:22:36 Job executing on host: <188.185.213.191:9618?addrs=188.185.213.191-9618+[2001-1459-301-98--100-b9]-9618&noUDP&sock=1258_763b_3>
...
006 (407294.000.000) 10/23 15:22:45 Image size of job updated: 60148
	43  -  MemoryUsage of job (MB)
	43548  -  ResidentSetSize of job (KB)
...
006 (407294.000.000) 10/23 15:22:49 Image size of job updated: 448552
	43  -  MemoryUsage of job (MB)
	43548  -  ResidentSetSize of job (KB)
...
005 (407294.000.000) 10/23 15:22:49 Job terminated.
	(1) Normal termination (return value 1)
		Usr 0 00:00:00, Sys 0 00:00:00  -  Run Remote Usage
		Usr 0 00:00:00, Sys 0 00:00:00  -  Run Local Usage
		Usr 0 00:00:00, Sys 0 00:00:00  -  Total Remote Usage
		Usr 0 00:00:00, Sys 0 00:00:00  -  Total Local Usage
	793  -  Run Bytes Sent By Job
	902  -  Run Bytes Received By Job
	793  -  Total Bytes Sent By Job
	902  -  Total Bytes Received By Job
	Partitionable Resources :    Usage  Request Allocated
	   Cpus                 :                 1         1
	   Disk (KB)            :       17        1   2154648
	   Memory (MB)          :       43     2000      2000
...
000 (407811.000.000) 10/23 16:32:49 Job submitted from host: <137.138.156.150:9618?addrs=137.138.156.150-9618+[2001-1458-d00-14--9a]-9618&noUDP&sock=4221_d558_7>
...
001 (407811.000.000) 10/23 16:35:54 Job executing on host: <188.184.204.197:9618?addrs=188.184.204.197-9618+[2001-1458-301-7d--100-523]-9618&noUDP&sock=1279_ddb8_3>
...
006 (407811.000.000) 10/23 16:36:02 Image size of job updated: 85204
	40  -  MemoryUsage of job (MB)
	40428  -  ResidentSetSize of job (KB)
...
006 (407811.000.000) 10/23 16:36:19 Image size of job updated: 144608
	40  -  MemoryUsage of job (MB)
	40428  -  ResidentSetSize of job (KB)
...
005 (407811.000.000) 10/23 16:36:19 Job terminated.
	(1) Normal termination (return value 139)
		Usr 0 00:00:02, Sys 0 00:00:00  -  Run Remote Usage
		Usr 0 00:00:00, Sys 0 00:00:00  -  Run Local Usage
		Usr 0 00:00:02, Sys 0 00:00:00  -  Total Remote Usage
		Usr 0 00:00:00, Sys 0 00:00:00  -  Total Local Usage
	4003  -  Run Bytes Sent By Job
	902  -  Run Bytes Received By Job
	4003  -  Total Bytes Sent By Job
	902  -  Total Bytes Received By Job
	Partitionable Resources :    Usage  Request Allocated
	   Cpus                 :                 1         1
	   Disk (KB)            :       20        1   2108440
	   Memory (MB)          :       40     2000      2000
...
000 (408645.000.000) 10/24 11:38:08 Job submitted from host: <137.138.156.150:9618?addrs=137.138.156.150-9618+[2001-1458-d00-14--9a]-9618&noUDP&sock=4221_d558_7>
...
001 (408645.000.000) 10/24 12:18:13 Job executing on host: <188.184.204.206:9618?addrs=188.184.204.206-9618+[2001-1458-301-7d--100-50c]-9618&noUDP&sock=1269_01c5_3>
...
006 (408645.000.000) 10/24 12:18:22 Image size of job updated: 23108
	8  -  MemoryUsage of job (MB)
	7612  -  ResidentSetSize of job (KB)
...
006 (408645.000.000) 10/24 12:18:44 Image size of job updated: 148068
	8  -  MemoryUsage of job (MB)
	7612  -  ResidentSetSize of job (KB)
...
005 (408645.000.000) 10/24 12:18:44 Job terminated.
	(1) Normal termination (return value 1)
		Usr 0 00:00:01, Sys 0 00:00:00  -  Run Remote Usage
		Usr 0 00:00:00, Sys 0 00:00:00  -  Run Local Usage
		Usr 0 00:00:01, Sys 0 00:00:00  -  Total Remote Usage
		Usr 0 00:00:00, Sys 0 00:00:00  -  Total Local Usage
	12085  -  Run Bytes Sent By Job
	902  -  Run Bytes Received By Job
	12085  -  Total Bytes Sent By Job
	902  -  Total Bytes Received By Job
	Partitionable Resources :    Usage  Request Allocated
	   Cpus                 :                 1         1
	   Disk (KB)            :       28        1   2115119
	   Memory (MB)          :        8     2000      2000
...
