000 (407422.000.000) 10/23 15:29:04 Job submitted from host: <137.138.156.150:9618?addrs=137.138.156.150-9618+[2001-1458-d00-14--9a]-9618&noUDP&sock=4221_d558_7>
...
001 (407422.000.000) 10/23 15:31:08 Job executing on host: <188.184.206.77:9618?addrs=188.184.206.77-9618+[2001-1458-301-7d--100-53f]-9618&noUDP&sock=1262_349c_3>
...
006 (407422.000.000) 10/23 15:31:17 Image size of job updated: 24140
	9  -  MemoryUsage of job (MB)
	8364  -  ResidentSetSize of job (KB)
...
006 (407422.000.000) 10/23 15:31:25 Image size of job updated: 141800
	9  -  MemoryUsage of job (MB)
	8372  -  ResidentSetSize of job (KB)
...
005 (407422.000.000) 10/23 15:31:26 Job terminated.
	(1) Normal termination (return value 1)
		Usr 0 00:00:01, Sys 0 00:00:00  -  Run Remote Usage
		Usr 0 00:00:00, Sys 0 00:00:00  -  Run Local Usage
		Usr 0 00:00:01, Sys 0 00:00:00  -  Total Remote Usage
		Usr 0 00:00:00, Sys 0 00:00:00  -  Total Local Usage
	792  -  Run Bytes Sent By Job
	902  -  Run Bytes Received By Job
	792  -  Total Bytes Sent By Job
	902  -  Total Bytes Received By Job
	Partitionable Resources :    Usage  Request Allocated
	   Cpus                 :                 1         1
	   Disk (KB)            :       17        1   2127012
	   Memory (MB)          :        9     2000      2000
...
000 (407955.000.000) 10/23 16:41:48 Job submitted from host: <137.138.156.150:9618?addrs=137.138.156.150-9618+[2001-1458-d00-14--9a]-9618&noUDP&sock=4221_d558_7>
...
001 (407955.000.000) 10/23 16:44:11 Job executing on host: <188.184.186.247:9618?addrs=188.184.186.247-9618+[2001-1458-301-f8--f]-9618&noUDP&sock=1303_53fe_3>
...
006 (407955.000.000) 10/23 16:44:20 Image size of job updated: 90448
	44  -  MemoryUsage of job (MB)
	44904  -  ResidentSetSize of job (KB)
...
006 (407955.000.000) 10/23 16:44:30 Image size of job updated: 474488
	44  -  MemoryUsage of job (MB)
	44904  -  ResidentSetSize of job (KB)
...
005 (407955.000.000) 10/23 16:44:30 Job terminated.
	(1) Normal termination (return value 1)
		Usr 0 00:00:02, Sys 0 00:00:00  -  Run Remote Usage
		Usr 0 00:00:00, Sys 0 00:00:00  -  Run Local Usage
		Usr 0 00:00:02, Sys 0 00:00:00  -  Total Remote Usage
		Usr 0 00:00:00, Sys 0 00:00:00  -  Total Local Usage
	12085  -  Run Bytes Sent By Job
	902  -  Run Bytes Received By Job
	12085  -  Total Bytes Sent By Job
	902  -  Total Bytes Received By Job
	Partitionable Resources :    Usage  Request Allocated
	   Cpus                 :                 1         1
	   Disk (KB)            :       28        1   2132316
	   Memory (MB)          :       44     2000      2000
...
