000 (407593.000.000) 10/23 15:49:26 Job submitted from host: <137.138.156.150:9618?addrs=137.138.156.150-9618+[2001-1458-d00-14--9a]-9618&noUDP&sock=4221_d558_7>
...
001 (407593.000.000) 10/23 15:49:57 Job executing on host: <188.184.204.103:9618?addrs=188.184.204.103-9618+[2001-1458-301-7d--100-4fd]-9618&noUDP&sock=1263_e434_3>
...
006 (407593.000.000) 10/23 15:50:05 Image size of job updated: 92016
	43  -  MemoryUsage of job (MB)
	43544  -  ResidentSetSize of job (KB)
...
005 (407593.000.000) 10/23 15:50:09 Job terminated.
	(1) Normal termination (return value 1)
		Usr 0 00:00:00, Sys 0 00:00:00  -  Run Remote Usage
		Usr 0 00:00:00, Sys 0 00:00:00  -  Run Local Usage
		Usr 0 00:00:00, Sys 0 00:00:00  -  Total Remote Usage
		Usr 0 00:00:00, Sys 0 00:00:00  -  Total Local Usage
	790  -  Run Bytes Sent By Job
	902  -  Run Bytes Received By Job
	790  -  Total Bytes Sent By Job
	902  -  Total Bytes Received By Job
	Partitionable Resources :    Usage  Request Allocated
	   Cpus                 :                 1         1
	   Disk (KB)            :       17        1   2120098
	   Memory (MB)          :       43     2000      2000
...
000 (408839.000.000) 10/24 13:22:17 Job submitted from host: <137.138.156.150:9618?addrs=137.138.156.150-9618+[2001-1458-d00-14--9a]-9618&noUDP&sock=4221_d558_7>
...
001 (408839.000.000) 10/24 13:22:22 Job executing on host: <188.184.205.104:9618?addrs=188.184.205.104-9618+[2001-1458-301-7d--100-51c]-9618&noUDP&sock=1273_c026_3>
...
006 (408839.000.000) 10/24 13:22:31 Image size of job updated: 84784
	44  -  MemoryUsage of job (MB)
	44240  -  ResidentSetSize of job (KB)
...
006 (408839.000.000) 10/24 13:22:34 Image size of job updated: 84884
	44  -  MemoryUsage of job (MB)
	44240  -  ResidentSetSize of job (KB)
...
005 (408839.000.000) 10/24 13:22:34 Job terminated.
	(1) Normal termination (return value 1)
		Usr 0 00:00:00, Sys 0 00:00:00  -  Run Remote Usage
		Usr 0 00:00:00, Sys 0 00:00:00  -  Run Local Usage
		Usr 0 00:00:00, Sys 0 00:00:00  -  Total Remote Usage
		Usr 0 00:00:00, Sys 0 00:00:00  -  Total Local Usage
	3454  -  Run Bytes Sent By Job
	902  -  Run Bytes Received By Job
	3454  -  Total Bytes Sent By Job
	902  -  Total Bytes Received By Job
	Partitionable Resources :    Usage  Request Allocated
	   Cpus                 :                 1         1
	   Disk (KB)            :       19        1   2208334
	   Memory (MB)          :       44     2000      2000
...
