000 (407418.000.000) 10/23 15:28:52 Job submitted from host: <137.138.156.150:9618?addrs=137.138.156.150-9618+[2001-1458-d00-14--9a]-9618&noUDP&sock=4221_d558_7>
...
001 (407418.000.000) 10/23 15:30:38 Job executing on host: <188.184.205.61:9618?addrs=188.184.205.61-9618+[2001-1458-301-7d--100-516]-9618&noUDP&sock=1270_b15e_3>
...
006 (407418.000.000) 10/23 15:30:47 Image size of job updated: 72452
	41  -  MemoryUsage of job (MB)
	41600  -  ResidentSetSize of job (KB)
...
006 (407418.000.000) 10/23 15:30:55 Image size of job updated: 444032
	41  -  MemoryUsage of job (MB)
	41604  -  ResidentSetSize of job (KB)
...
005 (407418.000.000) 10/23 15:30:55 Job terminated.
	(1) Normal termination (return value 1)
		Usr 0 00:00:01, Sys 0 00:00:00  -  Run Remote Usage
		Usr 0 00:00:00, Sys 0 00:00:00  -  Run Local Usage
		Usr 0 00:00:01, Sys 0 00:00:00  -  Total Remote Usage
		Usr 0 00:00:00, Sys 0 00:00:00  -  Total Local Usage
	792  -  Run Bytes Sent By Job
	902  -  Run Bytes Received By Job
	792  -  Total Bytes Sent By Job
	902  -  Total Bytes Received By Job
	Partitionable Resources :    Usage  Request Allocated
	   Cpus                 :                 1         1
	   Disk (KB)            :       17        1   2190514
	   Memory (MB)          :       41     2000      2000
...
000 (407951.000.000) 10/23 16:41:32 Job submitted from host: <137.138.156.150:9618?addrs=137.138.156.150-9618+[2001-1458-d00-14--9a]-9618&noUDP&sock=4221_d558_7>
...
001 (407951.000.000) 10/23 16:42:52 Job executing on host: <188.184.186.247:9618?addrs=188.184.186.247-9618+[2001-1458-301-f8--f]-9618&noUDP&sock=1303_53fe_3>
...
006 (407951.000.000) 10/23 16:43:00 Image size of job updated: 99328
	41  -  MemoryUsage of job (MB)
	41628  -  ResidentSetSize of job (KB)
...
006 (407951.000.000) 10/23 16:43:12 Image size of job updated: 162700
	41  -  MemoryUsage of job (MB)
	41628  -  ResidentSetSize of job (KB)
...
005 (407951.000.000) 10/23 16:43:12 Job terminated.
	(1) Normal termination (return value 1)
		Usr 0 00:00:01, Sys 0 00:00:00  -  Run Remote Usage
		Usr 0 00:00:00, Sys 0 00:00:00  -  Run Local Usage
		Usr 0 00:00:01, Sys 0 00:00:00  -  Total Remote Usage
		Usr 0 00:00:00, Sys 0 00:00:00  -  Total Local Usage
	12085  -  Run Bytes Sent By Job
	902  -  Run Bytes Received By Job
	12085  -  Total Bytes Sent By Job
	902  -  Total Bytes Received By Job
	Partitionable Resources :    Usage  Request Allocated
	   Cpus                 :                 1         1
	   Disk (KB)            :       28        1   2132316
	   Memory (MB)          :       41     2000      2000
...
