000 (407383.000.000) 10/23 15:26:43 Job submitted from host: <137.138.156.150:9618?addrs=137.138.156.150-9618+[2001-1458-d00-14--9a]-9618&noUDP&sock=4221_d558_7>
...
001 (407383.000.000) 10/23 15:26:48 Job executing on host: <188.184.204.206:9618?addrs=188.184.204.206-9618+[2001-1458-301-7d--100-50c]-9618&noUDP&sock=1269_01c5_3>
...
006 (407383.000.000) 10/23 15:26:57 Image size of job updated: 76836
	44  -  MemoryUsage of job (MB)
	44488  -  ResidentSetSize of job (KB)
...
006 (407383.000.000) 10/23 15:27:01 Image size of job updated: 127316
	44  -  MemoryUsage of job (MB)
	44508  -  ResidentSetSize of job (KB)
...
005 (407383.000.000) 10/23 15:27:01 Job terminated.
	(1) Normal termination (return value 1)
		Usr 0 00:00:00, Sys 0 00:00:00  -  Run Remote Usage
		Usr 0 00:00:00, Sys 0 00:00:00  -  Run Local Usage
		Usr 0 00:00:00, Sys 0 00:00:00  -  Total Remote Usage
		Usr 0 00:00:00, Sys 0 00:00:00  -  Total Local Usage
	794  -  Run Bytes Sent By Job
	902  -  Run Bytes Received By Job
	794  -  Total Bytes Sent By Job
	902  -  Total Bytes Received By Job
	Partitionable Resources :    Usage  Request Allocated
	   Cpus                 :                 1         1
	   Disk (KB)            :       17        1   2123714
	   Memory (MB)          :       44     2000      2000
...
000 (407916.000.000) 10/23 16:38:51 Job submitted from host: <137.138.156.150:9618?addrs=137.138.156.150-9618+[2001-1458-d00-14--9a]-9618&noUDP&sock=4221_d558_7>
...
001 (407916.000.000) 10/23 16:39:19 Job executing on host: <188.184.204.197:9618?addrs=188.184.204.197-9618+[2001-1458-301-7d--100-523]-9618&noUDP&sock=1279_ddb8_3>
...
006 (407916.000.000) 10/23 16:39:27 Image size of job updated: 12932
	10  -  MemoryUsage of job (MB)
	9392  -  ResidentSetSize of job (KB)
...
005 (407916.000.000) 10/23 16:39:49 Job terminated.
	(1) Normal termination (return value 139)
		Usr 0 00:00:02, Sys 0 00:00:00  -  Run Remote Usage
		Usr 0 00:00:00, Sys 0 00:00:00  -  Run Local Usage
		Usr 0 00:00:02, Sys 0 00:00:00  -  Total Remote Usage
		Usr 0 00:00:00, Sys 0 00:00:00  -  Total Local Usage
	4005  -  Run Bytes Sent By Job
	902  -  Run Bytes Received By Job
	4005  -  Total Bytes Sent By Job
	902  -  Total Bytes Received By Job
	Partitionable Resources :    Usage  Request Allocated
	   Cpus                 :                 1         1
	   Disk (KB)            :       20        1   2108380
	   Memory (MB)          :       10     2000      2000
...
000 (408683.000.000) 10/24 11:44:08 Job submitted from host: <137.138.156.150:9618?addrs=137.138.156.150-9618+[2001-1458-d00-14--9a]-9618&noUDP&sock=4221_d558_7>
...
001 (408683.000.000) 10/24 12:18:26 Job executing on host: <188.184.206.97:9618?addrs=188.184.206.97-9618+[2001-1458-301-7d--100-558]-9618&noUDP&sock=1275_1f57_3>
...
006 (408683.000.000) 10/24 12:18:35 Image size of job updated: 4516
	5  -  MemoryUsage of job (MB)
	4516  -  ResidentSetSize of job (KB)
...
006 (408683.000.000) 10/24 12:19:24 Image size of job updated: 162012
	5  -  MemoryUsage of job (MB)
	4784  -  ResidentSetSize of job (KB)
...
005 (408683.000.000) 10/24 12:19:25 Job terminated.
	(1) Normal termination (return value 1)
		Usr 0 00:00:01, Sys 0 00:00:00  -  Run Remote Usage
		Usr 0 00:00:00, Sys 0 00:00:00  -  Run Local Usage
		Usr 0 00:00:01, Sys 0 00:00:00  -  Total Remote Usage
		Usr 0 00:00:00, Sys 0 00:00:00  -  Total Local Usage
	12086  -  Run Bytes Sent By Job
	902  -  Run Bytes Received By Job
	12086  -  Total Bytes Sent By Job
	902  -  Total Bytes Received By Job
	Partitionable Resources :    Usage  Request Allocated
	   Cpus                 :                 1         1
	   Disk (KB)            :       28        1   2116935
	   Memory (MB)          :        5     2000      2000
...
