000 (407276.000.000) 10/23 15:19:12 Job submitted from host: <137.138.156.150:9618?addrs=137.138.156.150-9618+[2001-1458-d00-14--9a]-9618&noUDP&sock=4221_d558_7>
...
001 (407276.000.000) 10/23 15:22:16 Job executing on host: <188.184.204.218:9618?addrs=188.184.204.218-9618+[2001-1458-301-7d--100-513]-9618&noUDP&sock=1283_9c19_3>
...
006 (407276.000.000) 10/23 15:22:25 Image size of job updated: 70352
	39  -  MemoryUsage of job (MB)
	39300  -  ResidentSetSize of job (KB)
...
006 (407276.000.000) 10/23 15:22:32 Image size of job updated: 409524
	39  -  MemoryUsage of job (MB)
	39300  -  ResidentSetSize of job (KB)
...
005 (407276.000.000) 10/23 15:22:33 Job terminated.
	(1) Normal termination (return value 1)
		Usr 0 00:00:01, Sys 0 00:00:00  -  Run Remote Usage
		Usr 0 00:00:00, Sys 0 00:00:00  -  Run Local Usage
		Usr 0 00:00:01, Sys 0 00:00:00  -  Total Remote Usage
		Usr 0 00:00:00, Sys 0 00:00:00  -  Total Local Usage
	791  -  Run Bytes Sent By Job
	902  -  Run Bytes Received By Job
	791  -  Total Bytes Sent By Job
	902  -  Total Bytes Received By Job
	Partitionable Resources :    Usage  Request Allocated
	   Cpus                 :                 1         1
	   Disk (KB)            :       16        1   2101840
	   Memory (MB)          :       39     2000      2000
...
000 (407785.000.000) 10/23 16:31:26 Job submitted from host: <137.138.156.150:9618?addrs=137.138.156.150-9618+[2001-1458-d00-14--9a]-9618&noUDP&sock=4221_d558_7>
...
001 (407785.000.000) 10/23 16:35:12 Job executing on host: <188.184.205.79:9618?addrs=188.184.205.79-9618+[2001-1458-301-7d--100-51b]-9618&noUDP&sock=1284_4bb1_3>
...
006 (407785.000.000) 10/23 16:35:21 Image size of job updated: 91572
	43  -  MemoryUsage of job (MB)
	43540  -  ResidentSetSize of job (KB)
...
006 (407785.000.000) 10/23 16:35:30 Image size of job updated: 159940
	43  -  MemoryUsage of job (MB)
	43540  -  ResidentSetSize of job (KB)
...
005 (407785.000.000) 10/23 16:35:30 Job terminated.
	(1) Normal termination (return value 1)
		Usr 0 00:00:01, Sys 0 00:00:00  -  Run Remote Usage
		Usr 0 00:00:00, Sys 0 00:00:00  -  Run Local Usage
		Usr 0 00:00:01, Sys 0 00:00:00  -  Total Remote Usage
		Usr 0 00:00:00, Sys 0 00:00:00  -  Total Local Usage
	12084  -  Run Bytes Sent By Job
	902  -  Run Bytes Received By Job
	12084  -  Total Bytes Sent By Job
	902  -  Total Bytes Received By Job
	Partitionable Resources :    Usage  Request Allocated
	   Cpus                 :                 1         1
	   Disk (KB)            :       28        1   2111749
	   Memory (MB)          :       43     2000      2000
...
