000 (407333.000.000) 10/23 15:23:19 Job submitted from host: <137.138.156.150:9618?addrs=137.138.156.150-9618+[2001-1458-d00-14--9a]-9618&noUDP&sock=4221_d558_7>
...
001 (407333.000.000) 10/23 15:23:27 Job executing on host: <188.184.206.77:9618?addrs=188.184.206.77-9618+[2001-1458-301-7d--100-53f]-9618&noUDP&sock=1262_349c_3>
...
006 (407333.000.000) 10/23 15:23:35 Image size of job updated: 99444
	41  -  MemoryUsage of job (MB)
	41744  -  ResidentSetSize of job (KB)
...
006 (407333.000.000) 10/23 15:23:42 Image size of job updated: 113384
	41  -  MemoryUsage of job (MB)
	41756  -  ResidentSetSize of job (KB)
...
005 (407333.000.000) 10/23 15:23:52 Job terminated.
	(1) Normal termination (return value 1)
		Usr 0 00:00:01, Sys 0 00:00:00  -  Run Remote Usage
		Usr 0 00:00:00, Sys 0 00:00:00  -  Run Local Usage
		Usr 0 00:00:01, Sys 0 00:00:00  -  Total Remote Usage
		Usr 0 00:00:00, Sys 0 00:00:00  -  Total Local Usage
	791  -  Run Bytes Sent By Job
	902  -  Run Bytes Received By Job
	791  -  Total Bytes Sent By Job
	902  -  Total Bytes Received By Job
	Partitionable Resources :    Usage  Request Allocated
	   Cpus                 :                 1         1
	   Disk (KB)            :       17        1   2127014
	   Memory (MB)          :       41     2000      2000
...
000 (407850.000.000) 10/23 16:35:11 Job submitted from host: <137.138.156.150:9618?addrs=137.138.156.150-9618+[2001-1458-d00-14--9a]-9618&noUDP&sock=4221_d558_7>
...
001 (407850.000.000) 10/23 16:37:31 Job executing on host: <188.184.204.197:9618?addrs=188.184.204.197-9618+[2001-1458-301-7d--100-523]-9618&noUDP&sock=1279_ddb8_3>
...
006 (407850.000.000) 10/23 16:37:40 Image size of job updated: 49940
	44  -  MemoryUsage of job (MB)
	44620  -  ResidentSetSize of job (KB)
...
006 (407850.000.000) 10/23 16:37:55 Image size of job updated: 132156
	44  -  MemoryUsage of job (MB)
	44640  -  ResidentSetSize of job (KB)
...
005 (407850.000.000) 10/23 16:37:56 Job terminated.
	(1) Normal termination (return value 139)
		Usr 0 00:00:02, Sys 0 00:00:00  -  Run Remote Usage
		Usr 0 00:00:00, Sys 0 00:00:00  -  Run Local Usage
		Usr 0 00:00:02, Sys 0 00:00:00  -  Total Remote Usage
		Usr 0 00:00:00, Sys 0 00:00:00  -  Total Local Usage
	4001  -  Run Bytes Sent By Job
	902  -  Run Bytes Received By Job
	4001  -  Total Bytes Sent By Job
	902  -  Total Bytes Received By Job
	Partitionable Resources :    Usage  Request Allocated
	   Cpus                 :                 1         1
	   Disk (KB)            :       20        1   2108380
	   Memory (MB)          :       44     2000      2000
...
000 (408664.000.000) 10/24 11:40:21 Job submitted from host: <137.138.156.150:9618?addrs=137.138.156.150-9618+[2001-1458-d00-14--9a]-9618&noUDP&sock=4221_d558_7>
...
001 (408664.000.000) 10/24 12:18:18 Job executing on host: <188.184.205.178:9618?addrs=188.184.205.178-9618+[2001-1458-301-7d--100-54d]-9618&noUDP&sock=1312_8058_3>
...
006 (408664.000.000) 10/24 12:18:27 Image size of job updated: 22548
	7  -  MemoryUsage of job (MB)
	7064  -  ResidentSetSize of job (KB)
...
006 (408664.000.000) 10/24 12:18:49 Image size of job updated: 160444
	7  -  MemoryUsage of job (MB)
	7068  -  ResidentSetSize of job (KB)
...
005 (408664.000.000) 10/24 12:18:50 Job terminated.
	(1) Normal termination (return value 1)
		Usr 0 00:00:02, Sys 0 00:00:00  -  Run Remote Usage
		Usr 0 00:00:00, Sys 0 00:00:00  -  Run Local Usage
		Usr 0 00:00:02, Sys 0 00:00:00  -  Total Remote Usage
		Usr 0 00:00:00, Sys 0 00:00:00  -  Total Local Usage
	12084  -  Run Bytes Sent By Job
	902  -  Run Bytes Received By Job
	12084  -  Total Bytes Sent By Job
	902  -  Total Bytes Received By Job
	Partitionable Resources :    Usage  Request Allocated
	   Cpus                 :                 1         1
	   Disk (KB)            :       28        1   2203316
	   Memory (MB)          :        7     2000      2000
...
