000 (407460.000.000) 10/23 15:41:15 Job submitted from host: <137.138.156.150:9618?addrs=137.138.156.150-9618+[2001-1458-d00-14--9a]-9618&noUDP&sock=4221_d558_7>
...
001 (407460.000.000) 10/23 15:46:06 Job executing on host: <188.184.205.128:9618?addrs=188.184.205.128-9618+[2001-1458-301-7d--100-51f]-9618&noUDP&sock=1278_2e20_3>
...
006 (407460.000.000) 10/23 15:46:15 Image size of job updated: 72352
	29  -  MemoryUsage of job (MB)
	29360  -  ResidentSetSize of job (KB)
...
006 (407460.000.000) 10/23 15:46:21 Image size of job updated: 78524
	30  -  MemoryUsage of job (MB)
	30008  -  ResidentSetSize of job (KB)
...
005 (407460.000.000) 10/23 15:46:21 Job terminated.
	(1) Normal termination (return value 1)
		Usr 0 00:00:01, Sys 0 00:00:00  -  Run Remote Usage
		Usr 0 00:00:00, Sys 0 00:00:00  -  Run Local Usage
		Usr 0 00:00:01, Sys 0 00:00:00  -  Total Remote Usage
		Usr 0 00:00:00, Sys 0 00:00:00  -  Total Local Usage
	790  -  Run Bytes Sent By Job
	902  -  Run Bytes Received By Job
	790  -  Total Bytes Sent By Job
	902  -  Total Bytes Received By Job
	Partitionable Resources :    Usage  Request Allocated
	   Cpus                 :                 1         1
	   Disk (KB)            :       17        1   2223755
	   Memory (MB)          :       30     2000      2000
...
000 (408704.000.000) 10/24 13:13:46 Job submitted from host: <137.138.156.150:9618?addrs=137.138.156.150-9618+[2001-1458-d00-14--9a]-9618&noUDP&sock=4221_d558_7>
...
001 (408704.000.000) 10/24 13:16:02 Job executing on host: <188.184.206.254:9618?addrs=188.184.206.254-9618+[2001-1458-301-7d--100-55e]-9618&noUDP&sock=1270_b15e_3>
...
006 (408704.000.000) 10/24 13:16:11 Image size of job updated: 22796
	8  -  MemoryUsage of job (MB)
	7312  -  ResidentSetSize of job (KB)
...
006 (408704.000.000) 10/24 13:16:27 Image size of job updated: 93780
	8  -  MemoryUsage of job (MB)
	7312  -  ResidentSetSize of job (KB)
...
005 (408704.000.000) 10/24 13:16:27 Job terminated.
	(1) Normal termination (return value 1)
		Usr 0 00:00:01, Sys 0 00:00:00  -  Run Remote Usage
		Usr 0 00:00:00, Sys 0 00:00:00  -  Run Local Usage
		Usr 0 00:00:01, Sys 0 00:00:00  -  Total Remote Usage
		Usr 0 00:00:00, Sys 0 00:00:00  -  Total Local Usage
	5644  -  Run Bytes Sent By Job
	902  -  Run Bytes Received By Job
	5644  -  Total Bytes Sent By Job
	902  -  Total Bytes Received By Job
	Partitionable Resources :    Usage  Request Allocated
	   Cpus                 :                 1         1
	   Disk (KB)            :       21        1   2114745
	   Memory (MB)          :        8     2000      2000
...
