000 (407271.000.000) 10/23 15:18:54 Job submitted from host: <137.138.156.150:9618?addrs=137.138.156.150-9618+[2001-1458-d00-14--9a]-9618&noUDP&sock=4221_d558_7>
...
001 (407271.000.000) 10/23 15:22:15 Job executing on host: <188.184.205.90:9618?addrs=188.184.205.90-9618+[--1]-9618&noUDP&sock=1243_2c4f_3>
...
006 (407271.000.000) 10/23 15:22:23 Image size of job updated: 11784
	7  -  MemoryUsage of job (MB)
	6888  -  ResidentSetSize of job (KB)
...
006 (407271.000.000) 10/23 15:22:42 Image size of job updated: 13656
	7  -  MemoryUsage of job (MB)
	6888  -  ResidentSetSize of job (KB)
...
005 (407271.000.000) 10/23 15:22:43 Job terminated.
	(1) Normal termination (return value 1)
		Usr 0 00:00:01, Sys 0 00:00:00  -  Run Remote Usage
		Usr 0 00:00:00, Sys 0 00:00:00  -  Run Local Usage
		Usr 0 00:00:01, Sys 0 00:00:00  -  Total Remote Usage
		Usr 0 00:00:00, Sys 0 00:00:00  -  Total Local Usage
	791  -  Run Bytes Sent By Job
	902  -  Run Bytes Received By Job
	791  -  Total Bytes Sent By Job
	902  -  Total Bytes Received By Job
	Partitionable Resources :    Usage  Request Allocated
	   Cpus                 :                 1         1
	   Disk (KB)            :       16        1   2190721
	   Memory (MB)          :        7     2000      2000
...
000 (407780.000.000) 10/23 16:31:14 Job submitted from host: <137.138.156.150:9618?addrs=137.138.156.150-9618+[2001-1458-d00-14--9a]-9618&noUDP&sock=4221_d558_7>
...
001 (407780.000.000) 10/23 16:34:56 Job executing on host: <188.184.204.197:9618?addrs=188.184.204.197-9618+[2001-1458-301-7d--100-523]-9618&noUDP&sock=1279_ddb8_3>
...
006 (407780.000.000) 10/23 16:35:05 Image size of job updated: 61832
	44  -  MemoryUsage of job (MB)
	44892  -  ResidentSetSize of job (KB)
...
006 (407780.000.000) 10/23 16:35:13 Image size of job updated: 61832
	44  -  MemoryUsage of job (MB)
	44912  -  ResidentSetSize of job (KB)
...
005 (407780.000.000) 10/23 16:35:13 Job terminated.
	(1) Normal termination (return value 1)
		Usr 0 00:00:01, Sys 0 00:00:00  -  Run Remote Usage
		Usr 0 00:00:00, Sys 0 00:00:00  -  Run Local Usage
		Usr 0 00:00:01, Sys 0 00:00:00  -  Total Remote Usage
		Usr 0 00:00:00, Sys 0 00:00:00  -  Total Local Usage
	12084  -  Run Bytes Sent By Job
	902  -  Run Bytes Received By Job
	12084  -  Total Bytes Sent By Job
	902  -  Total Bytes Received By Job
	Partitionable Resources :    Usage  Request Allocated
	   Cpus                 :                 1         1
	   Disk (KB)            :       28        1   2108380
	   Memory (MB)          :       44     2000      2000
...
