000 (407331.000.000) 10/23 15:23:10 Job submitted from host: <137.138.156.150:9618?addrs=137.138.156.150-9618+[2001-1458-d00-14--9a]-9618&noUDP&sock=4221_d558_7>
...
001 (407331.000.000) 10/23 15:23:14 Job executing on host: <188.184.205.90:9618?addrs=188.184.205.90-9618+[--1]-9618&noUDP&sock=1243_2c4f_3>
...
006 (407331.000.000) 10/23 15:23:22 Image size of job updated: 98716
	41  -  MemoryUsage of job (MB)
	41016  -  ResidentSetSize of job (KB)
...
006 (407331.000.000) 10/23 15:23:31 Image size of job updated: 415408
	41  -  MemoryUsage of job (MB)
	41016  -  ResidentSetSize of job (KB)
...
005 (407331.000.000) 10/23 15:23:52 Job terminated.
	(1) Normal termination (return value 1)
		Usr 0 00:00:00, Sys 0 00:00:00  -  Run Remote Usage
		Usr 0 00:00:00, Sys 0 00:00:00  -  Run Local Usage
		Usr 0 00:00:00, Sys 0 00:00:00  -  Total Remote Usage
		Usr 0 00:00:00, Sys 0 00:00:00  -  Total Local Usage
	791  -  Run Bytes Sent By Job
	902  -  Run Bytes Received By Job
	791  -  Total Bytes Sent By Job
	902  -  Total Bytes Received By Job
	Partitionable Resources :    Usage  Request Allocated
	   Cpus                 :                 1         1
	   Disk (KB)            :       17        1   2190726
	   Memory (MB)          :       41     2000      2000
...
000 (407848.000.000) 10/23 16:35:04 Job submitted from host: <137.138.156.150:9618?addrs=137.138.156.150-9618+[2001-1458-d00-14--9a]-9618&noUDP&sock=4221_d558_7>
...
001 (407848.000.000) 10/23 16:37:30 Job executing on host: <188.184.204.197:9618?addrs=188.184.204.197-9618+[2001-1458-301-7d--100-523]-9618&noUDP&sock=1279_ddb8_3>
...
006 (407848.000.000) 10/23 16:37:39 Image size of job updated: 57812
	43  -  MemoryUsage of job (MB)
	43536  -  ResidentSetSize of job (KB)
...
006 (407848.000.000) 10/23 16:37:55 Image size of job updated: 152016
	43  -  MemoryUsage of job (MB)
	43536  -  ResidentSetSize of job (KB)
...
005 (407848.000.000) 10/23 16:37:56 Job terminated.
	(1) Normal termination (return value 139)
		Usr 0 00:00:02, Sys 0 00:00:00  -  Run Remote Usage
		Usr 0 00:00:00, Sys 0 00:00:00  -  Run Local Usage
		Usr 0 00:00:02, Sys 0 00:00:00  -  Total Remote Usage
		Usr 0 00:00:00, Sys 0 00:00:00  -  Total Local Usage
	4001  -  Run Bytes Sent By Job
	902  -  Run Bytes Received By Job
	4001  -  Total Bytes Sent By Job
	902  -  Total Bytes Received By Job
	Partitionable Resources :    Usage  Request Allocated
	   Cpus                 :                 1         1
	   Disk (KB)            :       20        1   2108380
	   Memory (MB)          :       43     2000      2000
...
000 (408662.000.000) 10/24 11:40:11 Job submitted from host: <137.138.156.150:9618?addrs=137.138.156.150-9618+[2001-1458-d00-14--9a]-9618&noUDP&sock=4221_d558_7>
...
001 (408662.000.000) 10/24 12:18:15 Job executing on host: <188.184.206.125:9618?addrs=188.184.206.125-9618+[2001-1458-301-7d--100-55f]-9618&noUDP&sock=1280_8d50_3>
...
006 (408662.000.000) 10/24 12:18:24 Image size of job updated: 20808
	8  -  MemoryUsage of job (MB)
	7236  -  ResidentSetSize of job (KB)
...
006 (408662.000.000) 10/24 12:18:43 Image size of job updated: 472448
	8  -  MemoryUsage of job (MB)
	7236  -  ResidentSetSize of job (KB)
...
005 (408662.000.000) 10/24 12:18:43 Job terminated.
	(1) Normal termination (return value 1)
		Usr 0 00:00:01, Sys 0 00:00:00  -  Run Remote Usage
		Usr 0 00:00:00, Sys 0 00:00:00  -  Run Local Usage
		Usr 0 00:00:01, Sys 0 00:00:00  -  Total Remote Usage
		Usr 0 00:00:00, Sys 0 00:00:00  -  Total Local Usage
	12084  -  Run Bytes Sent By Job
	902  -  Run Bytes Received By Job
	12084  -  Total Bytes Sent By Job
	902  -  Total Bytes Received By Job
	Partitionable Resources :    Usage  Request Allocated
	   Cpus                 :                 1         1
	   Disk (KB)            :       28        1   2209875
	   Memory (MB)          :        8     2000      2000
...
