000 (407410.000.000) 10/23 15:28:29 Job submitted from host: <137.138.156.150:9618?addrs=137.138.156.150-9618+[2001-1458-d00-14--9a]-9618&noUDP&sock=4221_d558_7>
...
001 (407410.000.000) 10/23 15:29:23 Job executing on host: <188.184.205.61:9618?addrs=188.184.205.61-9618+[2001-1458-301-7d--100-516]-9618&noUDP&sock=1270_b15e_3>
...
006 (407410.000.000) 10/23 15:29:31 Image size of job updated: 74328
	41  -  MemoryUsage of job (MB)
	41964  -  ResidentSetSize of job (KB)
...
006 (407410.000.000) 10/23 15:29:37 Image size of job updated: 74328
	41  -  MemoryUsage of job (MB)
	41976  -  ResidentSetSize of job (KB)
...
005 (407410.000.000) 10/23 15:29:38 Job terminated.
	(1) Normal termination (return value 1)
		Usr 0 00:00:01, Sys 0 00:00:00  -  Run Remote Usage
		Usr 0 00:00:00, Sys 0 00:00:00  -  Run Local Usage
		Usr 0 00:00:01, Sys 0 00:00:00  -  Total Remote Usage
		Usr 0 00:00:00, Sys 0 00:00:00  -  Total Local Usage
	794  -  Run Bytes Sent By Job
	902  -  Run Bytes Received By Job
	794  -  Total Bytes Sent By Job
	902  -  Total Bytes Received By Job
	Partitionable Resources :    Usage  Request Allocated
	   Cpus                 :                 1         1
	   Disk (KB)            :       17        1   2190514
	   Memory (MB)          :       41     2000      2000
...
000 (407943.000.000) 10/23 16:40:35 Job submitted from host: <137.138.156.150:9618?addrs=137.138.156.150-9618+[2001-1458-d00-14--9a]-9618&noUDP&sock=4221_d558_7>
...
001 (407943.000.000) 10/23 16:40:47 Job executing on host: <188.184.205.239:9618?addrs=188.184.205.239-9618+[2001-1458-301-7d--100-532]-9618&noUDP&sock=1265_4364_3>
...
006 (407943.000.000) 10/23 16:40:56 Image size of job updated: 94148
	43  -  MemoryUsage of job (MB)
	43528  -  ResidentSetSize of job (KB)
...
006 (407943.000.000) 10/23 16:41:09 Image size of job updated: 159552
	43  -  MemoryUsage of job (MB)
	43528  -  ResidentSetSize of job (KB)
...
005 (407943.000.000) 10/23 16:41:09 Job terminated.
	(1) Normal termination (return value 1)
		Usr 0 00:00:01, Sys 0 00:00:00  -  Run Remote Usage
		Usr 0 00:00:00, Sys 0 00:00:00  -  Run Local Usage
		Usr 0 00:00:01, Sys 0 00:00:00  -  Total Remote Usage
		Usr 0 00:00:00, Sys 0 00:00:00  -  Total Local Usage
	12086  -  Run Bytes Sent By Job
	902  -  Run Bytes Received By Job
	12086  -  Total Bytes Sent By Job
	902  -  Total Bytes Received By Job
	Partitionable Resources :    Usage  Request Allocated
	   Cpus                 :                 1         1
	   Disk (KB)            :       28        1   2200376
	   Memory (MB)          :       43     2000      2000
...
