000 (407465.000.000) 10/23 15:41:29 Job submitted from host: <137.138.156.150:9618?addrs=137.138.156.150-9618+[2001-1458-d00-14--9a]-9618&noUDP&sock=4221_d558_7>
...
001 (407465.000.000) 10/23 15:46:07 Job executing on host: <188.184.205.239:9618?addrs=188.184.205.239-9618+[2001-1458-301-7d--100-532]-9618&noUDP&sock=1265_4364_3>
...
006 (407465.000.000) 10/23 15:46:16 Image size of job updated: 15032
	8  -  MemoryUsage of job (MB)
	7292  -  ResidentSetSize of job (KB)
...
006 (407465.000.000) 10/23 15:46:31 Image size of job updated: 68476
	8  -  MemoryUsage of job (MB)
	7292  -  ResidentSetSize of job (KB)
...
005 (407465.000.000) 10/23 15:46:31 Job terminated.
	(1) Normal termination (return value 1)
		Usr 0 00:00:01, Sys 0 00:00:00  -  Run Remote Usage
		Usr 0 00:00:00, Sys 0 00:00:00  -  Run Local Usage
		Usr 0 00:00:01, Sys 0 00:00:00  -  Total Remote Usage
		Usr 0 00:00:00, Sys 0 00:00:00  -  Total Local Usage
	791  -  Run Bytes Sent By Job
	902  -  Run Bytes Received By Job
	791  -  Total Bytes Sent By Job
	902  -  Total Bytes Received By Job
	Partitionable Resources :    Usage  Request Allocated
	   Cpus                 :                 1         1
	   Disk (KB)            :       17        1   2200446
	   Memory (MB)          :        8     2000      2000
...
000 (408710.000.000) 10/24 13:14:00 Job submitted from host: <137.138.156.150:9618?addrs=137.138.156.150-9618+[2001-1458-d00-14--9a]-9618&noUDP&sock=4221_d558_7>
...
001 (408710.000.000) 10/24 13:16:02 Job executing on host: <188.184.206.167:9618?addrs=188.184.206.167-9618+[2001-1458-301-7d--100-554]-9618&noUDP&sock=1268_522d_3>
...
006 (408710.000.000) 10/24 13:16:11 Image size of job updated: 22720
	8  -  MemoryUsage of job (MB)
	7236  -  ResidentSetSize of job (KB)
...
006 (408710.000.000) 10/24 13:16:21 Image size of job updated: 93776
	8  -  MemoryUsage of job (MB)
	7236  -  ResidentSetSize of job (KB)
...
005 (408710.000.000) 10/24 13:16:21 Job terminated.
	(1) Normal termination (return value 1)
		Usr 0 00:00:01, Sys 0 00:00:00  -  Run Remote Usage
		Usr 0 00:00:00, Sys 0 00:00:00  -  Run Local Usage
		Usr 0 00:00:01, Sys 0 00:00:00  -  Total Remote Usage
		Usr 0 00:00:00, Sys 0 00:00:00  -  Total Local Usage
	7826  -  Run Bytes Sent By Job
	902  -  Run Bytes Received By Job
	7826  -  Total Bytes Sent By Job
	902  -  Total Bytes Received By Job
	Partitionable Resources :    Usage  Request Allocated
	   Cpus                 :                 1         1
	   Disk (KB)            :       24        1   2106422
	   Memory (MB)          :        8     2000      2000
...
