000 (407586.000.000) 10/23 15:49:05 Job submitted from host: <137.138.156.150:9618?addrs=137.138.156.150-9618+[2001-1458-d00-14--9a]-9618&noUDP&sock=4221_d558_7>
...
001 (407586.000.000) 10/23 15:49:19 Job executing on host: <188.184.205.237:9618?addrs=188.184.205.237-9618+[2001-1458-301-7d--100-531]-9618&noUDP&sock=1287_5a7a_3>
...
006 (407586.000.000) 10/23 15:49:27 Image size of job updated: 92584
	35  -  MemoryUsage of job (MB)
	35480  -  ResidentSetSize of job (KB)
...
006 (407586.000.000) 10/23 15:49:36 Image size of job updated: 92584
	35  -  MemoryUsage of job (MB)
	35700  -  ResidentSetSize of job (KB)
...
005 (407586.000.000) 10/23 15:49:36 Job terminated.
	(1) Normal termination (return value 1)
		Usr 0 00:00:01, Sys 0 00:00:00  -  Run Remote Usage
		Usr 0 00:00:00, Sys 0 00:00:00  -  Run Local Usage
		Usr 0 00:00:01, Sys 0 00:00:00  -  Total Remote Usage
		Usr 0 00:00:00, Sys 0 00:00:00  -  Total Local Usage
	786  -  Run Bytes Sent By Job
	902  -  Run Bytes Received By Job
	786  -  Total Bytes Sent By Job
	902  -  Total Bytes Received By Job
	Partitionable Resources :    Usage  Request Allocated
	   Cpus                 :                 1         1
	   Disk (KB)            :       17        1   2224104
	   Memory (MB)          :       35     2000      2000
...
000 (408832.000.000) 10/24 13:21:51 Job submitted from host: <137.138.156.150:9618?addrs=137.138.156.150-9618+[2001-1458-d00-14--9a]-9618&noUDP&sock=4221_d558_7>
...
001 (408832.000.000) 10/24 13:21:58 Job executing on host: <188.185.213.80:9618?addrs=188.185.213.80-9618+[2001-1459-301-98--100-4a]-9618&noUDP&sock=1306_62c6_3>
...
006 (408832.000.000) 10/24 13:22:07 Image size of job updated: 98084
	40  -  MemoryUsage of job (MB)
	40384  -  ResidentSetSize of job (KB)
...
006 (408832.000.000) 10/24 13:22:21 Image size of job updated: 147020
	40  -  MemoryUsage of job (MB)
	40440  -  ResidentSetSize of job (KB)
...
005 (408832.000.000) 10/24 13:22:21 Job terminated.
	(1) Normal termination (return value 1)
		Usr 0 00:00:01, Sys 0 00:00:00  -  Run Remote Usage
		Usr 0 00:00:00, Sys 0 00:00:00  -  Run Local Usage
		Usr 0 00:00:01, Sys 0 00:00:00  -  Total Remote Usage
		Usr 0 00:00:00, Sys 0 00:00:00  -  Total Local Usage
	7824  -  Run Bytes Sent By Job
	902  -  Run Bytes Received By Job
	7824  -  Total Bytes Sent By Job
	902  -  Total Bytes Received By Job
	Partitionable Resources :    Usage  Request Allocated
	   Cpus                 :                 1         1
	   Disk (KB)            :       24        1   2187936
	   Memory (MB)          :       40     2000      2000
...
