000 (407514.000.000) 10/23 15:44:15 Job submitted from host: <137.138.156.150:9618?addrs=137.138.156.150-9618+[2001-1458-d00-14--9a]-9618&noUDP&sock=4221_d558_7>
...
001 (407514.000.000) 10/23 15:46:56 Job executing on host: <188.185.213.191:9618?addrs=188.185.213.191-9618+[2001-1459-301-98--100-b9]-9618&noUDP&sock=1258_763b_3>
...
006 (407514.000.000) 10/23 15:47:04 Image size of job updated: 74096
	42  -  MemoryUsage of job (MB)
	42684  -  ResidentSetSize of job (KB)
...
006 (407514.000.000) 10/23 15:47:10 Image size of job updated: 442276
	42  -  MemoryUsage of job (MB)
	42704  -  ResidentSetSize of job (KB)
...
005 (407514.000.000) 10/23 15:47:10 Job terminated.
	(1) Normal termination (return value 1)
		Usr 0 00:00:00, Sys 0 00:00:00  -  Run Remote Usage
		Usr 0 00:00:00, Sys 0 00:00:00  -  Run Local Usage
		Usr 0 00:00:00, Sys 0 00:00:00  -  Total Remote Usage
		Usr 0 00:00:00, Sys 0 00:00:00  -  Total Local Usage
	791  -  Run Bytes Sent By Job
	902  -  Run Bytes Received By Job
	791  -  Total Bytes Sent By Job
	902  -  Total Bytes Received By Job
	Partitionable Resources :    Usage  Request Allocated
	   Cpus                 :                 1         1
	   Disk (KB)            :       17        1   2154647
	   Memory (MB)          :       42     2000      2000
...
000 (408759.000.000) 10/24 13:17:23 Job submitted from host: <137.138.156.150:9618?addrs=137.138.156.150-9618+[2001-1458-d00-14--9a]-9618&noUDP&sock=4221_d558_7>
...
001 (408759.000.000) 10/24 13:18:59 Job executing on host: <188.185.214.177:9618?addrs=188.185.214.177-9618+[2001-1459-301-99--100-ab]-9618&noUDP&sock=1326_1aab_3>
...
006 (408759.000.000) 10/24 13:19:08 Image size of job updated: 13496
	4  -  MemoryUsage of job (MB)
	3972  -  ResidentSetSize of job (KB)
...
006 (408759.000.000) 10/24 13:19:32 Image size of job updated: 147032
	4  -  MemoryUsage of job (MB)
	4052  -  ResidentSetSize of job (KB)
...
005 (408759.000.000) 10/24 13:19:34 Job terminated.
	(1) Normal termination (return value 1)
		Usr 0 00:00:01, Sys 0 00:00:00  -  Run Remote Usage
		Usr 0 00:00:00, Sys 0 00:00:00  -  Run Local Usage
		Usr 0 00:00:01, Sys 0 00:00:00  -  Total Remote Usage
		Usr 0 00:00:00, Sys 0 00:00:00  -  Total Local Usage
	5645  -  Run Bytes Sent By Job
	902  -  Run Bytes Received By Job
	5645  -  Total Bytes Sent By Job
	902  -  Total Bytes Received By Job
	Partitionable Resources :    Usage  Request Allocated
	   Cpus                 :                 1         1
	   Disk (KB)            :       21        1   2193320
	   Memory (MB)          :        4     2000      2000
...
