000 (407377.000.000) 10/23 15:26:25 Job submitted from host: <137.138.156.150:9618?addrs=137.138.156.150-9618+[2001-1458-d00-14--9a]-9618&noUDP&sock=4221_d558_7>
...
001 (407377.000.000) 10/23 15:26:30 Job executing on host: <188.184.204.206:9618?addrs=188.184.204.206-9618+[2001-1458-301-7d--100-50c]-9618&noUDP&sock=1269_01c5_3>
...
006 (407377.000.000) 10/23 15:26:39 Image size of job updated: 73900
	30  -  MemoryUsage of job (MB)
	30076  -  ResidentSetSize of job (KB)
...
006 (407377.000.000) 10/23 15:26:46 Image size of job updated: 92056
	30  -  MemoryUsage of job (MB)
	30196  -  ResidentSetSize of job (KB)
...
005 (407377.000.000) 10/23 15:26:46 Job terminated.
	(1) Normal termination (return value 1)
		Usr 0 00:00:00, Sys 0 00:00:00  -  Run Remote Usage
		Usr 0 00:00:00, Sys 0 00:00:00  -  Run Local Usage
		Usr 0 00:00:00, Sys 0 00:00:00  -  Total Remote Usage
		Usr 0 00:00:00, Sys 0 00:00:00  -  Total Local Usage
	794  -  Run Bytes Sent By Job
	902  -  Run Bytes Received By Job
	794  -  Total Bytes Sent By Job
	902  -  Total Bytes Received By Job
	Partitionable Resources :    Usage  Request Allocated
	   Cpus                 :                 1         1
	   Disk (KB)            :       17        1   2123714
	   Memory (MB)          :       30     2000      2000
...
000 (407910.000.000) 10/23 16:38:14 Job submitted from host: <137.138.156.150:9618?addrs=137.138.156.150-9618+[2001-1458-d00-14--9a]-9618&noUDP&sock=4221_d558_7>
...
001 (407910.000.000) 10/23 16:39:09 Job executing on host: <188.184.206.95:9618?addrs=188.184.206.95-9618+[2001-1458-301-7d--100-54f]-9618&noUDP&sock=1284_4bb1_3>
...
006 (407910.000.000) 10/23 16:39:18 Image size of job updated: 80316
	43  -  MemoryUsage of job (MB)
	43588  -  ResidentSetSize of job (KB)
...
006 (407910.000.000) 10/23 16:39:33 Image size of job updated: 162408
	43  -  MemoryUsage of job (MB)
	43588  -  ResidentSetSize of job (KB)
...
005 (407910.000.000) 10/23 16:39:34 Job terminated.
	(1) Normal termination (return value 1)
		Usr 0 00:00:01, Sys 0 00:00:00  -  Run Remote Usage
		Usr 0 00:00:00, Sys 0 00:00:00  -  Run Local Usage
		Usr 0 00:00:01, Sys 0 00:00:00  -  Total Remote Usage
		Usr 0 00:00:00, Sys 0 00:00:00  -  Total Local Usage
	12086  -  Run Bytes Sent By Job
	902  -  Run Bytes Received By Job
	12086  -  Total Bytes Sent By Job
	902  -  Total Bytes Received By Job
	Partitionable Resources :    Usage  Request Allocated
	   Cpus                 :                 1         1
	   Disk (KB)            :       28        1   2193661
	   Memory (MB)          :       43     2000      2000
...
