000 (407467.000.000) 10/23 15:41:36 Job submitted from host: <137.138.156.150:9618?addrs=137.138.156.150-9618+[2001-1458-d00-14--9a]-9618&noUDP&sock=4221_d558_7>
...
001 (407467.000.000) 10/23 15:46:08 Job executing on host: <188.184.205.67:9618?addrs=188.184.205.67-9618+[2001-1458-301-7d--100-515]-9618&noUDP&sock=1274_6fbf_3>
...
006 (407467.000.000) 10/23 15:46:17 Image size of job updated: 12136
	8  -  MemoryUsage of job (MB)
	7504  -  ResidentSetSize of job (KB)
...
006 (407467.000.000) 10/23 15:46:31 Image size of job updated: 54712
	8  -  MemoryUsage of job (MB)
	7508  -  ResidentSetSize of job (KB)
...
005 (407467.000.000) 10/23 15:46:31 Job terminated.
	(1) Normal termination (return value 1)
		Usr 0 00:00:00, Sys 0 00:00:00  -  Run Remote Usage
		Usr 0 00:00:00, Sys 0 00:00:00  -  Run Local Usage
		Usr 0 00:00:00, Sys 0 00:00:00  -  Total Remote Usage
		Usr 0 00:00:00, Sys 0 00:00:00  -  Total Local Usage
	791  -  Run Bytes Sent By Job
	902  -  Run Bytes Received By Job
	791  -  Total Bytes Sent By Job
	902  -  Total Bytes Received By Job
	Partitionable Resources :    Usage  Request Allocated
	   Cpus                 :                 1         1
	   Disk (KB)            :       17        1   2127757
	   Memory (MB)          :        8     2000      2000
...
000 (408712.000.000) 10/24 13:14:28 Job submitted from host: <137.138.156.150:9618?addrs=137.138.156.150-9618+[2001-1458-d00-14--9a]-9618&noUDP&sock=4221_d558_7>
...
001 (408712.000.000) 10/24 13:16:02 Job executing on host: <188.184.204.189:9618?addrs=188.184.204.189-9618+[2001-1458-301-7d--100-505]-9618&noUDP&sock=1290_6943_3>
...
006 (408712.000.000) 10/24 13:16:11 Image size of job updated: 94264
	36  -  MemoryUsage of job (MB)
	36660  -  ResidentSetSize of job (KB)
...
006 (408712.000.000) 10/24 13:16:22 Image size of job updated: 471196
	36  -  MemoryUsage of job (MB)
	36664  -  ResidentSetSize of job (KB)
...
005 (408712.000.000) 10/24 13:16:22 Job terminated.
	(1) Normal termination (return value 1)
		Usr 0 00:00:01, Sys 0 00:00:00  -  Run Remote Usage
		Usr 0 00:00:00, Sys 0 00:00:00  -  Run Local Usage
		Usr 0 00:00:01, Sys 0 00:00:00  -  Total Remote Usage
		Usr 0 00:00:00, Sys 0 00:00:00  -  Total Local Usage
	5645  -  Run Bytes Sent By Job
	902  -  Run Bytes Received By Job
	5645  -  Total Bytes Sent By Job
	902  -  Total Bytes Received By Job
	Partitionable Resources :    Usage  Request Allocated
	   Cpus                 :                 1         1
	   Disk (KB)            :       21        1   2196271
	   Memory (MB)          :       36     2000      2000
...
