000 (407626.000.000) 10/23 15:51:15 Job submitted from host: <137.138.156.150:9618?addrs=137.138.156.150-9618+[2001-1458-d00-14--9a]-9618&noUDP&sock=4221_d558_7>
...
001 (407626.000.000) 10/23 15:52:11 Job executing on host: <188.184.205.210:9618?addrs=188.184.205.210-9618+[2001-1458-301-7d--100-528]-9618&noUDP&sock=1287_5a7a_3>
...
006 (407626.000.000) 10/23 15:52:20 Image size of job updated: 98912
	41  -  MemoryUsage of job (MB)
	41212  -  ResidentSetSize of job (KB)
...
005 (407626.000.000) 10/23 15:52:26 Job terminated.
	(1) Normal termination (return value 1)
		Usr 0 00:00:01, Sys 0 00:00:00  -  Run Remote Usage
		Usr 0 00:00:00, Sys 0 00:00:00  -  Run Local Usage
		Usr 0 00:00:01, Sys 0 00:00:00  -  Total Remote Usage
		Usr 0 00:00:00, Sys 0 00:00:00  -  Total Local Usage
	790  -  Run Bytes Sent By Job
	902  -  Run Bytes Received By Job
	790  -  Total Bytes Sent By Job
	902  -  Total Bytes Received By Job
	Partitionable Resources :    Usage  Request Allocated
	   Cpus                 :                 1         1
	   Disk (KB)            :       17        1   2215554
	   Memory (MB)          :       41     2000      2000
...
000 (408872.000.000) 10/24 13:24:03 Job submitted from host: <137.138.156.150:9618?addrs=137.138.156.150-9618+[2001-1458-d00-14--9a]-9618&noUDP&sock=4221_d558_7>
...
001 (408872.000.000) 10/24 13:24:22 Job executing on host: <188.185.211.123:9618?addrs=188.185.211.123-9618+[2001-1459-301-96--100-75]-9618&noUDP&sock=1261_8503_3>
...
006 (408872.000.000) 10/24 13:24:31 Image size of job updated: 82404
	31  -  MemoryUsage of job (MB)
	31704  -  ResidentSetSize of job (KB)
...
006 (408872.000.000) 10/24 13:24:57 Image size of job updated: 147496
	32  -  MemoryUsage of job (MB)
	32756  -  ResidentSetSize of job (KB)
...
005 (408872.000.000) 10/24 13:24:57 Job terminated.
	(1) Normal termination (return value 1)
		Usr 0 00:00:01, Sys 0 00:00:00  -  Run Remote Usage
		Usr 0 00:00:00, Sys 0 00:00:00  -  Run Local Usage
		Usr 0 00:00:01, Sys 0 00:00:00  -  Total Remote Usage
		Usr 0 00:00:00, Sys 0 00:00:00  -  Total Local Usage
	10007  -  Run Bytes Sent By Job
	902  -  Run Bytes Received By Job
	10007  -  Total Bytes Sent By Job
	902  -  Total Bytes Received By Job
	Partitionable Resources :    Usage  Request Allocated
	   Cpus                 :                 1         1
	   Disk (KB)            :       26        1   2169195
	   Memory (MB)          :       32     2000      2000
...
