000 (407575.000.000) 10/23 15:48:07 Job submitted from host: <137.138.156.150:9618?addrs=137.138.156.150-9618+[2001-1458-d00-14--9a]-9618&noUDP&sock=4221_d558_7>
...
001 (407575.000.000) 10/23 15:48:24 Job executing on host: <188.184.204.206:9618?addrs=188.184.204.206-9618+[2001-1458-301-7d--100-50c]-9618&noUDP&sock=1269_01c5_3>
...
006 (407575.000.000) 10/23 15:48:32 Image size of job updated: 25776
	10  -  MemoryUsage of job (MB)
	9932  -  ResidentSetSize of job (KB)
...
006 (407575.000.000) 10/23 15:48:41 Image size of job updated: 76168
	10  -  MemoryUsage of job (MB)
	9944  -  ResidentSetSize of job (KB)
...
005 (407575.000.000) 10/23 15:48:41 Job terminated.
	(1) Normal termination (return value 1)
		Usr 0 00:00:00, Sys 0 00:00:00  -  Run Remote Usage
		Usr 0 00:00:00, Sys 0 00:00:00  -  Run Local Usage
		Usr 0 00:00:00, Sys 0 00:00:00  -  Total Remote Usage
		Usr 0 00:00:00, Sys 0 00:00:00  -  Total Local Usage
	790  -  Run Bytes Sent By Job
	902  -  Run Bytes Received By Job
	790  -  Total Bytes Sent By Job
	902  -  Total Bytes Received By Job
	Partitionable Resources :    Usage  Request Allocated
	   Cpus                 :                 1         1
	   Disk (KB)            :       17        1   2123705
	   Memory (MB)          :       10     2000      2000
...
000 (408820.000.000) 10/24 13:20:55 Job submitted from host: <137.138.156.150:9618?addrs=137.138.156.150-9618+[2001-1458-d00-14--9a]-9618&noUDP&sock=4221_d558_7>
...
001 (408820.000.000) 10/24 13:21:43 Job executing on host: <188.185.205.12:9618?addrs=188.185.205.12-9618+[2001-1459-301-64--100-6]-9618&noUDP&sock=1277_7e87_3>
...
006 (408820.000.000) 10/24 13:21:51 Image size of job updated: 22364
	7  -  MemoryUsage of job (MB)
	6880  -  ResidentSetSize of job (KB)
...
006 (408820.000.000) 10/24 13:22:15 Image size of job updated: 134260
	7  -  MemoryUsage of job (MB)
	6884  -  ResidentSetSize of job (KB)
...
005 (408820.000.000) 10/24 13:22:16 Job terminated.
	(1) Normal termination (return value 1)
		Usr 0 00:00:01, Sys 0 00:00:00  -  Run Remote Usage
		Usr 0 00:00:00, Sys 0 00:00:00  -  Run Local Usage
		Usr 0 00:00:01, Sys 0 00:00:00  -  Total Remote Usage
		Usr 0 00:00:00, Sys 0 00:00:00  -  Total Local Usage
	3454  -  Run Bytes Sent By Job
	902  -  Run Bytes Received By Job
	3454  -  Total Bytes Sent By Job
	902  -  Total Bytes Received By Job
	Partitionable Resources :    Usage  Request Allocated
	   Cpus                 :                 1         1
	   Disk (KB)            :       19        1   2185419
	   Memory (MB)          :        7     2000      2000
...
