000 (407406.000.000) 10/23 15:28:17 Job submitted from host: <137.138.156.150:9618?addrs=137.138.156.150-9618+[2001-1458-d00-14--9a]-9618&noUDP&sock=4221_d558_7>
...
001 (407406.000.000) 10/23 15:28:40 Job executing on host: <188.184.205.61:9618?addrs=188.184.205.61-9618+[2001-1458-301-7d--100-516]-9618&noUDP&sock=1270_b15e_3>
...
006 (407406.000.000) 10/23 15:28:49 Image size of job updated: 66224
	42  -  MemoryUsage of job (MB)
	42716  -  ResidentSetSize of job (KB)
...
005 (407406.000.000) 10/23 15:28:56 Job terminated.
	(1) Normal termination (return value 1)
		Usr 0 00:00:01, Sys 0 00:00:00  -  Run Remote Usage
		Usr 0 00:00:00, Sys 0 00:00:00  -  Run Local Usage
		Usr 0 00:00:01, Sys 0 00:00:00  -  Total Remote Usage
		Usr 0 00:00:00, Sys 0 00:00:00  -  Total Local Usage
	792  -  Run Bytes Sent By Job
	902  -  Run Bytes Received By Job
	792  -  Total Bytes Sent By Job
	902  -  Total Bytes Received By Job
	Partitionable Resources :    Usage  Request Allocated
	   Cpus                 :                 1         1
	   Disk (KB)            :       17        1   2190514
	   Memory (MB)          :       42     2000      2000
...
000 (407939.000.000) 10/23 16:40:16 Job submitted from host: <137.138.156.150:9618?addrs=137.138.156.150-9618+[2001-1458-d00-14--9a]-9618&noUDP&sock=4221_d558_7>
...
001 (407939.000.000) 10/23 16:40:23 Job executing on host: <188.184.206.95:9618?addrs=188.184.206.95-9618+[2001-1458-301-7d--100-54f]-9618&noUDP&sock=1284_4bb1_3>
...
006 (407939.000.000) 10/23 16:40:33 Image size of job updated: 100140
	42  -  MemoryUsage of job (MB)
	42440  -  ResidentSetSize of job (KB)
...
006 (407939.000.000) 10/23 16:40:46 Image size of job updated: 474544
	42  -  MemoryUsage of job (MB)
	42476  -  ResidentSetSize of job (KB)
...
005 (407939.000.000) 10/23 16:40:46 Job terminated.
	(1) Normal termination (return value 1)
		Usr 0 00:00:01, Sys 0 00:00:00  -  Run Remote Usage
		Usr 0 00:00:00, Sys 0 00:00:00  -  Run Local Usage
		Usr 0 00:00:01, Sys 0 00:00:00  -  Total Remote Usage
		Usr 0 00:00:00, Sys 0 00:00:00  -  Total Local Usage
	12085  -  Run Bytes Sent By Job
	902  -  Run Bytes Received By Job
	12085  -  Total Bytes Sent By Job
	902  -  Total Bytes Received By Job
	Partitionable Resources :    Usage  Request Allocated
	   Cpus                 :                 1         1
	   Disk (KB)            :       28        1   2193661
	   Memory (MB)          :       42     2000      2000
...
