000 (407673.000.000) 10/23 16:07:11 Job submitted from host: <137.138.156.150:9618?addrs=137.138.156.150-9618+[2001-1458-d00-14--9a]-9618&noUDP&sock=4221_d558_7>
...
001 (407673.000.000) 10/23 16:12:27 Job executing on host: <188.185.216.30:9618?addrs=188.185.216.30-9618+[2001-1459-301-9a--100-18]-9618&noUDP&sock=1374_0737_3>
...
006 (407673.000.000) 10/23 16:12:36 Image size of job updated: 1120
	2  -  MemoryUsage of job (MB)
	1120  -  ResidentSetSize of job (KB)
...
006 (407673.000.000) 10/23 16:14:26 Image size of job updated: 147440
	2  -  MemoryUsage of job (MB)
	1120  -  ResidentSetSize of job (KB)
...
005 (407673.000.000) 10/23 16:14:26 Job terminated.
	(1) Normal termination (return value 1)
		Usr 0 00:00:01, Sys 0 00:00:00  -  Run Remote Usage
		Usr 0 00:00:00, Sys 0 00:00:00  -  Run Local Usage
		Usr 0 00:00:01, Sys 0 00:00:00  -  Total Remote Usage
		Usr 0 00:00:00, Sys 0 00:00:00  -  Total Local Usage
	10874  -  Run Bytes Sent By Job
	902  -  Run Bytes Received By Job
	10874  -  Total Bytes Sent By Job
	902  -  Total Bytes Received By Job
	Partitionable Resources :    Usage  Request Allocated
	   Cpus                 :                 1         1
	   Disk (KB)            :       26        1   2166464
	   Memory (MB)          :        2     2000      2000
...
000 (408924.000.000) 10/24 14:48:15 Job submitted from host: <137.138.156.150:9618?addrs=137.138.156.150-9618+[2001-1458-d00-14--9a]-9618&noUDP&sock=4221_d558_7>
...
001 (408924.000.000) 10/24 14:51:46 Job executing on host: <188.184.204.103:9618?addrs=188.184.204.103-9618+[2001-1458-301-7d--100-4fd]-9618&noUDP&sock=1263_e434_3>
...
006 (408924.000.000) 10/24 14:51:55 Image size of job updated: 23216
	8  -  MemoryUsage of job (MB)
	7688  -  ResidentSetSize of job (KB)
...
006 (408924.000.000) 10/24 14:52:02 Image size of job updated: 148740
	8  -  MemoryUsage of job (MB)
	7692  -  ResidentSetSize of job (KB)
...
005 (408924.000.000) 10/24 14:52:02 Job terminated.
	(1) Normal termination (return value 1)
		Usr 0 00:00:01, Sys 0 00:00:00  -  Run Remote Usage
		Usr 0 00:00:00, Sys 0 00:00:00  -  Run Local Usage
		Usr 0 00:00:01, Sys 0 00:00:00  -  Total Remote Usage
		Usr 0 00:00:00, Sys 0 00:00:00  -  Total Local Usage
	10874  -  Run Bytes Sent By Job
	902  -  Run Bytes Received By Job
	10874  -  Total Bytes Sent By Job
	902  -  Total Bytes Received By Job
	Partitionable Resources :    Usage  Request Allocated
	   Cpus                 :                 1         1
	   Disk (KB)            :       26        1   2108073
	   Memory (MB)          :        8     2000      2000
...
