000 (407605.000.000) 10/23 15:49:58 Job submitted from host: <137.138.156.150:9618?addrs=137.138.156.150-9618+[2001-1458-d00-14--9a]-9618&noUDP&sock=4221_d558_7>
...
001 (407605.000.000) 10/23 15:50:08 Job executing on host: <188.184.204.218:9618?addrs=188.184.204.218-9618+[2001-1458-301-7d--100-513]-9618&noUDP&sock=1283_9c19_3>
...
006 (407605.000.000) 10/23 15:50:16 Image size of job updated: 23960
	9  -  MemoryUsage of job (MB)
	8232  -  ResidentSetSize of job (KB)
...
006 (407605.000.000) 10/23 15:50:31 Image size of job updated: 100252
	9  -  MemoryUsage of job (MB)
	8240  -  ResidentSetSize of job (KB)
...
005 (407605.000.000) 10/23 15:50:31 Job terminated.
	(1) Normal termination (return value 1)
		Usr 0 00:00:00, Sys 0 00:00:00  -  Run Remote Usage
		Usr 0 00:00:00, Sys 0 00:00:00  -  Run Local Usage
		Usr 0 00:00:00, Sys 0 00:00:00  -  Total Remote Usage
		Usr 0 00:00:00, Sys 0 00:00:00  -  Total Local Usage
	792  -  Run Bytes Sent By Job
	902  -  Run Bytes Received By Job
	792  -  Total Bytes Sent By Job
	902  -  Total Bytes Received By Job
	Partitionable Resources :    Usage  Request Allocated
	   Cpus                 :                 1         1
	   Disk (KB)            :       17        1   2101832
	   Memory (MB)          :        9     2000      2000
...
000 (408851.000.000) 10/24 13:22:59 Job submitted from host: <137.138.156.150:9618?addrs=137.138.156.150-9618+[2001-1458-d00-14--9a]-9618&noUDP&sock=4221_d558_7>
...
001 (408851.000.000) 10/24 13:23:08 Job executing on host: <188.185.206.50:9618?addrs=188.185.206.50-9618+[2001-1459-301-65--100-2c]-9618&noUDP&sock=1291_18db_3>
...
006 (408851.000.000) 10/24 13:23:17 Image size of job updated: 94756
	37  -  MemoryUsage of job (MB)
	37056  -  ResidentSetSize of job (KB)
...
006 (408851.000.000) 10/24 13:23:34 Image size of job updated: 111084
	37  -  MemoryUsage of job (MB)
	37056  -  ResidentSetSize of job (KB)
...
005 (408851.000.000) 10/24 13:23:35 Job terminated.
	(1) Normal termination (return value 1)
		Usr 0 00:00:01, Sys 0 00:00:00  -  Run Remote Usage
		Usr 0 00:00:00, Sys 0 00:00:00  -  Run Local Usage
		Usr 0 00:00:01, Sys 0 00:00:00  -  Total Remote Usage
		Usr 0 00:00:00, Sys 0 00:00:00  -  Total Local Usage
	3455  -  Run Bytes Sent By Job
	902  -  Run Bytes Received By Job
	3455  -  Total Bytes Sent By Job
	902  -  Total Bytes Received By Job
	Partitionable Resources :    Usage  Request Allocated
	   Cpus                 :                 1         1
	   Disk (KB)            :       19        1   2145611
	   Memory (MB)          :       37     2000      2000
...
