000 (407677.000.000) 10/23 16:07:23 Job submitted from host: <137.138.156.150:9618?addrs=137.138.156.150-9618+[2001-1458-d00-14--9a]-9618&noUDP&sock=4221_d558_7>
...
001 (407677.000.000) 10/23 16:12:58 Job executing on host: <188.184.205.104:9618?addrs=188.184.205.104-9618+[2001-1458-301-7d--100-51c]-9618&noUDP&sock=1273_c026_3>
...
006 (407677.000.000) 10/23 16:13:06 Image size of job updated: 9588
	10  -  MemoryUsage of job (MB)
	9588  -  ResidentSetSize of job (KB)
...
006 (407677.000.000) 10/23 16:13:40 Image size of job updated: 147668
	10  -  MemoryUsage of job (MB)
	9588  -  ResidentSetSize of job (KB)
...
005 (407677.000.000) 10/23 16:13:41 Job terminated.
	(1) Normal termination (return value 1)
		Usr 0 00:00:01, Sys 0 00:00:00  -  Run Remote Usage
		Usr 0 00:00:00, Sys 0 00:00:00  -  Run Local Usage
		Usr 0 00:00:01, Sys 0 00:00:00  -  Total Remote Usage
		Usr 0 00:00:00, Sys 0 00:00:00  -  Total Local Usage
	15237  -  Run Bytes Sent By Job
	902  -  Run Bytes Received By Job
	15237  -  Total Bytes Sent By Job
	902  -  Total Bytes Received By Job
	Partitionable Resources :    Usage  Request Allocated
	   Cpus                 :                 1         1
	   Disk (KB)            :       31        1   2222021
	   Memory (MB)          :       10     2000      2000
...
000 (408928.000.000) 10/24 14:48:47 Job submitted from host: <137.138.156.150:9618?addrs=137.138.156.150-9618+[2001-1458-d00-14--9a]-9618&noUDP&sock=4221_d558_7>
...
001 (408928.000.000) 10/24 14:51:52 Job executing on host: <188.184.206.161:9618?addrs=188.184.206.161-9618+[2001-1458-301-7d--100-550]-9618&noUDP&sock=1273_c026_3>
...
006 (408928.000.000) 10/24 14:52:01 Image size of job updated: 21136
	7  -  MemoryUsage of job (MB)
	6452  -  ResidentSetSize of job (KB)
...
006 (408928.000.000) 10/24 14:52:25 Image size of job updated: 98104
	7  -  MemoryUsage of job (MB)
	6452  -  ResidentSetSize of job (KB)
...
005 (408928.000.000) 10/24 14:52:27 Job terminated.
	(1) Normal termination (return value 1)
		Usr 0 00:00:01, Sys 0 00:00:00  -  Run Remote Usage
		Usr 0 00:00:00, Sys 0 00:00:00  -  Run Local Usage
		Usr 0 00:00:01, Sys 0 00:00:00  -  Total Remote Usage
		Usr 0 00:00:00, Sys 0 00:00:00  -  Total Local Usage
	15237  -  Run Bytes Sent By Job
	902  -  Run Bytes Received By Job
	15237  -  Total Bytes Sent By Job
	902  -  Total Bytes Received By Job
	Partitionable Resources :    Usage  Request Allocated
	   Cpus                 :                 1         1
	   Disk (KB)            :       31        1   2205770
	   Memory (MB)          :        7     2000      2000
...
