000 (407695.000.000) 10/23 16:08:37 Job submitted from host: <137.138.156.150:9618?addrs=137.138.156.150-9618+[2001-1458-d00-14--9a]-9618&noUDP&sock=4221_d558_7>
...
001 (407695.000.000) 10/23 16:13:01 Job executing on host: <188.184.204.151:9618?addrs=188.184.204.151-9618+[--1]-9618&noUDP&sock=1216_a740_3>
...
006 (407695.000.000) 10/23 16:13:10 Image size of job updated: 5964
	5  -  MemoryUsage of job (MB)
	4108  -  ResidentSetSize of job (KB)
...
006 (407695.000.000) 10/23 16:13:36 Image size of job updated: 14000
	5  -  MemoryUsage of job (MB)
	4108  -  ResidentSetSize of job (KB)
...
005 (407695.000.000) 10/23 16:13:36 Job terminated.
	(1) Normal termination (return value 1)
		Usr 0 00:00:01, Sys 0 00:00:00  -  Run Remote Usage
		Usr 0 00:00:00, Sys 0 00:00:00  -  Run Local Usage
		Usr 0 00:00:01, Sys 0 00:00:00  -  Total Remote Usage
		Usr 0 00:00:00, Sys 0 00:00:00  -  Total Local Usage
	15237  -  Run Bytes Sent By Job
	902  -  Run Bytes Received By Job
	15237  -  Total Bytes Sent By Job
	902  -  Total Bytes Received By Job
	Partitionable Resources :    Usage  Request Allocated
	   Cpus                 :                 1         1
	   Disk (KB)            :       30        1   2194064
	   Memory (MB)          :        5     2000      2000
...
000 (408947.000.000) 10/24 14:49:39 Job submitted from host: <137.138.156.150:9618?addrs=137.138.156.150-9618+[2001-1458-d00-14--9a]-9618&noUDP&sock=4221_d558_7>
...
001 (408947.000.000) 10/24 14:51:59 Job executing on host: <188.184.205.210:9618?addrs=188.184.205.210-9618+[2001-1458-301-7d--100-528]-9618&noUDP&sock=1287_5a7a_3>
...
006 (408947.000.000) 10/24 14:52:07 Image size of job updated: 20884
	8  -  MemoryUsage of job (MB)
	7328  -  ResidentSetSize of job (KB)
...
006 (408947.000.000) 10/24 14:52:28 Image size of job updated: 149544
	8  -  MemoryUsage of job (MB)
	7332  -  ResidentSetSize of job (KB)
...
005 (408947.000.000) 10/24 14:52:28 Job terminated.
	(1) Normal termination (return value 1)
		Usr 0 00:00:01, Sys 0 00:00:00  -  Run Remote Usage
		Usr 0 00:00:00, Sys 0 00:00:00  -  Run Local Usage
		Usr 0 00:00:01, Sys 0 00:00:00  -  Total Remote Usage
		Usr 0 00:00:00, Sys 0 00:00:00  -  Total Local Usage
	15237  -  Run Bytes Sent By Job
	902  -  Run Bytes Received By Job
	15237  -  Total Bytes Sent By Job
	902  -  Total Bytes Received By Job
	Partitionable Resources :    Usage  Request Allocated
	   Cpus                 :                 1         1
	   Disk (KB)            :       31        1   2205441
	   Memory (MB)          :        8     2000      2000
...
