000 (407468.000.000) 10/23 15:41:39 Job submitted from host: <137.138.156.150:9618?addrs=137.138.156.150-9618+[2001-1458-d00-14--9a]-9618&noUDP&sock=4221_d558_7>
...
001 (407468.000.000) 10/23 15:46:09 Job executing on host: <188.184.205.90:9618?addrs=188.184.205.90-9618+[--1]-9618&noUDP&sock=1243_2c4f_3>
...
006 (407468.000.000) 10/23 15:46:18 Image size of job updated: 9844
	8  -  MemoryUsage of job (MB)
	7324  -  ResidentSetSize of job (KB)
...
006 (407468.000.000) 10/23 15:46:35 Image size of job updated: 167236
	8  -  MemoryUsage of job (MB)
	7328  -  ResidentSetSize of job (KB)
...
005 (407468.000.000) 10/23 15:46:35 Job terminated.
	(1) Normal termination (return value 1)
		Usr 0 00:00:01, Sys 0 00:00:00  -  Run Remote Usage
		Usr 0 00:00:00, Sys 0 00:00:00  -  Run Local Usage
		Usr 0 00:00:01, Sys 0 00:00:00  -  Total Remote Usage
		Usr 0 00:00:00, Sys 0 00:00:00  -  Total Local Usage
	789  -  Run Bytes Sent By Job
	902  -  Run Bytes Received By Job
	789  -  Total Bytes Sent By Job
	902  -  Total Bytes Received By Job
	Partitionable Resources :    Usage  Request Allocated
	   Cpus                 :                 1         1
	   Disk (KB)            :       16        1   2190719
	   Memory (MB)          :        8     2000      2000
...
000 (408713.000.000) 10/24 13:14:36 Job submitted from host: <137.138.156.150:9618?addrs=137.138.156.150-9618+[2001-1458-d00-14--9a]-9618&noUDP&sock=4221_d558_7>
...
001 (408713.000.000) 10/24 13:16:04 Job executing on host: <188.184.205.178:9618?addrs=188.184.205.178-9618+[2001-1458-301-7d--100-54d]-9618&noUDP&sock=1312_8058_3>
...
006 (408713.000.000) 10/24 13:16:12 Image size of job updated: 22844
	8  -  MemoryUsage of job (MB)
	7360  -  ResidentSetSize of job (KB)
...
006 (408713.000.000) 10/24 13:16:29 Image size of job updated: 142784
	8  -  MemoryUsage of job (MB)
	7368  -  ResidentSetSize of job (KB)
...
005 (408713.000.000) 10/24 13:16:30 Job terminated.
	(1) Normal termination (return value 1)
		Usr 0 00:00:01, Sys 0 00:00:00  -  Run Remote Usage
		Usr 0 00:00:00, Sys 0 00:00:00  -  Run Local Usage
		Usr 0 00:00:01, Sys 0 00:00:00  -  Total Remote Usage
		Usr 0 00:00:00, Sys 0 00:00:00  -  Total Local Usage
	3453  -  Run Bytes Sent By Job
	902  -  Run Bytes Received By Job
	3453  -  Total Bytes Sent By Job
	902  -  Total Bytes Received By Job
	Partitionable Resources :    Usage  Request Allocated
	   Cpus                 :                 1         1
	   Disk (KB)            :       19        1   2203313
	   Memory (MB)          :        8     2000      2000
...
