000 (407584.000.000) 10/23 15:48:57 Job submitted from host: <137.138.156.150:9618?addrs=137.138.156.150-9618+[2001-1458-d00-14--9a]-9618&noUDP&sock=4221_d558_7>
...
001 (407584.000.000) 10/23 15:49:04 Job executing on host: <188.184.204.103:9618?addrs=188.184.204.103-9618+[2001-1458-301-7d--100-4fd]-9618&noUDP&sock=1263_e434_3>
...
006 (407584.000.000) 10/23 15:49:13 Image size of job updated: 76840
	44  -  MemoryUsage of job (MB)
	44540  -  ResidentSetSize of job (KB)
...
006 (407584.000.000) 10/23 15:49:17 Image size of job updated: 76848
	44  -  MemoryUsage of job (MB)
	44548  -  ResidentSetSize of job (KB)
...
005 (407584.000.000) 10/23 15:49:17 Job terminated.
	(1) Normal termination (return value 1)
		Usr 0 00:00:00, Sys 0 00:00:00  -  Run Remote Usage
		Usr 0 00:00:00, Sys 0 00:00:00  -  Run Local Usage
		Usr 0 00:00:00, Sys 0 00:00:00  -  Total Remote Usage
		Usr 0 00:00:00, Sys 0 00:00:00  -  Total Local Usage
	790  -  Run Bytes Sent By Job
	902  -  Run Bytes Received By Job
	790  -  Total Bytes Sent By Job
	902  -  Total Bytes Received By Job
	Partitionable Resources :    Usage  Request Allocated
	   Cpus                 :                 1         1
	   Disk (KB)            :       17        1   2120098
	   Memory (MB)          :       44     2000      2000
...
000 (408830.000.000) 10/24 13:21:43 Job submitted from host: <137.138.156.150:9618?addrs=137.138.156.150-9618+[2001-1458-d00-14--9a]-9618&noUDP&sock=4221_d558_7>
...
001 (408830.000.000) 10/24 13:21:58 Job executing on host: <188.184.206.254:9618?addrs=188.184.206.254-9618+[2001-1458-301-7d--100-55e]-9618&noUDP&sock=1270_b15e_3>
...
006 (408830.000.000) 10/24 13:22:06 Image size of job updated: 94204
	36  -  MemoryUsage of job (MB)
	36636  -  ResidentSetSize of job (KB)
...
005 (408830.000.000) 10/24 13:22:12 Job terminated.
	(1) Normal termination (return value 1)
		Usr 0 00:00:01, Sys 0 00:00:00  -  Run Remote Usage
		Usr 0 00:00:00, Sys 0 00:00:00  -  Run Local Usage
		Usr 0 00:00:01, Sys 0 00:00:00  -  Total Remote Usage
		Usr 0 00:00:00, Sys 0 00:00:00  -  Total Local Usage
	3454  -  Run Bytes Sent By Job
	902  -  Run Bytes Received By Job
	3454  -  Total Bytes Sent By Job
	902  -  Total Bytes Received By Job
	Partitionable Resources :    Usage  Request Allocated
	   Cpus                 :                 1         1
	   Disk (KB)            :       19        1   2114737
	   Memory (MB)          :       36     2000      2000
...
