000 (407647.000.000) 10/23 15:52:13 Job submitted from host: <137.138.156.150:9618?addrs=137.138.156.150-9618+[2001-1458-d00-14--9a]-9618&noUDP&sock=4221_d558_7>
...
001 (407647.000.000) 10/23 15:55:01 Job executing on host: <188.185.213.191:9618?addrs=188.185.213.191-9618+[2001-1459-301-98--100-b9]-9618&noUDP&sock=1258_763b_3>
...
006 (407647.000.000) 10/23 15:55:09 Image size of job updated: 23524
	8  -  MemoryUsage of job (MB)
	7912  -  ResidentSetSize of job (KB)
...
006 (407647.000.000) 10/23 15:55:23 Image size of job updated: 96140
	8  -  MemoryUsage of job (MB)
	7912  -  ResidentSetSize of job (KB)
...
005 (407647.000.000) 10/23 15:55:25 Job terminated.
	(1) Normal termination (return value 1)
		Usr 0 00:00:00, Sys 0 00:00:00  -  Run Remote Usage
		Usr 0 00:00:00, Sys 0 00:00:00  -  Run Local Usage
		Usr 0 00:00:00, Sys 0 00:00:00  -  Total Remote Usage
		Usr 0 00:00:00, Sys 0 00:00:00  -  Total Local Usage
	792  -  Run Bytes Sent By Job
	902  -  Run Bytes Received By Job
	792  -  Total Bytes Sent By Job
	902  -  Total Bytes Received By Job
	Partitionable Resources :    Usage  Request Allocated
	   Cpus                 :                 1         1
	   Disk (KB)            :       17        1   2154640
	   Memory (MB)          :        8     2000      2000
...
000 (408893.000.000) 10/24 13:25:36 Job submitted from host: <137.138.156.150:9618?addrs=137.138.156.150-9618+[2001-1458-d00-14--9a]-9618&noUDP&sock=4221_d558_7>
...
001 (408893.000.000) 10/24 13:25:47 Job executing on host: <188.185.201.148:9618?addrs=188.185.201.148-9618+[2001-1459-301-60--100-8e]-9618&noUDP&sock=1239_6dee_3>
...
006 (408893.000.000) 10/24 13:25:56 Image size of job updated: 99588
	41  -  MemoryUsage of job (MB)
	41884  -  ResidentSetSize of job (KB)
...
006 (408893.000.000) 10/24 13:26:04 Image size of job updated: 144040
	41  -  MemoryUsage of job (MB)
	41960  -  ResidentSetSize of job (KB)
...
005 (408893.000.000) 10/24 13:26:04 Job terminated.
	(1) Normal termination (return value 1)
		Usr 0 00:00:01, Sys 0 00:00:00  -  Run Remote Usage
		Usr 0 00:00:00, Sys 0 00:00:00  -  Run Local Usage
		Usr 0 00:00:01, Sys 0 00:00:00  -  Total Remote Usage
		Usr 0 00:00:00, Sys 0 00:00:00  -  Total Local Usage
	7827  -  Run Bytes Sent By Job
	902  -  Run Bytes Received By Job
	7827  -  Total Bytes Sent By Job
	902  -  Total Bytes Received By Job
	Partitionable Resources :    Usage  Request Allocated
	   Cpus                 :                 1         1
	   Disk (KB)            :       24        1   2182771
	   Memory (MB)          :       41     2000      2000
...
