000 (407715.000.000) 10/23 16:09:58 Job submitted from host: <137.138.156.150:9618?addrs=137.138.156.150-9618+[2001-1458-d00-14--9a]-9618&noUDP&sock=4221_d558_7>
...
001 (407715.000.000) 10/23 16:13:38 Job executing on host: <188.184.204.151:9618?addrs=188.184.204.151-9618+[--1]-9618&noUDP&sock=1216_a740_3>
...
006 (407715.000.000) 10/23 16:13:47 Image size of job updated: 56896
	43  -  MemoryUsage of job (MB)
	43520  -  ResidentSetSize of job (KB)
...
005 (407715.000.000) 10/23 16:13:53 Job terminated.
	(1) Normal termination (return value 1)
		Usr 0 00:00:01, Sys 0 00:00:00  -  Run Remote Usage
		Usr 0 00:00:00, Sys 0 00:00:00  -  Run Local Usage
		Usr 0 00:00:01, Sys 0 00:00:00  -  Total Remote Usage
		Usr 0 00:00:00, Sys 0 00:00:00  -  Total Local Usage
	13056  -  Run Bytes Sent By Job
	902  -  Run Bytes Received By Job
	13056  -  Total Bytes Sent By Job
	902  -  Total Bytes Received By Job
	Partitionable Resources :    Usage  Request Allocated
	   Cpus                 :                 1         1
	   Disk (KB)            :       29        1   2194064
	   Memory (MB)          :       43     2000      2000
...
000 (408967.000.000) 10/24 14:51:06 Job submitted from host: <137.138.156.150:9618?addrs=137.138.156.150-9618+[2001-1458-d00-14--9a]-9618&noUDP&sock=4221_d558_7>
...
001 (408967.000.000) 10/24 14:52:07 Job executing on host: <188.184.206.145:9618?addrs=188.184.206.145-9618+[2001-1458-301-7d--100-553]-9618&noUDP&sock=1277_7e87_3>
...
006 (408967.000.000) 10/24 14:52:15 Image size of job updated: 1376
	2  -  MemoryUsage of job (MB)
	1348  -  ResidentSetSize of job (KB)
...
006 (408967.000.000) 10/24 14:52:41 Image size of job updated: 148784
	2  -  MemoryUsage of job (MB)
	1348  -  ResidentSetSize of job (KB)
...
005 (408967.000.000) 10/24 14:52:42 Job terminated.
	(1) Normal termination (return value 1)
		Usr 0 00:00:01, Sys 0 00:00:00  -  Run Remote Usage
		Usr 0 00:00:00, Sys 0 00:00:00  -  Run Local Usage
		Usr 0 00:00:01, Sys 0 00:00:00  -  Total Remote Usage
		Usr 0 00:00:00, Sys 0 00:00:00  -  Total Local Usage
	13056  -  Run Bytes Sent By Job
	902  -  Run Bytes Received By Job
	13056  -  Total Bytes Sent By Job
	902  -  Total Bytes Received By Job
	Partitionable Resources :    Usage  Request Allocated
	   Cpus                 :                 1         1
	   Disk (KB)            :       29        1   2149184
	   Memory (MB)          :        2     2000      2000
...
