000 (407314.000.000) 10/23 15:22:05 Job submitted from host: <137.138.156.150:9618?addrs=137.138.156.150-9618+[2001-1458-d00-14--9a]-9618&noUDP&sock=4221_d558_7>
...
001 (407314.000.000) 10/23 15:22:47 Job executing on host: <188.184.205.128:9618?addrs=188.184.205.128-9618+[2001-1458-301-7d--100-51f]-9618&noUDP&sock=1278_2e20_3>
...
006 (407314.000.000) 10/23 15:22:56 Image size of job updated: 95636
	43  -  MemoryUsage of job (MB)
	43540  -  ResidentSetSize of job (KB)
...
005 (407314.000.000) 10/23 15:23:00 Job terminated.
	(1) Normal termination (return value 1)
		Usr 0 00:00:00, Sys 0 00:00:00  -  Run Remote Usage
		Usr 0 00:00:00, Sys 0 00:00:00  -  Run Local Usage
		Usr 0 00:00:00, Sys 0 00:00:00  -  Total Remote Usage
		Usr 0 00:00:00, Sys 0 00:00:00  -  Total Local Usage
	793  -  Run Bytes Sent By Job
	902  -  Run Bytes Received By Job
	793  -  Total Bytes Sent By Job
	902  -  Total Bytes Received By Job
	Partitionable Resources :    Usage  Request Allocated
	   Cpus                 :                 1         1
	   Disk (KB)            :       17        1   2223753
	   Memory (MB)          :       43     2000      2000
...
000 (407831.000.000) 10/23 16:33:54 Job submitted from host: <137.138.156.150:9618?addrs=137.138.156.150-9618+[2001-1458-d00-14--9a]-9618&noUDP&sock=4221_d558_7>
...
001 (407831.000.000) 10/23 16:36:55 Job executing on host: <188.185.208.159:9618?addrs=188.185.208.159-9618+[--1]-9618&noUDP&sock=1265_4364_3>
...
006 (407831.000.000) 10/23 16:37:03 Image size of job updated: 69856
	29  -  MemoryUsage of job (MB)
	28860  -  ResidentSetSize of job (KB)
...
006 (407831.000.000) 10/23 16:37:34 Image size of job updated: 163076
	29  -  MemoryUsage of job (MB)
	28860  -  ResidentSetSize of job (KB)
...
005 (407831.000.000) 10/23 16:37:36 Job terminated.
	(1) Normal termination (return value 1)
		Usr 0 00:00:01, Sys 0 00:00:00  -  Run Remote Usage
		Usr 0 00:00:00, Sys 0 00:00:00  -  Run Local Usage
		Usr 0 00:00:01, Sys 0 00:00:00  -  Total Remote Usage
		Usr 0 00:00:00, Sys 0 00:00:00  -  Total Local Usage
	12085  -  Run Bytes Sent By Job
	902  -  Run Bytes Received By Job
	12085  -  Total Bytes Sent By Job
	902  -  Total Bytes Received By Job
	Partitionable Resources :    Usage  Request Allocated
	   Cpus                 :                 1         1
	   Disk (KB)            :       28        1   2173417
	   Memory (MB)          :       29     2000      2000
...
