000 (407678.000.000) 10/23 16:07:45 Job submitted from host: <137.138.156.150:9618?addrs=137.138.156.150-9618+[2001-1458-d00-14--9a]-9618&noUDP&sock=4221_d558_7>
...
001 (407678.000.000) 10/23 16:12:57 Job executing on host: <188.184.206.224:9618?addrs=188.184.206.224-9618+[2001-1458-301-7d--100-563]-9618&noUDP&sock=1280_8d50_3>
...
006 (407678.000.000) 10/23 16:13:05 Image size of job updated: 21140
	7  -  MemoryUsage of job (MB)
	6456  -  ResidentSetSize of job (KB)
...
006 (407678.000.000) 10/23 16:13:26 Image size of job updated: 94144
	7  -  MemoryUsage of job (MB)
	6456  -  ResidentSetSize of job (KB)
...
005 (407678.000.000) 10/23 16:13:26 Job terminated.
	(1) Normal termination (return value 1)
		Usr 0 00:00:01, Sys 0 00:00:00  -  Run Remote Usage
		Usr 0 00:00:00, Sys 0 00:00:00  -  Run Local Usage
		Usr 0 00:00:01, Sys 0 00:00:00  -  Total Remote Usage
		Usr 0 00:00:00, Sys 0 00:00:00  -  Total Local Usage
	19597  -  Run Bytes Sent By Job
	902  -  Run Bytes Received By Job
	19597  -  Total Bytes Sent By Job
	902  -  Total Bytes Received By Job
	Partitionable Resources :    Usage  Request Allocated
	   Cpus                 :                 1         1
	   Disk (KB)            :       35        1   2217859
	   Memory (MB)          :        7     2000      2000
...
000 (408929.000.000) 10/24 14:48:50 Job submitted from host: <137.138.156.150:9618?addrs=137.138.156.150-9618+[2001-1458-d00-14--9a]-9618&noUDP&sock=4221_d558_7>
...
001 (408929.000.000) 10/24 14:51:48 Job executing on host: <188.184.206.125:9618?addrs=188.184.206.125-9618+[2001-1458-301-7d--100-55f]-9618&noUDP&sock=1280_8d50_3>
...
006 (408929.000.000) 10/24 14:51:56 Image size of job updated: 22848
	8  -  MemoryUsage of job (MB)
	7364  -  ResidentSetSize of job (KB)
...
006 (408929.000.000) 10/24 14:52:08 Image size of job updated: 471720
	8  -  MemoryUsage of job (MB)
	7364  -  ResidentSetSize of job (KB)
...
005 (408929.000.000) 10/24 14:52:08 Job terminated.
	(1) Normal termination (return value 1)
		Usr 0 00:00:01, Sys 0 00:00:00  -  Run Remote Usage
		Usr 0 00:00:00, Sys 0 00:00:00  -  Run Local Usage
		Usr 0 00:00:01, Sys 0 00:00:00  -  Total Remote Usage
		Usr 0 00:00:00, Sys 0 00:00:00  -  Total Local Usage
	19597  -  Run Bytes Sent By Job
	902  -  Run Bytes Received By Job
	19597  -  Total Bytes Sent By Job
	902  -  Total Bytes Received By Job
	Partitionable Resources :    Usage  Request Allocated
	   Cpus                 :                 1         1
	   Disk (KB)            :       35        1   2205857
	   Memory (MB)          :        8     2000      2000
...
