000 (407598.000.000) 10/23 15:49:40 Job submitted from host: <137.138.156.150:9618?addrs=137.138.156.150-9618+[2001-1458-d00-14--9a]-9618&noUDP&sock=4221_d558_7>
...
001 (407598.000.000) 10/23 15:50:06 Job executing on host: <188.184.205.219:9618?addrs=188.184.205.219-9618+[2001-1458-301-7d--100-53a]-9618&noUDP&sock=1282_ec81_3>
...
006 (407598.000.000) 10/23 15:50:14 Image size of job updated: 80532
	31  -  MemoryUsage of job (MB)
	31300  -  ResidentSetSize of job (KB)
...
006 (407598.000.000) 10/23 15:50:18 Image size of job updated: 80532
	31  -  MemoryUsage of job (MB)
	31304  -  ResidentSetSize of job (KB)
...
005 (407598.000.000) 10/23 15:50:18 Job terminated.
	(1) Normal termination (return value 1)
		Usr 0 00:00:01, Sys 0 00:00:00  -  Run Remote Usage
		Usr 0 00:00:00, Sys 0 00:00:00  -  Run Local Usage
		Usr 0 00:00:01, Sys 0 00:00:00  -  Total Remote Usage
		Usr 0 00:00:00, Sys 0 00:00:00  -  Total Local Usage
	792  -  Run Bytes Sent By Job
	902  -  Run Bytes Received By Job
	792  -  Total Bytes Sent By Job
	902  -  Total Bytes Received By Job
	Partitionable Resources :    Usage  Request Allocated
	   Cpus                 :                 1         1
	   Disk (KB)            :       17        1   2150828
	   Memory (MB)          :       31     2000      2000
...
000 (408844.000.000) 10/24 13:22:32 Job submitted from host: <137.138.156.150:9618?addrs=137.138.156.150-9618+[2001-1458-d00-14--9a]-9618&noUDP&sock=4221_d558_7>
...
001 (408844.000.000) 10/24 13:22:41 Job executing on host: <188.185.201.148:9618?addrs=188.185.201.148-9618+[2001-1459-301-60--100-8e]-9618&noUDP&sock=1239_6dee_3>
...
006 (408844.000.000) 10/24 13:22:49 Image size of job updated: 99680
	41  -  MemoryUsage of job (MB)
	41976  -  ResidentSetSize of job (KB)
...
006 (408844.000.000) 10/24 13:22:58 Image size of job updated: 147020
	41  -  MemoryUsage of job (MB)
	41980  -  ResidentSetSize of job (KB)
...
005 (408844.000.000) 10/24 13:22:58 Job terminated.
	(1) Normal termination (return value 1)
		Usr 0 00:00:01, Sys 0 00:00:00  -  Run Remote Usage
		Usr 0 00:00:00, Sys 0 00:00:00  -  Run Local Usage
		Usr 0 00:00:01, Sys 0 00:00:00  -  Total Remote Usage
		Usr 0 00:00:00, Sys 0 00:00:00  -  Total Local Usage
	5646  -  Run Bytes Sent By Job
	902  -  Run Bytes Received By Job
	5646  -  Total Bytes Sent By Job
	902  -  Total Bytes Received By Job
	Partitionable Resources :    Usage  Request Allocated
	   Cpus                 :                 1         1
	   Disk (KB)            :       21        1   2182771
	   Memory (MB)          :       41     2000      2000
...
