000 (407322.000.000) 10/23 15:22:35 Job submitted from host: <137.138.156.150:9618?addrs=137.138.156.150-9618+[2001-1458-d00-14--9a]-9618&noUDP&sock=4221_d558_7>
...
001 (407322.000.000) 10/23 15:22:51 Job executing on host: <188.185.213.191:9618?addrs=188.185.213.191-9618+[2001-1459-301-98--100-b9]-9618&noUDP&sock=1258_763b_3>
...
006 (407322.000.000) 10/23 15:22:59 Image size of job updated: 69380
	43  -  MemoryUsage of job (MB)
	43540  -  ResidentSetSize of job (KB)
...
005 (407322.000.000) 10/23 15:23:03 Job terminated.
	(1) Normal termination (return value 1)
		Usr 0 00:00:00, Sys 0 00:00:00  -  Run Remote Usage
		Usr 0 00:00:00, Sys 0 00:00:00  -  Run Local Usage
		Usr 0 00:00:00, Sys 0 00:00:00  -  Total Remote Usage
		Usr 0 00:00:00, Sys 0 00:00:00  -  Total Local Usage
	787  -  Run Bytes Sent By Job
	902  -  Run Bytes Received By Job
	787  -  Total Bytes Sent By Job
	902  -  Total Bytes Received By Job
	Partitionable Resources :    Usage  Request Allocated
	   Cpus                 :                 1         1
	   Disk (KB)            :       17        1   2154648
	   Memory (MB)          :       43     2000      2000
...
000 (407839.000.000) 10/23 16:34:25 Job submitted from host: <137.138.156.150:9618?addrs=137.138.156.150-9618+[2001-1458-d00-14--9a]-9618&noUDP&sock=4221_d558_7>
...
001 (407839.000.000) 10/23 16:37:05 Job executing on host: <188.184.204.197:9618?addrs=188.184.204.197-9618+[2001-1458-301-7d--100-523]-9618&noUDP&sock=1279_ddb8_3>
...
006 (407839.000.000) 10/23 16:37:14 Image size of job updated: 57044
	43  -  MemoryUsage of job (MB)
	43536  -  ResidentSetSize of job (KB)
...
006 (407839.000.000) 10/23 16:37:28 Image size of job updated: 415432
	43  -  MemoryUsage of job (MB)
	43536  -  ResidentSetSize of job (KB)
...
005 (407839.000.000) 10/23 16:37:29 Job terminated.
	(1) Normal termination (return value 139)
		Usr 0 00:00:02, Sys 0 00:00:00  -  Run Remote Usage
		Usr 0 00:00:00, Sys 0 00:00:00  -  Run Local Usage
		Usr 0 00:00:02, Sys 0 00:00:00  -  Total Remote Usage
		Usr 0 00:00:00, Sys 0 00:00:00  -  Total Local Usage
	3997  -  Run Bytes Sent By Job
	902  -  Run Bytes Received By Job
	3997  -  Total Bytes Sent By Job
	902  -  Total Bytes Received By Job
	Partitionable Resources :    Usage  Request Allocated
	   Cpus                 :                 1         1
	   Disk (KB)            :       20        1   2108380
	   Memory (MB)          :       43     2000      2000
...
000 (408660.000.000) 10/24 11:39:50 Job submitted from host: <137.138.156.150:9618?addrs=137.138.156.150-9618+[2001-1458-d00-14--9a]-9618&noUDP&sock=4221_d558_7>
...
001 (408660.000.000) 10/24 12:18:11 Job executing on host: <188.184.205.147:9618?addrs=188.184.205.147-9618+[2001-1458-301-7d--100-527]-9618&noUDP&sock=1291_18db_3>
...
006 (408660.000.000) 10/24 12:18:20 Image size of job updated: 23176
	8  -  MemoryUsage of job (MB)
	7660  -  ResidentSetSize of job (KB)
...
006 (408660.000.000) 10/24 12:18:36 Image size of job updated: 154732
	8  -  MemoryUsage of job (MB)
	7660  -  ResidentSetSize of job (KB)
...
005 (408660.000.000) 10/24 12:18:36 Job terminated.
	(1) Normal termination (return value 1)
		Usr 0 00:00:01, Sys 0 00:00:00  -  Run Remote Usage
		Usr 0 00:00:00, Sys 0 00:00:00  -  Run Local Usage
		Usr 0 00:00:01, Sys 0 00:00:00  -  Total Remote Usage
		Usr 0 00:00:00, Sys 0 00:00:00  -  Total Local Usage
	12082  -  Run Bytes Sent By Job
	902  -  Run Bytes Received By Job
	12082  -  Total Bytes Sent By Job
	902  -  Total Bytes Received By Job
	Partitionable Resources :    Usage  Request Allocated
	   Cpus                 :                 1         1
	   Disk (KB)            :       28        1   2198282
	   Memory (MB)          :        8     2000      2000
...
