000 (407702.000.000) 10/23 16:08:58 Job submitted from host: <137.138.156.150:9618?addrs=137.138.156.150-9618+[2001-1458-d00-14--9a]-9618&noUDP&sock=4221_d558_7>
...
001 (407702.000.000) 10/23 16:13:26 Job executing on host: <188.184.204.103:9618?addrs=188.184.204.103-9618+[2001-1458-301-7d--100-4fd]-9618&noUDP&sock=1263_e434_3>
...
006 (407702.000.000) 10/23 16:13:34 Image size of job updated: 60520
	43  -  MemoryUsage of job (MB)
	43528  -  ResidentSetSize of job (KB)
...
006 (407702.000.000) 10/23 16:13:48 Image size of job updated: 488820
	43  -  MemoryUsage of job (MB)
	43528  -  ResidentSetSize of job (KB)
...
005 (407702.000.000) 10/23 16:13:48 Job terminated.
	(1) Normal termination (return value 139)
		Usr 0 00:00:02, Sys 0 00:00:00  -  Run Remote Usage
		Usr 0 00:00:00, Sys 0 00:00:00  -  Run Local Usage
		Usr 0 00:00:02, Sys 0 00:00:00  -  Total Remote Usage
		Usr 0 00:00:00, Sys 0 00:00:00  -  Total Local Usage
	6110  -  Run Bytes Sent By Job
	902  -  Run Bytes Received By Job
	6110  -  Total Bytes Sent By Job
	902  -  Total Bytes Received By Job
	Partitionable Resources :    Usage  Request Allocated
	   Cpus                 :                 1         1
	   Disk (KB)            :       22        1   2119255
	   Memory (MB)          :       43     2000      2000
...
000 (408954.000.000) 10/24 14:50:22 Job submitted from host: <137.138.156.150:9618?addrs=137.138.156.150-9618+[2001-1458-d00-14--9a]-9618&noUDP&sock=4221_d558_7>
...
001 (408954.000.000) 10/24 14:52:02 Job executing on host: <188.184.206.148:9618?addrs=188.184.206.148-9618+[2001-1458-301-7d--100-556]-9618&noUDP&sock=1283_9c19_3>
...
006 (408954.000.000) 10/24 14:52:10 Image size of job updated: 21676
	8  -  MemoryUsage of job (MB)
	7436  -  ResidentSetSize of job (KB)
...
006 (408954.000.000) 10/24 14:52:25 Image size of job updated: 141916
	8  -  MemoryUsage of job (MB)
	7436  -  ResidentSetSize of job (KB)
...
005 (408954.000.000) 10/24 14:52:25 Job terminated.
	(1) Normal termination (return value 1)
		Usr 0 00:00:01, Sys 0 00:00:00  -  Run Remote Usage
		Usr 0 00:00:00, Sys 0 00:00:00  -  Run Local Usage
		Usr 0 00:00:01, Sys 0 00:00:00  -  Total Remote Usage
		Usr 0 00:00:00, Sys 0 00:00:00  -  Total Local Usage
	13056  -  Run Bytes Sent By Job
	902  -  Run Bytes Received By Job
	13056  -  Total Bytes Sent By Job
	902  -  Total Bytes Received By Job
	Partitionable Resources :    Usage  Request Allocated
	   Cpus                 :                 1         1
	   Disk (KB)            :       29        1   2181006
	   Memory (MB)          :        8     2000      2000
...
