000 (407667.000.000) 10/23 16:06:55 Job submitted from host: <137.138.156.150:9618?addrs=137.138.156.150-9618+[2001-1458-d00-14--9a]-9618&noUDP&sock=4221_d558_7>
...
001 (407667.000.000) 10/23 16:10:39 Job executing on host: <188.184.205.210:9618?addrs=188.184.205.210-9618+[2001-1458-301-7d--100-528]-9618&noUDP&sock=1287_5a7a_3>
...
006 (407667.000.000) 10/23 16:10:48 Image size of job updated: 97404
	39  -  MemoryUsage of job (MB)
	39704  -  ResidentSetSize of job (KB)
...
006 (407667.000.000) 10/23 16:10:58 Image size of job updated: 141888
	39  -  MemoryUsage of job (MB)
	39720  -  ResidentSetSize of job (KB)
...
005 (407667.000.000) 10/23 16:10:58 Job terminated.
	(1) Normal termination (return value 1)
		Usr 0 00:00:01, Sys 0 00:00:00  -  Run Remote Usage
		Usr 0 00:00:00, Sys 0 00:00:00  -  Run Local Usage
		Usr 0 00:00:01, Sys 0 00:00:00  -  Total Remote Usage
		Usr 0 00:00:00, Sys 0 00:00:00  -  Total Local Usage
	13053  -  Run Bytes Sent By Job
	902  -  Run Bytes Received By Job
	13053  -  Total Bytes Sent By Job
	902  -  Total Bytes Received By Job
	Partitionable Resources :    Usage  Request Allocated
	   Cpus                 :                 1         1
	   Disk (KB)            :       29        1   2215557
	   Memory (MB)          :       39     2000      2000
...
000 (408918.000.000) 10/24 14:47:57 Job submitted from host: <137.138.156.150:9618?addrs=137.138.156.150-9618+[2001-1458-d00-14--9a]-9618&noUDP&sock=4221_d558_7>
...
001 (408918.000.000) 10/24 14:51:50 Job executing on host: <188.185.211.123:9618?addrs=188.185.211.123-9618+[2001-1459-301-96--100-75]-9618&noUDP&sock=1261_8503_3>
...
006 (408918.000.000) 10/24 14:51:59 Image size of job updated: 12152
	4  -  MemoryUsage of job (MB)
	3600  -  ResidentSetSize of job (KB)
...
006 (408918.000.000) 10/24 14:52:51 Image size of job updated: 148372
	4  -  MemoryUsage of job (MB)
	3616  -  ResidentSetSize of job (KB)
...
005 (408918.000.000) 10/24 14:52:51 Job terminated.
	(1) Normal termination (return value 1)
		Usr 0 00:00:01, Sys 0 00:00:00  -  Run Remote Usage
		Usr 0 00:00:00, Sys 0 00:00:00  -  Run Local Usage
		Usr 0 00:00:01, Sys 0 00:00:00  -  Total Remote Usage
		Usr 0 00:00:00, Sys 0 00:00:00  -  Total Local Usage
	13053  -  Run Bytes Sent By Job
	902  -  Run Bytes Received By Job
	13053  -  Total Bytes Sent By Job
	902  -  Total Bytes Received By Job
	Partitionable Resources :    Usage  Request Allocated
	   Cpus                 :                 1         1
	   Disk (KB)            :       29        1   2168234
	   Memory (MB)          :        4     2000      2000
...
