000 (407065.000.000) 10/23 14:53:53 Job submitted from host: <137.138.156.150:9618?addrs=137.138.156.150-9618+[2001-1458-d00-14--9a]-9618&noUDP&sock=4221_d558_7>
...
001 (407065.000.000) 10/23 14:55:50 Job executing on host: <188.184.205.67:9618?addrs=188.184.205.67-9618+[2001-1458-301-7d--100-515]-9618&noUDP&sock=1274_6fbf_3>
...
006 (407065.000.000) 10/23 14:55:58 Image size of job updated: 6856
	5  -  MemoryUsage of job (MB)
	4100  -  ResidentSetSize of job (KB)
...
006 (407065.000.000) 10/23 14:56:24 Image size of job updated: 34628
	5  -  MemoryUsage of job (MB)
	4100  -  ResidentSetSize of job (KB)
...
005 (407065.000.000) 10/23 14:56:25 Job terminated.
	(1) Normal termination (return value 1)
		Usr 0 00:00:01, Sys 0 00:00:00  -  Run Remote Usage
		Usr 0 00:00:00, Sys 0 00:00:00  -  Run Local Usage
		Usr 0 00:00:01, Sys 0 00:00:00  -  Total Remote Usage
		Usr 0 00:00:00, Sys 0 00:00:00  -  Total Local Usage
	12092  -  Run Bytes Sent By Job
	902  -  Run Bytes Received By Job
	12092  -  Total Bytes Sent By Job
	902  -  Total Bytes Received By Job
	Partitionable Resources :    Usage  Request Allocated
	   Cpus                 :                 1         1
	   Disk (KB)            :       28        1   2131138
	   Memory (MB)          :        5     2000      2000
...
