000 (407582.000.000) 10/23 15:48:52 Job submitted from host: <137.138.156.150:9618?addrs=137.138.156.150-9618+[2001-1458-d00-14--9a]-9618&noUDP&sock=4221_d558_7>
...
001 (407582.000.000) 10/23 15:48:57 Job executing on host: <188.184.204.206:9618?addrs=188.184.204.206-9618+[2001-1458-301-7d--100-50c]-9618&noUDP&sock=1269_01c5_3>
...
006 (407582.000.000) 10/23 15:49:05 Image size of job updated: 99592
	41  -  MemoryUsage of job (MB)
	41892  -  ResidentSetSize of job (KB)
...
006 (407582.000.000) 10/23 15:49:09 Image size of job updated: 141308
	41  -  MemoryUsage of job (MB)
	41960  -  ResidentSetSize of job (KB)
...
005 (407582.000.000) 10/23 15:49:09 Job terminated.
	(1) Normal termination (return value 1)
		Usr 0 00:00:00, Sys 0 00:00:00  -  Run Remote Usage
		Usr 0 00:00:00, Sys 0 00:00:00  -  Run Local Usage
		Usr 0 00:00:00, Sys 0 00:00:00  -  Total Remote Usage
		Usr 0 00:00:00, Sys 0 00:00:00  -  Total Local Usage
	792  -  Run Bytes Sent By Job
	902  -  Run Bytes Received By Job
	792  -  Total Bytes Sent By Job
	902  -  Total Bytes Received By Job
	Partitionable Resources :    Usage  Request Allocated
	   Cpus                 :                 1         1
	   Disk (KB)            :       17        1   2123705
	   Memory (MB)          :       41     2000      2000
...
000 (408828.000.000) 10/24 13:21:37 Job submitted from host: <137.138.156.150:9618?addrs=137.138.156.150-9618+[2001-1458-d00-14--9a]-9618&noUDP&sock=4221_d558_7>
...
001 (408828.000.000) 10/24 13:21:54 Job executing on host: <188.184.204.151:9618?addrs=188.184.204.151-9618+[--1]-9618&noUDP&sock=1216_a740_3>
...
006 (408828.000.000) 10/24 13:22:03 Image size of job updated: 25300
	10  -  MemoryUsage of job (MB)
	9464  -  ResidentSetSize of job (KB)
...
006 (408828.000.000) 10/24 13:22:13 Image size of job updated: 76792
	10  -  MemoryUsage of job (MB)
	9468  -  ResidentSetSize of job (KB)
...
005 (408828.000.000) 10/24 13:22:13 Job terminated.
	(1) Normal termination (return value 1)
		Usr 0 00:00:00, Sys 0 00:00:00  -  Run Remote Usage
		Usr 0 00:00:00, Sys 0 00:00:00  -  Run Local Usage
		Usr 0 00:00:00, Sys 0 00:00:00  -  Total Remote Usage
		Usr 0 00:00:00, Sys 0 00:00:00  -  Total Local Usage
	3465  -  Run Bytes Sent By Job
	902  -  Run Bytes Received By Job
	3465  -  Total Bytes Sent By Job
	902  -  Total Bytes Received By Job
	Partitionable Resources :    Usage  Request Allocated
	   Cpus                 :                 1         1
	   Disk (KB)            :       19        1   2181666
	   Memory (MB)          :       10     2000      2000
...
