000 (407482.000.000) 10/23 15:42:19 Job submitted from host: <137.138.156.150:9618?addrs=137.138.156.150-9618+[2001-1458-d00-14--9a]-9618&noUDP&sock=4221_d558_7>
...
001 (407482.000.000) 10/23 15:46:23 Job executing on host: <188.184.205.128:9618?addrs=188.184.205.128-9618+[2001-1458-301-7d--100-51f]-9618&noUDP&sock=1278_2e20_3>
...
006 (407482.000.000) 10/23 15:46:32 Image size of job updated: 93476
	45  -  MemoryUsage of job (MB)
	45728  -  ResidentSetSize of job (KB)
...
006 (407482.000.000) 10/23 15:46:34 Image size of job updated: 126352
	45  -  MemoryUsage of job (MB)
	45728  -  ResidentSetSize of job (KB)
...
005 (407482.000.000) 10/23 15:46:35 Job terminated.
	(1) Normal termination (return value 1)
		Usr 0 00:00:01, Sys 0 00:00:00  -  Run Remote Usage
		Usr 0 00:00:00, Sys 0 00:00:00  -  Run Local Usage
		Usr 0 00:00:01, Sys 0 00:00:00  -  Total Remote Usage
		Usr 0 00:00:00, Sys 0 00:00:00  -  Total Local Usage
	789  -  Run Bytes Sent By Job
	902  -  Run Bytes Received By Job
	789  -  Total Bytes Sent By Job
	902  -  Total Bytes Received By Job
	Partitionable Resources :    Usage  Request Allocated
	   Cpus                 :                 1         1
	   Disk (KB)            :       17        1   2223755
	   Memory (MB)          :       45     2000      2000
...
000 (408727.000.000) 10/24 13:15:30 Job submitted from host: <137.138.156.150:9618?addrs=137.138.156.150-9618+[2001-1458-d00-14--9a]-9618&noUDP&sock=4221_d558_7>
...
001 (408727.000.000) 10/24 13:16:08 Job executing on host: <188.184.206.77:9618?addrs=188.184.206.77-9618+[2001-1458-301-7d--100-53f]-9618&noUDP&sock=1262_349c_3>
...
006 (408727.000.000) 10/24 13:16:16 Image size of job updated: 22880
	8  -  MemoryUsage of job (MB)
	7396  -  ResidentSetSize of job (KB)
...
006 (408727.000.000) 10/24 13:16:25 Image size of job updated: 93552
	8  -  MemoryUsage of job (MB)
	7404  -  ResidentSetSize of job (KB)
...
005 (408727.000.000) 10/24 13:16:26 Job terminated.
	(1) Normal termination (return value 1)
		Usr 0 00:00:00, Sys 0 00:00:00  -  Run Remote Usage
		Usr 0 00:00:00, Sys 0 00:00:00  -  Run Local Usage
		Usr 0 00:00:00, Sys 0 00:00:00  -  Total Remote Usage
		Usr 0 00:00:00, Sys 0 00:00:00  -  Total Local Usage
	7825  -  Run Bytes Sent By Job
	902  -  Run Bytes Received By Job
	7825  -  Total Bytes Sent By Job
	902  -  Total Bytes Received By Job
	Partitionable Resources :    Usage  Request Allocated
	   Cpus                 :                 1         1
	   Disk (KB)            :       23        1   2118435
	   Memory (MB)          :        8     2000      2000
...
