000 (407267.000.000) 10/23 15:18:40 Job submitted from host: <137.138.156.150:9618?addrs=137.138.156.150-9618+[2001-1458-d00-14--9a]-9618&noUDP&sock=4221_d558_7>
...
001 (407267.000.000) 10/23 15:22:12 Job executing on host: <188.184.206.122:9618?addrs=188.184.206.122-9618+[2001-1458-301-7d--100-549]-9618&noUDP&sock=1251_a911_3>
...
006 (407267.000.000) 10/23 15:22:21 Image size of job updated: 13100
	10  -  MemoryUsage of job (MB)
	9436  -  ResidentSetSize of job (KB)
...
006 (407267.000.000) 10/23 15:22:33 Image size of job updated: 64816
	10  -  MemoryUsage of job (MB)
	9480  -  ResidentSetSize of job (KB)
...
005 (407267.000.000) 10/23 15:22:33 Job terminated.
	(1) Normal termination (return value 1)
		Usr 0 00:00:01, Sys 0 00:00:00  -  Run Remote Usage
		Usr 0 00:00:00, Sys 0 00:00:00  -  Run Local Usage
		Usr 0 00:00:01, Sys 0 00:00:00  -  Total Remote Usage
		Usr 0 00:00:00, Sys 0 00:00:00  -  Total Local Usage
	791  -  Run Bytes Sent By Job
	902  -  Run Bytes Received By Job
	791  -  Total Bytes Sent By Job
	902  -  Total Bytes Received By Job
	Partitionable Resources :    Usage  Request Allocated
	   Cpus                 :                 1         1
	   Disk (KB)            :       17        1   2213270
	   Memory (MB)          :       10     2000      2000
...
000 (407776.000.000) 10/23 16:31:02 Job submitted from host: <137.138.156.150:9618?addrs=137.138.156.150-9618+[2001-1458-d00-14--9a]-9618&noUDP&sock=4221_d558_7>
...
001 (407776.000.000) 10/23 16:34:52 Job executing on host: <188.184.204.223:9618?addrs=188.184.204.223-9618+[2001-1458-301-7d--100-50f]-9618&noUDP&sock=1286_aae2_3>
...
006 (407776.000.000) 10/23 16:35:00 Image size of job updated: 100404
	42  -  MemoryUsage of job (MB)
	42700  -  ResidentSetSize of job (KB)
...
006 (407776.000.000) 10/23 16:35:07 Image size of job updated: 158724
	42  -  MemoryUsage of job (MB)
	42704  -  ResidentSetSize of job (KB)
...
005 (407776.000.000) 10/23 16:35:07 Job terminated.
	(1) Normal termination (return value 1)
		Usr 0 00:00:01, Sys 0 00:00:00  -  Run Remote Usage
		Usr 0 00:00:00, Sys 0 00:00:00  -  Run Local Usage
		Usr 0 00:00:01, Sys 0 00:00:00  -  Total Remote Usage
		Usr 0 00:00:00, Sys 0 00:00:00  -  Total Local Usage
	12084  -  Run Bytes Sent By Job
	902  -  Run Bytes Received By Job
	12084  -  Total Bytes Sent By Job
	902  -  Total Bytes Received By Job
	Partitionable Resources :    Usage  Request Allocated
	   Cpus                 :                 1         1
	   Disk (KB)            :       28        1   2114356
	   Memory (MB)          :       42     2000      2000
...
