000 (407342.000.000) 10/23 15:24:08 Job submitted from host: <137.138.156.150:9618?addrs=137.138.156.150-9618+[2001-1458-d00-14--9a]-9618&noUDP&sock=4221_d558_7>
...
001 (407342.000.000) 10/23 15:24:22 Job executing on host: <188.184.206.77:9618?addrs=188.184.206.77-9618+[2001-1458-301-7d--100-53f]-9618&noUDP&sock=1262_349c_3>
...
006 (407342.000.000) 10/23 15:24:31 Image size of job updated: 98644
	40  -  MemoryUsage of job (MB)
	40940  -  ResidentSetSize of job (KB)
...
006 (407342.000.000) 10/23 15:24:38 Image size of job updated: 98644
	41  -  MemoryUsage of job (MB)
	40972  -  ResidentSetSize of job (KB)
...
005 (407342.000.000) 10/23 15:24:38 Job terminated.
	(1) Normal termination (return value 1)
		Usr 0 00:00:01, Sys 0 00:00:00  -  Run Remote Usage
		Usr 0 00:00:00, Sys 0 00:00:00  -  Run Local Usage
		Usr 0 00:00:01, Sys 0 00:00:00  -  Total Remote Usage
		Usr 0 00:00:00, Sys 0 00:00:00  -  Total Local Usage
	791  -  Run Bytes Sent By Job
	902  -  Run Bytes Received By Job
	791  -  Total Bytes Sent By Job
	902  -  Total Bytes Received By Job
	Partitionable Resources :    Usage  Request Allocated
	   Cpus                 :                 1         1
	   Disk (KB)            :       17        1   2127014
	   Memory (MB)          :       41     2000      2000
...
000 (407864.000.000) 10/23 16:35:37 Job submitted from host: <137.138.156.150:9618?addrs=137.138.156.150-9618+[2001-1458-d00-14--9a]-9618&noUDP&sock=4221_d558_7>
...
001 (407864.000.000) 10/23 16:37:57 Job executing on host: <188.184.204.223:9618?addrs=188.184.204.223-9618+[2001-1458-301-7d--100-50f]-9618&noUDP&sock=1286_aae2_3>
...
006 (407864.000.000) 10/23 16:38:05 Image size of job updated: 99164
	43  -  MemoryUsage of job (MB)
	43524  -  ResidentSetSize of job (KB)
...
006 (407864.000.000) 10/23 16:38:13 Image size of job updated: 472504
	43  -  MemoryUsage of job (MB)
	43524  -  ResidentSetSize of job (KB)
...
005 (407864.000.000) 10/23 16:38:13 Job terminated.
	(1) Normal termination (return value 1)
		Usr 0 00:00:01, Sys 0 00:00:00  -  Run Remote Usage
		Usr 0 00:00:00, Sys 0 00:00:00  -  Run Local Usage
		Usr 0 00:00:01, Sys 0 00:00:00  -  Total Remote Usage
		Usr 0 00:00:00, Sys 0 00:00:00  -  Total Local Usage
	12084  -  Run Bytes Sent By Job
	902  -  Run Bytes Received By Job
	12084  -  Total Bytes Sent By Job
	902  -  Total Bytes Received By Job
	Partitionable Resources :    Usage  Request Allocated
	   Cpus                 :                 1         1
	   Disk (KB)            :       28        1   2114356
	   Memory (MB)          :       43     2000      2000
...
