000 (407571.000.000) 10/23 15:47:52 Job submitted from host: <137.138.156.150:9618?addrs=137.138.156.150-9618+[2001-1458-d00-14--9a]-9618&noUDP&sock=4221_d558_7>
...
001 (407571.000.000) 10/23 15:48:03 Job executing on host: <188.184.204.103:9618?addrs=188.184.204.103-9618+[2001-1458-301-7d--100-4fd]-9618&noUDP&sock=1263_e434_3>
...
006 (407571.000.000) 10/23 15:48:12 Image size of job updated: 76920
	44  -  MemoryUsage of job (MB)
	44616  -  ResidentSetSize of job (KB)
...
006 (407571.000.000) 10/23 15:48:15 Image size of job updated: 76936
	44  -  MemoryUsage of job (MB)
	44628  -  ResidentSetSize of job (KB)
...
005 (407571.000.000) 10/23 15:48:16 Job terminated.
	(1) Normal termination (return value 1)
		Usr 0 00:00:00, Sys 0 00:00:00  -  Run Remote Usage
		Usr 0 00:00:00, Sys 0 00:00:00  -  Run Local Usage
		Usr 0 00:00:00, Sys 0 00:00:00  -  Total Remote Usage
		Usr 0 00:00:00, Sys 0 00:00:00  -  Total Local Usage
	792  -  Run Bytes Sent By Job
	902  -  Run Bytes Received By Job
	792  -  Total Bytes Sent By Job
	902  -  Total Bytes Received By Job
	Partitionable Resources :    Usage  Request Allocated
	   Cpus                 :                 1         1
	   Disk (KB)            :       17        1   2120098
	   Memory (MB)          :       44     2000      2000
...
000 (408816.000.000) 10/24 13:20:42 Job submitted from host: <137.138.156.150:9618?addrs=137.138.156.150-9618+[2001-1458-d00-14--9a]-9618&noUDP&sock=4221_d558_7>
...
001 (408816.000.000) 10/24 13:21:15 Job executing on host: <188.185.211.123:9618?addrs=188.185.211.123-9618+[2001-1459-301-96--100-75]-9618&noUDP&sock=1261_8503_3>
...
006 (408816.000.000) 10/24 13:21:24 Image size of job updated: 21108
	7  -  MemoryUsage of job (MB)
	6460  -  ResidentSetSize of job (KB)
...
005 (408816.000.000) 10/24 13:21:50 Job terminated.
	(1) Normal termination (return value 1)
		Usr 0 00:00:01, Sys 0 00:00:00  -  Run Remote Usage
		Usr 0 00:00:00, Sys 0 00:00:00  -  Run Local Usage
		Usr 0 00:00:01, Sys 0 00:00:00  -  Total Remote Usage
		Usr 0 00:00:00, Sys 0 00:00:00  -  Total Local Usage
	10008  -  Run Bytes Sent By Job
	902  -  Run Bytes Received By Job
	10008  -  Total Bytes Sent By Job
	902  -  Total Bytes Received By Job
	Partitionable Resources :    Usage  Request Allocated
	   Cpus                 :                 1         1
	   Disk (KB)            :       26        1   2169195
	   Memory (MB)          :        7     2000      2000
...
