000 (407735.000.000) 10/23 16:11:00 Job submitted from host: <137.138.156.150:9618?addrs=137.138.156.150-9618+[2001-1458-d00-14--9a]-9618&noUDP&sock=4221_d558_7>
...
001 (407735.000.000) 10/23 16:13:59 Job executing on host: <188.184.205.210:9618?addrs=188.184.205.210-9618+[2001-1458-301-7d--100-528]-9618&noUDP&sock=1287_5a7a_3>
...
006 (407735.000.000) 10/23 16:14:07 Image size of job updated: 96752
	39  -  MemoryUsage of job (MB)
	39052  -  ResidentSetSize of job (KB)
...
006 (407735.000.000) 10/23 16:14:26 Image size of job updated: 152120
	39  -  MemoryUsage of job (MB)
	39052  -  ResidentSetSize of job (KB)
...
005 (407735.000.000) 10/23 16:14:26 Job terminated.
	(1) Normal termination (return value 139)
		Usr 0 00:00:02, Sys 0 00:00:00  -  Run Remote Usage
		Usr 0 00:00:00, Sys 0 00:00:00  -  Run Local Usage
		Usr 0 00:00:02, Sys 0 00:00:00  -  Total Remote Usage
		Usr 0 00:00:00, Sys 0 00:00:00  -  Total Local Usage
	6110  -  Run Bytes Sent By Job
	902  -  Run Bytes Received By Job
	6110  -  Total Bytes Sent By Job
	902  -  Total Bytes Received By Job
	Partitionable Resources :    Usage  Request Allocated
	   Cpus                 :                 1         1
	   Disk (KB)            :       22        1   2215557
	   Memory (MB)          :       39     2000      2000
...
000 (408987.000.000) 10/24 14:52:08 Job submitted from host: <137.138.156.150:9618?addrs=137.138.156.150-9618+[2001-1458-d00-14--9a]-9618&noUDP&sock=4221_d558_7>
...
001 (408987.000.000) 10/24 14:52:16 Job executing on host: <188.184.206.254:9618?addrs=188.184.206.254-9618+[2001-1458-301-7d--100-55e]-9618&noUDP&sock=1270_b15e_3>
...
006 (408987.000.000) 10/24 14:52:25 Image size of job updated: 94148
	43  -  MemoryUsage of job (MB)
	43524  -  ResidentSetSize of job (KB)
...
006 (408987.000.000) 10/24 14:52:34 Image size of job updated: 147792
	43  -  MemoryUsage of job (MB)
	43524  -  ResidentSetSize of job (KB)
...
005 (408987.000.000) 10/24 14:52:34 Job terminated.
	(1) Normal termination (return value 1)
		Usr 0 00:00:01, Sys 0 00:00:00  -  Run Remote Usage
		Usr 0 00:00:00, Sys 0 00:00:00  -  Run Local Usage
		Usr 0 00:00:01, Sys 0 00:00:00  -  Total Remote Usage
		Usr 0 00:00:00, Sys 0 00:00:00  -  Total Local Usage
	17418  -  Run Bytes Sent By Job
	902  -  Run Bytes Received By Job
	17418  -  Total Bytes Sent By Job
	902  -  Total Bytes Received By Job
	Partitionable Resources :    Usage  Request Allocated
	   Cpus                 :                 1         1
	   Disk (KB)            :       33        1   2113800
	   Memory (MB)          :       43     2000      2000
...
