000 (407572.000.000) 10/23 15:47:55 Job submitted from host: <137.138.156.150:9618?addrs=137.138.156.150-9618+[2001-1458-d00-14--9a]-9618&noUDP&sock=4221_d558_7>
...
001 (407572.000.000) 10/23 15:48:06 Job executing on host: <188.184.204.206:9618?addrs=188.184.204.206-9618+[2001-1458-301-7d--100-50c]-9618&noUDP&sock=1269_01c5_3>
...
006 (407572.000.000) 10/23 15:48:14 Image size of job updated: 97400
	39  -  MemoryUsage of job (MB)
	39700  -  ResidentSetSize of job (KB)
...
006 (407572.000.000) 10/23 15:48:22 Image size of job updated: 414572
	39  -  MemoryUsage of job (MB)
	39716  -  ResidentSetSize of job (KB)
...
005 (407572.000.000) 10/23 15:48:22 Job terminated.
	(1) Normal termination (return value 1)
		Usr 0 00:00:00, Sys 0 00:00:00  -  Run Remote Usage
		Usr 0 00:00:00, Sys 0 00:00:00  -  Run Local Usage
		Usr 0 00:00:00, Sys 0 00:00:00  -  Total Remote Usage
		Usr 0 00:00:00, Sys 0 00:00:00  -  Total Local Usage
	792  -  Run Bytes Sent By Job
	902  -  Run Bytes Received By Job
	792  -  Total Bytes Sent By Job
	902  -  Total Bytes Received By Job
	Partitionable Resources :    Usage  Request Allocated
	   Cpus                 :                 1         1
	   Disk (KB)            :       17        1   2123705
	   Memory (MB)          :       39     2000      2000
...
000 (408817.000.000) 10/24 13:20:45 Job submitted from host: <137.138.156.150:9618?addrs=137.138.156.150-9618+[2001-1458-d00-14--9a]-9618&noUDP&sock=4221_d558_7>
...
001 (408817.000.000) 10/24 13:21:31 Job executing on host: <188.184.206.38:9618?addrs=188.184.206.38-9618+[2001-1458-301-7d--100-545]-9618&noUDP&sock=1263_e434_3>
...
006 (408817.000.000) 10/24 13:21:40 Image size of job updated: 97216
	39  -  MemoryUsage of job (MB)
	39512  -  ResidentSetSize of job (KB)
...
006 (408817.000.000) 10/24 13:21:50 Image size of job updated: 97216
	39  -  MemoryUsage of job (MB)
	39584  -  ResidentSetSize of job (KB)
...
005 (408817.000.000) 10/24 13:21:50 Job terminated.
	(1) Normal termination (return value 1)
		Usr 0 00:00:01, Sys 0 00:00:00  -  Run Remote Usage
		Usr 0 00:00:00, Sys 0 00:00:00  -  Run Local Usage
		Usr 0 00:00:01, Sys 0 00:00:00  -  Total Remote Usage
		Usr 0 00:00:00, Sys 0 00:00:00  -  Total Local Usage
	5646  -  Run Bytes Sent By Job
	902  -  Run Bytes Received By Job
	5646  -  Total Bytes Sent By Job
	902  -  Total Bytes Received By Job
	Partitionable Resources :    Usage  Request Allocated
	   Cpus                 :                 1         1
	   Disk (KB)            :       22        1   2206163
	   Memory (MB)          :       39     2000      2000
...
