000 (407751.000.000) 10/23 16:12:19 Job submitted from host: <137.138.156.150:9618?addrs=137.138.156.150-9618+[2001-1458-d00-14--9a]-9618&noUDP&sock=4221_d558_7>
...
001 (407751.000.000) 10/23 16:14:12 Job executing on host: <188.184.206.167:9618?addrs=188.184.206.167-9618+[2001-1458-301-7d--100-554]-9618&noUDP&sock=1268_522d_3>
...
006 (407751.000.000) 10/23 16:14:20 Image size of job updated: 95816
	46  -  MemoryUsage of job (MB)
	46852  -  ResidentSetSize of job (KB)
...
006 (407751.000.000) 10/23 16:14:23 Image size of job updated: 142736
	46  -  MemoryUsage of job (MB)
	46852  -  ResidentSetSize of job (KB)
...
005 (407751.000.000) 10/23 16:14:23 Job terminated.
	(1) Normal termination (return value 1)
		Usr 0 00:00:01, Sys 0 00:00:00  -  Run Remote Usage
		Usr 0 00:00:00, Sys 0 00:00:00  -  Run Local Usage
		Usr 0 00:00:01, Sys 0 00:00:00  -  Total Remote Usage
		Usr 0 00:00:00, Sys 0 00:00:00  -  Total Local Usage
	15237  -  Run Bytes Sent By Job
	902  -  Run Bytes Received By Job
	15237  -  Total Bytes Sent By Job
	902  -  Total Bytes Received By Job
	Partitionable Resources :    Usage  Request Allocated
	   Cpus                 :                 1         1
	   Disk (KB)            :       31        1   2119120
	   Memory (MB)          :       46     2000      2000
...
000 (409003.000.000) 10/24 14:53:18 Job submitted from host: <137.138.156.150:9618?addrs=137.138.156.150-9618+[2001-1458-d00-14--9a]-9618&noUDP&sock=4221_d558_7>
...
001 (409003.000.000) 10/24 14:53:51 Job executing on host: <188.185.55.69:9618?addrs=188.185.55.69-9618+[2001-1459-301-b3--100-2fd]-9618&noUDP&sock=1215_f7a8_3>
...
006 (409003.000.000) 10/24 14:54:00 Image size of job updated: 25192
	10  -  MemoryUsage of job (MB)
	9380  -  ResidentSetSize of job (KB)
...
006 (409003.000.000) 10/24 14:54:48 Image size of job updated: 147880
	10  -  MemoryUsage of job (MB)
	9384  -  ResidentSetSize of job (KB)
...
005 (409003.000.000) 10/24 14:54:49 Job terminated.
	(1) Normal termination (return value 1)
		Usr 0 00:00:01, Sys 0 00:00:00  -  Run Remote Usage
		Usr 0 00:00:00, Sys 0 00:00:00  -  Run Local Usage
		Usr 0 00:00:01, Sys 0 00:00:00  -  Total Remote Usage
		Usr 0 00:00:00, Sys 0 00:00:00  -  Total Local Usage
	15237  -  Run Bytes Sent By Job
	902  -  Run Bytes Received By Job
	15237  -  Total Bytes Sent By Job
	902  -  Total Bytes Received By Job
	Partitionable Resources :    Usage  Request Allocated
	   Cpus                 :                 1         1
	   Disk (KB)            :       31        1   2198632
	   Memory (MB)          :       10     2000      2000
...
