000 (407427.000.000) 10/23 15:29:19 Job submitted from host: <137.138.156.150:9618?addrs=137.138.156.150-9618+[2001-1458-d00-14--9a]-9618&noUDP&sock=4221_d558_7>
...
001 (407427.000.000) 10/23 15:31:11 Job executing on host: <188.184.205.219:9618?addrs=188.184.205.219-9618+[2001-1458-301-7d--100-53a]-9618&noUDP&sock=1282_ec81_3>
...
006 (407427.000.000) 10/23 15:31:21 Image size of job updated: 94216
	36  -  MemoryUsage of job (MB)
	36644  -  ResidentSetSize of job (KB)
...
006 (407427.000.000) 10/23 15:31:30 Image size of job updated: 407336
	36  -  MemoryUsage of job (MB)
	36644  -  ResidentSetSize of job (KB)
...
005 (407427.000.000) 10/23 15:31:30 Job terminated.
	(1) Normal termination (return value 1)
		Usr 0 00:00:01, Sys 0 00:00:00  -  Run Remote Usage
		Usr 0 00:00:00, Sys 0 00:00:00  -  Run Local Usage
		Usr 0 00:00:01, Sys 0 00:00:00  -  Total Remote Usage
		Usr 0 00:00:00, Sys 0 00:00:00  -  Total Local Usage
	794  -  Run Bytes Sent By Job
	902  -  Run Bytes Received By Job
	794  -  Total Bytes Sent By Job
	902  -  Total Bytes Received By Job
	Partitionable Resources :    Usage  Request Allocated
	   Cpus                 :                 1         1
	   Disk (KB)            :       17        1   2151716
	   Memory (MB)          :       36     2000      2000
...
000 (407960.000.000) 10/23 16:42:13 Job submitted from host: <137.138.156.150:9618?addrs=137.138.156.150-9618+[2001-1458-d00-14--9a]-9618&noUDP&sock=4221_d558_7>
...
001 (407960.000.000) 10/23 16:44:33 Job executing on host: <188.184.205.79:9618?addrs=188.184.205.79-9618+[2001-1458-301-7d--100-51b]-9618&noUDP&sock=1284_4bb1_3>
...
006 (407960.000.000) 10/23 16:44:42 Image size of job updated: 94900
	37  -  MemoryUsage of job (MB)
	37200  -  ResidentSetSize of job (KB)
...
006 (407960.000.000) 10/23 16:45:05 Image size of job updated: 161572
	37  -  MemoryUsage of job (MB)
	37208  -  ResidentSetSize of job (KB)
...
005 (407960.000.000) 10/23 16:45:05 Job terminated.
	(1) Normal termination (return value 1)
		Usr 0 00:00:01, Sys 0 00:00:00  -  Run Remote Usage
		Usr 0 00:00:00, Sys 0 00:00:00  -  Run Local Usage
		Usr 0 00:00:01, Sys 0 00:00:00  -  Total Remote Usage
		Usr 0 00:00:00, Sys 0 00:00:00  -  Total Local Usage
	14227  -  Run Bytes Sent By Job
	902  -  Run Bytes Received By Job
	14227  -  Total Bytes Sent By Job
	902  -  Total Bytes Received By Job
	Partitionable Resources :    Usage  Request Allocated
	   Cpus                 :                 1         1
	   Disk (KB)            :       30        1   2108933
	   Memory (MB)          :       37     2000      2000
...
