000 (407684.000.000) 10/23 16:08:02 Job submitted from host: <137.138.156.150:9618?addrs=137.138.156.150-9618+[2001-1458-d00-14--9a]-9618&noUDP&sock=4221_d558_7>
...
001 (407684.000.000) 10/23 16:13:05 Job executing on host: <188.185.210.131:9618?addrs=188.185.210.131-9618+[2001-1459-301-95--100-7d]-9618&noUDP&sock=1290_6943_3>
...
006 (407684.000.000) 10/23 16:13:15 Image size of job updated: 424
	1  -  MemoryUsage of job (MB)
	424  -  ResidentSetSize of job (KB)
...
006 (407684.000.000) 10/23 16:15:12 Image size of job updated: 115900
	1  -  MemoryUsage of job (MB)
	424  -  ResidentSetSize of job (KB)
...
005 (407684.000.000) 10/23 16:15:13 Job terminated.
	(1) Normal termination (return value 1)
		Usr 0 00:00:01, Sys 0 00:00:00  -  Run Remote Usage
		Usr 0 00:00:00, Sys 0 00:00:00  -  Run Local Usage
		Usr 0 00:00:01, Sys 0 00:00:00  -  Total Remote Usage
		Usr 0 00:00:00, Sys 0 00:00:00  -  Total Local Usage
	13673  -  Run Bytes Sent By Job
	902  -  Run Bytes Received By Job
	13673  -  Total Bytes Sent By Job
	902  -  Total Bytes Received By Job
	Partitionable Resources :    Usage  Request Allocated
	   Cpus                 :                 1         1
	   Disk (KB)            :       29        1   2196715
	   Memory (MB)          :        1     2000      2000
...
000 (408935.000.000) 10/24 14:49:06 Job submitted from host: <137.138.156.150:9618?addrs=137.138.156.150-9618+[2001-1458-d00-14--9a]-9618&noUDP&sock=4221_d558_7>
...
001 (408935.000.000) 10/24 14:51:57 Job executing on host: <188.184.207.12:9618?addrs=188.184.207.12-9618+[2001-1458-301-7d--100-562]-9618&noUDP&sock=1254_b7da_3>
...
006 (408935.000.000) 10/24 14:52:06 Image size of job updated: 1380
	2  -  MemoryUsage of job (MB)
	1380  -  ResidentSetSize of job (KB)
...
006 (408935.000.000) 10/24 14:53:04 Image size of job updated: 115344
	2  -  MemoryUsage of job (MB)
	1380  -  ResidentSetSize of job (KB)
...
005 (408935.000.000) 10/24 14:53:06 Job terminated.
	(1) Normal termination (return value 1)
		Usr 0 00:00:01, Sys 0 00:00:00  -  Run Remote Usage
		Usr 0 00:00:00, Sys 0 00:00:00  -  Run Local Usage
		Usr 0 00:00:01, Sys 0 00:00:00  -  Total Remote Usage
		Usr 0 00:00:00, Sys 0 00:00:00  -  Total Local Usage
	13673  -  Run Bytes Sent By Job
	902  -  Run Bytes Received By Job
	13673  -  Total Bytes Sent By Job
	902  -  Total Bytes Received By Job
	Partitionable Resources :    Usage  Request Allocated
	   Cpus                 :                 1         1
	   Disk (KB)            :       29        1   2223529
	   Memory (MB)          :        2     2000      2000
...
