000 (407356.000.000) 10/23 15:24:58 Job submitted from host: <137.138.156.150:9618?addrs=137.138.156.150-9618+[2001-1458-d00-14--9a]-9618&noUDP&sock=4221_d558_7>
...
001 (407356.000.000) 10/23 15:25:25 Job executing on host: <188.184.204.206:9618?addrs=188.184.204.206-9618+[2001-1458-301-7d--100-50c]-9618&noUDP&sock=1269_01c5_3>
...
006 (407356.000.000) 10/23 15:25:34 Image size of job updated: 97520
	39  -  MemoryUsage of job (MB)
	39820  -  ResidentSetSize of job (KB)
...
006 (407356.000.000) 10/23 15:25:38 Image size of job updated: 97520
	39  -  MemoryUsage of job (MB)
	39908  -  ResidentSetSize of job (KB)
...
005 (407356.000.000) 10/23 15:25:38 Job terminated.
	(1) Normal termination (return value 1)
		Usr 0 00:00:01, Sys 0 00:00:00  -  Run Remote Usage
		Usr 0 00:00:00, Sys 0 00:00:00  -  Run Local Usage
		Usr 0 00:00:01, Sys 0 00:00:00  -  Total Remote Usage
		Usr 0 00:00:00, Sys 0 00:00:00  -  Total Local Usage
	794  -  Run Bytes Sent By Job
	902  -  Run Bytes Received By Job
	794  -  Total Bytes Sent By Job
	902  -  Total Bytes Received By Job
	Partitionable Resources :    Usage  Request Allocated
	   Cpus                 :                 1         1
	   Disk (KB)            :       17        1   2123714
	   Memory (MB)          :       39     2000      2000
...
000 (407881.000.000) 10/23 16:36:30 Job submitted from host: <137.138.156.150:9618?addrs=137.138.156.150-9618+[2001-1458-d00-14--9a]-9618&noUDP&sock=4221_d558_7>
...
001 (407881.000.000) 10/23 16:38:30 Job executing on host: <188.184.204.197:9618?addrs=188.184.204.197-9618+[2001-1458-301-7d--100-523]-9618&noUDP&sock=1279_ddb8_3>
...
006 (407881.000.000) 10/23 16:38:39 Image size of job updated: 50028
	43  -  MemoryUsage of job (MB)
	43536  -  ResidentSetSize of job (KB)
...
005 (407881.000.000) 10/23 16:38:52 Job terminated.
	(1) Normal termination (return value 139)
		Usr 0 00:00:02, Sys 0 00:00:00  -  Run Remote Usage
		Usr 0 00:00:00, Sys 0 00:00:00  -  Run Local Usage
		Usr 0 00:00:02, Sys 0 00:00:00  -  Total Remote Usage
		Usr 0 00:00:00, Sys 0 00:00:00  -  Total Local Usage
	4005  -  Run Bytes Sent By Job
	902  -  Run Bytes Received By Job
	4005  -  Total Bytes Sent By Job
	902  -  Total Bytes Received By Job
	Partitionable Resources :    Usage  Request Allocated
	   Cpus                 :                 1         1
	   Disk (KB)            :       20        1   2108380
	   Memory (MB)          :       43     2000      2000
...
000 (408671.000.000) 10/24 11:41:29 Job submitted from host: <137.138.156.150:9618?addrs=137.138.156.150-9618+[2001-1458-d00-14--9a]-9618&noUDP&sock=4221_d558_7>
...
001 (408671.000.000) 10/24 12:18:18 Job executing on host: <188.184.205.4:9618?addrs=188.184.205.4-9618+[2001-1458-301-7d--100-514]-9618&noUDP&sock=1266_f2fd_3>
...
006 (408671.000.000) 10/24 12:18:27 Image size of job updated: 21676
	8  -  MemoryUsage of job (MB)
	7428  -  ResidentSetSize of job (KB)
...
006 (408671.000.000) 10/24 12:18:48 Image size of job updated: 155112
	8  -  MemoryUsage of job (MB)
	7428  -  ResidentSetSize of job (KB)
...
005 (408671.000.000) 10/24 12:18:48 Job terminated.
	(1) Normal termination (return value 1)
		Usr 0 00:00:01, Sys 0 00:00:00  -  Run Remote Usage
		Usr 0 00:00:00, Sys 0 00:00:00  -  Run Local Usage
		Usr 0 00:00:01, Sys 0 00:00:00  -  Total Remote Usage
		Usr 0 00:00:00, Sys 0 00:00:00  -  Total Local Usage
	12086  -  Run Bytes Sent By Job
	902  -  Run Bytes Received By Job
	12086  -  Total Bytes Sent By Job
	902  -  Total Bytes Received By Job
	Partitionable Resources :    Usage  Request Allocated
	   Cpus                 :                 1         1
	   Disk (KB)            :       28        1   2217584
	   Memory (MB)          :        8     2000      2000
...
