000 (407685.000.000) 10/23 16:08:07 Job submitted from host: <137.138.156.150:9618?addrs=137.138.156.150-9618+[2001-1458-d00-14--9a]-9618&noUDP&sock=4221_d558_7>
...
001 (407685.000.000) 10/23 16:12:59 Job executing on host: <188.184.206.45:9618?addrs=188.184.206.45-9618+[2001-1458-301-7d--100-551]-9618&noUDP&sock=1288_0a12_3>
...
006 (407685.000.000) 10/23 16:13:07 Image size of job updated: 8516
	4  -  MemoryUsage of job (MB)
	3864  -  ResidentSetSize of job (KB)
...
006 (407685.000.000) 10/23 16:13:32 Image size of job updated: 117516
	4  -  MemoryUsage of job (MB)
	3956  -  ResidentSetSize of job (KB)
...
005 (407685.000.000) 10/23 16:13:33 Job terminated.
	(1) Normal termination (return value 1)
		Usr 0 00:00:01, Sys 0 00:00:00  -  Run Remote Usage
		Usr 0 00:00:00, Sys 0 00:00:00  -  Run Local Usage
		Usr 0 00:00:01, Sys 0 00:00:00  -  Total Remote Usage
		Usr 0 00:00:00, Sys 0 00:00:00  -  Total Local Usage
	17418  -  Run Bytes Sent By Job
	902  -  Run Bytes Received By Job
	17418  -  Total Bytes Sent By Job
	902  -  Total Bytes Received By Job
	Partitionable Resources :    Usage  Request Allocated
	   Cpus                 :                 1         1
	   Disk (KB)            :       33        1   2218209
	   Memory (MB)          :        4     2000      2000
...
000 (408936.000.000) 10/24 14:49:10 Job submitted from host: <137.138.156.150:9618?addrs=137.138.156.150-9618+[2001-1458-d00-14--9a]-9618&noUDP&sock=4221_d558_7>
...
001 (408936.000.000) 10/24 14:51:55 Job executing on host: <188.184.205.28:9618?addrs=188.184.205.28-9618+[2001-1458-301-7d--100-510]-9618&noUDP&sock=1289_b9aa_3>
...
006 (408936.000.000) 10/24 14:52:04 Image size of job updated: 22880
	8  -  MemoryUsage of job (MB)
	7396  -  ResidentSetSize of job (KB)
...
006 (408936.000.000) 10/24 14:52:17 Image size of job updated: 125716
	8  -  MemoryUsage of job (MB)
	7400  -  ResidentSetSize of job (KB)
...
005 (408936.000.000) 10/24 14:52:17 Job terminated.
	(1) Normal termination (return value 1)
		Usr 0 00:00:01, Sys 0 00:00:00  -  Run Remote Usage
		Usr 0 00:00:00, Sys 0 00:00:00  -  Run Local Usage
		Usr 0 00:00:01, Sys 0 00:00:00  -  Total Remote Usage
		Usr 0 00:00:00, Sys 0 00:00:00  -  Total Local Usage
	17418  -  Run Bytes Sent By Job
	902  -  Run Bytes Received By Job
	17418  -  Total Bytes Sent By Job
	902  -  Total Bytes Received By Job
	Partitionable Resources :    Usage  Request Allocated
	   Cpus                 :                 1         1
	   Disk (KB)            :       33        1   2162861
	   Memory (MB)          :        8     2000      2000
...
