000 (407710.000.000) 10/23 16:09:43 Job submitted from host: <137.138.156.150:9618?addrs=137.138.156.150-9618+[2001-1458-d00-14--9a]-9618&noUDP&sock=4221_d558_7>
...
001 (407710.000.000) 10/23 16:13:35 Job executing on host: <188.184.205.219:9618?addrs=188.184.205.219-9618+[2001-1458-301-7d--100-53a]-9618&noUDP&sock=1282_ec81_3>
...
006 (407710.000.000) 10/23 16:13:43 Image size of job updated: 76840
	44  -  MemoryUsage of job (MB)
	44456  -  ResidentSetSize of job (KB)
...
006 (407710.000.000) 10/23 16:13:50 Image size of job updated: 131400
	44  -  MemoryUsage of job (MB)
	44456  -  ResidentSetSize of job (KB)
...
005 (407710.000.000) 10/23 16:13:50 Job terminated.
	(1) Normal termination (return value 1)
		Usr 0 00:00:01, Sys 0 00:00:00  -  Run Remote Usage
		Usr 0 00:00:00, Sys 0 00:00:00  -  Run Local Usage
		Usr 0 00:00:01, Sys 0 00:00:00  -  Total Remote Usage
		Usr 0 00:00:00, Sys 0 00:00:00  -  Total Local Usage
	19599  -  Run Bytes Sent By Job
	902  -  Run Bytes Received By Job
	19599  -  Total Bytes Sent By Job
	902  -  Total Bytes Received By Job
	Partitionable Resources :    Usage  Request Allocated
	   Cpus                 :                 1         1
	   Disk (KB)            :       35        1   2150831
	   Memory (MB)          :       44     2000      2000
...
000 (408962.000.000) 10/24 14:50:48 Job submitted from host: <137.138.156.150:9618?addrs=137.138.156.150-9618+[2001-1458-d00-14--9a]-9618&noUDP&sock=4221_d558_7>
...
001 (408962.000.000) 10/24 14:52:03 Job executing on host: <188.184.204.80:9618?addrs=188.184.204.80-9618+[2001-1458-301-7d--100-50b]-9618&noUDP&sock=1278_2e20_3>
...
006 (408962.000.000) 10/24 14:52:12 Image size of job updated: 47516
	23  -  MemoryUsage of job (MB)
	23520  -  ResidentSetSize of job (KB)
...
006 (408962.000.000) 10/24 14:52:28 Image size of job updated: 471288
	23  -  MemoryUsage of job (MB)
	23524  -  ResidentSetSize of job (KB)
...
005 (408962.000.000) 10/24 14:52:31 Job terminated.
	(1) Normal termination (return value 1)
		Usr 0 00:00:01, Sys 0 00:00:00  -  Run Remote Usage
		Usr 0 00:00:00, Sys 0 00:00:00  -  Run Local Usage
		Usr 0 00:00:01, Sys 0 00:00:00  -  Total Remote Usage
		Usr 0 00:00:00, Sys 0 00:00:00  -  Total Local Usage
	19599  -  Run Bytes Sent By Job
	902  -  Run Bytes Received By Job
	19599  -  Total Bytes Sent By Job
	902  -  Total Bytes Received By Job
	Partitionable Resources :    Usage  Request Allocated
	   Cpus                 :                 1         1
	   Disk (KB)            :       35        1   2225018
	   Memory (MB)          :       23     2000      2000
...
