000 (407591.000.000) 10/23 15:49:20 Job submitted from host: <137.138.156.150:9618?addrs=137.138.156.150-9618+[2001-1458-d00-14--9a]-9618&noUDP&sock=4221_d558_7>
...
001 (407591.000.000) 10/23 15:49:47 Job executing on host: <188.184.204.206:9618?addrs=188.184.204.206-9618+[2001-1458-301-7d--100-50c]-9618&noUDP&sock=1269_01c5_3>
...
006 (407591.000.000) 10/23 15:49:55 Image size of job updated: 100420
	42  -  MemoryUsage of job (MB)
	42720  -  ResidentSetSize of job (KB)
...
006 (407591.000.000) 10/23 15:49:59 Image size of job updated: 141408
	42  -  MemoryUsage of job (MB)
	42720  -  ResidentSetSize of job (KB)
...
005 (407591.000.000) 10/23 15:49:59 Job terminated.
	(1) Normal termination (return value 1)
		Usr 0 00:00:00, Sys 0 00:00:00  -  Run Remote Usage
		Usr 0 00:00:00, Sys 0 00:00:00  -  Run Local Usage
		Usr 0 00:00:00, Sys 0 00:00:00  -  Total Remote Usage
		Usr 0 00:00:00, Sys 0 00:00:00  -  Total Local Usage
	792  -  Run Bytes Sent By Job
	902  -  Run Bytes Received By Job
	792  -  Total Bytes Sent By Job
	902  -  Total Bytes Received By Job
	Partitionable Resources :    Usage  Request Allocated
	   Cpus                 :                 1         1
	   Disk (KB)            :       17        1   2123705
	   Memory (MB)          :       42     2000      2000
...
000 (408837.000.000) 10/24 13:22:11 Job submitted from host: <137.138.156.150:9618?addrs=137.138.156.150-9618+[2001-1458-d00-14--9a]-9618&noUDP&sock=4221_d558_7>
...
001 (408837.000.000) 10/24 13:22:15 Job executing on host: <188.184.204.151:9618?addrs=188.184.204.151-9618+[--1]-9618&noUDP&sock=1216_a740_3>
...
006 (408837.000.000) 10/24 13:22:23 Image size of job updated: 100420
	42  -  MemoryUsage of job (MB)
	42716  -  ResidentSetSize of job (KB)
...
006 (408837.000.000) 10/24 13:22:28 Image size of job updated: 409520
	42  -  MemoryUsage of job (MB)
	42848  -  ResidentSetSize of job (KB)
...
005 (408837.000.000) 10/24 13:22:28 Job terminated.
	(1) Normal termination (return value 1)
		Usr 0 00:00:01, Sys 0 00:00:00  -  Run Remote Usage
		Usr 0 00:00:00, Sys 0 00:00:00  -  Run Local Usage
		Usr 0 00:00:01, Sys 0 00:00:00  -  Total Remote Usage
		Usr 0 00:00:00, Sys 0 00:00:00  -  Total Local Usage
	7827  -  Run Bytes Sent By Job
	902  -  Run Bytes Received By Job
	7827  -  Total Bytes Sent By Job
	902  -  Total Bytes Received By Job
	Partitionable Resources :    Usage  Request Allocated
	   Cpus                 :                 1         1
	   Disk (KB)            :       24        1   2181666
	   Memory (MB)          :       42     2000      2000
...
