000 (407282.000.000) 10/23 15:19:53 Job submitted from host: <137.138.156.150:9618?addrs=137.138.156.150-9618+[2001-1458-d00-14--9a]-9618&noUDP&sock=4221_d558_7>
...
001 (407282.000.000) 10/23 15:22:18 Job executing on host: <188.184.205.90:9618?addrs=188.184.205.90-9618+[--1]-9618&noUDP&sock=1243_2c4f_3>
...
006 (407282.000.000) 10/23 15:22:26 Image size of job updated: 12808
	8  -  MemoryUsage of job (MB)
	7808  -  ResidentSetSize of job (KB)
...
006 (407282.000.000) 10/23 15:22:42 Image size of job updated: 448488
	8  -  MemoryUsage of job (MB)
	7808  -  ResidentSetSize of job (KB)
...
005 (407282.000.000) 10/23 15:22:43 Job terminated.
	(1) Normal termination (return value 1)
		Usr 0 00:00:01, Sys 0 00:00:00  -  Run Remote Usage
		Usr 0 00:00:00, Sys 0 00:00:00  -  Run Local Usage
		Usr 0 00:00:01, Sys 0 00:00:00  -  Total Remote Usage
		Usr 0 00:00:00, Sys 0 00:00:00  -  Total Local Usage
	791  -  Run Bytes Sent By Job
	902  -  Run Bytes Received By Job
	791  -  Total Bytes Sent By Job
	902  -  Total Bytes Received By Job
	Partitionable Resources :    Usage  Request Allocated
	   Cpus                 :                 1         1
	   Disk (KB)            :       16        1   2190726
	   Memory (MB)          :        8     2000      2000
...
000 (407791.000.000) 10/23 16:31:46 Job submitted from host: <137.138.156.150:9618?addrs=137.138.156.150-9618+[2001-1458-d00-14--9a]-9618&noUDP&sock=4221_d558_7>
...
001 (407791.000.000) 10/23 16:35:27 Job executing on host: <188.184.204.223:9618?addrs=188.184.204.223-9618+[2001-1458-301-7d--100-50f]-9618&noUDP&sock=1286_aae2_3>
...
006 (407791.000.000) 10/23 16:35:36 Image size of job updated: 91988
	43  -  MemoryUsage of job (MB)
	43520  -  ResidentSetSize of job (KB)
...
006 (407791.000.000) 10/23 16:35:47 Image size of job updated: 161148
	43  -  MemoryUsage of job (MB)
	43520  -  ResidentSetSize of job (KB)
...
005 (407791.000.000) 10/23 16:35:48 Job terminated.
	(1) Normal termination (return value 1)
		Usr 0 00:00:01, Sys 0 00:00:00  -  Run Remote Usage
		Usr 0 00:00:00, Sys 0 00:00:00  -  Run Local Usage
		Usr 0 00:00:01, Sys 0 00:00:00  -  Total Remote Usage
		Usr 0 00:00:00, Sys 0 00:00:00  -  Total Local Usage
	12084  -  Run Bytes Sent By Job
	902  -  Run Bytes Received By Job
	12084  -  Total Bytes Sent By Job
	902  -  Total Bytes Received By Job
	Partitionable Resources :    Usage  Request Allocated
	   Cpus                 :                 1         1
	   Disk (KB)            :       28        1   2114356
	   Memory (MB)          :       43     2000      2000
...
