000 (407509.000.000) 10/23 15:43:58 Job submitted from host: <137.138.156.150:9618?addrs=137.138.156.150-9618+[2001-1458-d00-14--9a]-9618&noUDP&sock=4221_d558_7>
...
001 (407509.000.000) 10/23 15:46:54 Job executing on host: <188.184.204.206:9618?addrs=188.184.204.206-9618+[2001-1458-301-7d--100-50c]-9618&noUDP&sock=1269_01c5_3>
...
006 (407509.000.000) 10/23 15:47:03 Image size of job updated: 83048
	44  -  MemoryUsage of job (MB)
	44196  -  ResidentSetSize of job (KB)
...
006 (407509.000.000) 10/23 15:47:05 Image size of job updated: 414456
	44  -  MemoryUsage of job (MB)
	44200  -  ResidentSetSize of job (KB)
...
005 (407509.000.000) 10/23 15:47:05 Job terminated.
	(1) Normal termination (return value 1)
		Usr 0 00:00:00, Sys 0 00:00:00  -  Run Remote Usage
		Usr 0 00:00:00, Sys 0 00:00:00  -  Run Local Usage
		Usr 0 00:00:00, Sys 0 00:00:00  -  Total Remote Usage
		Usr 0 00:00:00, Sys 0 00:00:00  -  Total Local Usage
	791  -  Run Bytes Sent By Job
	902  -  Run Bytes Received By Job
	791  -  Total Bytes Sent By Job
	902  -  Total Bytes Received By Job
	Partitionable Resources :    Usage  Request Allocated
	   Cpus                 :                 1         1
	   Disk (KB)            :       17        1   2123705
	   Memory (MB)          :       44     2000      2000
...
000 (408754.000.000) 10/24 13:17:08 Job submitted from host: <137.138.156.150:9618?addrs=137.138.156.150-9618+[2001-1458-d00-14--9a]-9618&noUDP&sock=4221_d558_7>
...
001 (408754.000.000) 10/24 13:18:25 Job executing on host: <188.185.214.18:9618?addrs=188.185.214.18-9618+[2001-1459-301-99--100-c]-9618&noUDP&sock=1282_ec81_3>
...
006 (408754.000.000) 10/24 13:18:33 Image size of job updated: 41240
	23  -  MemoryUsage of job (MB)
	22804  -  ResidentSetSize of job (KB)
...
006 (408754.000.000) 10/24 13:18:52 Image size of job updated: 142748
	23  -  MemoryUsage of job (MB)
	22804  -  ResidentSetSize of job (KB)
...
005 (408754.000.000) 10/24 13:18:52 Job terminated.
	(1) Normal termination (return value 1)
		Usr 0 00:00:01, Sys 0 00:00:00  -  Run Remote Usage
		Usr 0 00:00:00, Sys 0 00:00:00  -  Run Local Usage
		Usr 0 00:00:01, Sys 0 00:00:00  -  Total Remote Usage
		Usr 0 00:00:00, Sys 0 00:00:00  -  Total Local Usage
	3454  -  Run Bytes Sent By Job
	902  -  Run Bytes Received By Job
	3454  -  Total Bytes Sent By Job
	902  -  Total Bytes Received By Job
	Partitionable Resources :    Usage  Request Allocated
	   Cpus                 :                 1         1
	   Disk (KB)            :       19        1   2163326
	   Memory (MB)          :       23     2000      2000
...
