000 (407709.000.000) 10/23 16:09:40 Job submitted from host: <137.138.156.150:9618?addrs=137.138.156.150-9618+[2001-1458-d00-14--9a]-9618&noUDP&sock=4221_d558_7>
...
001 (407709.000.000) 10/23 16:13:34 Job executing on host: <188.184.204.103:9618?addrs=188.184.204.103-9618+[2001-1458-301-7d--100-4fd]-9618&noUDP&sock=1263_e434_3>
...
006 (407709.000.000) 10/23 16:13:43 Image size of job updated: 74452
	42  -  MemoryUsage of job (MB)
	42444  -  ResidentSetSize of job (KB)
...
005 (407709.000.000) 10/23 16:13:58 Job terminated.
	(1) Normal termination (return value 139)
		Usr 0 00:00:02, Sys 0 00:00:00  -  Run Remote Usage
		Usr 0 00:00:00, Sys 0 00:00:00  -  Run Local Usage
		Usr 0 00:00:02, Sys 0 00:00:00  -  Total Remote Usage
		Usr 0 00:00:00, Sys 0 00:00:00  -  Total Local Usage
	6110  -  Run Bytes Sent By Job
	902  -  Run Bytes Received By Job
	6110  -  Total Bytes Sent By Job
	902  -  Total Bytes Received By Job
	Partitionable Resources :    Usage  Request Allocated
	   Cpus                 :                 1         1
	   Disk (KB)            :       22        1   2119255
	   Memory (MB)          :       42     2000      2000
...
000 (408961.000.000) 10/24 14:50:46 Job submitted from host: <137.138.156.150:9618?addrs=137.138.156.150-9618+[2001-1458-d00-14--9a]-9618&noUDP&sock=4221_d558_7>
...
001 (408961.000.000) 10/24 14:52:04 Job executing on host: <188.184.206.32:9618?addrs=188.184.206.32-9618+[2001-1458-301-7d--100-53d]-9618&noUDP&sock=1292_c873_3>
...
006 (408961.000.000) 10/24 14:52:13 Image size of job updated: 21132
	7  -  MemoryUsage of job (MB)
	6448  -  ResidentSetSize of job (KB)
...
006 (408961.000.000) 10/24 14:52:35 Image size of job updated: 93608
	7  -  MemoryUsage of job (MB)
	6448  -  ResidentSetSize of job (KB)
...
005 (408961.000.000) 10/24 14:52:35 Job terminated.
	(1) Normal termination (return value 1)
		Usr 0 00:00:01, Sys 0 00:00:00  -  Run Remote Usage
		Usr 0 00:00:00, Sys 0 00:00:00  -  Run Local Usage
		Usr 0 00:00:01, Sys 0 00:00:00  -  Total Remote Usage
		Usr 0 00:00:00, Sys 0 00:00:00  -  Total Local Usage
	10875  -  Run Bytes Sent By Job
	902  -  Run Bytes Received By Job
	10875  -  Total Bytes Sent By Job
	902  -  Total Bytes Received By Job
	Partitionable Resources :    Usage  Request Allocated
	   Cpus                 :                 1         1
	   Disk (KB)            :       26        1   2221319
	   Memory (MB)          :        7     2000      2000
...
