000 (407459.000.000) 10/23 15:41:13 Job submitted from host: <137.138.156.150:9618?addrs=137.138.156.150-9618+[2001-1458-d00-14--9a]-9618&noUDP&sock=4221_d558_7>
...
001 (407459.000.000) 10/23 15:46:07 Job executing on host: <188.184.205.147:9618?addrs=188.184.205.147-9618+[2001-1458-301-7d--100-527]-9618&noUDP&sock=1291_18db_3>
...
006 (407459.000.000) 10/23 15:46:15 Image size of job updated: 21092
	7  -  MemoryUsage of job (MB)
	6444  -  ResidentSetSize of job (KB)
...
006 (407459.000.000) 10/23 15:46:33 Image size of job updated: 77644
	7  -  MemoryUsage of job (MB)
	6444  -  ResidentSetSize of job (KB)
...
005 (407459.000.000) 10/23 15:46:34 Job terminated.
	(1) Normal termination (return value 1)
		Usr 0 00:00:01, Sys 0 00:00:00  -  Run Remote Usage
		Usr 0 00:00:00, Sys 0 00:00:00  -  Run Local Usage
		Usr 0 00:00:01, Sys 0 00:00:00  -  Total Remote Usage
		Usr 0 00:00:00, Sys 0 00:00:00  -  Total Local Usage
	788  -  Run Bytes Sent By Job
	902  -  Run Bytes Received By Job
	788  -  Total Bytes Sent By Job
	902  -  Total Bytes Received By Job
	Partitionable Resources :    Usage  Request Allocated
	   Cpus                 :                 1         1
	   Disk (KB)            :       17        1   2208433
	   Memory (MB)          :        7     2000      2000
...
000 (408703.000.000) 10/24 13:13:43 Job submitted from host: <137.138.156.150:9618?addrs=137.138.156.150-9618+[2001-1458-d00-14--9a]-9618&noUDP&sock=4221_d558_7>
...
001 (408703.000.000) 10/24 13:15:59 Job executing on host: <188.184.205.219:9618?addrs=188.184.205.219-9618+[2001-1458-301-7d--100-53a]-9618&noUDP&sock=1282_ec81_3>
...
006 (408703.000.000) 10/24 13:16:08 Image size of job updated: 22788
	8  -  MemoryUsage of job (MB)
	7304  -  ResidentSetSize of job (KB)
...
006 (408703.000.000) 10/24 13:16:23 Image size of job updated: 142752
	8  -  MemoryUsage of job (MB)
	7304  -  ResidentSetSize of job (KB)
...
005 (408703.000.000) 10/24 13:16:24 Job terminated.
	(1) Normal termination (return value 1)
		Usr 0 00:00:01, Sys 0 00:00:00  -  Run Remote Usage
		Usr 0 00:00:00, Sys 0 00:00:00  -  Run Local Usage
		Usr 0 00:00:01, Sys 0 00:00:00  -  Total Remote Usage
		Usr 0 00:00:00, Sys 0 00:00:00  -  Total Local Usage
	3452  -  Run Bytes Sent By Job
	902  -  Run Bytes Received By Job
	3452  -  Total Bytes Sent By Job
	902  -  Total Bytes Received By Job
	Partitionable Resources :    Usage  Request Allocated
	   Cpus                 :                 1         1
	   Disk (KB)            :       19        1   2142504
	   Memory (MB)          :        8     2000      2000
...
