000 (407371.000.000) 10/23 15:26:05 Job submitted from host: <137.138.156.150:9618?addrs=137.138.156.150-9618+[2001-1458-d00-14--9a]-9618&noUDP&sock=4221_d558_7>
...
001 (407371.000.000) 10/23 15:26:28 Job executing on host: <188.184.205.252:9618?addrs=188.184.205.252-9618+[2001-1458-301-7d--100-539]-9618&noUDP&sock=1275_1f57_3>
...
006 (407371.000.000) 10/23 15:26:37 Image size of job updated: 23952
	9  -  MemoryUsage of job (MB)
	8232  -  ResidentSetSize of job (KB)
...
006 (407371.000.000) 10/23 15:26:48 Image size of job updated: 76100
	9  -  MemoryUsage of job (MB)
	8236  -  ResidentSetSize of job (KB)
...
005 (407371.000.000) 10/23 15:26:48 Job terminated.
	(1) Normal termination (return value 1)
		Usr 0 00:00:00, Sys 0 00:00:00  -  Run Remote Usage
		Usr 0 00:00:00, Sys 0 00:00:00  -  Run Local Usage
		Usr 0 00:00:00, Sys 0 00:00:00  -  Total Remote Usage
		Usr 0 00:00:00, Sys 0 00:00:00  -  Total Local Usage
	792  -  Run Bytes Sent By Job
	902  -  Run Bytes Received By Job
	792  -  Total Bytes Sent By Job
	902  -  Total Bytes Received By Job
	Partitionable Resources :    Usage  Request Allocated
	   Cpus                 :                 1         1
	   Disk (KB)            :       17        1   2101286
	   Memory (MB)          :        9     2000      2000
...
000 (407904.000.000) 10/23 16:37:52 Job submitted from host: <137.138.156.150:9618?addrs=137.138.156.150-9618+[2001-1458-d00-14--9a]-9618&noUDP&sock=4221_d558_7>
...
001 (407904.000.000) 10/23 16:38:54 Job executing on host: <188.184.205.79:9618?addrs=188.184.205.79-9618+[2001-1458-301-7d--100-51b]-9618&noUDP&sock=1284_4bb1_3>
...
006 (407904.000.000) 10/23 16:39:03 Image size of job updated: 143556
	79  -  MemoryUsage of job (MB)
	80796  -  ResidentSetSize of job (KB)
...
006 (407904.000.000) 10/23 16:39:07 Image size of job updated: 161992
	80  -  MemoryUsage of job (MB)
	81008  -  ResidentSetSize of job (KB)
...
005 (407904.000.000) 10/23 16:39:07 Job terminated.
	(1) Normal termination (return value 1)
		Usr 0 00:00:01, Sys 0 00:00:00  -  Run Remote Usage
		Usr 0 00:00:00, Sys 0 00:00:00  -  Run Local Usage
		Usr 0 00:00:01, Sys 0 00:00:00  -  Total Remote Usage
		Usr 0 00:00:00, Sys 0 00:00:00  -  Total Local Usage
	12085  -  Run Bytes Sent By Job
	902  -  Run Bytes Received By Job
	12085  -  Total Bytes Sent By Job
	902  -  Total Bytes Received By Job
	Partitionable Resources :    Usage  Request Allocated
	   Cpus                 :                 1         1
	   Disk (KB)            :       28        1   2111749
	   Memory (MB)          :       80     2000      2000
...
