000 (407757.000.000) 10/23 16:12:41 Job submitted from host: <137.138.156.150:9618?addrs=137.138.156.150-9618+[2001-1458-d00-14--9a]-9618&noUDP&sock=4221_d558_7>
...
001 (407757.000.000) 10/23 16:14:18 Job executing on host: <188.184.204.157:9618?addrs=188.184.204.157-9618+[2001-1458-301-7d--100-50a]-9618&noUDP&sock=1280_8d50_3>
...
006 (407757.000.000) 10/23 16:14:27 Image size of job updated: 15632
	9  -  MemoryUsage of job (MB)
	8932  -  ResidentSetSize of job (KB)
...
006 (407757.000.000) 10/23 16:14:44 Image size of job updated: 25368
	9  -  MemoryUsage of job (MB)
	8948  -  ResidentSetSize of job (KB)
...
005 (407757.000.000) 10/23 16:14:44 Job terminated.
	(1) Normal termination (return value 1)
		Usr 0 00:00:01, Sys 0 00:00:00  -  Run Remote Usage
		Usr 0 00:00:00, Sys 0 00:00:00  -  Run Local Usage
		Usr 0 00:00:01, Sys 0 00:00:00  -  Total Remote Usage
		Usr 0 00:00:00, Sys 0 00:00:00  -  Total Local Usage
	17418  -  Run Bytes Sent By Job
	902  -  Run Bytes Received By Job
	17418  -  Total Bytes Sent By Job
	902  -  Total Bytes Received By Job
	Partitionable Resources :    Usage  Request Allocated
	   Cpus                 :                 1         1
	   Disk (KB)            :       33        1   2105651
	   Memory (MB)          :        9     2000      2000
...
000 (409009.000.000) 10/24 14:53:34 Job submitted from host: <137.138.156.150:9618?addrs=137.138.156.150-9618+[2001-1458-d00-14--9a]-9618&noUDP&sock=4221_d558_7>
...
001 (409009.000.000) 10/24 14:54:28 Job executing on host: <188.185.213.36:9618?addrs=188.185.213.36-9618+[2001-1459-301-98--100-1e]-9618&noUDP&sock=1280_8d50_3>
...
006 (409009.000.000) 10/24 14:54:37 Image size of job updated: 16512
	8  -  MemoryUsage of job (MB)
	7740  -  ResidentSetSize of job (KB)
...
006 (409009.000.000) 10/24 14:55:32 Image size of job updated: 471836
	8  -  MemoryUsage of job (MB)
	7744  -  ResidentSetSize of job (KB)
...
005 (409009.000.000) 10/24 14:55:32 Job terminated.
	(1) Normal termination (return value 1)
		Usr 0 00:00:01, Sys 0 00:00:00  -  Run Remote Usage
		Usr 0 00:00:00, Sys 0 00:00:00  -  Run Local Usage
		Usr 0 00:00:01, Sys 0 00:00:00  -  Total Remote Usage
		Usr 0 00:00:00, Sys 0 00:00:00  -  Total Local Usage
	17418  -  Run Bytes Sent By Job
	902  -  Run Bytes Received By Job
	17418  -  Total Bytes Sent By Job
	902  -  Total Bytes Received By Job
	Partitionable Resources :    Usage  Request Allocated
	   Cpus                 :                 1         1
	   Disk (KB)            :       33        1   2180770
	   Memory (MB)          :        8     2000      2000
...
