000 (407389.000.000) 10/23 15:27:02 Job submitted from host: <137.138.156.150:9618?addrs=137.138.156.150-9618+[2001-1458-d00-14--9a]-9618&noUDP&sock=4221_d558_7>
...
001 (407389.000.000) 10/23 15:27:08 Job executing on host: <188.184.205.237:9618?addrs=188.184.205.237-9618+[2001-1458-301-7d--100-531]-9618&noUDP&sock=1287_5a7a_3>
...
006 (407389.000.000) 10/23 15:27:16 Image size of job updated: 92764
	43  -  MemoryUsage of job (MB)
	43536  -  ResidentSetSize of job (KB)
...
006 (407389.000.000) 10/23 15:27:19 Image size of job updated: 92768
	43  -  MemoryUsage of job (MB)
	43536  -  ResidentSetSize of job (KB)
...
005 (407389.000.000) 10/23 15:27:19 Job terminated.
	(1) Normal termination (return value 1)
		Usr 0 00:00:00, Sys 0 00:00:00  -  Run Remote Usage
		Usr 0 00:00:00, Sys 0 00:00:00  -  Run Local Usage
		Usr 0 00:00:00, Sys 0 00:00:00  -  Total Remote Usage
		Usr 0 00:00:00, Sys 0 00:00:00  -  Total Local Usage
	788  -  Run Bytes Sent By Job
	902  -  Run Bytes Received By Job
	788  -  Total Bytes Sent By Job
	902  -  Total Bytes Received By Job
	Partitionable Resources :    Usage  Request Allocated
	   Cpus                 :                 1         1
	   Disk (KB)            :       17        1   2224099
	   Memory (MB)          :       43     2000      2000
...
000 (407922.000.000) 10/23 16:39:12 Job submitted from host: <137.138.156.150:9618?addrs=137.138.156.150-9618+[2001-1458-d00-14--9a]-9618&noUDP&sock=4221_d558_7>
...
001 (407922.000.000) 10/23 16:39:38 Job executing on host: <188.184.204.223:9618?addrs=188.184.204.223-9618+[2001-1458-301-7d--100-50f]-9618&noUDP&sock=1286_aae2_3>
...
006 (407922.000.000) 10/23 16:39:47 Image size of job updated: 92024
	43  -  MemoryUsage of job (MB)
	43532  -  ResidentSetSize of job (KB)
...
006 (407922.000.000) 10/23 16:39:54 Image size of job updated: 154196
	43  -  MemoryUsage of job (MB)
	43532  -  ResidentSetSize of job (KB)
...
005 (407922.000.000) 10/23 16:39:54 Job terminated.
	(1) Normal termination (return value 1)
		Usr 0 00:00:01, Sys 0 00:00:00  -  Run Remote Usage
		Usr 0 00:00:00, Sys 0 00:00:00  -  Run Local Usage
		Usr 0 00:00:01, Sys 0 00:00:00  -  Total Remote Usage
		Usr 0 00:00:00, Sys 0 00:00:00  -  Total Local Usage
	12083  -  Run Bytes Sent By Job
	902  -  Run Bytes Received By Job
	12083  -  Total Bytes Sent By Job
	902  -  Total Bytes Received By Job
	Partitionable Resources :    Usage  Request Allocated
	   Cpus                 :                 1         1
	   Disk (KB)            :       28        1   2114356
	   Memory (MB)          :       43     2000      2000
...
