000 (407344.000.000) 10/23 15:24:16 Job submitted from host: <137.138.156.150:9618?addrs=137.138.156.150-9618+[2001-1458-d00-14--9a]-9618&noUDP&sock=4221_d558_7>
...
001 (407344.000.000) 10/23 15:24:40 Job executing on host: <188.184.206.77:9618?addrs=188.184.206.77-9618+[2001-1458-301-7d--100-53f]-9618&noUDP&sock=1262_349c_3>
...
006 (407344.000.000) 10/23 15:24:48 Image size of job updated: 99100
	41  -  MemoryUsage of job (MB)
	41400  -  ResidentSetSize of job (KB)
...
006 (407344.000.000) 10/23 15:24:53 Image size of job updated: 99100
	41  -  MemoryUsage of job (MB)
	41736  -  ResidentSetSize of job (KB)
...
005 (407344.000.000) 10/23 15:24:53 Job terminated.
	(1) Normal termination (return value 1)
		Usr 0 00:00:01, Sys 0 00:00:00  -  Run Remote Usage
		Usr 0 00:00:00, Sys 0 00:00:00  -  Run Local Usage
		Usr 0 00:00:01, Sys 0 00:00:00  -  Total Remote Usage
		Usr 0 00:00:00, Sys 0 00:00:00  -  Total Local Usage
	787  -  Run Bytes Sent By Job
	902  -  Run Bytes Received By Job
	787  -  Total Bytes Sent By Job
	902  -  Total Bytes Received By Job
	Partitionable Resources :    Usage  Request Allocated
	   Cpus                 :                 1         1
	   Disk (KB)            :       17        1   2127014
	   Memory (MB)          :       41     2000      2000
...
000 (407868.000.000) 10/23 16:35:46 Job submitted from host: <137.138.156.150:9618?addrs=137.138.156.150-9618+[2001-1458-d00-14--9a]-9618&noUDP&sock=4221_d558_7>
...
001 (407868.000.000) 10/23 16:37:58 Job executing on host: <188.184.204.197:9618?addrs=188.184.204.197-9618+[2001-1458-301-7d--100-523]-9618&noUDP&sock=1279_ddb8_3>
...
006 (407868.000.000) 10/23 16:38:06 Image size of job updated: 12860
	9  -  MemoryUsage of job (MB)
	8420  -  ResidentSetSize of job (KB)
...
006 (407868.000.000) 10/23 16:38:29 Image size of job updated: 14968
	9  -  MemoryUsage of job (MB)
	8420  -  ResidentSetSize of job (KB)
...
005 (407868.000.000) 10/23 16:38:29 Job terminated.
	(1) Normal termination (return value 139)
		Usr 0 00:00:02, Sys 0 00:00:00  -  Run Remote Usage
		Usr 0 00:00:00, Sys 0 00:00:00  -  Run Local Usage
		Usr 0 00:00:02, Sys 0 00:00:00  -  Total Remote Usage
		Usr 0 00:00:00, Sys 0 00:00:00  -  Total Local Usage
	3997  -  Run Bytes Sent By Job
	902  -  Run Bytes Received By Job
	3997  -  Total Bytes Sent By Job
	902  -  Total Bytes Received By Job
	Partitionable Resources :    Usage  Request Allocated
	   Cpus                 :                 1         1
	   Disk (KB)            :       20        1   2108380
	   Memory (MB)          :        9     2000      2000
...
000 (408667.000.000) 10/24 11:40:41 Job submitted from host: <137.138.156.150:9618?addrs=137.138.156.150-9618+[2001-1458-d00-14--9a]-9618&noUDP&sock=4221_d558_7>
...
001 (408667.000.000) 10/24 12:18:27 Job executing on host: <188.185.205.12:9618?addrs=188.185.205.12-9618+[2001-1459-301-64--100-6]-9618&noUDP&sock=1277_7e87_3>
...
006 (408667.000.000) 10/24 12:18:35 Image size of job updated: 848
	1  -  MemoryUsage of job (MB)
	848  -  ResidentSetSize of job (KB)
...
006 (408667.000.000) 10/24 12:22:01 Image size of job updated: 164704
	1  -  MemoryUsage of job (MB)
	848  -  ResidentSetSize of job (KB)
...
005 (408667.000.000) 10/24 12:22:02 Job terminated.
	(1) Normal termination (return value 1)
		Usr 0 00:00:02, Sys 0 00:00:00  -  Run Remote Usage
		Usr 0 00:00:00, Sys 0 00:00:00  -  Run Local Usage
		Usr 0 00:00:02, Sys 0 00:00:00  -  Total Remote Usage
		Usr 0 00:00:00, Sys 0 00:00:00  -  Total Local Usage
	12082  -  Run Bytes Sent By Job
	902  -  Run Bytes Received By Job
	12082  -  Total Bytes Sent By Job
	902  -  Total Bytes Received By Job
	Partitionable Resources :    Usage  Request Allocated
	   Cpus                 :                 1         1
	   Disk (KB)            :       28        1   2188609
	   Memory (MB)          :        1     2000      2000
...
