000 (407382.000.000) 10/23 15:26:40 Job submitted from host: <137.138.156.150:9618?addrs=137.138.156.150-9618+[2001-1458-d00-14--9a]-9618&noUDP&sock=4221_d558_7>
...
001 (407382.000.000) 10/23 15:26:47 Job executing on host: <188.184.204.103:9618?addrs=188.184.204.103-9618+[2001-1458-301-7d--100-4fd]-9618&noUDP&sock=1263_e434_3>
...
006 (407382.000.000) 10/23 15:26:55 Image size of job updated: 100412
	42  -  MemoryUsage of job (MB)
	42708  -  ResidentSetSize of job (KB)
...
006 (407382.000.000) 10/23 15:26:59 Image size of job updated: 448484
	42  -  MemoryUsage of job (MB)
	42712  -  ResidentSetSize of job (KB)
...
005 (407382.000.000) 10/23 15:27:00 Job terminated.
	(1) Normal termination (return value 1)
		Usr 0 00:00:00, Sys 0 00:00:00  -  Run Remote Usage
		Usr 0 00:00:00, Sys 0 00:00:00  -  Run Local Usage
		Usr 0 00:00:00, Sys 0 00:00:00  -  Total Remote Usage
		Usr 0 00:00:00, Sys 0 00:00:00  -  Total Local Usage
	792  -  Run Bytes Sent By Job
	902  -  Run Bytes Received By Job
	792  -  Total Bytes Sent By Job
	902  -  Total Bytes Received By Job
	Partitionable Resources :    Usage  Request Allocated
	   Cpus                 :                 1         1
	   Disk (KB)            :       17        1   2120099
	   Memory (MB)          :       42     2000      2000
...
000 (407915.000.000) 10/23 16:38:30 Job submitted from host: <137.138.156.150:9618?addrs=137.138.156.150-9618+[2001-1458-d00-14--9a]-9618&noUDP&sock=4221_d558_7>
...
001 (407915.000.000) 10/23 16:39:19 Job executing on host: <188.184.204.197:9618?addrs=188.184.204.197-9618+[2001-1458-301-7d--100-523]-9618&noUDP&sock=1279_ddb8_3>
...
006 (407915.000.000) 10/23 16:39:28 Image size of job updated: 17928
	10  -  MemoryUsage of job (MB)
	9808  -  ResidentSetSize of job (KB)
...
005 (407915.000.000) 10/23 16:39:49 Job terminated.
	(1) Normal termination (return value 139)
		Usr 0 00:00:02, Sys 0 00:00:00  -  Run Remote Usage
		Usr 0 00:00:00, Sys 0 00:00:00  -  Run Local Usage
		Usr 0 00:00:02, Sys 0 00:00:00  -  Total Remote Usage
		Usr 0 00:00:00, Sys 0 00:00:00  -  Total Local Usage
	4003  -  Run Bytes Sent By Job
	902  -  Run Bytes Received By Job
	4003  -  Total Bytes Sent By Job
	902  -  Total Bytes Received By Job
	Partitionable Resources :    Usage  Request Allocated
	   Cpus                 :                 1         1
	   Disk (KB)            :       20        1   2108440
	   Memory (MB)          :       10     2000      2000
...
000 (408682.000.000) 10/24 11:43:59 Job submitted from host: <137.138.156.150:9618?addrs=137.138.156.150-9618+[2001-1458-d00-14--9a]-9618&noUDP&sock=4221_d558_7>
...
001 (408682.000.000) 10/24 12:18:12 Job executing on host: <188.184.206.77:9618?addrs=188.184.206.77-9618+[2001-1458-301-7d--100-53f]-9618&noUDP&sock=1262_349c_3>
...
006 (408682.000.000) 10/24 12:18:21 Image size of job updated: 80528
	31  -  MemoryUsage of job (MB)
	31296  -  ResidentSetSize of job (KB)
...
006 (408682.000.000) 10/24 12:18:31 Image size of job updated: 472548
	31  -  MemoryUsage of job (MB)
	31356  -  ResidentSetSize of job (KB)
...
005 (408682.000.000) 10/24 12:18:34 Job terminated.
	(1) Normal termination (return value 1)
		Usr 0 00:00:01, Sys 0 00:00:00  -  Run Remote Usage
		Usr 0 00:00:00, Sys 0 00:00:00  -  Run Local Usage
		Usr 0 00:00:01, Sys 0 00:00:00  -  Total Remote Usage
		Usr 0 00:00:00, Sys 0 00:00:00  -  Total Local Usage
	12085  -  Run Bytes Sent By Job
	902  -  Run Bytes Received By Job
	12085  -  Total Bytes Sent By Job
	902  -  Total Bytes Received By Job
	Partitionable Resources :    Usage  Request Allocated
	   Cpus                 :                 1         1
	   Disk (KB)            :       28        1   2118438
	   Memory (MB)          :       31     2000      2000
...
