000 (407716.000.000) 10/23 16:10:01 Job submitted from host: <137.138.156.150:9618?addrs=137.138.156.150-9618+[2001-1458-d00-14--9a]-9618&noUDP&sock=4221_d558_7>
...
001 (407716.000.000) 10/23 16:13:38 Job executing on host: <188.184.204.151:9618?addrs=188.184.204.151-9618+[--1]-9618&noUDP&sock=1216_a740_3>
...
006 (407716.000.000) 10/23 16:13:47 Image size of job updated: 52164
	43  -  MemoryUsage of job (MB)
	43536  -  ResidentSetSize of job (KB)
...
005 (407716.000.000) 10/23 16:13:53 Job terminated.
	(1) Normal termination (return value 1)
		Usr 0 00:00:01, Sys 0 00:00:00  -  Run Remote Usage
		Usr 0 00:00:00, Sys 0 00:00:00  -  Run Local Usage
		Usr 0 00:00:01, Sys 0 00:00:00  -  Total Remote Usage
		Usr 0 00:00:00, Sys 0 00:00:00  -  Total Local Usage
	17419  -  Run Bytes Sent By Job
	902  -  Run Bytes Received By Job
	17419  -  Total Bytes Sent By Job
	902  -  Total Bytes Received By Job
	Partitionable Resources :    Usage  Request Allocated
	   Cpus                 :                 1         1
	   Disk (KB)            :       33        1   2194064
	   Memory (MB)          :       43     2000      2000
...
000 (408968.000.000) 10/24 14:51:09 Job submitted from host: <137.138.156.150:9618?addrs=137.138.156.150-9618+[2001-1458-d00-14--9a]-9618&noUDP&sock=4221_d558_7>
...
001 (408968.000.000) 10/24 14:52:04 Job executing on host: <188.184.205.251:9618?addrs=188.184.205.251-9618+[2001-1458-301-7d--100-535]-9618&noUDP&sock=1307_125f_3>
...
006 (408968.000.000) 10/24 14:52:13 Image size of job updated: 17896
	6  -  MemoryUsage of job (MB)
	5988  -  ResidentSetSize of job (KB)
...
006 (408968.000.000) 10/24 14:52:36 Image size of job updated: 471284
	6  -  MemoryUsage of job (MB)
	6000  -  ResidentSetSize of job (KB)
...
005 (408968.000.000) 10/24 14:52:36 Job terminated.
	(1) Normal termination (return value 1)
		Usr 0 00:00:01, Sys 0 00:00:00  -  Run Remote Usage
		Usr 0 00:00:00, Sys 0 00:00:00  -  Run Local Usage
		Usr 0 00:00:01, Sys 0 00:00:00  -  Total Remote Usage
		Usr 0 00:00:00, Sys 0 00:00:00  -  Total Local Usage
	17419  -  Run Bytes Sent By Job
	902  -  Run Bytes Received By Job
	17419  -  Total Bytes Sent By Job
	902  -  Total Bytes Received By Job
	Partitionable Resources :    Usage  Request Allocated
	   Cpus                 :                 1         1
	   Disk (KB)            :       33        1   2218521
	   Memory (MB)          :        6     2000      2000
...
