000 (407479.000.000) 10/23 15:42:11 Job submitted from host: <137.138.156.150:9618?addrs=137.138.156.150-9618+[2001-1458-d00-14--9a]-9618&noUDP&sock=4221_d558_7>
...
001 (407479.000.000) 10/23 15:46:13 Job executing on host: <188.184.205.90:9618?addrs=188.184.205.90-9618+[--1]-9618&noUDP&sock=1243_2c4f_3>
...
006 (407479.000.000) 10/23 15:46:21 Image size of job updated: 13968
	8  -  MemoryUsage of job (MB)
	8044  -  ResidentSetSize of job (KB)
...
006 (407479.000.000) 10/23 15:46:35 Image size of job updated: 53856
	8  -  MemoryUsage of job (MB)
	8044  -  ResidentSetSize of job (KB)
...
005 (407479.000.000) 10/23 15:46:35 Job terminated.
	(1) Normal termination (return value 1)
		Usr 0 00:00:01, Sys 0 00:00:00  -  Run Remote Usage
		Usr 0 00:00:00, Sys 0 00:00:00  -  Run Local Usage
		Usr 0 00:00:01, Sys 0 00:00:00  -  Total Remote Usage
		Usr 0 00:00:00, Sys 0 00:00:00  -  Total Local Usage
	789  -  Run Bytes Sent By Job
	902  -  Run Bytes Received By Job
	789  -  Total Bytes Sent By Job
	902  -  Total Bytes Received By Job
	Partitionable Resources :    Usage  Request Allocated
	   Cpus                 :                 1         1
	   Disk (KB)            :       16        1   2190725
	   Memory (MB)          :        8     2000      2000
...
000 (408724.000.000) 10/24 13:15:21 Job submitted from host: <137.138.156.150:9618?addrs=137.138.156.150-9618+[2001-1458-d00-14--9a]-9618&noUDP&sock=4221_d558_7>
...
001 (408724.000.000) 10/24 13:16:08 Job executing on host: <188.184.205.28:9618?addrs=188.184.205.28-9618+[2001-1458-301-7d--100-510]-9618&noUDP&sock=1289_b9aa_3>
...
006 (408724.000.000) 10/24 13:16:16 Image size of job updated: 22552
	7  -  MemoryUsage of job (MB)
	7068  -  ResidentSetSize of job (KB)
...
006 (408724.000.000) 10/24 13:16:29 Image size of job updated: 80492
	7  -  MemoryUsage of job (MB)
	7072  -  ResidentSetSize of job (KB)
...
005 (408724.000.000) 10/24 13:16:29 Job terminated.
	(1) Normal termination (return value 1)
		Usr 0 00:00:01, Sys 0 00:00:00  -  Run Remote Usage
		Usr 0 00:00:00, Sys 0 00:00:00  -  Run Local Usage
		Usr 0 00:00:01, Sys 0 00:00:00  -  Total Remote Usage
		Usr 0 00:00:00, Sys 0 00:00:00  -  Total Local Usage
	3453  -  Run Bytes Sent By Job
	902  -  Run Bytes Received By Job
	3453  -  Total Bytes Sent By Job
	902  -  Total Bytes Received By Job
	Partitionable Resources :    Usage  Request Allocated
	   Cpus                 :                 1         1
	   Disk (KB)            :       19        1   2162856
	   Memory (MB)          :        7     2000      2000
...
