000 (407553.000.000) 10/23 15:46:31 Job submitted from host: <137.138.156.150:9618?addrs=137.138.156.150-9618+[2001-1458-d00-14--9a]-9618&noUDP&sock=4221_d558_7>
...
001 (407553.000.000) 10/23 15:47:13 Job executing on host: <188.184.206.122:9618?addrs=188.184.206.122-9618+[2001-1458-301-7d--100-549]-9618&noUDP&sock=1251_a911_3>
...
006 (407553.000.000) 10/23 15:47:21 Image size of job updated: 16828
	8  -  MemoryUsage of job (MB)
	8088  -  ResidentSetSize of job (KB)
...
006 (407553.000.000) 10/23 15:47:35 Image size of job updated: 75252
	8  -  MemoryUsage of job (MB)
	8092  -  ResidentSetSize of job (KB)
...
005 (407553.000.000) 10/23 15:47:35 Job terminated.
	(1) Normal termination (return value 1)
		Usr 0 00:00:00, Sys 0 00:00:00  -  Run Remote Usage
		Usr 0 00:00:00, Sys 0 00:00:00  -  Run Local Usage
		Usr 0 00:00:00, Sys 0 00:00:00  -  Total Remote Usage
		Usr 0 00:00:00, Sys 0 00:00:00  -  Total Local Usage
	790  -  Run Bytes Sent By Job
	902  -  Run Bytes Received By Job
	790  -  Total Bytes Sent By Job
	902  -  Total Bytes Received By Job
	Partitionable Resources :    Usage  Request Allocated
	   Cpus                 :                 1         1
	   Disk (KB)            :       17        1   2213273
	   Memory (MB)          :        8     2000      2000
...
000 (408798.000.000) 10/24 13:19:40 Job submitted from host: <137.138.156.150:9618?addrs=137.138.156.150-9618+[2001-1458-d00-14--9a]-9618&noUDP&sock=4221_d558_7>
...
001 (408798.000.000) 10/24 13:19:50 Job executing on host: <188.185.214.18:9618?addrs=188.185.214.18-9618+[2001-1459-301-99--100-c]-9618&noUDP&sock=1282_ec81_3>
...
006 (408798.000.000) 10/24 13:19:59 Image size of job updated: 16408
	8  -  MemoryUsage of job (MB)
	7324  -  ResidentSetSize of job (KB)
...
006 (408798.000.000) 10/24 13:20:38 Image size of job updated: 111316
	8  -  MemoryUsage of job (MB)
	7332  -  ResidentSetSize of job (KB)
...
005 (408798.000.000) 10/24 13:20:39 Job terminated.
	(1) Normal termination (return value 1)
		Usr 0 00:00:01, Sys 0 00:00:00  -  Run Remote Usage
		Usr 0 00:00:00, Sys 0 00:00:00  -  Run Local Usage
		Usr 0 00:00:01, Sys 0 00:00:00  -  Total Remote Usage
		Usr 0 00:00:00, Sys 0 00:00:00  -  Total Local Usage
	9797  -  Run Bytes Sent By Job
	902  -  Run Bytes Received By Job
	9797  -  Total Bytes Sent By Job
	902  -  Total Bytes Received By Job
	Partitionable Resources :    Usage  Request Allocated
	   Cpus                 :                 1         1
	   Disk (KB)            :       25        1   2163326
	   Memory (MB)          :        8     2000      2000
...
