000 (407494.000.000) 10/23 15:43:12 Job submitted from host: <137.138.156.150:9618?addrs=137.138.156.150-9618+[2001-1458-d00-14--9a]-9618&noUDP&sock=4221_d558_7>
...
001 (407494.000.000) 10/23 15:46:33 Job executing on host: <188.184.205.239:9618?addrs=188.184.205.239-9618+[2001-1458-301-7d--100-532]-9618&noUDP&sock=1265_4364_3>
...
006 (407494.000.000) 10/23 15:46:41 Image size of job updated: 70760
	41  -  MemoryUsage of job (MB)
	41604  -  ResidentSetSize of job (KB)
...
006 (407494.000.000) 10/23 15:46:46 Image size of job updated: 70760
	41  -  MemoryUsage of job (MB)
	41616  -  ResidentSetSize of job (KB)
...
005 (407494.000.000) 10/23 15:46:55 Job terminated.
	(1) Normal termination (return value 1)
		Usr 0 00:00:01, Sys 0 00:00:00  -  Run Remote Usage
		Usr 0 00:00:00, Sys 0 00:00:00  -  Run Local Usage
		Usr 0 00:00:01, Sys 0 00:00:00  -  Total Remote Usage
		Usr 0 00:00:00, Sys 0 00:00:00  -  Total Local Usage
	791  -  Run Bytes Sent By Job
	902  -  Run Bytes Received By Job
	791  -  Total Bytes Sent By Job
	902  -  Total Bytes Received By Job
	Partitionable Resources :    Usage  Request Allocated
	   Cpus                 :                 1         1
	   Disk (KB)            :       17        1   2200446
	   Memory (MB)          :       41     2000      2000
...
000 (408739.000.000) 10/24 13:16:05 Job submitted from host: <137.138.156.150:9618?addrs=137.138.156.150-9618+[2001-1458-d00-14--9a]-9618&noUDP&sock=4221_d558_7>
...
001 (408739.000.000) 10/24 13:16:24 Job executing on host: <188.184.204.189:9618?addrs=188.184.204.189-9618+[2001-1458-301-7d--100-505]-9618&noUDP&sock=1290_6943_3>
...
006 (408739.000.000) 10/24 13:16:33 Image size of job updated: 99324
	41  -  MemoryUsage of job (MB)
	41624  -  ResidentSetSize of job (KB)
...
006 (408739.000.000) 10/24 13:16:39 Image size of job updated: 147580
	41  -  MemoryUsage of job (MB)
	41628  -  ResidentSetSize of job (KB)
...
005 (408739.000.000) 10/24 13:16:39 Job terminated.
	(1) Normal termination (return value 1)
		Usr 0 00:00:01, Sys 0 00:00:00  -  Run Remote Usage
		Usr 0 00:00:00, Sys 0 00:00:00  -  Run Local Usage
		Usr 0 00:00:01, Sys 0 00:00:00  -  Total Remote Usage
		Usr 0 00:00:00, Sys 0 00:00:00  -  Total Local Usage
	3464  -  Run Bytes Sent By Job
	902  -  Run Bytes Received By Job
	3464  -  Total Bytes Sent By Job
	902  -  Total Bytes Received By Job
	Partitionable Resources :    Usage  Request Allocated
	   Cpus                 :                 1         1
	   Disk (KB)            :       19        1   2196271
	   Memory (MB)          :       41     2000      2000
...
