000 (407669.000.000) 10/23 16:07:00 Job submitted from host: <137.138.156.150:9618?addrs=137.138.156.150-9618+[2001-1458-d00-14--9a]-9618&noUDP&sock=4221_d558_7>
...
001 (407669.000.000) 10/23 16:11:18 Job executing on host: <188.184.205.210:9618?addrs=188.184.205.210-9618+[2001-1458-301-7d--100-528]-9618&noUDP&sock=1287_5a7a_3>
...
006 (407669.000.000) 10/23 16:11:26 Image size of job updated: 90216
	44  -  MemoryUsage of job (MB)
	44756  -  ResidentSetSize of job (KB)
...
006 (407669.000.000) 10/23 16:11:29 Image size of job updated: 108012
	44  -  MemoryUsage of job (MB)
	44796  -  ResidentSetSize of job (KB)
...
005 (407669.000.000) 10/23 16:11:29 Job terminated.
	(1) Normal termination (return value 1)
		Usr 0 00:00:01, Sys 0 00:00:00  -  Run Remote Usage
		Usr 0 00:00:00, Sys 0 00:00:00  -  Run Local Usage
		Usr 0 00:00:01, Sys 0 00:00:00  -  Total Remote Usage
		Usr 0 00:00:00, Sys 0 00:00:00  -  Total Local Usage
	10874  -  Run Bytes Sent By Job
	902  -  Run Bytes Received By Job
	10874  -  Total Bytes Sent By Job
	902  -  Total Bytes Received By Job
	Partitionable Resources :    Usage  Request Allocated
	   Cpus                 :                 1         1
	   Disk (KB)            :       27        1   2215557
	   Memory (MB)          :       44     2000      2000
...
000 (408920.000.000) 10/24 14:48:02 Job submitted from host: <137.138.156.150:9618?addrs=137.138.156.150-9618+[2001-1458-d00-14--9a]-9618&noUDP&sock=4221_d558_7>
...
001 (408920.000.000) 10/24 14:51:51 Job executing on host: <188.185.201.148:9618?addrs=188.185.201.148-9618+[2001-1459-301-60--100-8e]-9618&noUDP&sock=1239_6dee_3>
...
006 (408920.000.000) 10/24 14:52:00 Image size of job updated: 22660
	8  -  MemoryUsage of job (MB)
	7176  -  ResidentSetSize of job (KB)
...
006 (408920.000.000) 10/24 14:52:17 Image size of job updated: 147164
	8  -  MemoryUsage of job (MB)
	7184  -  ResidentSetSize of job (KB)
...
005 (408920.000.000) 10/24 14:52:17 Job terminated.
	(1) Normal termination (return value 1)
		Usr 0 00:00:01, Sys 0 00:00:00  -  Run Remote Usage
		Usr 0 00:00:00, Sys 0 00:00:00  -  Run Local Usage
		Usr 0 00:00:01, Sys 0 00:00:00  -  Total Remote Usage
		Usr 0 00:00:00, Sys 0 00:00:00  -  Total Local Usage
	10874  -  Run Bytes Sent By Job
	902  -  Run Bytes Received By Job
	10874  -  Total Bytes Sent By Job
	902  -  Total Bytes Received By Job
	Partitionable Resources :    Usage  Request Allocated
	   Cpus                 :                 1         1
	   Disk (KB)            :       26        1   2182472
	   Memory (MB)          :        8     2000      2000
...
