000 (407442.000.000) 10/23 15:30:30 Job submitted from host: <137.138.156.150:9618?addrs=137.138.156.150-9618+[2001-1458-d00-14--9a]-9618&noUDP&sock=4221_d558_7>
...
001 (407442.000.000) 10/23 15:31:14 Job executing on host: <188.184.205.90:9618?addrs=188.184.205.90-9618+[--1]-9618&noUDP&sock=1243_2c4f_3>
...
006 (407442.000.000) 10/23 15:31:22 Image size of job updated: 9340
	8  -  MemoryUsage of job (MB)
	7720  -  ResidentSetSize of job (KB)
...
006 (407442.000.000) 10/23 15:31:36 Image size of job updated: 58628
	8  -  MemoryUsage of job (MB)
	7724  -  ResidentSetSize of job (KB)
...
005 (407442.000.000) 10/23 15:31:37 Job terminated.
	(1) Normal termination (return value 1)
		Usr 0 00:00:01, Sys 0 00:00:00  -  Run Remote Usage
		Usr 0 00:00:00, Sys 0 00:00:00  -  Run Local Usage
		Usr 0 00:00:01, Sys 0 00:00:00  -  Total Remote Usage
		Usr 0 00:00:00, Sys 0 00:00:00  -  Total Local Usage
	792  -  Run Bytes Sent By Job
	902  -  Run Bytes Received By Job
	792  -  Total Bytes Sent By Job
	902  -  Total Bytes Received By Job
	Partitionable Resources :    Usage  Request Allocated
	   Cpus                 :                 1         1
	   Disk (KB)            :       16        1   2190719
	   Memory (MB)          :        8     2000      2000
...
000 (407975.000.000) 10/23 16:43:50 Job submitted from host: <137.138.156.150:9618?addrs=137.138.156.150-9618+[2001-1458-d00-14--9a]-9618&noUDP&sock=4221_d558_7>
...
001 (407975.000.000) 10/23 16:45:01 Job executing on host: <188.184.205.239:9618?addrs=188.184.205.239-9618+[2001-1458-301-7d--100-532]-9618&noUDP&sock=1265_4364_3>
...
006 (407975.000.000) 10/23 16:45:10 Image size of job updated: 76780
	44  -  MemoryUsage of job (MB)
	44368  -  ResidentSetSize of job (KB)
...
006 (407975.000.000) 10/23 16:45:19 Image size of job updated: 160468
	44  -  MemoryUsage of job (MB)
	44380  -  ResidentSetSize of job (KB)
...
005 (407975.000.000) 10/23 16:45:19 Job terminated.
	(1) Normal termination (return value 1)
		Usr 0 00:00:01, Sys 0 00:00:00  -  Run Remote Usage
		Usr 0 00:00:00, Sys 0 00:00:00  -  Run Local Usage
		Usr 0 00:00:01, Sys 0 00:00:00  -  Total Remote Usage
		Usr 0 00:00:00, Sys 0 00:00:00  -  Total Local Usage
	12085  -  Run Bytes Sent By Job
	902  -  Run Bytes Received By Job
	12085  -  Total Bytes Sent By Job
	902  -  Total Bytes Received By Job
	Partitionable Resources :    Usage  Request Allocated
	   Cpus                 :                 1         1
	   Disk (KB)            :       28        1   2200370
	   Memory (MB)          :       44     2000      2000
...
