000 (407338.000.000) 10/23 15:23:52 Job submitted from host: <137.138.156.150:9618?addrs=137.138.156.150-9618+[2001-1458-d00-14--9a]-9618&noUDP&sock=4221_d558_7>
...
001 (407338.000.000) 10/23 15:24:08 Job executing on host: <188.184.206.77:9618?addrs=188.184.206.77-9618+[2001-1458-301-7d--100-53f]-9618&noUDP&sock=1262_349c_3>
...
006 (407338.000.000) 10/23 15:24:16 Image size of job updated: 94224
	43  -  MemoryUsage of job (MB)
	43536  -  ResidentSetSize of job (KB)
...
006 (407338.000.000) 10/23 15:24:21 Image size of job updated: 413356
	43  -  MemoryUsage of job (MB)
	43536  -  ResidentSetSize of job (KB)
...
005 (407338.000.000) 10/23 15:24:21 Job terminated.
	(1) Normal termination (return value 1)
		Usr 0 00:00:00, Sys 0 00:00:00  -  Run Remote Usage
		Usr 0 00:00:00, Sys 0 00:00:00  -  Run Local Usage
		Usr 0 00:00:00, Sys 0 00:00:00  -  Total Remote Usage
		Usr 0 00:00:00, Sys 0 00:00:00  -  Total Local Usage
	791  -  Run Bytes Sent By Job
	902  -  Run Bytes Received By Job
	791  -  Total Bytes Sent By Job
	902  -  Total Bytes Received By Job
	Partitionable Resources :    Usage  Request Allocated
	   Cpus                 :                 1         1
	   Disk (KB)            :       17        1   2127014
	   Memory (MB)          :       43     2000      2000
...
000 (407857.000.000) 10/23 16:35:27 Job submitted from host: <137.138.156.150:9618?addrs=137.138.156.150-9618+[2001-1458-d00-14--9a]-9618&noUDP&sock=4221_d558_7>
...
001 (407857.000.000) 10/23 16:37:39 Job executing on host: <188.185.208.159:9618?addrs=188.185.208.159-9618+[--1]-9618&noUDP&sock=1265_4364_3>
...
006 (407857.000.000) 10/23 16:37:47 Image size of job updated: 83040
	44  -  MemoryUsage of job (MB)
	44204  -  ResidentSetSize of job (KB)
...
006 (407857.000.000) 10/23 16:38:00 Image size of job updated: 161888
	44  -  MemoryUsage of job (MB)
	44204  -  ResidentSetSize of job (KB)
...
005 (407857.000.000) 10/23 16:38:00 Job terminated.
	(1) Normal termination (return value 1)
		Usr 0 00:00:01, Sys 0 00:00:00  -  Run Remote Usage
		Usr 0 00:00:00, Sys 0 00:00:00  -  Run Local Usage
		Usr 0 00:00:01, Sys 0 00:00:00  -  Total Remote Usage
		Usr 0 00:00:00, Sys 0 00:00:00  -  Total Local Usage
	12084  -  Run Bytes Sent By Job
	902  -  Run Bytes Received By Job
	12084  -  Total Bytes Sent By Job
	902  -  Total Bytes Received By Job
	Partitionable Resources :    Usage  Request Allocated
	   Cpus                 :                 1         1
	   Disk (KB)            :       28        1   2173417
	   Memory (MB)          :       44     2000      2000
...
