000 (407187.000.000) 10/23 15:01:34 Job submitted from host: <137.138.156.150:9618?addrs=137.138.156.150-9618+[2001-1458-d00-14--9a]-9618&noUDP&sock=4221_d558_7>
...
001 (407187.000.000) 10/23 15:03:42 Job executing on host: <188.185.213.191:9618?addrs=188.185.213.191-9618+[2001-1459-301-98--100-b9]-9618&noUDP&sock=1258_763b_3>
...
006 (407187.000.000) 10/23 15:03:52 Image size of job updated: 12768
	8  -  MemoryUsage of job (MB)
	7816  -  ResidentSetSize of job (KB)
...
006 (407187.000.000) 10/23 15:04:15 Image size of job updated: 167236
	8  -  MemoryUsage of job (MB)
	7824  -  ResidentSetSize of job (KB)
...
005 (407187.000.000) 10/23 15:04:15 Job terminated.
	(1) Normal termination (return value 1)
		Usr 0 00:00:00, Sys 0 00:00:00  -  Run Remote Usage
		Usr 0 00:00:00, Sys 0 00:00:00  -  Run Local Usage
		Usr 0 00:00:00, Sys 0 00:00:00  -  Total Remote Usage
		Usr 0 00:00:00, Sys 0 00:00:00  -  Total Local Usage
	12093  -  Run Bytes Sent By Job
	902  -  Run Bytes Received By Job
	12093  -  Total Bytes Sent By Job
	902  -  Total Bytes Received By Job
	Partitionable Resources :    Usage  Request Allocated
	   Cpus                 :                 1         1
	   Disk (KB)            :       28        1   2154641
	   Memory (MB)          :        8     2000      2000
...
