000 (407687.000.000) 10/23 16:08:13 Job submitted from host: <137.138.156.150:9618?addrs=137.138.156.150-9618+[2001-1458-d00-14--9a]-9618&noUDP&sock=4221_d558_7>
...
001 (407687.000.000) 10/23 16:12:59 Job executing on host: <188.184.204.103:9618?addrs=188.184.204.103-9618+[2001-1458-301-7d--100-4fd]-9618&noUDP&sock=1263_e434_3>
...
006 (407687.000.000) 10/23 16:13:08 Image size of job updated: 8900
	8  -  MemoryUsage of job (MB)
	8020  -  ResidentSetSize of job (KB)
...
006 (407687.000.000) 10/23 16:13:24 Image size of job updated: 25940
	8  -  MemoryUsage of job (MB)
	8020  -  ResidentSetSize of job (KB)
...
005 (407687.000.000) 10/23 16:13:24 Job terminated.
	(1) Normal termination (return value 1)
		Usr 0 00:00:01, Sys 0 00:00:00  -  Run Remote Usage
		Usr 0 00:00:00, Sys 0 00:00:00  -  Run Local Usage
		Usr 0 00:00:01, Sys 0 00:00:00  -  Total Remote Usage
		Usr 0 00:00:00, Sys 0 00:00:00  -  Total Local Usage
	19599  -  Run Bytes Sent By Job
	902  -  Run Bytes Received By Job
	19599  -  Total Bytes Sent By Job
	902  -  Total Bytes Received By Job
	Partitionable Resources :    Usage  Request Allocated
	   Cpus                 :                 1         1
	   Disk (KB)            :       35        1   2119255
	   Memory (MB)          :        8     2000      2000
...
000 (408938.000.000) 10/24 14:49:15 Job submitted from host: <137.138.156.150:9618?addrs=137.138.156.150-9618+[2001-1458-d00-14--9a]-9618&noUDP&sock=4221_d558_7>
...
001 (408938.000.000) 10/24 14:51:57 Job executing on host: <188.184.206.253:9618?addrs=188.184.206.253-9618+[2001-1458-301-7d--100-55d]-9618&noUDP&sock=1264_93cc_3>
...
006 (408938.000.000) 10/24 14:52:05 Image size of job updated: 20812
	8  -  MemoryUsage of job (MB)
	7240  -  ResidentSetSize of job (KB)
...
006 (408938.000.000) 10/24 14:52:23 Image size of job updated: 93620
	8  -  MemoryUsage of job (MB)
	7240  -  ResidentSetSize of job (KB)
...
005 (408938.000.000) 10/24 14:52:23 Job terminated.
	(1) Normal termination (return value 1)
		Usr 0 00:00:01, Sys 0 00:00:00  -  Run Remote Usage
		Usr 0 00:00:00, Sys 0 00:00:00  -  Run Local Usage
		Usr 0 00:00:01, Sys 0 00:00:00  -  Total Remote Usage
		Usr 0 00:00:00, Sys 0 00:00:00  -  Total Local Usage
	19599  -  Run Bytes Sent By Job
	902  -  Run Bytes Received By Job
	19599  -  Total Bytes Sent By Job
	902  -  Total Bytes Received By Job
	Partitionable Resources :    Usage  Request Allocated
	   Cpus                 :                 1         1
	   Disk (KB)            :       35        1   2107856
	   Memory (MB)          :        8     2000      2000
...
