000 (407613.000.000) 10/23 15:50:22 Job submitted from host: <137.138.156.150:9618?addrs=137.138.156.150-9618+[2001-1458-d00-14--9a]-9618&noUDP&sock=4221_d558_7>
...
001 (407613.000.000) 10/23 15:50:27 Job executing on host: <188.184.206.122:9618?addrs=188.184.206.122-9618+[2001-1458-301-7d--100-549]-9618&noUDP&sock=1251_a911_3>
...
006 (407613.000.000) 10/23 15:50:36 Image size of job updated: 99772
	42  -  MemoryUsage of job (MB)
	42072  -  ResidentSetSize of job (KB)
...
006 (407613.000.000) 10/23 15:50:40 Image size of job updated: 99772
	42  -  MemoryUsage of job (MB)
	42132  -  ResidentSetSize of job (KB)
...
005 (407613.000.000) 10/23 15:50:40 Job terminated.
	(1) Normal termination (return value 1)
		Usr 0 00:00:01, Sys 0 00:00:00  -  Run Remote Usage
		Usr 0 00:00:00, Sys 0 00:00:00  -  Run Local Usage
		Usr 0 00:00:01, Sys 0 00:00:00  -  Total Remote Usage
		Usr 0 00:00:00, Sys 0 00:00:00  -  Total Local Usage
	790  -  Run Bytes Sent By Job
	902  -  Run Bytes Received By Job
	790  -  Total Bytes Sent By Job
	902  -  Total Bytes Received By Job
	Partitionable Resources :    Usage  Request Allocated
	   Cpus                 :                 1         1
	   Disk (KB)            :       17        1   2213268
	   Memory (MB)          :       42     2000      2000
...
000 (408859.000.000) 10/24 13:23:23 Job submitted from host: <137.138.156.150:9618?addrs=137.138.156.150-9618+[2001-1458-d00-14--9a]-9618&noUDP&sock=4221_d558_7>
...
001 (408859.000.000) 10/24 13:23:33 Job executing on host: <188.185.214.18:9618?addrs=188.185.214.18-9618+[2001-1459-301-99--100-c]-9618&noUDP&sock=1282_ec81_3>
...
006 (408859.000.000) 10/24 13:23:43 Image size of job updated: 12728
	6  -  MemoryUsage of job (MB)
	6052  -  ResidentSetSize of job (KB)
...
006 (408859.000.000) 10/24 13:25:05 Image size of job updated: 631036
	6  -  MemoryUsage of job (MB)
	6088  -  ResidentSetSize of job (KB)
...
005 (408859.000.000) 10/24 13:25:06 Job terminated.
	(1) Normal termination (return value 139)
		Usr 0 00:00:02, Sys 0 00:00:00  -  Run Remote Usage
		Usr 0 00:00:00, Sys 0 00:00:00  -  Run Local Usage
		Usr 0 00:00:02, Sys 0 00:00:00  -  Total Remote Usage
		Usr 0 00:00:00, Sys 0 00:00:00  -  Total Local Usage
	4209  -  Run Bytes Sent By Job
	902  -  Run Bytes Received By Job
	4209  -  Total Bytes Sent By Job
	902  -  Total Bytes Received By Job
	Partitionable Resources :    Usage  Request Allocated
	   Cpus                 :                 1         1
	   Disk (KB)            :       20        1   2163326
	   Memory (MB)          :        6     2000      2000
...
