000 (407476.000.000) 10/23 15:42:01 Job submitted from host: <137.138.156.150:9618?addrs=137.138.156.150-9618+[2001-1458-d00-14--9a]-9618&noUDP&sock=4221_d558_7>
...
001 (407476.000.000) 10/23 15:46:11 Job executing on host: <188.184.205.67:9618?addrs=188.184.205.67-9618+[2001-1458-301-7d--100-515]-9618&noUDP&sock=1274_6fbf_3>
...
006 (407476.000.000) 10/23 15:46:20 Image size of job updated: 31852
	24  -  MemoryUsage of job (MB)
	24560  -  ResidentSetSize of job (KB)
...
006 (407476.000.000) 10/23 15:46:31 Image size of job updated: 53244
	24  -  MemoryUsage of job (MB)
	24564  -  ResidentSetSize of job (KB)
...
005 (407476.000.000) 10/23 15:46:31 Job terminated.
	(1) Normal termination (return value 1)
		Usr 0 00:00:00, Sys 0 00:00:00  -  Run Remote Usage
		Usr 0 00:00:00, Sys 0 00:00:00  -  Run Local Usage
		Usr 0 00:00:00, Sys 0 00:00:00  -  Total Remote Usage
		Usr 0 00:00:00, Sys 0 00:00:00  -  Total Local Usage
	791  -  Run Bytes Sent By Job
	902  -  Run Bytes Received By Job
	791  -  Total Bytes Sent By Job
	902  -  Total Bytes Received By Job
	Partitionable Resources :    Usage  Request Allocated
	   Cpus                 :                 1         1
	   Disk (KB)            :       16        1   2127764
	   Memory (MB)          :       24     2000      2000
...
000 (408721.000.000) 10/24 13:15:10 Job submitted from host: <137.138.156.150:9618?addrs=137.138.156.150-9618+[2001-1458-d00-14--9a]-9618&noUDP&sock=4221_d558_7>
...
001 (408721.000.000) 10/24 13:16:08 Job executing on host: <188.184.206.38:9618?addrs=188.184.206.38-9618+[2001-1458-301-7d--100-545]-9618&noUDP&sock=1263_e434_3>
...
006 (408721.000.000) 10/24 13:16:16 Image size of job updated: 21096
	7  -  MemoryUsage of job (MB)
	6448  -  ResidentSetSize of job (KB)
...
006 (408721.000.000) 10/24 13:16:27 Image size of job updated: 142744
	7  -  MemoryUsage of job (MB)
	6448  -  ResidentSetSize of job (KB)
...
005 (408721.000.000) 10/24 13:16:27 Job terminated.
	(1) Normal termination (return value 1)
		Usr 0 00:00:01, Sys 0 00:00:00  -  Run Remote Usage
		Usr 0 00:00:00, Sys 0 00:00:00  -  Run Local Usage
		Usr 0 00:00:01, Sys 0 00:00:00  -  Total Remote Usage
		Usr 0 00:00:00, Sys 0 00:00:00  -  Total Local Usage
	5645  -  Run Bytes Sent By Job
	902  -  Run Bytes Received By Job
	5645  -  Total Bytes Sent By Job
	902  -  Total Bytes Received By Job
	Partitionable Resources :    Usage  Request Allocated
	   Cpus                 :                 1         1
	   Disk (KB)            :       21        1   2206169
	   Memory (MB)          :        7     2000      2000
...
