000 (407541.000.000) 10/23 15:45:54 Job submitted from host: <137.138.156.150:9618?addrs=137.138.156.150-9618+[2001-1458-d00-14--9a]-9618&noUDP&sock=4221_d558_7>
...
001 (407541.000.000) 10/23 15:47:10 Job executing on host: <188.184.204.218:9618?addrs=188.184.204.218-9618+[2001-1458-301-7d--100-513]-9618&noUDP&sock=1283_9c19_3>
...
006 (407541.000.000) 10/23 15:47:18 Image size of job updated: 65352
	42  -  MemoryUsage of job (MB)
	42512  -  ResidentSetSize of job (KB)
...
006 (407541.000.000) 10/23 15:47:24 Image size of job updated: 448556
	42  -  MemoryUsage of job (MB)
	42528  -  ResidentSetSize of job (KB)
...
005 (407541.000.000) 10/23 15:47:24 Job terminated.
	(1) Normal termination (return value 1)
		Usr 0 00:00:01, Sys 0 00:00:00  -  Run Remote Usage
		Usr 0 00:00:00, Sys 0 00:00:00  -  Run Local Usage
		Usr 0 00:00:01, Sys 0 00:00:00  -  Total Remote Usage
		Usr 0 00:00:00, Sys 0 00:00:00  -  Total Local Usage
	787  -  Run Bytes Sent By Job
	902  -  Run Bytes Received By Job
	787  -  Total Bytes Sent By Job
	902  -  Total Bytes Received By Job
	Partitionable Resources :    Usage  Request Allocated
	   Cpus                 :                 1         1
	   Disk (KB)            :       17        1   2101840
	   Memory (MB)          :       42     2000      2000
...
000 (408786.000.000) 10/24 13:19:00 Job submitted from host: <137.138.156.150:9618?addrs=137.138.156.150-9618+[2001-1458-d00-14--9a]-9618&noUDP&sock=4221_d558_7>
...
001 (408786.000.000) 10/24 13:19:05 Job executing on host: <188.184.205.90:9618?addrs=188.184.205.90-9618+[--1]-9618&noUDP&sock=1243_2c4f_3>
...
006 (408786.000.000) 10/24 13:19:14 Image size of job updated: 24132
	9  -  MemoryUsage of job (MB)
	8360  -  ResidentSetSize of job (KB)
...
006 (408786.000.000) 10/24 13:19:23 Image size of job updated: 82148
	9  -  MemoryUsage of job (MB)
	8372  -  ResidentSetSize of job (KB)
...
005 (408786.000.000) 10/24 13:19:23 Job terminated.
	(1) Normal termination (return value 1)
		Usr 0 00:00:01, Sys 0 00:00:00  -  Run Remote Usage
		Usr 0 00:00:00, Sys 0 00:00:00  -  Run Local Usage
		Usr 0 00:00:01, Sys 0 00:00:00  -  Total Remote Usage
		Usr 0 00:00:00, Sys 0 00:00:00  -  Total Local Usage
	5643  -  Run Bytes Sent By Job
	902  -  Run Bytes Received By Job
	5643  -  Total Bytes Sent By Job
	902  -  Total Bytes Received By Job
	Partitionable Resources :    Usage  Request Allocated
	   Cpus                 :                 1         1
	   Disk (KB)            :       21        1   2180780
	   Memory (MB)          :        9     2000      2000
...
