000 (407653.000.000) 10/23 15:52:29 Job submitted from host: <137.138.156.150:9618?addrs=137.138.156.150-9618+[2001-1458-d00-14--9a]-9618&noUDP&sock=4221_d558_7>
...
001 (407653.000.000) 10/23 15:55:02 Job executing on host: <188.184.205.90:9618?addrs=188.184.205.90-9618+[--1]-9618&noUDP&sock=1243_2c4f_3>
...
006 (407653.000.000) 10/23 15:55:11 Image size of job updated: 22856
	8  -  MemoryUsage of job (MB)
	7372  -  ResidentSetSize of job (KB)
...
006 (407653.000.000) 10/23 15:55:20 Image size of job updated: 138696
	8  -  MemoryUsage of job (MB)
	7372  -  ResidentSetSize of job (KB)
...
005 (407653.000.000) 10/23 15:55:20 Job terminated.
	(1) Normal termination (return value 1)
		Usr 0 00:00:01, Sys 0 00:00:00  -  Run Remote Usage
		Usr 0 00:00:00, Sys 0 00:00:00  -  Run Local Usage
		Usr 0 00:00:01, Sys 0 00:00:00  -  Total Remote Usage
		Usr 0 00:00:00, Sys 0 00:00:00  -  Total Local Usage
	89873  -  Run Bytes Sent By Job
	902  -  Run Bytes Received By Job
	89873  -  Total Bytes Sent By Job
	902  -  Total Bytes Received By Job
	Partitionable Resources :    Usage  Request Allocated
	   Cpus                 :                 1         1
	   Disk (KB)            :      103        1   2190719
	   Memory (MB)          :        8     2000      2000
...
