000 (407450.000.000) 10/23 15:30:56 Job submitted from host: <137.138.156.150:9618?addrs=137.138.156.150-9618+[2001-1458-d00-14--9a]-9618&noUDP&sock=4221_d558_7>
...
001 (407450.000.000) 10/23 15:31:23 Job executing on host: <188.184.186.253:9618?addrs=188.184.186.253-9618+[2001-1458-301-f8--15]-9618&noUDP&sock=1310_2127_3>
...
006 (407450.000.000) 10/23 15:31:31 Image size of job updated: 99556
	41  -  MemoryUsage of job (MB)
	41852  -  ResidentSetSize of job (KB)
...
006 (407450.000.000) 10/23 15:31:37 Image size of job updated: 141304
	41  -  MemoryUsage of job (MB)
	41856  -  ResidentSetSize of job (KB)
...
005 (407450.000.000) 10/23 15:31:37 Job terminated.
	(1) Normal termination (return value 1)
		Usr 0 00:00:01, Sys 0 00:00:00  -  Run Remote Usage
		Usr 0 00:00:00, Sys 0 00:00:00  -  Run Local Usage
		Usr 0 00:00:01, Sys 0 00:00:00  -  Total Remote Usage
		Usr 0 00:00:00, Sys 0 00:00:00  -  Total Local Usage
	794  -  Run Bytes Sent By Job
	902  -  Run Bytes Received By Job
	794  -  Total Bytes Sent By Job
	902  -  Total Bytes Received By Job
	Partitionable Resources :    Usage  Request Allocated
	   Cpus                 :                 1         1
	   Disk (KB)            :       17        1   2082717
	   Memory (MB)          :       41     2000      2000
...
000 (407983.000.000) 10/23 16:44:26 Job submitted from host: <137.138.156.150:9618?addrs=137.138.156.150-9618+[2001-1458-d00-14--9a]-9618&noUDP&sock=4221_d558_7>
...
001 (407983.000.000) 10/23 16:45:14 Job executing on host: <188.184.204.110:9618?addrs=188.184.204.110-9618+[2001-1458-301-7d--100-501]-9618&noUDP&sock=1271_60f6_3>
...
006 (407983.000.000) 10/23 16:45:23 Image size of job updated: 100172
	42  -  MemoryUsage of job (MB)
	42472  -  ResidentSetSize of job (KB)
...
006 (407983.000.000) 10/23 16:45:32 Image size of job updated: 159292
	42  -  MemoryUsage of job (MB)
	42476  -  ResidentSetSize of job (KB)
...
005 (407983.000.000) 10/23 16:45:32 Job terminated.
	(1) Normal termination (return value 1)
		Usr 0 00:00:01, Sys 0 00:00:00  -  Run Remote Usage
		Usr 0 00:00:00, Sys 0 00:00:00  -  Run Local Usage
		Usr 0 00:00:01, Sys 0 00:00:00  -  Total Remote Usage
		Usr 0 00:00:00, Sys 0 00:00:00  -  Total Local Usage
	12086  -  Run Bytes Sent By Job
	902  -  Run Bytes Received By Job
	12086  -  Total Bytes Sent By Job
	902  -  Total Bytes Received By Job
	Partitionable Resources :    Usage  Request Allocated
	   Cpus                 :                 1         1
	   Disk (KB)            :       28        1   2203330
	   Memory (MB)          :       42     2000      2000
...
