000 (407728.000.000) 10/23 16:10:38 Job submitted from host: <137.138.156.150:9618?addrs=137.138.156.150-9618+[2001-1458-d00-14--9a]-9618&noUDP&sock=4221_d558_7>
...
001 (407728.000.000) 10/23 16:13:52 Job executing on host: <188.184.206.45:9618?addrs=188.184.206.45-9618+[2001-1458-301-7d--100-551]-9618&noUDP&sock=1288_0a12_3>
...
006 (407728.000.000) 10/23 16:14:00 Image size of job updated: 99364
	41  -  MemoryUsage of job (MB)
	41664  -  ResidentSetSize of job (KB)
...
005 (407728.000.000) 10/23 16:14:19 Job terminated.
	(1) Normal termination (return value 139)
		Usr 0 00:00:02, Sys 0 00:00:00  -  Run Remote Usage
		Usr 0 00:00:00, Sys 0 00:00:00  -  Run Local Usage
		Usr 0 00:00:02, Sys 0 00:00:00  -  Total Remote Usage
		Usr 0 00:00:00, Sys 0 00:00:00  -  Total Local Usage
	6110  -  Run Bytes Sent By Job
	902  -  Run Bytes Received By Job
	6110  -  Total Bytes Sent By Job
	902  -  Total Bytes Received By Job
	Partitionable Resources :    Usage  Request Allocated
	   Cpus                 :                 1         1
	   Disk (KB)            :       22        1   2217317
	   Memory (MB)          :       41     2000      2000
...
000 (408980.000.000) 10/24 14:51:49 Job submitted from host: <137.138.156.150:9618?addrs=137.138.156.150-9618+[2001-1458-d00-14--9a]-9618&noUDP&sock=4221_d558_7>
...
001 (408980.000.000) 10/24 14:52:14 Job executing on host: <188.184.206.167:9618?addrs=188.184.206.167-9618+[2001-1458-301-7d--100-554]-9618&noUDP&sock=1268_522d_3>
...
006 (408980.000.000) 10/24 14:52:22 Image size of job updated: 24700
	9  -  MemoryUsage of job (MB)
	8528  -  ResidentSetSize of job (KB)
...
006 (408980.000.000) 10/24 14:52:37 Image size of job updated: 148332
	9  -  MemoryUsage of job (MB)
	8528  -  ResidentSetSize of job (KB)
...
005 (408980.000.000) 10/24 14:52:37 Job terminated.
	(1) Normal termination (return value 1)
		Usr 0 00:00:01, Sys 0 00:00:00  -  Run Remote Usage
		Usr 0 00:00:00, Sys 0 00:00:00  -  Run Local Usage
		Usr 0 00:00:01, Sys 0 00:00:00  -  Total Remote Usage
		Usr 0 00:00:00, Sys 0 00:00:00  -  Total Local Usage
	15237  -  Run Bytes Sent By Job
	902  -  Run Bytes Received By Job
	15237  -  Total Bytes Sent By Job
	902  -  Total Bytes Received By Job
	Partitionable Resources :    Usage  Request Allocated
	   Cpus                 :                 1         1
	   Disk (KB)            :       31        1   2105582
	   Memory (MB)          :        9     2000      2000
...
