000 (407640.000.000) 10/23 15:51:51 Job submitted from host: <137.138.156.150:9618?addrs=137.138.156.150-9618+[2001-1458-d00-14--9a]-9618&noUDP&sock=4221_d558_7>
...
001 (407640.000.000) 10/23 15:54:58 Job executing on host: <188.184.204.103:9618?addrs=188.184.204.103-9618+[2001-1458-301-7d--100-4fd]-9618&noUDP&sock=1263_e434_3>
...
006 (407640.000.000) 10/23 15:55:07 Image size of job updated: 23832
	8  -  MemoryUsage of job (MB)
	8144  -  ResidentSetSize of job (KB)
...
006 (407640.000.000) 10/23 15:55:20 Image size of job updated: 417724
	8  -  MemoryUsage of job (MB)
	8144  -  ResidentSetSize of job (KB)
...
005 (407640.000.000) 10/23 15:55:20 Job terminated.
	(1) Normal termination (return value 1)
		Usr 0 00:00:00, Sys 0 00:00:00  -  Run Remote Usage
		Usr 0 00:00:00, Sys 0 00:00:00  -  Run Local Usage
		Usr 0 00:00:00, Sys 0 00:00:00  -  Total Remote Usage
		Usr 0 00:00:00, Sys 0 00:00:00  -  Total Local Usage
	792  -  Run Bytes Sent By Job
	902  -  Run Bytes Received By Job
	792  -  Total Bytes Sent By Job
	902  -  Total Bytes Received By Job
	Partitionable Resources :    Usage  Request Allocated
	   Cpus                 :                 1         1
	   Disk (KB)            :       17        1   2120098
	   Memory (MB)          :        8     2000      2000
...
000 (408886.000.000) 10/24 13:24:54 Job submitted from host: <137.138.156.150:9618?addrs=137.138.156.150-9618+[2001-1458-d00-14--9a]-9618&noUDP&sock=4221_d558_7>
...
001 (408886.000.000) 10/24 13:25:14 Job executing on host: <188.184.204.151:9618?addrs=188.184.204.151-9618+[--1]-9618&noUDP&sock=1216_a740_3>
...
006 (408886.000.000) 10/24 13:25:22 Image size of job updated: 96536
	38  -  MemoryUsage of job (MB)
	38836  -  ResidentSetSize of job (KB)
...
006 (408886.000.000) 10/24 13:25:29 Image size of job updated: 476136
	38  -  MemoryUsage of job (MB)
	38900  -  ResidentSetSize of job (KB)
...
005 (408886.000.000) 10/24 13:25:30 Job terminated.
	(1) Normal termination (return value 1)
		Usr 0 00:00:01, Sys 0 00:00:00  -  Run Remote Usage
		Usr 0 00:00:00, Sys 0 00:00:00  -  Run Local Usage
		Usr 0 00:00:01, Sys 0 00:00:00  -  Total Remote Usage
		Usr 0 00:00:00, Sys 0 00:00:00  -  Total Local Usage
	3455  -  Run Bytes Sent By Job
	902  -  Run Bytes Received By Job
	3455  -  Total Bytes Sent By Job
	902  -  Total Bytes Received By Job
	Partitionable Resources :    Usage  Request Allocated
	   Cpus                 :                 1         1
	   Disk (KB)            :       19        1   2181666
	   Memory (MB)          :       38     2000      2000
...
