000 (407642.000.000) 10/23 15:51:57 Job submitted from host: <137.138.156.150:9618?addrs=137.138.156.150-9618+[2001-1458-d00-14--9a]-9618&noUDP&sock=4221_d558_7>
...
001 (407642.000.000) 10/23 15:54:58 Job executing on host: <188.184.205.252:9618?addrs=188.184.205.252-9618+[2001-1458-301-7d--100-539]-9618&noUDP&sock=1275_1f57_3>
...
006 (407642.000.000) 10/23 15:55:06 Image size of job updated: 92952
	35  -  MemoryUsage of job (MB)
	35700  -  ResidentSetSize of job (KB)
...
005 (407642.000.000) 10/23 15:55:14 Job terminated.
	(1) Normal termination (return value 1)
		Usr 0 00:00:01, Sys 0 00:00:00  -  Run Remote Usage
		Usr 0 00:00:00, Sys 0 00:00:00  -  Run Local Usage
		Usr 0 00:00:01, Sys 0 00:00:00  -  Total Remote Usage
		Usr 0 00:00:00, Sys 0 00:00:00  -  Total Local Usage
	792  -  Run Bytes Sent By Job
	902  -  Run Bytes Received By Job
	792  -  Total Bytes Sent By Job
	902  -  Total Bytes Received By Job
	Partitionable Resources :    Usage  Request Allocated
	   Cpus                 :                 1         1
	   Disk (KB)            :       17        1   2101278
	   Memory (MB)          :       35     2000      2000
...
000 (408888.000.000) 10/24 13:25:02 Job submitted from host: <137.138.156.150:9618?addrs=137.138.156.150-9618+[2001-1458-d00-14--9a]-9618&noUDP&sock=4221_d558_7>
...
001 (408888.000.000) 10/24 13:25:23 Job executing on host: <188.185.206.50:9618?addrs=188.185.206.50-9618+[2001-1459-301-65--100-2c]-9618&noUDP&sock=1291_18db_3>
...
006 (408888.000.000) 10/24 13:25:32 Image size of job updated: 22848
	8  -  MemoryUsage of job (MB)
	7364  -  ResidentSetSize of job (KB)
...
006 (408888.000.000) 10/24 13:25:54 Image size of job updated: 429292
	8  -  MemoryUsage of job (MB)
	7368  -  ResidentSetSize of job (KB)
...
005 (408888.000.000) 10/24 13:25:55 Job terminated.
	(1) Normal termination (return value 1)
		Usr 0 00:00:01, Sys 0 00:00:00  -  Run Remote Usage
		Usr 0 00:00:00, Sys 0 00:00:00  -  Run Local Usage
		Usr 0 00:00:01, Sys 0 00:00:00  -  Total Remote Usage
		Usr 0 00:00:00, Sys 0 00:00:00  -  Total Local Usage
	3465  -  Run Bytes Sent By Job
	902  -  Run Bytes Received By Job
	3465  -  Total Bytes Sent By Job
	902  -  Total Bytes Received By Job
	Partitionable Resources :    Usage  Request Allocated
	   Cpus                 :                 1         1
	   Disk (KB)            :       19        1   2145611
	   Memory (MB)          :        8     2000      2000
...
