000 (407357.000.000) 10/23 15:25:01 Job submitted from host: <137.138.156.150:9618?addrs=137.138.156.150-9618+[2001-1458-d00-14--9a]-9618&noUDP&sock=4221_d558_7>
...
001 (407357.000.000) 10/23 15:25:35 Job executing on host: <188.184.205.90:9618?addrs=188.184.205.90-9618+[--1]-9618&noUDP&sock=1243_2c4f_3>
...
006 (407357.000.000) 10/23 15:25:43 Image size of job updated: 95244
	37  -  MemoryUsage of job (MB)
	37544  -  ResidentSetSize of job (KB)
...
005 (407357.000.000) 10/23 15:26:03 Job terminated.
	(1) Normal termination (return value 1)
		Usr 0 00:00:00, Sys 0 00:00:00  -  Run Remote Usage
		Usr 0 00:00:00, Sys 0 00:00:00  -  Run Local Usage
		Usr 0 00:00:00, Sys 0 00:00:00  -  Total Remote Usage
		Usr 0 00:00:00, Sys 0 00:00:00  -  Total Local Usage
	794  -  Run Bytes Sent By Job
	902  -  Run Bytes Received By Job
	794  -  Total Bytes Sent By Job
	902  -  Total Bytes Received By Job
	Partitionable Resources :    Usage  Request Allocated
	   Cpus                 :                 1         1
	   Disk (KB)            :       17        1   2190726
	   Memory (MB)          :       37     2000      2000
...
000 (407882.000.000) 10/23 16:36:33 Job submitted from host: <137.138.156.150:9618?addrs=137.138.156.150-9618+[2001-1458-d00-14--9a]-9618&noUDP&sock=4221_d558_7>
...
001 (407882.000.000) 10/23 16:38:30 Job executing on host: <188.184.204.197:9618?addrs=188.184.204.197-9618+[2001-1458-301-7d--100-523]-9618&noUDP&sock=1279_ddb8_3>
...
006 (407882.000.000) 10/23 16:38:39 Image size of job updated: 56736
	43  -  MemoryUsage of job (MB)
	43536  -  ResidentSetSize of job (KB)
...
005 (407882.000.000) 10/23 16:38:52 Job terminated.
	(1) Normal termination (return value 139)
		Usr 0 00:00:02, Sys 0 00:00:00  -  Run Remote Usage
		Usr 0 00:00:00, Sys 0 00:00:00  -  Run Local Usage
		Usr 0 00:00:02, Sys 0 00:00:00  -  Total Remote Usage
		Usr 0 00:00:00, Sys 0 00:00:00  -  Total Local Usage
	4005  -  Run Bytes Sent By Job
	902  -  Run Bytes Received By Job
	4005  -  Total Bytes Sent By Job
	902  -  Total Bytes Received By Job
	Partitionable Resources :    Usage  Request Allocated
	   Cpus                 :                 1         1
	   Disk (KB)            :       20        1   2108440
	   Memory (MB)          :       43     2000      2000
...
000 (408672.000.000) 10/24 11:41:33 Job submitted from host: <137.138.156.150:9618?addrs=137.138.156.150-9618+[2001-1458-d00-14--9a]-9618&noUDP&sock=4221_d558_7>
...
001 (408672.000.000) 10/24 12:18:19 Job executing on host: <188.184.204.8:9618?addrs=188.184.204.8-9618+[2001-1458-301-7d--100-508]-9618&noUDP&sock=1275_1f57_3>
...
006 (408672.000.000) 10/24 12:18:28 Image size of job updated: 9592
	10  -  MemoryUsage of job (MB)
	9592  -  ResidentSetSize of job (KB)
...
006 (408672.000.000) 10/24 12:19:05 Image size of job updated: 161016
	10  -  MemoryUsage of job (MB)
	9592  -  ResidentSetSize of job (KB)
...
005 (408672.000.000) 10/24 12:19:05 Job terminated.
	(1) Normal termination (return value 1)
		Usr 0 00:00:01, Sys 0 00:00:00  -  Run Remote Usage
		Usr 0 00:00:00, Sys 0 00:00:00  -  Run Local Usage
		Usr 0 00:00:01, Sys 0 00:00:00  -  Total Remote Usage
		Usr 0 00:00:00, Sys 0 00:00:00  -  Total Local Usage
	12086  -  Run Bytes Sent By Job
	902  -  Run Bytes Received By Job
	12086  -  Total Bytes Sent By Job
	902  -  Total Bytes Received By Job
	Partitionable Resources :    Usage  Request Allocated
	   Cpus                 :                 1         1
	   Disk (KB)            :       28        1   2195402
	   Memory (MB)          :       10     2000      2000
...
