000 (407689.000.000) 10/23 16:08:19 Job submitted from host: <137.138.156.150:9618?addrs=137.138.156.150-9618+[2001-1458-d00-14--9a]-9618&noUDP&sock=4221_d558_7>
...
001 (407689.000.000) 10/23 16:12:59 Job executing on host: <188.184.206.45:9618?addrs=188.184.206.45-9618+[2001-1458-301-7d--100-551]-9618&noUDP&sock=1288_0a12_3>
...
006 (407689.000.000) 10/23 16:13:08 Image size of job updated: 13364
	6  -  MemoryUsage of job (MB)
	6060  -  ResidentSetSize of job (KB)
...
006 (407689.000.000) 10/23 16:13:32 Image size of job updated: 30372
	6  -  MemoryUsage of job (MB)
	6060  -  ResidentSetSize of job (KB)
...
005 (407689.000.000) 10/23 16:13:32 Job terminated.
	(1) Normal termination (return value 1)
		Usr 0 00:00:01, Sys 0 00:00:00  -  Run Remote Usage
		Usr 0 00:00:00, Sys 0 00:00:00  -  Run Local Usage
		Usr 0 00:00:01, Sys 0 00:00:00  -  Total Remote Usage
		Usr 0 00:00:00, Sys 0 00:00:00  -  Total Local Usage
	15235  -  Run Bytes Sent By Job
	902  -  Run Bytes Received By Job
	15235  -  Total Bytes Sent By Job
	902  -  Total Bytes Received By Job
	Partitionable Resources :    Usage  Request Allocated
	   Cpus                 :                 1         1
	   Disk (KB)            :       31        1   2217317
	   Memory (MB)          :        6     2000      2000
...
000 (408940.000.000) 10/24 14:49:22 Job submitted from host: <137.138.156.150:9618?addrs=137.138.156.150-9618+[2001-1458-d00-14--9a]-9618&noUDP&sock=4221_d558_7>
...
001 (408940.000.000) 10/24 14:51:56 Job executing on host: <188.184.205.172:9618?addrs=188.184.205.172-9618+[2001-1458-301-7d--100-526]-9618&noUDP&sock=1269_01c5_3>
...
006 (408940.000.000) 10/24 14:52:05 Image size of job updated: 22960
	8  -  MemoryUsage of job (MB)
	7476  -  ResidentSetSize of job (KB)
...
006 (408940.000.000) 10/24 14:52:20 Image size of job updated: 429300
	8  -  MemoryUsage of job (MB)
	7476  -  ResidentSetSize of job (KB)
...
005 (408940.000.000) 10/24 14:52:20 Job terminated.
	(1) Normal termination (return value 1)
		Usr 0 00:00:01, Sys 0 00:00:00  -  Run Remote Usage
		Usr 0 00:00:00, Sys 0 00:00:00  -  Run Local Usage
		Usr 0 00:00:01, Sys 0 00:00:00  -  Total Remote Usage
		Usr 0 00:00:00, Sys 0 00:00:00  -  Total Local Usage
	15235  -  Run Bytes Sent By Job
	902  -  Run Bytes Received By Job
	15235  -  Total Bytes Sent By Job
	902  -  Total Bytes Received By Job
	Partitionable Resources :    Usage  Request Allocated
	   Cpus                 :                 1         1
	   Disk (KB)            :       31        1   2188785
	   Memory (MB)          :        8     2000      2000
...
