000 (407743.000.000) 10/23 16:11:28 Job submitted from host: <137.138.156.150:9618?addrs=137.138.156.150-9618+[2001-1458-d00-14--9a]-9618&noUDP&sock=4221_d558_7>
...
001 (407743.000.000) 10/23 16:14:04 Job executing on host: <188.184.205.104:9618?addrs=188.184.205.104-9618+[2001-1458-301-7d--100-51c]-9618&noUDP&sock=1273_c026_3>
...
006 (407743.000.000) 10/23 16:14:13 Image size of job updated: 99348
	41  -  MemoryUsage of job (MB)
	41644  -  ResidentSetSize of job (KB)
...
006 (407743.000.000) 10/23 16:14:26 Image size of job updated: 471292
	41  -  MemoryUsage of job (MB)
	41644  -  ResidentSetSize of job (KB)
...
005 (407743.000.000) 10/23 16:14:27 Job terminated.
	(1) Normal termination (return value 1)
		Usr 0 00:00:01, Sys 0 00:00:00  -  Run Remote Usage
		Usr 0 00:00:00, Sys 0 00:00:00  -  Run Local Usage
		Usr 0 00:00:01, Sys 0 00:00:00  -  Total Remote Usage
		Usr 0 00:00:00, Sys 0 00:00:00  -  Total Local Usage
	15237  -  Run Bytes Sent By Job
	902  -  Run Bytes Received By Job
	15237  -  Total Bytes Sent By Job
	902  -  Total Bytes Received By Job
	Partitionable Resources :    Usage  Request Allocated
	   Cpus                 :                 1         1
	   Disk (KB)            :       31        1   2222021
	   Memory (MB)          :       41     2000      2000
...
000 (408995.000.000) 10/24 14:52:35 Job submitted from host: <137.138.156.150:9618?addrs=137.138.156.150-9618+[2001-1458-d00-14--9a]-9618&noUDP&sock=4221_d558_7>
...
001 (408995.000.000) 10/24 14:52:39 Job executing on host: <188.184.206.167:9618?addrs=188.184.206.167-9618+[2001-1458-301-7d--100-554]-9618&noUDP&sock=1268_522d_3>
...
006 (408995.000.000) 10/24 14:52:47 Image size of job updated: 98320
	40  -  MemoryUsage of job (MB)
	40620  -  ResidentSetSize of job (KB)
...
006 (408995.000.000) 10/24 14:52:57 Image size of job updated: 148916
	40  -  MemoryUsage of job (MB)
	40624  -  ResidentSetSize of job (KB)
...
005 (408995.000.000) 10/24 14:52:59 Job terminated.
	(1) Normal termination (return value 1)
		Usr 0 00:00:01, Sys 0 00:00:00  -  Run Remote Usage
		Usr 0 00:00:00, Sys 0 00:00:00  -  Run Local Usage
		Usr 0 00:00:01, Sys 0 00:00:00  -  Total Remote Usage
		Usr 0 00:00:00, Sys 0 00:00:00  -  Total Local Usage
	15237  -  Run Bytes Sent By Job
	902  -  Run Bytes Received By Job
	15237  -  Total Bytes Sent By Job
	902  -  Total Bytes Received By Job
	Partitionable Resources :    Usage  Request Allocated
	   Cpus                 :                 1         1
	   Disk (KB)            :       31        1   2105582
	   Memory (MB)          :       40     2000      2000
...
