000 (407718.000.000) 10/23 16:10:06 Job submitted from host: <137.138.156.150:9618?addrs=137.138.156.150-9618+[2001-1458-d00-14--9a]-9618&noUDP&sock=4221_d558_7>
...
001 (407718.000.000) 10/23 16:13:43 Job executing on host: <188.184.204.157:9618?addrs=188.184.204.157-9618+[2001-1458-301-7d--100-50a]-9618&noUDP&sock=1280_8d50_3>
...
006 (407718.000.000) 10/23 16:13:51 Image size of job updated: 69136
	42  -  MemoryUsage of job (MB)
	42480  -  ResidentSetSize of job (KB)
...
006 (407718.000.000) 10/23 16:13:59 Image size of job updated: 69136
	42  -  MemoryUsage of job (MB)
	42484  -  ResidentSetSize of job (KB)
...
005 (407718.000.000) 10/23 16:13:59 Job terminated.
	(1) Normal termination (return value 1)
		Usr 0 00:00:01, Sys 0 00:00:00  -  Run Remote Usage
		Usr 0 00:00:00, Sys 0 00:00:00  -  Run Local Usage
		Usr 0 00:00:01, Sys 0 00:00:00  -  Total Remote Usage
		Usr 0 00:00:00, Sys 0 00:00:00  -  Total Local Usage
	13056  -  Run Bytes Sent By Job
	902  -  Run Bytes Received By Job
	13056  -  Total Bytes Sent By Job
	902  -  Total Bytes Received By Job
	Partitionable Resources :    Usage  Request Allocated
	   Cpus                 :                 1         1
	   Disk (KB)            :       29        1   2105651
	   Memory (MB)          :       42     2000      2000
...
000 (408970.000.000) 10/24 14:51:18 Job submitted from host: <137.138.156.150:9618?addrs=137.138.156.150-9618+[2001-1458-d00-14--9a]-9618&noUDP&sock=4221_d558_7>
...
001 (408970.000.000) 10/24 14:52:08 Job executing on host: <188.185.205.12:9618?addrs=188.185.205.12-9618+[2001-1459-301-64--100-6]-9618&noUDP&sock=1277_7e87_3>
...
006 (408970.000.000) 10/24 14:52:16 Image size of job updated: 7072
	7  -  MemoryUsage of job (MB)
	7072  -  ResidentSetSize of job (KB)
...
006 (408970.000.000) 10/24 14:53:14 Image size of job updated: 148816
	8  -  MemoryUsage of job (MB)
	7456  -  ResidentSetSize of job (KB)
...
005 (408970.000.000) 10/24 14:53:14 Job terminated.
	(1) Normal termination (return value 1)
		Usr 0 00:00:01, Sys 0 00:00:00  -  Run Remote Usage
		Usr 0 00:00:00, Sys 0 00:00:00  -  Run Local Usage
		Usr 0 00:00:01, Sys 0 00:00:00  -  Total Remote Usage
		Usr 0 00:00:00, Sys 0 00:00:00  -  Total Local Usage
	13056  -  Run Bytes Sent By Job
	902  -  Run Bytes Received By Job
	13056  -  Total Bytes Sent By Job
	902  -  Total Bytes Received By Job
	Partitionable Resources :    Usage  Request Allocated
	   Cpus                 :                 1         1
	   Disk (KB)            :       28        1   2184593
	   Memory (MB)          :        8     2000      2000
...
