000 (407719.000.000) 10/23 16:10:08 Job submitted from host: <137.138.156.150:9618?addrs=137.138.156.150-9618+[2001-1458-d00-14--9a]-9618&noUDP&sock=4221_d558_7>
...
001 (407719.000.000) 10/23 16:13:44 Job executing on host: <188.184.205.104:9618?addrs=188.184.205.104-9618+[2001-1458-301-7d--100-51c]-9618&noUDP&sock=1273_c026_3>
...
006 (407719.000.000) 10/23 16:13:52 Image size of job updated: 98860
	41  -  MemoryUsage of job (MB)
	41160  -  ResidentSetSize of job (KB)
...
006 (407719.000.000) 10/23 16:14:03 Image size of job updated: 147876
	41  -  MemoryUsage of job (MB)
	41252  -  ResidentSetSize of job (KB)
...
005 (407719.000.000) 10/23 16:14:03 Job terminated.
	(1) Normal termination (return value 1)
		Usr 0 00:00:01, Sys 0 00:00:00  -  Run Remote Usage
		Usr 0 00:00:00, Sys 0 00:00:00  -  Run Local Usage
		Usr 0 00:00:01, Sys 0 00:00:00  -  Total Remote Usage
		Usr 0 00:00:00, Sys 0 00:00:00  -  Total Local Usage
	13056  -  Run Bytes Sent By Job
	902  -  Run Bytes Received By Job
	13056  -  Total Bytes Sent By Job
	902  -  Total Bytes Received By Job
	Partitionable Resources :    Usage  Request Allocated
	   Cpus                 :                 1         1
	   Disk (KB)            :       29        1   2222021
	   Memory (MB)          :       41     2000      2000
...
000 (408971.000.000) 10/24 14:51:20 Job submitted from host: <137.138.156.150:9618?addrs=137.138.156.150-9618+[2001-1458-d00-14--9a]-9618&noUDP&sock=4221_d558_7>
...
001 (408971.000.000) 10/24 14:52:04 Job executing on host: <188.184.205.62:9618?addrs=188.184.205.62-9618+[2001-1458-301-7d--100-51d]-9618&noUDP&sock=1264_93cc_3>
...
006 (408971.000.000) 10/24 14:52:13 Image size of job updated: 21100
	7  -  MemoryUsage of job (MB)
	6452  -  ResidentSetSize of job (KB)
...
006 (408971.000.000) 10/24 14:52:27 Image size of job updated: 147500
	7  -  MemoryUsage of job (MB)
	6452  -  ResidentSetSize of job (KB)
...
005 (408971.000.000) 10/24 14:52:28 Job terminated.
	(1) Normal termination (return value 1)
		Usr 0 00:00:01, Sys 0 00:00:00  -  Run Remote Usage
		Usr 0 00:00:00, Sys 0 00:00:00  -  Run Local Usage
		Usr 0 00:00:01, Sys 0 00:00:00  -  Total Remote Usage
		Usr 0 00:00:00, Sys 0 00:00:00  -  Total Local Usage
	13056  -  Run Bytes Sent By Job
	902  -  Run Bytes Received By Job
	13056  -  Total Bytes Sent By Job
	902  -  Total Bytes Received By Job
	Partitionable Resources :    Usage  Request Allocated
	   Cpus                 :                 1         1
	   Disk (KB)            :       29        1   2114133
	   Memory (MB)          :        7     2000      2000
...
