000 (407585.000.000) 10/23 15:49:01 Job submitted from host: <137.138.156.150:9618?addrs=137.138.156.150-9618+[2001-1458-d00-14--9a]-9618&noUDP&sock=4221_d558_7>
...
001 (407585.000.000) 10/23 15:49:10 Job executing on host: <188.184.204.206:9618?addrs=188.184.204.206-9618+[2001-1458-301-7d--100-50c]-9618&noUDP&sock=1269_01c5_3>
...
006 (407585.000.000) 10/23 15:49:19 Image size of job updated: 100248
	42  -  MemoryUsage of job (MB)
	42548  -  ResidentSetSize of job (KB)
...
006 (407585.000.000) 10/23 15:49:25 Image size of job updated: 130760
	42  -  MemoryUsage of job (MB)
	42548  -  ResidentSetSize of job (KB)
...
005 (407585.000.000) 10/23 15:49:25 Job terminated.
	(1) Normal termination (return value 1)
		Usr 0 00:00:00, Sys 0 00:00:00  -  Run Remote Usage
		Usr 0 00:00:00, Sys 0 00:00:00  -  Run Local Usage
		Usr 0 00:00:00, Sys 0 00:00:00  -  Total Remote Usage
		Usr 0 00:00:00, Sys 0 00:00:00  -  Total Local Usage
	792  -  Run Bytes Sent By Job
	902  -  Run Bytes Received By Job
	792  -  Total Bytes Sent By Job
	902  -  Total Bytes Received By Job
	Partitionable Resources :    Usage  Request Allocated
	   Cpus                 :                 1         1
	   Disk (KB)            :       17        1   2123705
	   Memory (MB)          :       42     2000      2000
...
000 (408831.000.000) 10/24 13:21:47 Job submitted from host: <137.138.156.150:9618?addrs=137.138.156.150-9618+[2001-1458-d00-14--9a]-9618&noUDP&sock=4221_d558_7>
...
001 (408831.000.000) 10/24 13:21:56 Job executing on host: <188.184.205.172:9618?addrs=188.184.205.172-9618+[2001-1458-301-7d--100-526]-9618&noUDP&sock=1269_01c5_3>
...
006 (408831.000.000) 10/24 13:22:04 Image size of job updated: 95916
	38  -  MemoryUsage of job (MB)
	38216  -  ResidentSetSize of job (KB)
...
006 (408831.000.000) 10/24 13:22:12 Image size of job updated: 99284
	38  -  MemoryUsage of job (MB)
	38352  -  ResidentSetSize of job (KB)
...
005 (408831.000.000) 10/24 13:22:12 Job terminated.
	(1) Normal termination (return value 1)
		Usr 0 00:00:00, Sys 0 00:00:00  -  Run Remote Usage
		Usr 0 00:00:00, Sys 0 00:00:00  -  Run Local Usage
		Usr 0 00:00:00, Sys 0 00:00:00  -  Total Remote Usage
		Usr 0 00:00:00, Sys 0 00:00:00  -  Total Local Usage
	5646  -  Run Bytes Sent By Job
	902  -  Run Bytes Received By Job
	5646  -  Total Bytes Sent By Job
	902  -  Total Bytes Received By Job
	Partitionable Resources :    Usage  Request Allocated
	   Cpus                 :                 1         1
	   Disk (KB)            :       21        1   2189049
	   Memory (MB)          :       38     2000      2000
...
