000 (407287.000.000) 10/23 15:20:07 Job submitted from host: <137.138.156.150:9618?addrs=137.138.156.150-9618+[2001-1458-d00-14--9a]-9618&noUDP&sock=4221_d558_7>
...
001 (407287.000.000) 10/23 15:22:32 Job executing on host: <188.184.205.237:9618?addrs=188.184.205.237-9618+[2001-1458-301-7d--100-531]-9618&noUDP&sock=1287_5a7a_3>
...
006 (407287.000.000) 10/23 15:22:41 Image size of job updated: 92004
	43  -  MemoryUsage of job (MB)
	43532  -  ResidentSetSize of job (KB)
...
005 (407287.000.000) 10/23 15:22:46 Job terminated.
	(1) Normal termination (return value 1)
		Usr 0 00:00:00, Sys 0 00:00:00  -  Run Remote Usage
		Usr 0 00:00:00, Sys 0 00:00:00  -  Run Local Usage
		Usr 0 00:00:00, Sys 0 00:00:00  -  Total Remote Usage
		Usr 0 00:00:00, Sys 0 00:00:00  -  Total Local Usage
	791  -  Run Bytes Sent By Job
	902  -  Run Bytes Received By Job
	791  -  Total Bytes Sent By Job
	902  -  Total Bytes Received By Job
	Partitionable Resources :    Usage  Request Allocated
	   Cpus                 :                 1         1
	   Disk (KB)            :       17        1   2224931
	   Memory (MB)          :       43     2000      2000
...
000 (407797.000.000) 10/23 16:32:02 Job submitted from host: <137.138.156.150:9618?addrs=137.138.156.150-9618+[2001-1458-d00-14--9a]-9618&noUDP&sock=4221_d558_7>
...
001 (407797.000.000) 10/23 16:35:41 Job executing on host: <188.184.204.197:9618?addrs=188.184.204.197-9618+[2001-1458-301-7d--100-523]-9618&noUDP&sock=1279_ddb8_3>
...
006 (407797.000.000) 10/23 16:35:50 Image size of job updated: 9916
	10  -  MemoryUsage of job (MB)
	9740  -  ResidentSetSize of job (KB)
...
005 (407797.000.000) 10/23 16:36:11 Job terminated.
	(1) Normal termination (return value 139)
		Usr 0 00:00:02, Sys 0 00:00:00  -  Run Remote Usage
		Usr 0 00:00:00, Sys 0 00:00:00  -  Run Local Usage
		Usr 0 00:00:02, Sys 0 00:00:00  -  Total Remote Usage
		Usr 0 00:00:00, Sys 0 00:00:00  -  Total Local Usage
	4001  -  Run Bytes Sent By Job
	902  -  Run Bytes Received By Job
	4001  -  Total Bytes Sent By Job
	902  -  Total Bytes Received By Job
	Partitionable Resources :    Usage  Request Allocated
	   Cpus                 :                 1         1
	   Disk (KB)            :       20        1   2108380
	   Memory (MB)          :       10     2000      2000
...
000 (408643.000.000) 10/24 11:37:58 Job submitted from host: <137.138.156.150:9618?addrs=137.138.156.150-9618+[2001-1458-d00-14--9a]-9618&noUDP&sock=4221_d558_7>
...
001 (408643.000.000) 10/24 12:18:16 Job executing on host: <188.184.204.80:9618?addrs=188.184.204.80-9618+[2001-1458-301-7d--100-50b]-9618&noUDP&sock=1278_2e20_3>
...
006 (408643.000.000) 10/24 12:18:25 Image size of job updated: 1744
	2  -  MemoryUsage of job (MB)
	1564  -  ResidentSetSize of job (KB)
...
006 (408643.000.000) 10/24 12:19:00 Image size of job updated: 472488
	2  -  MemoryUsage of job (MB)
	1572  -  ResidentSetSize of job (KB)
...
005 (408643.000.000) 10/24 12:19:00 Job terminated.
	(1) Normal termination (return value 1)
		Usr 0 00:00:01, Sys 0 00:00:00  -  Run Remote Usage
		Usr 0 00:00:00, Sys 0 00:00:00  -  Run Local Usage
		Usr 0 00:00:01, Sys 0 00:00:00  -  Total Remote Usage
		Usr 0 00:00:00, Sys 0 00:00:00  -  Total Local Usage
	12084  -  Run Bytes Sent By Job
	902  -  Run Bytes Received By Job
	12084  -  Total Bytes Sent By Job
	902  -  Total Bytes Received By Job
	Partitionable Resources :    Usage  Request Allocated
	   Cpus                 :                 1         1
	   Disk (KB)            :       28        1   2104972
	   Memory (MB)          :        2     2000      2000
...
