000 (407549.000.000) 10/23 15:46:19 Job submitted from host: <137.138.156.150:9618?addrs=137.138.156.150-9618+[2001-1458-d00-14--9a]-9618&noUDP&sock=4221_d558_7>
...
001 (407549.000.000) 10/23 15:47:12 Job executing on host: <188.184.205.237:9618?addrs=188.184.205.237-9618+[2001-1458-301-7d--100-531]-9618&noUDP&sock=1287_5a7a_3>
...
006 (407549.000.000) 10/23 15:47:20 Image size of job updated: 91612
	35  -  MemoryUsage of job (MB)
	35272  -  ResidentSetSize of job (KB)
...
006 (407549.000.000) 10/23 15:47:26 Image size of job updated: 93768
	35  -  MemoryUsage of job (MB)
	35304  -  ResidentSetSize of job (KB)
...
005 (407549.000.000) 10/23 15:47:26 Job terminated.
	(1) Normal termination (return value 1)
		Usr 0 00:00:01, Sys 0 00:00:00  -  Run Remote Usage
		Usr 0 00:00:00, Sys 0 00:00:00  -  Run Local Usage
		Usr 0 00:00:01, Sys 0 00:00:00  -  Total Remote Usage
		Usr 0 00:00:00, Sys 0 00:00:00  -  Total Local Usage
	791  -  Run Bytes Sent By Job
	902  -  Run Bytes Received By Job
	791  -  Total Bytes Sent By Job
	902  -  Total Bytes Received By Job
	Partitionable Resources :    Usage  Request Allocated
	   Cpus                 :                 1         1
	   Disk (KB)            :       17        1   2224104
	   Memory (MB)          :       35     2000      2000
...
000 (408794.000.000) 10/24 13:19:25 Job submitted from host: <137.138.156.150:9618?addrs=137.138.156.150-9618+[2001-1458-d00-14--9a]-9618&noUDP&sock=4221_d558_7>
...
001 (408794.000.000) 10/24 13:19:31 Job executing on host: <188.185.211.123:9618?addrs=188.185.211.123-9618+[2001-1459-301-96--100-75]-9618&noUDP&sock=1261_8503_3>
...
006 (408794.000.000) 10/24 13:19:40 Image size of job updated: 62756
	26  -  MemoryUsage of job (MB)
	26192  -  ResidentSetSize of job (KB)
...
006 (408794.000.000) 10/24 13:20:02 Image size of job updated: 147040
	26  -  MemoryUsage of job (MB)
	26452  -  ResidentSetSize of job (KB)
...
005 (408794.000.000) 10/24 13:20:02 Job terminated.
	(1) Normal termination (return value 1)
		Usr 0 00:00:01, Sys 0 00:00:00  -  Run Remote Usage
		Usr 0 00:00:00, Sys 0 00:00:00  -  Run Local Usage
		Usr 0 00:00:01, Sys 0 00:00:00  -  Total Remote Usage
		Usr 0 00:00:00, Sys 0 00:00:00  -  Total Local Usage
	7826  -  Run Bytes Sent By Job
	902  -  Run Bytes Received By Job
	7826  -  Total Bytes Sent By Job
	902  -  Total Bytes Received By Job
	Partitionable Resources :    Usage  Request Allocated
	   Cpus                 :                 1         1
	   Disk (KB)            :       24        1   2169195
	   Memory (MB)          :       26     2000      2000
...
