000 (407466.000.000) 10/23 15:41:33 Job submitted from host: <137.138.156.150:9618?addrs=137.138.156.150-9618+[2001-1458-d00-14--9a]-9618&noUDP&sock=4221_d558_7>
...
001 (407466.000.000) 10/23 15:46:08 Job executing on host: <188.184.204.218:9618?addrs=188.184.204.218-9618+[2001-1458-301-7d--100-513]-9618&noUDP&sock=1283_9c19_3>
...
006 (407466.000.000) 10/23 15:46:17 Image size of job updated: 15340
	8  -  MemoryUsage of job (MB)
	7888  -  ResidentSetSize of job (KB)
...
006 (407466.000.000) 10/23 15:46:32 Image size of job updated: 70776
	8  -  MemoryUsage of job (MB)
	7888  -  ResidentSetSize of job (KB)
...
005 (407466.000.000) 10/23 15:46:32 Job terminated.
	(1) Normal termination (return value 1)
		Usr 0 00:00:01, Sys 0 00:00:00  -  Run Remote Usage
		Usr 0 00:00:00, Sys 0 00:00:00  -  Run Local Usage
		Usr 0 00:00:01, Sys 0 00:00:00  -  Total Remote Usage
		Usr 0 00:00:00, Sys 0 00:00:00  -  Total Local Usage
	789  -  Run Bytes Sent By Job
	902  -  Run Bytes Received By Job
	789  -  Total Bytes Sent By Job
	902  -  Total Bytes Received By Job
	Partitionable Resources :    Usage  Request Allocated
	   Cpus                 :                 1         1
	   Disk (KB)            :       17        1   2101832
	   Memory (MB)          :        8     2000      2000
...
000 (408711.000.000) 10/24 13:14:03 Job submitted from host: <137.138.156.150:9618?addrs=137.138.156.150-9618+[2001-1458-d00-14--9a]-9618&noUDP&sock=4221_d558_7>
...
001 (408711.000.000) 10/24 13:16:02 Job executing on host: <188.184.206.125:9618?addrs=188.184.206.125-9618+[2001-1458-301-7d--100-55f]-9618&noUDP&sock=1280_8d50_3>
...
006 (408711.000.000) 10/24 13:16:10 Image size of job updated: 22856
	8  -  MemoryUsage of job (MB)
	7372  -  ResidentSetSize of job (KB)
...
006 (408711.000.000) 10/24 13:16:16 Image size of job updated: 139536
	8  -  MemoryUsage of job (MB)
	7372  -  ResidentSetSize of job (KB)
...
005 (408711.000.000) 10/24 13:16:16 Job terminated.
	(1) Normal termination (return value 1)
		Usr 0 00:00:00, Sys 0 00:00:00  -  Run Remote Usage
		Usr 0 00:00:00, Sys 0 00:00:00  -  Run Local Usage
		Usr 0 00:00:00, Sys 0 00:00:00  -  Total Remote Usage
		Usr 0 00:00:00, Sys 0 00:00:00  -  Total Local Usage
	7825  -  Run Bytes Sent By Job
	902  -  Run Bytes Received By Job
	7825  -  Total Bytes Sent By Job
	902  -  Total Bytes Received By Job
	Partitionable Resources :    Usage  Request Allocated
	   Cpus                 :                 1         1
	   Disk (KB)            :       23        1   2205854
	   Memory (MB)          :        8     2000      2000
...
