000 (407299.000.000) 10/23 15:20:49 Job submitted from host: <137.138.156.150:9618?addrs=137.138.156.150-9618+[2001-1458-d00-14--9a]-9618&noUDP&sock=4221_d558_7>
...
001 (407299.000.000) 10/23 15:22:38 Job executing on host: <188.184.205.239:9618?addrs=188.184.205.239-9618+[2001-1458-301-7d--100-532]-9618&noUDP&sock=1265_4364_3>
...
006 (407299.000.000) 10/23 15:22:47 Image size of job updated: 60092
	44  -  MemoryUsage of job (MB)
	44352  -  ResidentSetSize of job (KB)
...
006 (407299.000.000) 10/23 15:22:52 Image size of job updated: 446936
	44  -  MemoryUsage of job (MB)
	44368  -  ResidentSetSize of job (KB)
...
005 (407299.000.000) 10/23 15:22:53 Job terminated.
	(1) Normal termination (return value 1)
		Usr 0 00:00:01, Sys 0 00:00:00  -  Run Remote Usage
		Usr 0 00:00:00, Sys 0 00:00:00  -  Run Local Usage
		Usr 0 00:00:01, Sys 0 00:00:00  -  Total Remote Usage
		Usr 0 00:00:00, Sys 0 00:00:00  -  Total Local Usage
	793  -  Run Bytes Sent By Job
	902  -  Run Bytes Received By Job
	793  -  Total Bytes Sent By Job
	902  -  Total Bytes Received By Job
	Partitionable Resources :    Usage  Request Allocated
	   Cpus                 :                 1         1
	   Disk (KB)            :       17        1   2200446
	   Memory (MB)          :       44     2000      2000
...
000 (407816.000.000) 10/23 16:33:08 Job submitted from host: <137.138.156.150:9618?addrs=137.138.156.150-9618+[2001-1458-d00-14--9a]-9618&noUDP&sock=4221_d558_7>
...
001 (407816.000.000) 10/23 16:36:11 Job executing on host: <188.184.204.223:9618?addrs=188.184.204.223-9618+[2001-1458-301-7d--100-50f]-9618&noUDP&sock=1286_aae2_3>
...
006 (407816.000.000) 10/23 16:36:21 Image size of job updated: 90604
	44  -  MemoryUsage of job (MB)
	45044  -  ResidentSetSize of job (KB)
...
006 (407816.000.000) 10/23 16:36:26 Image size of job updated: 472320
	44  -  MemoryUsage of job (MB)
	45044  -  ResidentSetSize of job (KB)
...
005 (407816.000.000) 10/23 16:36:26 Job terminated.
	(1) Normal termination (return value 1)
		Usr 0 00:00:01, Sys 0 00:00:00  -  Run Remote Usage
		Usr 0 00:00:00, Sys 0 00:00:00  -  Run Local Usage
		Usr 0 00:00:01, Sys 0 00:00:00  -  Total Remote Usage
		Usr 0 00:00:00, Sys 0 00:00:00  -  Total Local Usage
	12085  -  Run Bytes Sent By Job
	902  -  Run Bytes Received By Job
	12085  -  Total Bytes Sent By Job
	902  -  Total Bytes Received By Job
	Partitionable Resources :    Usage  Request Allocated
	   Cpus                 :                 1         1
	   Disk (KB)            :       28        1   2114356
	   Memory (MB)          :       44     2000      2000
...
