000 (407603.000.000) 10/23 15:49:53 Job submitted from host: <137.138.156.150:9618?addrs=137.138.156.150-9618+[2001-1458-d00-14--9a]-9618&noUDP&sock=4221_d558_7>
...
001 (407603.000.000) 10/23 15:50:07 Job executing on host: <188.184.206.122:9618?addrs=188.184.206.122-9618+[2001-1458-301-7d--100-549]-9618&noUDP&sock=1251_a911_3>
...
006 (407603.000.000) 10/23 15:50:16 Image size of job updated: 24180
	9  -  MemoryUsage of job (MB)
	8392  -  ResidentSetSize of job (KB)
...
006 (407603.000.000) 10/23 15:50:26 Image size of job updated: 93584
	9  -  MemoryUsage of job (MB)
	8396  -  ResidentSetSize of job (KB)
...
005 (407603.000.000) 10/23 15:50:26 Job terminated.
	(1) Normal termination (return value 1)
		Usr 0 00:00:00, Sys 0 00:00:00  -  Run Remote Usage
		Usr 0 00:00:00, Sys 0 00:00:00  -  Run Local Usage
		Usr 0 00:00:00, Sys 0 00:00:00  -  Total Remote Usage
		Usr 0 00:00:00, Sys 0 00:00:00  -  Total Local Usage
	792  -  Run Bytes Sent By Job
	902  -  Run Bytes Received By Job
	792  -  Total Bytes Sent By Job
	902  -  Total Bytes Received By Job
	Partitionable Resources :    Usage  Request Allocated
	   Cpus                 :                 1         1
	   Disk (KB)            :       17        1   2213268
	   Memory (MB)          :        9     2000      2000
...
000 (408849.000.000) 10/24 13:22:52 Job submitted from host: <137.138.156.150:9618?addrs=137.138.156.150-9618+[2001-1458-d00-14--9a]-9618&noUDP&sock=4221_d558_7>
...
001 (408849.000.000) 10/24 13:22:58 Job executing on host: <188.184.204.151:9618?addrs=188.184.204.151-9618+[--1]-9618&noUDP&sock=1216_a740_3>
...
006 (408849.000.000) 10/24 13:23:07 Image size of job updated: 86272
	33  -  MemoryUsage of job (MB)
	33420  -  ResidentSetSize of job (KB)
...
006 (408849.000.000) 10/24 13:23:17 Image size of job updated: 93556
	33  -  MemoryUsage of job (MB)
	33436  -  ResidentSetSize of job (KB)
...
005 (408849.000.000) 10/24 13:23:17 Job terminated.
	(1) Normal termination (return value 1)
		Usr 0 00:00:01, Sys 0 00:00:00  -  Run Remote Usage
		Usr 0 00:00:00, Sys 0 00:00:00  -  Run Local Usage
		Usr 0 00:00:01, Sys 0 00:00:00  -  Total Remote Usage
		Usr 0 00:00:00, Sys 0 00:00:00  -  Total Local Usage
	5646  -  Run Bytes Sent By Job
	902  -  Run Bytes Received By Job
	5646  -  Total Bytes Sent By Job
	902  -  Total Bytes Received By Job
	Partitionable Resources :    Usage  Request Allocated
	   Cpus                 :                 1         1
	   Disk (KB)            :       21        1   2181666
	   Memory (MB)          :       33     2000      2000
...
