000 (407274.000.000) 10/23 15:19:05 Job submitted from host: <137.138.156.150:9618?addrs=137.138.156.150-9618+[2001-1458-d00-14--9a]-9618&noUDP&sock=4221_d558_7>
...
001 (407274.000.000) 10/23 15:22:15 Job executing on host: <188.184.206.122:9618?addrs=188.184.206.122-9618+[2001-1458-301-7d--100-549]-9618&noUDP&sock=1251_a911_3>
...
006 (407274.000.000) 10/23 15:22:24 Image size of job updated: 71012
	37  -  MemoryUsage of job (MB)
	37112  -  ResidentSetSize of job (KB)
...
006 (407274.000.000) 10/23 15:22:33 Image size of job updated: 71012
	37  -  MemoryUsage of job (MB)
	37120  -  ResidentSetSize of job (KB)
...
005 (407274.000.000) 10/23 15:22:33 Job terminated.
	(1) Normal termination (return value 1)
		Usr 0 00:00:00, Sys 0 00:00:00  -  Run Remote Usage
		Usr 0 00:00:00, Sys 0 00:00:00  -  Run Local Usage
		Usr 0 00:00:00, Sys 0 00:00:00  -  Total Remote Usage
		Usr 0 00:00:00, Sys 0 00:00:00  -  Total Local Usage
	793  -  Run Bytes Sent By Job
	902  -  Run Bytes Received By Job
	793  -  Total Bytes Sent By Job
	902  -  Total Bytes Received By Job
	Partitionable Resources :    Usage  Request Allocated
	   Cpus                 :                 1         1
	   Disk (KB)            :       16        1   2213274
	   Memory (MB)          :       37     2000      2000
...
000 (407783.000.000) 10/23 16:31:21 Job submitted from host: <137.138.156.150:9618?addrs=137.138.156.150-9618+[2001-1458-d00-14--9a]-9618&noUDP&sock=4221_d558_7>
...
001 (407783.000.000) 10/23 16:35:08 Job executing on host: <188.184.205.239:9618?addrs=188.184.205.239-9618+[2001-1458-301-7d--100-532]-9618&noUDP&sock=1265_4364_3>
...
006 (407783.000.000) 10/23 16:35:16 Image size of job updated: 99308
	41  -  MemoryUsage of job (MB)
	41608  -  ResidentSetSize of job (KB)
...
006 (407783.000.000) 10/23 16:35:27 Image size of job updated: 160844
	41  -  MemoryUsage of job (MB)
	41608  -  ResidentSetSize of job (KB)
...
005 (407783.000.000) 10/23 16:35:27 Job terminated.
	(1) Normal termination (return value 1)
		Usr 0 00:00:01, Sys 0 00:00:00  -  Run Remote Usage
		Usr 0 00:00:00, Sys 0 00:00:00  -  Run Local Usage
		Usr 0 00:00:01, Sys 0 00:00:00  -  Total Remote Usage
		Usr 0 00:00:00, Sys 0 00:00:00  -  Total Local Usage
	12085  -  Run Bytes Sent By Job
	902  -  Run Bytes Received By Job
	12085  -  Total Bytes Sent By Job
	902  -  Total Bytes Received By Job
	Partitionable Resources :    Usage  Request Allocated
	   Cpus                 :                 1         1
	   Disk (KB)            :       28        1   2200376
	   Memory (MB)          :       41     2000      2000
...
