000 (407652.000.000) 10/23 15:52:26 Job submitted from host: <137.138.156.150:9618?addrs=137.138.156.150-9618+[2001-1458-d00-14--9a]-9618&noUDP&sock=4221_d558_7>
...
001 (407652.000.000) 10/23 15:55:01 Job executing on host: <188.184.205.67:9618?addrs=188.184.205.67-9618+[2001-1458-301-7d--100-515]-9618&noUDP&sock=1274_6fbf_3>
...
006 (407652.000.000) 10/23 15:55:09 Image size of job updated: 23292
	8  -  MemoryUsage of job (MB)
	7744  -  ResidentSetSize of job (KB)
...
006 (407652.000.000) 10/23 15:55:24 Image size of job updated: 75968
	8  -  MemoryUsage of job (MB)
	7748  -  ResidentSetSize of job (KB)
...
005 (407652.000.000) 10/23 15:55:25 Job terminated.
	(1) Normal termination (return value 1)
		Usr 0 00:00:00, Sys 0 00:00:00  -  Run Remote Usage
		Usr 0 00:00:00, Sys 0 00:00:00  -  Run Local Usage
		Usr 0 00:00:00, Sys 0 00:00:00  -  Total Remote Usage
		Usr 0 00:00:00, Sys 0 00:00:00  -  Total Local Usage
	90279  -  Run Bytes Sent By Job
	902  -  Run Bytes Received By Job
	90279  -  Total Bytes Sent By Job
	902  -  Total Bytes Received By Job
	Partitionable Resources :    Usage  Request Allocated
	   Cpus                 :                 1         1
	   Disk (KB)            :      104        1   2127757
	   Memory (MB)          :        8     2000      2000
...
000 (408898.000.000) 10/24 13:25:56 Job submitted from host: <137.138.156.150:9618?addrs=137.138.156.150-9618+[2001-1458-d00-14--9a]-9618&noUDP&sock=4221_d558_7>
...
001 (408898.000.000) 10/24 13:26:13 Job executing on host: <188.184.206.38:9618?addrs=188.184.206.38-9618+[2001-1458-301-7d--100-545]-9618&noUDP&sock=1263_e434_3>
...
006 (408898.000.000) 10/24 13:26:21 Image size of job updated: 80316
	31  -  MemoryUsage of job (MB)
	31084  -  ResidentSetSize of job (KB)
...
006 (408898.000.000) 10/24 13:26:28 Image size of job updated: 109824
	31  -  MemoryUsage of job (MB)
	31240  -  ResidentSetSize of job (KB)
...
005 (408898.000.000) 10/24 13:26:29 Job terminated.
	(1) Normal termination (return value 1)
		Usr 0 00:00:01, Sys 0 00:00:00  -  Run Remote Usage
		Usr 0 00:00:00, Sys 0 00:00:00  -  Run Local Usage
		Usr 0 00:00:01, Sys 0 00:00:00  -  Total Remote Usage
		Usr 0 00:00:00, Sys 0 00:00:00  -  Total Local Usage
	7650  -  Run Bytes Sent By Job
	902  -  Run Bytes Received By Job
	7650  -  Total Bytes Sent By Job
	902  -  Total Bytes Received By Job
	Partitionable Resources :    Usage  Request Allocated
	   Cpus                 :                 1         1
	   Disk (KB)            :       23        1   2206163
	   Memory (MB)          :       31     2000      2000
...
