000 (407057.000.000) 10/23 14:53:30 Job submitted from host: <137.138.156.150:9618?addrs=137.138.156.150-9618+[2001-1458-d00-14--9a]-9618&noUDP&sock=4221_d558_7>
...
001 (407057.000.000) 10/23 14:55:46 Job executing on host: <188.184.205.147:9618?addrs=188.184.205.147-9618+[2001-1458-301-7d--100-527]-9618&noUDP&sock=1291_18db_3>
...
006 (407057.000.000) 10/23 14:55:54 Image size of job updated: 1796
	2  -  MemoryUsage of job (MB)
	1588  -  ResidentSetSize of job (KB)
...
006 (407057.000.000) 10/23 14:56:20 Image size of job updated: 149872
	2  -  MemoryUsage of job (MB)
	1604  -  ResidentSetSize of job (KB)
...
005 (407057.000.000) 10/23 14:56:20 Job terminated.
	(1) Normal termination (return value 1)
		Usr 0 00:00:01, Sys 0 00:00:00  -  Run Remote Usage
		Usr 0 00:00:00, Sys 0 00:00:00  -  Run Local Usage
		Usr 0 00:00:01, Sys 0 00:00:00  -  Total Remote Usage
		Usr 0 00:00:00, Sys 0 00:00:00  -  Total Local Usage
	12090  -  Run Bytes Sent By Job
	902  -  Run Bytes Received By Job
	12090  -  Total Bytes Sent By Job
	902  -  Total Bytes Received By Job
	Partitionable Resources :    Usage  Request Allocated
	   Cpus                 :                 1         1
	   Disk (KB)            :       28        1   2213233
	   Memory (MB)          :        2     2000      2000
...
