000 (407720.000.000) 10/23 16:10:12 Job submitted from host: <137.138.156.150:9618?addrs=137.138.156.150-9618+[2001-1458-d00-14--9a]-9618&noUDP&sock=4221_d558_7>
...
001 (407720.000.000) 10/23 16:13:44 Job executing on host: <188.184.206.224:9618?addrs=188.184.206.224-9618+[2001-1458-301-7d--100-563]-9618&noUDP&sock=1280_8d50_3>
...
006 (407720.000.000) 10/23 16:13:53 Image size of job updated: 92904
	43  -  MemoryUsage of job (MB)
	43532  -  ResidentSetSize of job (KB)
...
006 (407720.000.000) 10/23 16:13:59 Image size of job updated: 146500
	43  -  MemoryUsage of job (MB)
	43532  -  ResidentSetSize of job (KB)
...
005 (407720.000.000) 10/23 16:13:59 Job terminated.
	(1) Normal termination (return value 1)
		Usr 0 00:00:01, Sys 0 00:00:00  -  Run Remote Usage
		Usr 0 00:00:00, Sys 0 00:00:00  -  Run Local Usage
		Usr 0 00:00:01, Sys 0 00:00:00  -  Total Remote Usage
		Usr 0 00:00:00, Sys 0 00:00:00  -  Total Local Usage
	17418  -  Run Bytes Sent By Job
	902  -  Run Bytes Received By Job
	17418  -  Total Bytes Sent By Job
	902  -  Total Bytes Received By Job
	Partitionable Resources :    Usage  Request Allocated
	   Cpus                 :                 1         1
	   Disk (KB)            :       33        1   2217859
	   Memory (MB)          :       43     2000      2000
...
000 (408972.000.000) 10/24 14:51:23 Job submitted from host: <137.138.156.150:9618?addrs=137.138.156.150-9618+[2001-1458-d00-14--9a]-9618&noUDP&sock=4221_d558_7>
...
001 (408972.000.000) 10/24 14:52:07 Job executing on host: <188.185.213.36:9618?addrs=188.185.213.36-9618+[2001-1459-301-98--100-1e]-9618&noUDP&sock=1280_8d50_3>
...
006 (408972.000.000) 10/24 14:52:16 Image size of job updated: 9592
	10  -  MemoryUsage of job (MB)
	9592  -  ResidentSetSize of job (KB)
...
006 (408972.000.000) 10/24 14:54:26 Image size of job updated: 76456
	10  -  MemoryUsage of job (MB)
	9592  -  ResidentSetSize of job (KB)
...
005 (408972.000.000) 10/24 14:54:27 Job terminated.
	(1) Normal termination (return value 1)
		Usr 0 00:00:01, Sys 0 00:00:00  -  Run Remote Usage
		Usr 0 00:00:00, Sys 0 00:00:00  -  Run Local Usage
		Usr 0 00:00:01, Sys 0 00:00:00  -  Total Remote Usage
		Usr 0 00:00:00, Sys 0 00:00:00  -  Total Local Usage
	17418  -  Run Bytes Sent By Job
	902  -  Run Bytes Received By Job
	17418  -  Total Bytes Sent By Job
	902  -  Total Bytes Received By Job
	Partitionable Resources :    Usage  Request Allocated
	   Cpus                 :                 1         1
	   Disk (KB)            :       33        1   2180770
	   Memory (MB)          :       10     2000      2000
...
