000 (407535.000.000) 10/23 15:45:37 Job submitted from host: <137.138.156.150:9618?addrs=137.138.156.150-9618+[2001-1458-d00-14--9a]-9618&noUDP&sock=4221_d558_7>
...
001 (407535.000.000) 10/23 15:47:09 Job executing on host: <188.184.204.218:9618?addrs=188.184.204.218-9618+[2001-1458-301-7d--100-513]-9618&noUDP&sock=1283_9c19_3>
...
006 (407535.000.000) 10/23 15:47:17 Image size of job updated: 76428
	41  -  MemoryUsage of job (MB)
	41568  -  ResidentSetSize of job (KB)
...
006 (407535.000.000) 10/23 15:47:24 Image size of job updated: 76428
	41  -  MemoryUsage of job (MB)
	41616  -  ResidentSetSize of job (KB)
...
005 (407535.000.000) 10/23 15:47:24 Job terminated.
	(1) Normal termination (return value 1)
		Usr 0 00:00:00, Sys 0 00:00:00  -  Run Remote Usage
		Usr 0 00:00:00, Sys 0 00:00:00  -  Run Local Usage
		Usr 0 00:00:00, Sys 0 00:00:00  -  Total Remote Usage
		Usr 0 00:00:00, Sys 0 00:00:00  -  Total Local Usage
	789  -  Run Bytes Sent By Job
	902  -  Run Bytes Received By Job
	789  -  Total Bytes Sent By Job
	902  -  Total Bytes Received By Job
	Partitionable Resources :    Usage  Request Allocated
	   Cpus                 :                 1         1
	   Disk (KB)            :       17        1   2101832
	   Memory (MB)          :       41     2000      2000
...
000 (408780.000.000) 10/24 13:18:38 Job submitted from host: <137.138.156.150:9618?addrs=137.138.156.150-9618+[2001-1458-d00-14--9a]-9618&noUDP&sock=4221_d558_7>
...
001 (408780.000.000) 10/24 13:18:58 Job executing on host: <188.184.204.82:9618?addrs=188.184.204.82-9618+[2001-1458-301-7d--100-503]-9618&noUDP&sock=1257_c6a2_3>
...
006 (408780.000.000) 10/24 13:19:07 Image size of job updated: 96512
	38  -  MemoryUsage of job (MB)
	38812  -  ResidentSetSize of job (KB)
...
006 (408780.000.000) 10/24 13:19:17 Image size of job updated: 96512
	38  -  MemoryUsage of job (MB)
	38816  -  ResidentSetSize of job (KB)
...
005 (408780.000.000) 10/24 13:19:18 Job terminated.
	(1) Normal termination (return value 1)
		Usr 0 00:00:01, Sys 0 00:00:00  -  Run Remote Usage
		Usr 0 00:00:00, Sys 0 00:00:00  -  Run Local Usage
		Usr 0 00:00:01, Sys 0 00:00:00  -  Total Remote Usage
		Usr 0 00:00:00, Sys 0 00:00:00  -  Total Local Usage
	7825  -  Run Bytes Sent By Job
	902  -  Run Bytes Received By Job
	7825  -  Total Bytes Sent By Job
	902  -  Total Bytes Received By Job
	Partitionable Resources :    Usage  Request Allocated
	   Cpus                 :                 1         1
	   Disk (KB)            :       23        1   2123207
	   Memory (MB)          :       38     2000      2000
...
