000 (407733.000.000) 10/23 16:10:52 Job submitted from host: <137.138.156.150:9618?addrs=137.138.156.150-9618+[2001-1458-d00-14--9a]-9618&noUDP&sock=4221_d558_7>
...
001 (407733.000.000) 10/23 16:13:55 Job executing on host: <188.184.204.151:9618?addrs=188.184.204.151-9618+[--1]-9618&noUDP&sock=1216_a740_3>
...
006 (407733.000.000) 10/23 16:14:03 Image size of job updated: 56644
	43  -  MemoryUsage of job (MB)
	43532  -  ResidentSetSize of job (KB)
...
005 (407733.000.000) 10/23 16:14:10 Job terminated.
	(1) Normal termination (return value 1)
		Usr 0 00:00:01, Sys 0 00:00:00  -  Run Remote Usage
		Usr 0 00:00:00, Sys 0 00:00:00  -  Run Local Usage
		Usr 0 00:00:01, Sys 0 00:00:00  -  Total Remote Usage
		Usr 0 00:00:00, Sys 0 00:00:00  -  Total Local Usage
	15235  -  Run Bytes Sent By Job
	902  -  Run Bytes Received By Job
	15235  -  Total Bytes Sent By Job
	902  -  Total Bytes Received By Job
	Partitionable Resources :    Usage  Request Allocated
	   Cpus                 :                 1         1
	   Disk (KB)            :       31        1   2194064
	   Memory (MB)          :       43     2000      2000
...
000 (408985.000.000) 10/24 14:52:02 Job submitted from host: <137.138.156.150:9618?addrs=137.138.156.150-9618+[2001-1458-d00-14--9a]-9618&noUDP&sock=4221_d558_7>
...
001 (408985.000.000) 10/24 14:52:17 Job executing on host: <188.184.206.38:9618?addrs=188.184.206.38-9618+[2001-1458-301-7d--100-545]-9618&noUDP&sock=1263_e434_3>
...
006 (408985.000.000) 10/24 14:52:26 Image size of job updated: 21104
	7  -  MemoryUsage of job (MB)
	6456  -  ResidentSetSize of job (KB)
...
006 (408985.000.000) 10/24 14:52:40 Image size of job updated: 142800
	7  -  MemoryUsage of job (MB)
	6456  -  ResidentSetSize of job (KB)
...
005 (408985.000.000) 10/24 14:52:41 Job terminated.
	(1) Normal termination (return value 1)
		Usr 0 00:00:01, Sys 0 00:00:00  -  Run Remote Usage
		Usr 0 00:00:00, Sys 0 00:00:00  -  Run Local Usage
		Usr 0 00:00:01, Sys 0 00:00:00  -  Total Remote Usage
		Usr 0 00:00:00, Sys 0 00:00:00  -  Total Local Usage
	15235  -  Run Bytes Sent By Job
	902  -  Run Bytes Received By Job
	15235  -  Total Bytes Sent By Job
	902  -  Total Bytes Received By Job
	Partitionable Resources :    Usage  Request Allocated
	   Cpus                 :                 1         1
	   Disk (KB)            :       31        1   2205287
	   Memory (MB)          :        7     2000      2000
...
