000 (407744.000.000) 10/23 16:11:31 Job submitted from host: <137.138.156.150:9618?addrs=137.138.156.150-9618+[2001-1458-d00-14--9a]-9618&noUDP&sock=4221_d558_7>
...
001 (407744.000.000) 10/23 16:14:08 Job executing on host: <188.184.205.172:9618?addrs=188.184.205.172-9618+[2001-1458-301-7d--100-526]-9618&noUDP&sock=1269_01c5_3>
...
006 (407744.000.000) 10/23 16:14:17 Image size of job updated: 76104
	43  -  MemoryUsage of job (MB)
	43544  -  ResidentSetSize of job (KB)
...
006 (407744.000.000) 10/23 16:14:22 Image size of job updated: 149464
	43  -  MemoryUsage of job (MB)
	43544  -  ResidentSetSize of job (KB)
...
005 (407744.000.000) 10/23 16:14:22 Job terminated.
	(1) Normal termination (return value 1)
		Usr 0 00:00:01, Sys 0 00:00:00  -  Run Remote Usage
		Usr 0 00:00:00, Sys 0 00:00:00  -  Run Local Usage
		Usr 0 00:00:01, Sys 0 00:00:00  -  Total Remote Usage
		Usr 0 00:00:00, Sys 0 00:00:00  -  Total Local Usage
	13054  -  Run Bytes Sent By Job
	902  -  Run Bytes Received By Job
	13054  -  Total Bytes Sent By Job
	902  -  Total Bytes Received By Job
	Partitionable Resources :    Usage  Request Allocated
	   Cpus                 :                 1         1
	   Disk (KB)            :       29        1   2202812
	   Memory (MB)          :       43     2000      2000
...
000 (408996.000.000) 10/24 14:52:58 Job submitted from host: <137.138.156.150:9618?addrs=137.138.156.150-9618+[2001-1458-d00-14--9a]-9618&noUDP&sock=4221_d558_7>
...
001 (408996.000.000) 10/24 14:53:01 Job executing on host: <188.184.206.167:9618?addrs=188.184.206.167-9618+[2001-1458-301-7d--100-554]-9618&noUDP&sock=1268_522d_3>
...
006 (408996.000.000) 10/24 14:53:10 Image size of job updated: 99308
	41  -  MemoryUsage of job (MB)
	41608  -  ResidentSetSize of job (KB)
...
006 (408996.000.000) 10/24 14:53:21 Image size of job updated: 147816
	41  -  MemoryUsage of job (MB)
	41608  -  ResidentSetSize of job (KB)
...
005 (408996.000.000) 10/24 14:53:21 Job terminated.
	(1) Normal termination (return value 1)
		Usr 0 00:00:01, Sys 0 00:00:00  -  Run Remote Usage
		Usr 0 00:00:00, Sys 0 00:00:00  -  Run Local Usage
		Usr 0 00:00:01, Sys 0 00:00:00  -  Total Remote Usage
		Usr 0 00:00:00, Sys 0 00:00:00  -  Total Local Usage
	13054  -  Run Bytes Sent By Job
	902  -  Run Bytes Received By Job
	13054  -  Total Bytes Sent By Job
	902  -  Total Bytes Received By Job
	Partitionable Resources :    Usage  Request Allocated
	   Cpus                 :                 1         1
	   Disk (KB)            :       29        1   2105582
	   Memory (MB)          :       41     2000      2000
...
