000 (407513.000.000) 10/23 15:44:11 Job submitted from host: <137.138.156.150:9618?addrs=137.138.156.150-9618+[2001-1458-d00-14--9a]-9618&noUDP&sock=4221_d558_7>
...
001 (407513.000.000) 10/23 15:46:56 Job executing on host: <188.184.205.90:9618?addrs=188.184.205.90-9618+[--1]-9618&noUDP&sock=1243_2c4f_3>
...
006 (407513.000.000) 10/23 15:47:04 Image size of job updated: 48468
	43  -  MemoryUsage of job (MB)
	43552  -  ResidentSetSize of job (KB)
...
006 (407513.000.000) 10/23 15:47:07 Image size of job updated: 48468
	43  -  MemoryUsage of job (MB)
	43560  -  ResidentSetSize of job (KB)
...
005 (407513.000.000) 10/23 15:47:08 Job terminated.
	(1) Normal termination (return value 1)
		Usr 0 00:00:01, Sys 0 00:00:00  -  Run Remote Usage
		Usr 0 00:00:00, Sys 0 00:00:00  -  Run Local Usage
		Usr 0 00:00:01, Sys 0 00:00:00  -  Total Remote Usage
		Usr 0 00:00:00, Sys 0 00:00:00  -  Total Local Usage
	789  -  Run Bytes Sent By Job
	902  -  Run Bytes Received By Job
	789  -  Total Bytes Sent By Job
	902  -  Total Bytes Received By Job
	Partitionable Resources :    Usage  Request Allocated
	   Cpus                 :                 1         1
	   Disk (KB)            :       17        1   2190725
	   Memory (MB)          :       43     2000      2000
...
000 (408758.000.000) 10/24 13:17:20 Job submitted from host: <137.138.156.150:9618?addrs=137.138.156.150-9618+[2001-1458-d00-14--9a]-9618&noUDP&sock=4221_d558_7>
...
001 (408758.000.000) 10/24 13:18:58 Job executing on host: <188.185.211.123:9618?addrs=188.185.211.123-9618+[2001-1459-301-96--100-75]-9618&noUDP&sock=1261_8503_3>
...
006 (408758.000.000) 10/24 13:19:06 Image size of job updated: 18048
	6  -  MemoryUsage of job (MB)
	6004  -  ResidentSetSize of job (KB)
...
006 (408758.000.000) 10/24 13:19:28 Image size of job updated: 142744
	6  -  MemoryUsage of job (MB)
	6008  -  ResidentSetSize of job (KB)
...
005 (408758.000.000) 10/24 13:19:29 Job terminated.
	(1) Normal termination (return value 1)
		Usr 0 00:00:01, Sys 0 00:00:00  -  Run Remote Usage
		Usr 0 00:00:00, Sys 0 00:00:00  -  Run Local Usage
		Usr 0 00:00:01, Sys 0 00:00:00  -  Total Remote Usage
		Usr 0 00:00:00, Sys 0 00:00:00  -  Total Local Usage
	5644  -  Run Bytes Sent By Job
	902  -  Run Bytes Received By Job
	5644  -  Total Bytes Sent By Job
	902  -  Total Bytes Received By Job
	Partitionable Resources :    Usage  Request Allocated
	   Cpus                 :                 1         1
	   Disk (KB)            :       21        1   2169195
	   Memory (MB)          :        6     2000      2000
...
