000 (407668.000.000) 10/23 16:06:57 Job submitted from host: <137.138.156.150:9618?addrs=137.138.156.150-9618+[2001-1458-d00-14--9a]-9618&noUDP&sock=4221_d558_7>
...
001 (407668.000.000) 10/23 16:11:00 Job executing on host: <188.184.205.210:9618?addrs=188.184.205.210-9618+[2001-1458-301-7d--100-528]-9618&noUDP&sock=1287_5a7a_3>
...
006 (407668.000.000) 10/23 16:11:08 Image size of job updated: 99584
	41  -  MemoryUsage of job (MB)
	41884  -  ResidentSetSize of job (KB)
...
006 (407668.000.000) 10/23 16:11:15 Image size of job updated: 99584
	41  -  MemoryUsage of job (MB)
	41960  -  ResidentSetSize of job (KB)
...
005 (407668.000.000) 10/23 16:11:15 Job terminated.
	(1) Normal termination (return value 1)
		Usr 0 00:00:01, Sys 0 00:00:00  -  Run Remote Usage
		Usr 0 00:00:00, Sys 0 00:00:00  -  Run Local Usage
		Usr 0 00:00:01, Sys 0 00:00:00  -  Total Remote Usage
		Usr 0 00:00:00, Sys 0 00:00:00  -  Total Local Usage
	15236  -  Run Bytes Sent By Job
	902  -  Run Bytes Received By Job
	15236  -  Total Bytes Sent By Job
	902  -  Total Bytes Received By Job
	Partitionable Resources :    Usage  Request Allocated
	   Cpus                 :                 1         1
	   Disk (KB)            :       31        1   2215557
	   Memory (MB)          :       41     2000      2000
...
000 (408919.000.000) 10/24 14:48:00 Job submitted from host: <137.138.156.150:9618?addrs=137.138.156.150-9618+[2001-1458-d00-14--9a]-9618&noUDP&sock=4221_d558_7>
...
001 (408919.000.000) 10/24 14:51:52 Job executing on host: <188.185.214.177:9618?addrs=188.185.214.177-9618+[2001-1459-301-99--100-ab]-9618&noUDP&sock=1326_1aab_3>
...
006 (408919.000.000) 10/24 14:52:00 Image size of job updated: 9632
	10  -  MemoryUsage of job (MB)
	9632  -  ResidentSetSize of job (KB)
...
006 (408919.000.000) 10/24 14:52:32 Image size of job updated: 147660
	10  -  MemoryUsage of job (MB)
	9632  -  ResidentSetSize of job (KB)
...
005 (408919.000.000) 10/24 14:52:33 Job terminated.
	(1) Normal termination (return value 1)
		Usr 0 00:00:01, Sys 0 00:00:00  -  Run Remote Usage
		Usr 0 00:00:00, Sys 0 00:00:00  -  Run Local Usage
		Usr 0 00:00:01, Sys 0 00:00:00  -  Total Remote Usage
		Usr 0 00:00:00, Sys 0 00:00:00  -  Total Local Usage
	15236  -  Run Bytes Sent By Job
	902  -  Run Bytes Received By Job
	15236  -  Total Bytes Sent By Job
	902  -  Total Bytes Received By Job
	Partitionable Resources :    Usage  Request Allocated
	   Cpus                 :                 1         1
	   Disk (KB)            :       31        1   2192231
	   Memory (MB)          :       10     2000      2000
...
