000 (407748.000.000) 10/23 16:12:06 Job submitted from host: <137.138.156.150:9618?addrs=137.138.156.150-9618+[2001-1458-d00-14--9a]-9618&noUDP&sock=4221_d558_7>
...
001 (407748.000.000) 10/23 16:14:12 Job executing on host: <188.184.204.151:9618?addrs=188.184.204.151-9618+[--1]-9618&noUDP&sock=1216_a740_3>
...
006 (407748.000.000) 10/23 16:14:20 Image size of job updated: 13580
	10  -  MemoryUsage of job (MB)
	9276  -  ResidentSetSize of job (KB)
...
006 (407748.000.000) 10/23 16:14:34 Image size of job updated: 471724
	10  -  MemoryUsage of job (MB)
	9380  -  ResidentSetSize of job (KB)
...
005 (407748.000.000) 10/23 16:14:35 Job terminated.
	(1) Normal termination (return value 1)
		Usr 0 00:00:01, Sys 0 00:00:00  -  Run Remote Usage
		Usr 0 00:00:00, Sys 0 00:00:00  -  Run Local Usage
		Usr 0 00:00:01, Sys 0 00:00:00  -  Total Remote Usage
		Usr 0 00:00:00, Sys 0 00:00:00  -  Total Local Usage
	15237  -  Run Bytes Sent By Job
	902  -  Run Bytes Received By Job
	15237  -  Total Bytes Sent By Job
	902  -  Total Bytes Received By Job
	Partitionable Resources :    Usage  Request Allocated
	   Cpus                 :                 1         1
	   Disk (KB)            :       31        1   2194064
	   Memory (MB)          :       10     2000      2000
...
000 (409000.000.000) 10/24 14:53:09 Job submitted from host: <137.138.156.150:9618?addrs=137.138.156.150-9618+[2001-1458-d00-14--9a]-9618&noUDP&sock=4221_d558_7>
...
001 (409000.000.000) 10/24 14:53:23 Job executing on host: <188.184.206.167:9618?addrs=188.184.206.167-9618+[2001-1458-301-7d--100-554]-9618&noUDP&sock=1268_522d_3>
...
006 (409000.000.000) 10/24 14:53:32 Image size of job updated: 92972
	35  -  MemoryUsage of job (MB)
	35724  -  ResidentSetSize of job (KB)
...
006 (409000.000.000) 10/24 14:53:48 Image size of job updated: 147952
	35  -  MemoryUsage of job (MB)
	35724  -  ResidentSetSize of job (KB)
...
005 (409000.000.000) 10/24 14:53:48 Job terminated.
	(1) Normal termination (return value 1)
		Usr 0 00:00:01, Sys 0 00:00:00  -  Run Remote Usage
		Usr 0 00:00:00, Sys 0 00:00:00  -  Run Local Usage
		Usr 0 00:00:01, Sys 0 00:00:00  -  Total Remote Usage
		Usr 0 00:00:00, Sys 0 00:00:00  -  Total Local Usage
	15237  -  Run Bytes Sent By Job
	902  -  Run Bytes Received By Job
	15237  -  Total Bytes Sent By Job
	902  -  Total Bytes Received By Job
	Partitionable Resources :    Usage  Request Allocated
	   Cpus                 :                 1         1
	   Disk (KB)            :       31        1   2105582
	   Memory (MB)          :       35     2000      2000
...
