000 (407708.000.000) 10/23 16:09:18 Job submitted from host: <137.138.156.150:9618?addrs=137.138.156.150-9618+[2001-1458-d00-14--9a]-9618&noUDP&sock=4221_d558_7>
...
001 (407708.000.000) 10/23 16:13:34 Job executing on host: <188.184.206.45:9618?addrs=188.184.206.45-9618+[2001-1458-301-7d--100-551]-9618&noUDP&sock=1288_0a12_3>
...
006 (407708.000.000) 10/23 16:13:43 Image size of job updated: 58328
	43  -  MemoryUsage of job (MB)
	43536  -  ResidentSetSize of job (KB)
...
006 (407708.000.000) 10/23 16:13:59 Image size of job updated: 84932
	43  -  MemoryUsage of job (MB)
	43536  -  ResidentSetSize of job (KB)
...
005 (407708.000.000) 10/23 16:13:59 Job terminated.
	(1) Normal termination (return value 1)
		Usr 0 00:00:01, Sys 0 00:00:00  -  Run Remote Usage
		Usr 0 00:00:00, Sys 0 00:00:00  -  Run Local Usage
		Usr 0 00:00:01, Sys 0 00:00:00  -  Total Remote Usage
		Usr 0 00:00:00, Sys 0 00:00:00  -  Total Local Usage
	12120  -  Run Bytes Sent By Job
	902  -  Run Bytes Received By Job
	12120  -  Total Bytes Sent By Job
	902  -  Total Bytes Received By Job
	Partitionable Resources :    Usage  Request Allocated
	   Cpus                 :                 1         1
	   Disk (KB)            :       28        1   2218209
	   Memory (MB)          :       43     2000      2000
...
000 (408960.000.000) 10/24 14:50:42 Job submitted from host: <137.138.156.150:9618?addrs=137.138.156.150-9618+[2001-1458-d00-14--9a]-9618&noUDP&sock=4221_d558_7>
...
001 (408960.000.000) 10/24 14:52:43 Job executing on host: <188.185.202.122:9618?addrs=188.185.202.122-9618+[2001-1459-301-61--100-74]-9618&noUDP&sock=1340_b4ff_3>
...
006 (408960.000.000) 10/24 14:52:51 Image size of job updated: 428
	1  -  MemoryUsage of job (MB)
	428  -  ResidentSetSize of job (KB)
...
006 (408960.000.000) 10/24 14:57:25 Image size of job updated: 147540
	1  -  MemoryUsage of job (MB)
	428  -  ResidentSetSize of job (KB)
...
005 (408960.000.000) 10/24 14:57:25 Job terminated.
	(1) Normal termination (return value 1)
		Usr 0 00:00:01, Sys 0 00:00:00  -  Run Remote Usage
		Usr 0 00:00:00, Sys 0 00:00:00  -  Run Local Usage
		Usr 0 00:00:01, Sys 0 00:00:00  -  Total Remote Usage
		Usr 0 00:00:00, Sys 0 00:00:00  -  Total Local Usage
	12120  -  Run Bytes Sent By Job
	902  -  Run Bytes Received By Job
	12120  -  Total Bytes Sent By Job
	902  -  Total Bytes Received By Job
	Partitionable Resources :    Usage  Request Allocated
	   Cpus                 :                 1         1
	   Disk (KB)            :       28        1   2194177
	   Memory (MB)          :        1     2000      2000
...
