000 (407295.000.000) 10/23 15:20:35 Job submitted from host: <137.138.156.150:9618?addrs=137.138.156.150-9618+[2001-1458-d00-14--9a]-9618&noUDP&sock=4221_d558_7>
...
001 (407295.000.000) 10/23 15:22:36 Job executing on host: <188.185.213.191:9618?addrs=188.185.213.191-9618+[2001-1459-301-98--100-b9]-9618&noUDP&sock=1258_763b_3>
...
006 (407295.000.000) 10/23 15:22:45 Image size of job updated: 60524
	44  -  MemoryUsage of job (MB)
	44604  -  ResidentSetSize of job (KB)
...
006 (407295.000.000) 10/23 15:22:49 Image size of job updated: 60524
	44  -  MemoryUsage of job (MB)
	44624  -  ResidentSetSize of job (KB)
...
005 (407295.000.000) 10/23 15:22:49 Job terminated.
	(1) Normal termination (return value 1)
		Usr 0 00:00:00, Sys 0 00:00:00  -  Run Remote Usage
		Usr 0 00:00:00, Sys 0 00:00:00  -  Run Local Usage
		Usr 0 00:00:00, Sys 0 00:00:00  -  Total Remote Usage
		Usr 0 00:00:00, Sys 0 00:00:00  -  Total Local Usage
	793  -  Run Bytes Sent By Job
	902  -  Run Bytes Received By Job
	793  -  Total Bytes Sent By Job
	902  -  Total Bytes Received By Job
	Partitionable Resources :    Usage  Request Allocated
	   Cpus                 :                 1         1
	   Disk (KB)            :       17        1   2154648
	   Memory (MB)          :       44     2000      2000
...
000 (407812.000.000) 10/23 16:32:55 Job submitted from host: <137.138.156.150:9618?addrs=137.138.156.150-9618+[2001-1458-d00-14--9a]-9618&noUDP&sock=4221_d558_7>
...
001 (407812.000.000) 10/23 16:36:01 Job executing on host: <188.184.206.95:9618?addrs=188.184.206.95-9618+[2001-1458-301-7d--100-54f]-9618&noUDP&sock=1284_4bb1_3>
...
006 (407812.000.000) 10/23 16:36:09 Image size of job updated: 25736
	10  -  MemoryUsage of job (MB)
	9896  -  ResidentSetSize of job (KB)
...
006 (407812.000.000) 10/23 16:36:31 Image size of job updated: 474680
	10  -  MemoryUsage of job (MB)
	9896  -  ResidentSetSize of job (KB)
...
005 (407812.000.000) 10/23 16:36:32 Job terminated.
	(1) Normal termination (return value 1)
		Usr 0 00:00:01, Sys 0 00:00:00  -  Run Remote Usage
		Usr 0 00:00:00, Sys 0 00:00:00  -  Run Local Usage
		Usr 0 00:00:01, Sys 0 00:00:00  -  Total Remote Usage
		Usr 0 00:00:00, Sys 0 00:00:00  -  Total Local Usage
	12085  -  Run Bytes Sent By Job
	902  -  Run Bytes Received By Job
	12085  -  Total Bytes Sent By Job
	902  -  Total Bytes Received By Job
	Partitionable Resources :    Usage  Request Allocated
	   Cpus                 :                 1         1
	   Disk (KB)            :       28        1   2193661
	   Memory (MB)          :       10     2000      2000
...
