000 (407278.000.000) 10/23 15:19:21 Job submitted from host: <137.138.156.150:9618?addrs=137.138.156.150-9618+[2001-1458-d00-14--9a]-9618&noUDP&sock=4221_d558_7>
...
001 (407278.000.000) 10/23 15:22:17 Job executing on host: <188.184.205.90:9618?addrs=188.184.205.90-9618+[--1]-9618&noUDP&sock=1243_2c4f_3>
...
006 (407278.000.000) 10/23 15:22:26 Image size of job updated: 10476
	8  -  MemoryUsage of job (MB)
	7864  -  ResidentSetSize of job (KB)
...
006 (407278.000.000) 10/23 15:22:42 Image size of job updated: 13092
	8  -  MemoryUsage of job (MB)
	7876  -  ResidentSetSize of job (KB)
...
005 (407278.000.000) 10/23 15:22:42 Job terminated.
	(1) Normal termination (return value 1)
		Usr 0 00:00:01, Sys 0 00:00:00  -  Run Remote Usage
		Usr 0 00:00:00, Sys 0 00:00:00  -  Run Local Usage
		Usr 0 00:00:01, Sys 0 00:00:00  -  Total Remote Usage
		Usr 0 00:00:00, Sys 0 00:00:00  -  Total Local Usage
	787  -  Run Bytes Sent By Job
	902  -  Run Bytes Received By Job
	787  -  Total Bytes Sent By Job
	902  -  Total Bytes Received By Job
	Partitionable Resources :    Usage  Request Allocated
	   Cpus                 :                 1         1
	   Disk (KB)            :       16        1   2190726
	   Memory (MB)          :        8     2000      2000
...
000 (407787.000.000) 10/23 16:31:33 Job submitted from host: <137.138.156.150:9618?addrs=137.138.156.150-9618+[2001-1458-d00-14--9a]-9618&noUDP&sock=4221_d558_7>
...
001 (407787.000.000) 10/23 16:35:16 Job executing on host: <188.184.204.197:9618?addrs=188.184.204.197-9618+[2001-1458-301-7d--100-523]-9618&noUDP&sock=1279_ddb8_3>
...
006 (407787.000.000) 10/23 16:35:24 Image size of job updated: 59384
	43  -  MemoryUsage of job (MB)
	43520  -  ResidentSetSize of job (KB)
...
006 (407787.000.000) 10/23 16:35:40 Image size of job updated: 488484
	43  -  MemoryUsage of job (MB)
	43520  -  ResidentSetSize of job (KB)
...
005 (407787.000.000) 10/23 16:35:41 Job terminated.
	(1) Normal termination (return value 139)
		Usr 0 00:00:02, Sys 0 00:00:00  -  Run Remote Usage
		Usr 0 00:00:00, Sys 0 00:00:00  -  Run Local Usage
		Usr 0 00:00:02, Sys 0 00:00:00  -  Total Remote Usage
		Usr 0 00:00:00, Sys 0 00:00:00  -  Total Local Usage
	3997  -  Run Bytes Sent By Job
	902  -  Run Bytes Received By Job
	3997  -  Total Bytes Sent By Job
	902  -  Total Bytes Received By Job
	Partitionable Resources :    Usage  Request Allocated
	   Cpus                 :                 1         1
	   Disk (KB)            :       20        1   2108380
	   Memory (MB)          :       43     2000      2000
...
000 (408641.000.000) 10/24 11:37:45 Job submitted from host: <137.138.156.150:9618?addrs=137.138.156.150-9618+[2001-1458-d00-14--9a]-9618&noUDP&sock=4221_d558_7>
...
001 (408641.000.000) 10/24 12:18:14 Job executing on host: <188.184.205.67:9618?addrs=188.184.205.67-9618+[2001-1458-301-7d--100-515]-9618&noUDP&sock=1274_6fbf_3>
...
006 (408641.000.000) 10/24 12:18:22 Image size of job updated: 22420
	7  -  MemoryUsage of job (MB)
	6936  -  ResidentSetSize of job (KB)
...
006 (408641.000.000) 10/24 12:18:37 Image size of job updated: 154616
	7  -  MemoryUsage of job (MB)
	6936  -  ResidentSetSize of job (KB)
...
005 (408641.000.000) 10/24 12:18:37 Job terminated.
	(1) Normal termination (return value 1)
		Usr 0 00:00:01, Sys 0 00:00:00  -  Run Remote Usage
		Usr 0 00:00:00, Sys 0 00:00:00  -  Run Local Usage
		Usr 0 00:00:01, Sys 0 00:00:00  -  Total Remote Usage
		Usr 0 00:00:00, Sys 0 00:00:00  -  Total Local Usage
	12082  -  Run Bytes Sent By Job
	902  -  Run Bytes Received By Job
	12082  -  Total Bytes Sent By Job
	902  -  Total Bytes Received By Job
	Partitionable Resources :    Usage  Request Allocated
	   Cpus                 :                 1         1
	   Disk (KB)            :       28        1   2118558
	   Memory (MB)          :        7     2000      2000
...
