000 (407654.000.000) 10/23 15:59:58 Job submitted from host: <137.138.156.150:9618?addrs=137.138.156.150-9618+[2001-1458-d00-14--9a]-9618&noUDP&sock=4221_d558_7>
...
000 (407665.000.000) 10/23 16:06:40 Job submitted from host: <137.138.156.150:9618?addrs=137.138.156.150-9618+[2001-1458-d00-14--9a]-9618&noUDP&sock=4221_d558_7>
...
001 (407654.000.000) 10/23 16:09:35 Job executing on host: <188.184.205.210:9618?addrs=188.184.205.210-9618+[2001-1458-301-7d--100-528]-9618&noUDP&sock=1287_5a7a_3>
...
006 (407654.000.000) 10/23 16:09:44 Image size of job updated: 76708
	30  -  MemoryUsage of job (MB)
	30548  -  ResidentSetSize of job (KB)
...
006 (407654.000.000) 10/23 16:09:55 Image size of job updated: 80320
	30  -  MemoryUsage of job (MB)
	30596  -  ResidentSetSize of job (KB)
...
005 (407654.000.000) 10/23 16:09:56 Job terminated.
	(1) Normal termination (return value 1)
		Usr 0 00:00:01, Sys 0 00:00:00  -  Run Remote Usage
		Usr 0 00:00:00, Sys 0 00:00:00  -  Run Local Usage
		Usr 0 00:00:01, Sys 0 00:00:00  -  Total Remote Usage
		Usr 0 00:00:00, Sys 0 00:00:00  -  Total Local Usage
	3458  -  Run Bytes Sent By Job
	902  -  Run Bytes Received By Job
	3458  -  Total Bytes Sent By Job
	902  -  Total Bytes Received By Job
	Partitionable Resources :    Usage  Request Allocated
	   Cpus                 :                 1         1
	   Disk (KB)            :       19        1   2215557
	   Memory (MB)          :       30     2000      2000
...
001 (407665.000.000) 10/23 16:10:12 Job executing on host: <188.184.205.210:9618?addrs=188.184.205.210-9618+[2001-1458-301-7d--100-528]-9618&noUDP&sock=1287_5a7a_3>
...
006 (407665.000.000) 10/23 16:10:21 Image size of job updated: 98076
	43  -  MemoryUsage of job (MB)
	43524  -  ResidentSetSize of job (KB)
...
005 (407665.000.000) 10/23 16:10:26 Job terminated.
	(1) Normal termination (return value 1)
		Usr 0 00:00:01, Sys 0 00:00:00  -  Run Remote Usage
		Usr 0 00:00:00, Sys 0 00:00:00  -  Run Local Usage
		Usr 0 00:00:01, Sys 0 00:00:00  -  Total Remote Usage
		Usr 0 00:00:00, Sys 0 00:00:00  -  Total Local Usage
	3458  -  Run Bytes Sent By Job
	902  -  Run Bytes Received By Job
	3458  -  Total Bytes Sent By Job
	902  -  Total Bytes Received By Job
	Partitionable Resources :    Usage  Request Allocated
	   Cpus                 :                 1         1
	   Disk (KB)            :       19        1   2215557
	   Memory (MB)          :       43     2000      2000
...
000 (408916.000.000) 10/24 14:47:35 Job submitted from host: <137.138.156.150:9618?addrs=137.138.156.150-9618+[2001-1458-d00-14--9a]-9618&noUDP&sock=4221_d558_7>
...
001 (408916.000.000) 10/24 14:51:50 Job executing on host: <188.185.206.50:9618?addrs=188.185.206.50-9618+[2001-1459-301-65--100-2c]-9618&noUDP&sock=1291_18db_3>
...
006 (408916.000.000) 10/24 14:51:58 Image size of job updated: 1036
	2  -  MemoryUsage of job (MB)
	1036  -  ResidentSetSize of job (KB)
...
006 (408916.000.000) 10/24 14:52:34 Image size of job updated: 99284
	2  -  MemoryUsage of job (MB)
	1036  -  ResidentSetSize of job (KB)
...
005 (408916.000.000) 10/24 14:52:35 Job terminated.
	(1) Normal termination (return value 1)
		Usr 0 00:00:01, Sys 0 00:00:00  -  Run Remote Usage
		Usr 0 00:00:00, Sys 0 00:00:00  -  Run Local Usage
		Usr 0 00:00:01, Sys 0 00:00:00  -  Total Remote Usage
		Usr 0 00:00:00, Sys 0 00:00:00  -  Total Local Usage
	3458  -  Run Bytes Sent By Job
	902  -  Run Bytes Received By Job
	3458  -  Total Bytes Sent By Job
	902  -  Total Bytes Received By Job
	Partitionable Resources :    Usage  Request Allocated
	   Cpus                 :                 1         1
	   Disk (KB)            :       19        1   2144724
	   Memory (MB)          :        2     2000      2000
...
