000 (407376.000.000) 10/23 15:26:23 Job submitted from host: <137.138.156.150:9618?addrs=137.138.156.150-9618+[2001-1458-d00-14--9a]-9618&noUDP&sock=4221_d558_7>
...
001 (407376.000.000) 10/23 15:26:31 Job executing on host: <188.185.213.191:9618?addrs=188.185.213.191-9618+[2001-1459-301-98--100-b9]-9618&noUDP&sock=1258_763b_3>
...
006 (407376.000.000) 10/23 15:26:39 Image size of job updated: 22984
	8  -  MemoryUsage of job (MB)
	7500  -  ResidentSetSize of job (KB)
...
006 (407376.000.000) 10/23 15:26:46 Image size of job updated: 76844
	8  -  MemoryUsage of job (MB)
	7564  -  ResidentSetSize of job (KB)
...
005 (407376.000.000) 10/23 15:26:47 Job terminated.
	(1) Normal termination (return value 1)
		Usr 0 00:00:00, Sys 0 00:00:00  -  Run Remote Usage
		Usr 0 00:00:00, Sys 0 00:00:00  -  Run Local Usage
		Usr 0 00:00:00, Sys 0 00:00:00  -  Total Remote Usage
		Usr 0 00:00:00, Sys 0 00:00:00  -  Total Local Usage
	794  -  Run Bytes Sent By Job
	902  -  Run Bytes Received By Job
	794  -  Total Bytes Sent By Job
	902  -  Total Bytes Received By Job
	Partitionable Resources :    Usage  Request Allocated
	   Cpus                 :                 1         1
	   Disk (KB)            :       17        1   2154640
	   Memory (MB)          :        8     2000      2000
...
000 (407909.000.000) 10/23 16:38:12 Job submitted from host: <137.138.156.150:9618?addrs=137.138.156.150-9618+[2001-1458-d00-14--9a]-9618&noUDP&sock=4221_d558_7>
...
001 (407909.000.000) 10/23 16:39:08 Job executing on host: <188.184.205.79:9618?addrs=188.184.205.79-9618+[2001-1458-301-7d--100-51b]-9618&noUDP&sock=1284_4bb1_3>
...
006 (407909.000.000) 10/23 16:39:18 Image size of job updated: 99416
	41  -  MemoryUsage of job (MB)
	41716  -  ResidentSetSize of job (KB)
...
006 (407909.000.000) 10/23 16:39:26 Image size of job updated: 162720
	41  -  MemoryUsage of job (MB)
	41716  -  ResidentSetSize of job (KB)
...
005 (407909.000.000) 10/23 16:39:27 Job terminated.
	(1) Normal termination (return value 1)
		Usr 0 00:00:01, Sys 0 00:00:00  -  Run Remote Usage
		Usr 0 00:00:00, Sys 0 00:00:00  -  Run Local Usage
		Usr 0 00:00:01, Sys 0 00:00:00  -  Total Remote Usage
		Usr 0 00:00:00, Sys 0 00:00:00  -  Total Local Usage
	12086  -  Run Bytes Sent By Job
	902  -  Run Bytes Received By Job
	12086  -  Total Bytes Sent By Job
	902  -  Total Bytes Received By Job
	Partitionable Resources :    Usage  Request Allocated
	   Cpus                 :                 1         1
	   Disk (KB)            :       28        1   2111749
	   Memory (MB)          :       41     2000      2000
...
