000 (407491.000.000) 10/23 15:43:04 Job submitted from host: <137.138.156.150:9618?addrs=137.138.156.150-9618+[2001-1458-d00-14--9a]-9618&noUDP&sock=4221_d558_7>
...
001 (407491.000.000) 10/23 15:46:33 Job executing on host: <188.184.205.67:9618?addrs=188.184.205.67-9618+[2001-1458-301-7d--100-515]-9618&noUDP&sock=1274_6fbf_3>
...
006 (407491.000.000) 10/23 15:46:42 Image size of job updated: 61132
	44  -  MemoryUsage of job (MB)
	44160  -  ResidentSetSize of job (KB)
...
005 (407491.000.000) 10/23 15:46:55 Job terminated.
	(1) Normal termination (return value 1)
		Usr 0 00:00:01, Sys 0 00:00:00  -  Run Remote Usage
		Usr 0 00:00:00, Sys 0 00:00:00  -  Run Local Usage
		Usr 0 00:00:01, Sys 0 00:00:00  -  Total Remote Usage
		Usr 0 00:00:00, Sys 0 00:00:00  -  Total Local Usage
	791  -  Run Bytes Sent By Job
	902  -  Run Bytes Received By Job
	791  -  Total Bytes Sent By Job
	902  -  Total Bytes Received By Job
	Partitionable Resources :    Usage  Request Allocated
	   Cpus                 :                 1         1
	   Disk (KB)            :       17        1   2127764
	   Memory (MB)          :       44     2000      2000
...
000 (408736.000.000) 10/24 13:15:58 Job submitted from host: <137.138.156.150:9618?addrs=137.138.156.150-9618+[2001-1458-d00-14--9a]-9618&noUDP&sock=4221_d558_7>
...
001 (408736.000.000) 10/24 13:16:18 Job executing on host: <188.184.205.104:9618?addrs=188.184.205.104-9618+[2001-1458-301-7d--100-51c]-9618&noUDP&sock=1273_c026_3>
...
006 (408736.000.000) 10/24 13:16:27 Image size of job updated: 140036
	77  -  MemoryUsage of job (MB)
	78180  -  ResidentSetSize of job (KB)
...
005 (408736.000.000) 10/24 13:16:29 Job terminated.
	(1) Normal termination (return value 1)
		Usr 0 00:00:01, Sys 0 00:00:00  -  Run Remote Usage
		Usr 0 00:00:00, Sys 0 00:00:00  -  Run Local Usage
		Usr 0 00:00:01, Sys 0 00:00:00  -  Total Remote Usage
		Usr 0 00:00:00, Sys 0 00:00:00  -  Total Local Usage
	10007  -  Run Bytes Sent By Job
	902  -  Run Bytes Received By Job
	10007  -  Total Bytes Sent By Job
	902  -  Total Bytes Received By Job
	Partitionable Resources :    Usage  Request Allocated
	   Cpus                 :                 1         1
	   Disk (KB)            :       26        1   2208340
	   Memory (MB)          :       77     2000      2000
...
