000 (407721.000.000) 10/23 16:10:17 Job submitted from host: <137.138.156.150:9618?addrs=137.138.156.150-9618+[2001-1458-d00-14--9a]-9618&noUDP&sock=4221_d558_7>
...
001 (407721.000.000) 10/23 16:13:48 Job executing on host: <188.184.205.143:9618?addrs=188.184.205.143-9618+[2001-1458-301-7d--100-52f]-9618&noUDP&sock=1270_b15e_3>
...
006 (407721.000.000) 10/23 16:13:57 Image size of job updated: 85108
	44  -  MemoryUsage of job (MB)
	44232  -  ResidentSetSize of job (KB)
...
006 (407721.000.000) 10/23 16:14:13 Image size of job updated: 147628
	44  -  MemoryUsage of job (MB)
	44244  -  ResidentSetSize of job (KB)
...
005 (407721.000.000) 10/23 16:14:13 Job terminated.
	(1) Normal termination (return value 1)
		Usr 0 00:00:01, Sys 0 00:00:00  -  Run Remote Usage
		Usr 0 00:00:00, Sys 0 00:00:00  -  Run Local Usage
		Usr 0 00:00:01, Sys 0 00:00:00  -  Total Remote Usage
		Usr 0 00:00:00, Sys 0 00:00:00  -  Total Local Usage
	15855  -  Run Bytes Sent By Job
	902  -  Run Bytes Received By Job
	15855  -  Total Bytes Sent By Job
	902  -  Total Bytes Received By Job
	Partitionable Resources :    Usage  Request Allocated
	   Cpus                 :                 1         1
	   Disk (KB)            :       31        1   2217084
	   Memory (MB)          :       44     2000      2000
...
000 (408973.000.000) 10/24 14:51:26 Job submitted from host: <137.138.156.150:9618?addrs=137.138.156.150-9618+[2001-1458-d00-14--9a]-9618&noUDP&sock=4221_d558_7>
...
001 (408973.000.000) 10/24 14:52:06 Job executing on host: <188.185.210.171:9618?addrs=188.185.210.171-9618+[2001-1459-301-95--100-a5]-9618&noUDP&sock=1281_3ce8_3>
...
006 (408973.000.000) 10/24 14:52:15 Image size of job updated: 424
	1  -  MemoryUsage of job (MB)
	424  -  ResidentSetSize of job (KB)
...
006 (408973.000.000) 10/24 14:57:09 Image size of job updated: 114496
	1  -  MemoryUsage of job (MB)
	424  -  ResidentSetSize of job (KB)
...
005 (408973.000.000) 10/24 14:57:09 Job terminated.
	(1) Normal termination (return value 1)
		Usr 0 00:00:01, Sys 0 00:00:00  -  Run Remote Usage
		Usr 0 00:00:00, Sys 0 00:00:00  -  Run Local Usage
		Usr 0 00:00:01, Sys 0 00:00:00  -  Total Remote Usage
		Usr 0 00:00:00, Sys 0 00:00:00  -  Total Local Usage
	15855  -  Run Bytes Sent By Job
	902  -  Run Bytes Received By Job
	15855  -  Total Bytes Sent By Job
	902  -  Total Bytes Received By Job
	Partitionable Resources :    Usage  Request Allocated
	   Cpus                 :                 1         1
	   Disk (KB)            :       31        1   2167598
	   Memory (MB)          :        1     2000      2000
...
