000 (407563.000.000) 10/23 15:47:23 Job submitted from host: <137.138.156.150:9618?addrs=137.138.156.150-9618+[2001-1458-d00-14--9a]-9618&noUDP&sock=4221_d558_7>
...
001 (407563.000.000) 10/23 15:47:28 Job executing on host: <188.184.205.237:9618?addrs=188.184.205.237-9618+[2001-1458-301-7d--100-531]-9618&noUDP&sock=1287_5a7a_3>
...
006 (407563.000.000) 10/23 15:47:36 Image size of job updated: 100024
	42  -  MemoryUsage of job (MB)
	42324  -  ResidentSetSize of job (KB)
...
006 (407563.000.000) 10/23 15:47:41 Image size of job updated: 100024
	42  -  MemoryUsage of job (MB)
	42332  -  ResidentSetSize of job (KB)
...
005 (407563.000.000) 10/23 15:47:41 Job terminated.
	(1) Normal termination (return value 1)
		Usr 0 00:00:00, Sys 0 00:00:00  -  Run Remote Usage
		Usr 0 00:00:00, Sys 0 00:00:00  -  Run Local Usage
		Usr 0 00:00:00, Sys 0 00:00:00  -  Total Remote Usage
		Usr 0 00:00:00, Sys 0 00:00:00  -  Total Local Usage
	792  -  Run Bytes Sent By Job
	902  -  Run Bytes Received By Job
	792  -  Total Bytes Sent By Job
	902  -  Total Bytes Received By Job
	Partitionable Resources :    Usage  Request Allocated
	   Cpus                 :                 1         1
	   Disk (KB)            :       17        1   2224104
	   Memory (MB)          :       42     2000      2000
...
000 (408808.000.000) 10/24 13:20:15 Job submitted from host: <137.138.156.150:9618?addrs=137.138.156.150-9618+[2001-1458-d00-14--9a]-9618&noUDP&sock=4221_d558_7>
...
001 (408808.000.000) 10/24 13:20:38 Job executing on host: <188.184.206.38:9618?addrs=188.184.206.38-9618+[2001-1458-301-7d--100-545]-9618&noUDP&sock=1263_e434_3>
...
006 (408808.000.000) 10/24 13:20:47 Image size of job updated: 76816
	44  -  MemoryUsage of job (MB)
	44424  -  ResidentSetSize of job (KB)
...
006 (408808.000.000) 10/24 13:20:52 Image size of job updated: 115368
	44  -  MemoryUsage of job (MB)
	44444  -  ResidentSetSize of job (KB)
...
005 (408808.000.000) 10/24 13:20:52 Job terminated.
	(1) Normal termination (return value 1)
		Usr 0 00:00:01, Sys 0 00:00:00  -  Run Remote Usage
		Usr 0 00:00:00, Sys 0 00:00:00  -  Run Local Usage
		Usr 0 00:00:01, Sys 0 00:00:00  -  Total Remote Usage
		Usr 0 00:00:00, Sys 0 00:00:00  -  Total Local Usage
	7827  -  Run Bytes Sent By Job
	902  -  Run Bytes Received By Job
	7827  -  Total Bytes Sent By Job
	902  -  Total Bytes Received By Job
	Partitionable Resources :    Usage  Request Allocated
	   Cpus                 :                 1         1
	   Disk (KB)            :       24        1   2206163
	   Memory (MB)          :       44     2000      2000
...
