000 (407265.000.000) 10/23 15:18:32 Job submitted from host: <137.138.156.150:9618?addrs=137.138.156.150-9618+[2001-1458-d00-14--9a]-9618&noUDP&sock=4221_d558_7>
...
001 (407265.000.000) 10/23 15:22:12 Job executing on host: <188.185.213.191:9618?addrs=188.185.213.191-9618+[2001-1459-301-98--100-b9]-9618&noUDP&sock=1258_763b_3>
...
006 (407265.000.000) 10/23 15:22:21 Image size of job updated: 16832
	7  -  MemoryUsage of job (MB)
	6940  -  ResidentSetSize of job (KB)
...
006 (407265.000.000) 10/23 15:22:35 Image size of job updated: 448552
	7  -  MemoryUsage of job (MB)
	6948  -  ResidentSetSize of job (KB)
...
005 (407265.000.000) 10/23 15:22:35 Job terminated.
	(1) Normal termination (return value 1)
		Usr 0 00:00:00, Sys 0 00:00:00  -  Run Remote Usage
		Usr 0 00:00:00, Sys 0 00:00:00  -  Run Local Usage
		Usr 0 00:00:00, Sys 0 00:00:00  -  Total Remote Usage
		Usr 0 00:00:00, Sys 0 00:00:00  -  Total Local Usage
	790  -  Run Bytes Sent By Job
	902  -  Run Bytes Received By Job
	790  -  Total Bytes Sent By Job
	902  -  Total Bytes Received By Job
	Partitionable Resources :    Usage  Request Allocated
	   Cpus                 :                 1         1
	   Disk (KB)            :       17        1   2154648
	   Memory (MB)          :        7     2000      2000
...
000 (407774.000.000) 10/23 16:30:57 Job submitted from host: <137.138.156.150:9618?addrs=137.138.156.150-9618+[2001-1458-d00-14--9a]-9618&noUDP&sock=4221_d558_7>
...
001 (407774.000.000) 10/23 16:34:24 Job executing on host: <188.184.204.197:9618?addrs=188.184.204.197-9618+[2001-1458-301-7d--100-523]-9618&noUDP&sock=1279_ddb8_3>
...
006 (407774.000.000) 10/23 16:34:33 Image size of job updated: 11908
	8  -  MemoryUsage of job (MB)
	7748  -  ResidentSetSize of job (KB)
...
006 (407774.000.000) 10/23 16:34:54 Image size of job updated: 15244
	8  -  MemoryUsage of job (MB)
	7748  -  ResidentSetSize of job (KB)
...
005 (407774.000.000) 10/23 16:34:54 Job terminated.
	(1) Normal termination (return value 1)
		Usr 0 00:00:01, Sys 0 00:00:00  -  Run Remote Usage
		Usr 0 00:00:00, Sys 0 00:00:00  -  Run Local Usage
		Usr 0 00:00:01, Sys 0 00:00:00  -  Total Remote Usage
		Usr 0 00:00:00, Sys 0 00:00:00  -  Total Local Usage
	12083  -  Run Bytes Sent By Job
	902  -  Run Bytes Received By Job
	12083  -  Total Bytes Sent By Job
	902  -  Total Bytes Received By Job
	Partitionable Resources :    Usage  Request Allocated
	   Cpus                 :                 1         1
	   Disk (KB)            :       27        1   2108380
	   Memory (MB)          :        8     2000      2000
...
