000 (407245.000.000) 10/23 15:05:31 Job submitted from host: <137.138.156.150:9618?addrs=137.138.156.150-9618+[2001-1458-d00-14--9a]-9618&noUDP&sock=4221_d558_7>
...
001 (407245.000.000) 10/23 15:05:40 Job executing on host: <188.184.205.67:9618?addrs=188.184.205.67-9618+[2001-1458-301-7d--100-515]-9618&noUDP&sock=1274_6fbf_3>
...
006 (407245.000.000) 10/23 15:05:49 Image size of job updated: 74888
	42  -  MemoryUsage of job (MB)
	42128  -  ResidentSetSize of job (KB)
...
006 (407245.000.000) 10/23 15:06:08 Image size of job updated: 93816
	42  -  MemoryUsage of job (MB)
	42132  -  ResidentSetSize of job (KB)
...
005 (407245.000.000) 10/23 15:06:08 Job terminated.
	(1) Normal termination (return value 1)
		Usr 0 00:00:00, Sys 0 00:00:00  -  Run Remote Usage
		Usr 0 00:00:00, Sys 0 00:00:00  -  Run Local Usage
		Usr 0 00:00:00, Sys 0 00:00:00  -  Total Remote Usage
		Usr 0 00:00:00, Sys 0 00:00:00  -  Total Local Usage
	2300  -  Run Bytes Sent By Job
	902  -  Run Bytes Received By Job
	2300  -  Total Bytes Sent By Job
	902  -  Total Bytes Received By Job
	Partitionable Resources :    Usage  Request Allocated
	   Cpus                 :                 1         1
	   Disk (KB)            :       18        1   2128084
	   Memory (MB)          :       42     2000      2000
...
000 (408600.000.000) 10/24 10:52:14 Job submitted from host: <137.138.156.150:9618?addrs=137.138.156.150-9618+[2001-1458-d00-14--9a]-9618&noUDP&sock=4221_d558_7>
...
000 (408601.000.000) 10/24 10:52:49 Job submitted from host: <137.138.156.150:9618?addrs=137.138.156.150-9618+[2001-1458-d00-14--9a]-9618&noUDP&sock=4221_d558_7>
...
009 (408600.000.000) 10/24 11:19:02 Job was aborted by the user.
	via condor_rm (by user idutta)
...
009 (408601.000.000) 10/24 11:19:02 Job was aborted by the user.
	via condor_rm (by user idutta)
...
000 (408617.000.000) 10/24 11:19:12 Job submitted from host: <137.138.156.150:9618?addrs=137.138.156.150-9618+[2001-1458-d00-14--9a]-9618&noUDP&sock=4221_d558_7>
...
001 (408617.000.000) 10/24 11:20:44 Job executing on host: <188.184.186.253:9618?addrs=188.184.186.253-9618+[2001-1458-301-f8--15]-9618&noUDP&sock=1310_2127_3>
...
006 (408617.000.000) 10/24 11:20:52 Image size of job updated: 22908
	8  -  MemoryUsage of job (MB)
	7424  -  ResidentSetSize of job (KB)
...
006 (408617.000.000) 10/24 11:21:02 Image size of job updated: 153208
	8  -  MemoryUsage of job (MB)
	7424  -  ResidentSetSize of job (KB)
...
005 (408617.000.000) 10/24 11:21:02 Job terminated.
	(1) Normal termination (return value 1)
		Usr 0 00:00:01, Sys 0 00:00:00  -  Run Remote Usage
		Usr 0 00:00:00, Sys 0 00:00:00  -  Run Local Usage
		Usr 0 00:00:01, Sys 0 00:00:00  -  Total Remote Usage
		Usr 0 00:00:00, Sys 0 00:00:00  -  Total Local Usage
	12093  -  Run Bytes Sent By Job
	902  -  Run Bytes Received By Job
	12093  -  Total Bytes Sent By Job
	902  -  Total Bytes Received By Job
	Partitionable Resources :    Usage  Request Allocated
	   Cpus                 :                 1         1
	   Disk (KB)            :       28        1   2121361
	   Memory (MB)          :        8     2000      2000
...
