000 (407077.000.000) 10/23 14:54:52 Job submitted from host: <137.138.156.150:9618?addrs=137.138.156.150-9618+[2001-1458-d00-14--9a]-9618&noUDP&sock=4221_d558_7>
...
001 (407077.000.000) 10/23 14:55:53 Job executing on host: <188.184.205.90:9618?addrs=188.184.205.90-9618+[--1]-9618&noUDP&sock=1243_2c4f_3>
...
006 (407077.000.000) 10/23 14:56:02 Image size of job updated: 10796
	7  -  MemoryUsage of job (MB)
	6884  -  ResidentSetSize of job (KB)
...
006 (407077.000.000) 10/23 14:56:23 Image size of job updated: 11756
	7  -  MemoryUsage of job (MB)
	6884  -  ResidentSetSize of job (KB)
...
005 (407077.000.000) 10/23 14:56:23 Job terminated.
	(1) Normal termination (return value 1)
		Usr 0 00:00:01, Sys 0 00:00:00  -  Run Remote Usage
		Usr 0 00:00:00, Sys 0 00:00:00  -  Run Local Usage
		Usr 0 00:00:01, Sys 0 00:00:00  -  Total Remote Usage
		Usr 0 00:00:00, Sys 0 00:00:00  -  Total Local Usage
	12091  -  Run Bytes Sent By Job
	902  -  Run Bytes Received By Job
	12091  -  Total Bytes Sent By Job
	902  -  Total Bytes Received By Job
	Partitionable Resources :    Usage  Request Allocated
	   Cpus                 :                 1         1
	   Disk (KB)            :       27        1   2193776
	   Memory (MB)          :        7     2000      2000
...
