000 (407485.000.000) 10/23 15:42:27 Job submitted from host: <137.138.156.150:9618?addrs=137.138.156.150-9618+[2001-1458-d00-14--9a]-9618&noUDP&sock=4221_d558_7>
...
001 (407485.000.000) 10/23 15:46:28 Job executing on host: <188.184.205.219:9618?addrs=188.184.205.219-9618+[2001-1458-301-7d--100-53a]-9618&noUDP&sock=1282_ec81_3>
...
006 (407485.000.000) 10/23 15:46:37 Image size of job updated: 100672
	42  -  MemoryUsage of job (MB)
	42892  -  ResidentSetSize of job (KB)
...
006 (407485.000.000) 10/23 15:46:42 Image size of job updated: 419996
	42  -  MemoryUsage of job (MB)
	42928  -  ResidentSetSize of job (KB)
...
005 (407485.000.000) 10/23 15:46:55 Job terminated.
	(1) Normal termination (return value 1)
		Usr 0 00:00:01, Sys 0 00:00:00  -  Run Remote Usage
		Usr 0 00:00:00, Sys 0 00:00:00  -  Run Local Usage
		Usr 0 00:00:01, Sys 0 00:00:00  -  Total Remote Usage
		Usr 0 00:00:00, Sys 0 00:00:00  -  Total Local Usage
	791  -  Run Bytes Sent By Job
	902  -  Run Bytes Received By Job
	791  -  Total Bytes Sent By Job
	902  -  Total Bytes Received By Job
	Partitionable Resources :    Usage  Request Allocated
	   Cpus                 :                 1         1
	   Disk (KB)            :       17        1   2150828
	   Memory (MB)          :       42     2000      2000
...
000 (408730.000.000) 10/24 13:15:41 Job submitted from host: <137.138.156.150:9618?addrs=137.138.156.150-9618+[2001-1458-d00-14--9a]-9618&noUDP&sock=4221_d558_7>
...
001 (408730.000.000) 10/24 13:16:09 Job executing on host: <188.184.205.4:9618?addrs=188.184.205.4-9618+[2001-1458-301-7d--100-514]-9618&noUDP&sock=1266_f2fd_3>
...
006 (408730.000.000) 10/24 13:16:17 Image size of job updated: 50532
	24  -  MemoryUsage of job (MB)
	23880  -  ResidentSetSize of job (KB)
...
006 (408730.000.000) 10/24 13:16:30 Image size of job updated: 144024
	24  -  MemoryUsage of job (MB)
	24008  -  ResidentSetSize of job (KB)
...
005 (408730.000.000) 10/24 13:16:30 Job terminated.
	(1) Normal termination (return value 1)
		Usr 0 00:00:01, Sys 0 00:00:00  -  Run Remote Usage
		Usr 0 00:00:00, Sys 0 00:00:00  -  Run Local Usage
		Usr 0 00:00:01, Sys 0 00:00:00  -  Total Remote Usage
		Usr 0 00:00:00, Sys 0 00:00:00  -  Total Local Usage
	3454  -  Run Bytes Sent By Job
	902  -  Run Bytes Received By Job
	3454  -  Total Bytes Sent By Job
	902  -  Total Bytes Received By Job
	Partitionable Resources :    Usage  Request Allocated
	   Cpus                 :                 1         1
	   Disk (KB)            :       19        1   2214192
	   Memory (MB)          :       24     2000      2000
...
