000 (407727.000.000) 10/23 16:10:35 Job submitted from host: <137.138.156.150:9618?addrs=137.138.156.150-9618+[2001-1458-d00-14--9a]-9618&noUDP&sock=4221_d558_7>
...
001 (407727.000.000) 10/23 16:13:51 Job executing on host: <188.184.205.178:9618?addrs=188.184.205.178-9618+[2001-1458-301-7d--100-54d]-9618&noUDP&sock=1312_8058_3>
...
006 (407727.000.000) 10/23 16:13:59 Image size of job updated: 99688
	41  -  MemoryUsage of job (MB)
	41984  -  ResidentSetSize of job (KB)
...
006 (407727.000.000) 10/23 16:14:07 Image size of job updated: 142756
	42  -  MemoryUsage of job (MB)
	42112  -  ResidentSetSize of job (KB)
...
005 (407727.000.000) 10/23 16:14:08 Job terminated.
	(1) Normal termination (return value 1)
		Usr 0 00:00:01, Sys 0 00:00:00  -  Run Remote Usage
		Usr 0 00:00:00, Sys 0 00:00:00  -  Run Local Usage
		Usr 0 00:00:01, Sys 0 00:00:00  -  Total Remote Usage
		Usr 0 00:00:00, Sys 0 00:00:00  -  Total Local Usage
	15237  -  Run Bytes Sent By Job
	902  -  Run Bytes Received By Job
	15237  -  Total Bytes Sent By Job
	902  -  Total Bytes Received By Job
	Partitionable Resources :    Usage  Request Allocated
	   Cpus                 :                 1         1
	   Disk (KB)            :       31        1   2215303
	   Memory (MB)          :       42     2000      2000
...
000 (408979.000.000) 10/24 14:51:44 Job submitted from host: <137.138.156.150:9618?addrs=137.138.156.150-9618+[2001-1458-d00-14--9a]-9618&noUDP&sock=4221_d558_7>
...
001 (408979.000.000) 10/24 14:52:04 Job executing on host: <188.184.204.103:9618?addrs=188.184.204.103-9618+[2001-1458-301-7d--100-4fd]-9618&noUDP&sock=1263_e434_3>
...
006 (408979.000.000) 10/24 14:52:12 Image size of job updated: 76820
	44  -  MemoryUsage of job (MB)
	44464  -  ResidentSetSize of job (KB)
...
006 (408979.000.000) 10/24 14:52:17 Image size of job updated: 76836
	44  -  MemoryUsage of job (MB)
	44480  -  ResidentSetSize of job (KB)
...
005 (408979.000.000) 10/24 14:52:18 Job terminated.
	(1) Normal termination (return value 1)
		Usr 0 00:00:01, Sys 0 00:00:00  -  Run Remote Usage
		Usr 0 00:00:00, Sys 0 00:00:00  -  Run Local Usage
		Usr 0 00:00:01, Sys 0 00:00:00  -  Total Remote Usage
		Usr 0 00:00:00, Sys 0 00:00:00  -  Total Local Usage
	15237  -  Run Bytes Sent By Job
	902  -  Run Bytes Received By Job
	15237  -  Total Bytes Sent By Job
	902  -  Total Bytes Received By Job
	Partitionable Resources :    Usage  Request Allocated
	   Cpus                 :                 1         1
	   Disk (KB)            :       31        1   2108073
	   Memory (MB)          :       44     2000      2000
...
