000 (407675.000.000) 10/23 16:07:17 Job submitted from host: <137.138.156.150:9618?addrs=137.138.156.150-9618+[2001-1458-d00-14--9a]-9618&noUDP&sock=4221_d558_7>
...
001 (407675.000.000) 10/23 16:12:55 Job executing on host: <188.184.205.219:9618?addrs=188.184.205.219-9618+[2001-1458-301-7d--100-53a]-9618&noUDP&sock=1282_ec81_3>
...
006 (407675.000.000) 10/23 16:13:04 Image size of job updated: 22920
	8  -  MemoryUsage of job (MB)
	7436  -  ResidentSetSize of job (KB)
...
006 (407675.000.000) 10/23 16:13:15 Image size of job updated: 471292
	8  -  MemoryUsage of job (MB)
	7444  -  ResidentSetSize of job (KB)
...
005 (407675.000.000) 10/23 16:13:15 Job terminated.
	(1) Normal termination (return value 1)
		Usr 0 00:00:01, Sys 0 00:00:00  -  Run Remote Usage
		Usr 0 00:00:00, Sys 0 00:00:00  -  Run Local Usage
		Usr 0 00:00:01, Sys 0 00:00:00  -  Total Remote Usage
		Usr 0 00:00:00, Sys 0 00:00:00  -  Total Local Usage
	8693  -  Run Bytes Sent By Job
	902  -  Run Bytes Received By Job
	8693  -  Total Bytes Sent By Job
	902  -  Total Bytes Received By Job
	Partitionable Resources :    Usage  Request Allocated
	   Cpus                 :                 1         1
	   Disk (KB)            :       24        1   2150831
	   Memory (MB)          :        8     2000      2000
...
000 (408926.000.000) 10/24 14:48:20 Job submitted from host: <137.138.156.150:9618?addrs=137.138.156.150-9618+[2001-1458-d00-14--9a]-9618&noUDP&sock=4221_d558_7>
...
001 (408926.000.000) 10/24 14:51:53 Job executing on host: <188.184.206.254:9618?addrs=188.184.206.254-9618+[2001-1458-301-7d--100-55e]-9618&noUDP&sock=1270_b15e_3>
...
006 (408926.000.000) 10/24 14:52:02 Image size of job updated: 92492
	35  -  MemoryUsage of job (MB)
	35472  -  ResidentSetSize of job (KB)
...
006 (408926.000.000) 10/24 14:52:14 Image size of job updated: 147808
	35  -  MemoryUsage of job (MB)
	35704  -  ResidentSetSize of job (KB)
...
005 (408926.000.000) 10/24 14:52:14 Job terminated.
	(1) Normal termination (return value 1)
		Usr 0 00:00:01, Sys 0 00:00:00  -  Run Remote Usage
		Usr 0 00:00:00, Sys 0 00:00:00  -  Run Local Usage
		Usr 0 00:00:01, Sys 0 00:00:00  -  Total Remote Usage
		Usr 0 00:00:00, Sys 0 00:00:00  -  Total Local Usage
	8693  -  Run Bytes Sent By Job
	902  -  Run Bytes Received By Job
	8693  -  Total Bytes Sent By Job
	902  -  Total Bytes Received By Job
	Partitionable Resources :    Usage  Request Allocated
	   Cpus                 :                 1         1
	   Disk (KB)            :       24        1   2113800
	   Memory (MB)          :       35     2000      2000
...
