000 (407284.000.000) 10/23 15:19:59 Job submitted from host: <137.138.156.150:9618?addrs=137.138.156.150-9618+[2001-1458-d00-14--9a]-9618&noUDP&sock=4221_d558_7>
...
001 (407284.000.000) 10/23 15:22:29 Job executing on host: <188.184.204.103:9618?addrs=188.184.204.103-9618+[2001-1458-301-7d--100-4fd]-9618&noUDP&sock=1263_e434_3>
...
006 (407284.000.000) 10/23 15:22:37 Image size of job updated: 91576
	43  -  MemoryUsage of job (MB)
	43544  -  ResidentSetSize of job (KB)
...
006 (407284.000.000) 10/23 15:22:40 Image size of job updated: 93484
	43  -  MemoryUsage of job (MB)
	43544  -  ResidentSetSize of job (KB)
...
005 (407284.000.000) 10/23 15:22:40 Job terminated.
	(1) Normal termination (return value 1)
		Usr 0 00:00:00, Sys 0 00:00:00  -  Run Remote Usage
		Usr 0 00:00:00, Sys 0 00:00:00  -  Run Local Usage
		Usr 0 00:00:00, Sys 0 00:00:00  -  Total Remote Usage
		Usr 0 00:00:00, Sys 0 00:00:00  -  Total Local Usage
	793  -  Run Bytes Sent By Job
	902  -  Run Bytes Received By Job
	793  -  Total Bytes Sent By Job
	902  -  Total Bytes Received By Job
	Partitionable Resources :    Usage  Request Allocated
	   Cpus                 :                 1         1
	   Disk (KB)            :       17        1   2120100
	   Memory (MB)          :       43     2000      2000
...
000 (407793.000.000) 10/23 16:31:53 Job submitted from host: <137.138.156.150:9618?addrs=137.138.156.150-9618+[2001-1458-d00-14--9a]-9618&noUDP&sock=4221_d558_7>
...
001 (407793.000.000) 10/23 16:35:30 Job executing on host: <188.184.206.95:9618?addrs=188.184.206.95-9618+[2001-1458-301-7d--100-54f]-9618&noUDP&sock=1284_4bb1_3>
...
006 (407793.000.000) 10/23 16:35:39 Image size of job updated: 99584
	41  -  MemoryUsage of job (MB)
	41884  -  ResidentSetSize of job (KB)
...
006 (407793.000.000) 10/23 16:35:59 Image size of job updated: 162000
	41  -  MemoryUsage of job (MB)
	41952  -  ResidentSetSize of job (KB)
...
005 (407793.000.000) 10/23 16:35:59 Job terminated.
	(1) Normal termination (return value 1)
		Usr 0 00:00:01, Sys 0 00:00:00  -  Run Remote Usage
		Usr 0 00:00:00, Sys 0 00:00:00  -  Run Local Usage
		Usr 0 00:00:01, Sys 0 00:00:00  -  Total Remote Usage
		Usr 0 00:00:00, Sys 0 00:00:00  -  Total Local Usage
	12085  -  Run Bytes Sent By Job
	902  -  Run Bytes Received By Job
	12085  -  Total Bytes Sent By Job
	902  -  Total Bytes Received By Job
	Partitionable Resources :    Usage  Request Allocated
	   Cpus                 :                 1         1
	   Disk (KB)            :       28        1   2193661
	   Memory (MB)          :       41     2000      2000
...
