000 (407148.000.000) 10/23 14:58:55 Job submitted from host: <137.138.156.150:9618?addrs=137.138.156.150-9618+[2001-1458-d00-14--9a]-9618&noUDP&sock=4221_d558_7>
...
001 (407148.000.000) 10/23 14:59:12 Job executing on host: <188.184.205.128:9618?addrs=188.184.205.128-9618+[2001-1458-301-7d--100-51f]-9618&noUDP&sock=1278_2e20_3>
...
006 (407148.000.000) 10/23 14:59:21 Image size of job updated: 99840
	42  -  MemoryUsage of job (MB)
	42140  -  ResidentSetSize of job (KB)
...
006 (407148.000.000) 10/23 14:59:39 Image size of job updated: 177236
	42  -  MemoryUsage of job (MB)
	42144  -  ResidentSetSize of job (KB)
...
005 (407148.000.000) 10/23 14:59:39 Job terminated.
	(1) Normal termination (return value 139)
		Usr 0 00:00:02, Sys 0 00:00:00  -  Run Remote Usage
		Usr 0 00:00:00, Sys 0 00:00:00  -  Run Local Usage
		Usr 0 00:00:02, Sys 0 00:00:00  -  Total Remote Usage
		Usr 0 00:00:00, Sys 0 00:00:00  -  Total Local Usage
	4015  -  Run Bytes Sent By Job
	902  -  Run Bytes Received By Job
	4015  -  Total Bytes Sent By Job
	902  -  Total Bytes Received By Job
	Partitionable Resources :    Usage  Request Allocated
	   Cpus                 :                 1         1
	   Disk (KB)            :       20        1   2103080
	   Memory (MB)          :       42     2000      2000
...
