000 (407755.000.000) 10/23 16:12:35 Job submitted from host: <137.138.156.150:9618?addrs=137.138.156.150-9618+[2001-1458-d00-14--9a]-9618&noUDP&sock=4221_d558_7>
...
001 (407755.000.000) 10/23 16:14:15 Job executing on host: <188.184.206.224:9618?addrs=188.184.206.224-9618+[2001-1458-301-7d--100-563]-9618&noUDP&sock=1280_8d50_3>
...
006 (407755.000.000) 10/23 16:14:24 Image size of job updated: 97476
	39  -  MemoryUsage of job (MB)
	39776  -  ResidentSetSize of job (KB)
...
006 (407755.000.000) 10/23 16:14:31 Image size of job updated: 415448
	39  -  MemoryUsage of job (MB)
	39776  -  ResidentSetSize of job (KB)
...
005 (407755.000.000) 10/23 16:14:31 Job terminated.
	(1) Normal termination (return value 1)
		Usr 0 00:00:01, Sys 0 00:00:00  -  Run Remote Usage
		Usr 0 00:00:00, Sys 0 00:00:00  -  Run Local Usage
		Usr 0 00:00:01, Sys 0 00:00:00  -  Total Remote Usage
		Usr 0 00:00:00, Sys 0 00:00:00  -  Total Local Usage
	13054  -  Run Bytes Sent By Job
	902  -  Run Bytes Received By Job
	13054  -  Total Bytes Sent By Job
	902  -  Total Bytes Received By Job
	Partitionable Resources :    Usage  Request Allocated
	   Cpus                 :                 1         1
	   Disk (KB)            :       29        1   2217859
	   Memory (MB)          :       39     2000      2000
...
000 (409007.000.000) 10/24 14:53:29 Job submitted from host: <137.138.156.150:9618?addrs=137.138.156.150-9618+[2001-1458-d00-14--9a]-9618&noUDP&sock=4221_d558_7>
...
001 (409007.000.000) 10/24 14:54:27 Job executing on host: <188.185.213.36:9618?addrs=188.185.213.36-9618+[2001-1459-301-98--100-1e]-9618&noUDP&sock=1280_8d50_3>
...
006 (409007.000.000) 10/24 14:54:36 Image size of job updated: 13868
	7  -  MemoryUsage of job (MB)
	7144  -  ResidentSetSize of job (KB)
...
006 (409007.000.000) 10/24 14:55:31 Image size of job updated: 30316
	7  -  MemoryUsage of job (MB)
	7152  -  ResidentSetSize of job (KB)
...
005 (409007.000.000) 10/24 14:55:31 Job terminated.
	(1) Normal termination (return value 1)
		Usr 0 00:00:01, Sys 0 00:00:00  -  Run Remote Usage
		Usr 0 00:00:00, Sys 0 00:00:00  -  Run Local Usage
		Usr 0 00:00:01, Sys 0 00:00:00  -  Total Remote Usage
		Usr 0 00:00:00, Sys 0 00:00:00  -  Total Local Usage
	13054  -  Run Bytes Sent By Job
	902  -  Run Bytes Received By Job
	13054  -  Total Bytes Sent By Job
	902  -  Total Bytes Received By Job
	Partitionable Resources :    Usage  Request Allocated
	   Cpus                 :                 1         1
	   Disk (KB)            :       29        1   2180770
	   Memory (MB)          :        7     2000      2000
...
