000 (407574.000.000) 10/23 15:48:04 Job submitted from host: <137.138.156.150:9618?addrs=137.138.156.150-9618+[2001-1458-d00-14--9a]-9618&noUDP&sock=4221_d558_7>
...
001 (407574.000.000) 10/23 15:48:18 Job executing on host: <188.184.204.103:9618?addrs=188.184.204.103-9618+[2001-1458-301-7d--100-4fd]-9618&noUDP&sock=1263_e434_3>
...
006 (407574.000.000) 10/23 15:48:26 Image size of job updated: 99856
	42  -  MemoryUsage of job (MB)
	42156  -  ResidentSetSize of job (KB)
...
006 (407574.000.000) 10/23 15:48:31 Image size of job updated: 99856
	42  -  MemoryUsage of job (MB)
	42168  -  ResidentSetSize of job (KB)
...
005 (407574.000.000) 10/23 15:48:31 Job terminated.
	(1) Normal termination (return value 1)
		Usr 0 00:00:00, Sys 0 00:00:00  -  Run Remote Usage
		Usr 0 00:00:00, Sys 0 00:00:00  -  Run Local Usage
		Usr 0 00:00:00, Sys 0 00:00:00  -  Total Remote Usage
		Usr 0 00:00:00, Sys 0 00:00:00  -  Total Local Usage
	792  -  Run Bytes Sent By Job
	902  -  Run Bytes Received By Job
	792  -  Total Bytes Sent By Job
	902  -  Total Bytes Received By Job
	Partitionable Resources :    Usage  Request Allocated
	   Cpus                 :                 1         1
	   Disk (KB)            :       17        1   2120098
	   Memory (MB)          :       42     2000      2000
...
000 (408819.000.000) 10/24 13:20:51 Job submitted from host: <137.138.156.150:9618?addrs=137.138.156.150-9618+[2001-1458-d00-14--9a]-9618&noUDP&sock=4221_d558_7>
...
001 (408819.000.000) 10/24 13:21:34 Job executing on host: <188.185.214.177:9618?addrs=188.185.214.177-9618+[2001-1459-301-99--100-ab]-9618&noUDP&sock=1326_1aab_3>
...
006 (408819.000.000) 10/24 13:21:43 Image size of job updated: 24708
	9  -  MemoryUsage of job (MB)
	8536  -  ResidentSetSize of job (KB)
...
006 (408819.000.000) 10/24 13:22:15 Image size of job updated: 147096
	9  -  MemoryUsage of job (MB)
	8536  -  ResidentSetSize of job (KB)
...
005 (408819.000.000) 10/24 13:22:16 Job terminated.
	(1) Normal termination (return value 1)
		Usr 0 00:00:01, Sys 0 00:00:00  -  Run Remote Usage
		Usr 0 00:00:00, Sys 0 00:00:00  -  Run Local Usage
		Usr 0 00:00:01, Sys 0 00:00:00  -  Total Remote Usage
		Usr 0 00:00:00, Sys 0 00:00:00  -  Total Local Usage
	5646  -  Run Bytes Sent By Job
	902  -  Run Bytes Received By Job
	5646  -  Total Bytes Sent By Job
	902  -  Total Bytes Received By Job
	Partitionable Resources :    Usage  Request Allocated
	   Cpus                 :                 1         1
	   Disk (KB)            :       21        1   2193320
	   Memory (MB)          :        9     2000      2000
...
