000 (407526.000.000) 10/23 15:45:11 Job submitted from host: <137.138.156.150:9618?addrs=137.138.156.150-9618+[2001-1458-d00-14--9a]-9618&noUDP&sock=4221_d558_7>
...
001 (407526.000.000) 10/23 15:46:57 Job executing on host: <188.184.206.77:9618?addrs=188.184.206.77-9618+[2001-1458-301-7d--100-53f]-9618&noUDP&sock=1262_349c_3>
...
006 (407526.000.000) 10/23 15:47:05 Image size of job updated: 101680
	43  -  MemoryUsage of job (MB)
	43544  -  ResidentSetSize of job (KB)
...
005 (407526.000.000) 10/23 15:47:10 Job terminated.
	(1) Normal termination (return value 1)
		Usr 0 00:00:00, Sys 0 00:00:00  -  Run Remote Usage
		Usr 0 00:00:00, Sys 0 00:00:00  -  Run Local Usage
		Usr 0 00:00:00, Sys 0 00:00:00  -  Total Remote Usage
		Usr 0 00:00:00, Sys 0 00:00:00  -  Total Local Usage
	789  -  Run Bytes Sent By Job
	902  -  Run Bytes Received By Job
	789  -  Total Bytes Sent By Job
	902  -  Total Bytes Received By Job
	Partitionable Resources :    Usage  Request Allocated
	   Cpus                 :                 1         1
	   Disk (KB)            :       17        1   2127012
	   Memory (MB)          :       43     2000      2000
...
000 (408771.000.000) 10/24 13:18:00 Job submitted from host: <137.138.156.150:9618?addrs=137.138.156.150-9618+[2001-1458-d00-14--9a]-9618&noUDP&sock=4221_d558_7>
...
001 (408771.000.000) 10/24 13:18:59 Job executing on host: <188.184.205.178:9618?addrs=188.184.205.178-9618+[2001-1458-301-7d--100-54d]-9618&noUDP&sock=1312_8058_3>
...
006 (408771.000.000) 10/24 13:19:07 Image size of job updated: 94696
	37  -  MemoryUsage of job (MB)
	36996  -  ResidentSetSize of job (KB)
...
006 (408771.000.000) 10/24 13:19:16 Image size of job updated: 147024
	37  -  MemoryUsage of job (MB)
	36996  -  ResidentSetSize of job (KB)
...
005 (408771.000.000) 10/24 13:19:16 Job terminated.
	(1) Normal termination (return value 1)
		Usr 0 00:00:01, Sys 0 00:00:00  -  Run Remote Usage
		Usr 0 00:00:00, Sys 0 00:00:00  -  Run Local Usage
		Usr 0 00:00:01, Sys 0 00:00:00  -  Total Remote Usage
		Usr 0 00:00:00, Sys 0 00:00:00  -  Total Local Usage
	5644  -  Run Bytes Sent By Job
	902  -  Run Bytes Received By Job
	5644  -  Total Bytes Sent By Job
	902  -  Total Bytes Received By Job
	Partitionable Resources :    Usage  Request Allocated
	   Cpus                 :                 1         1
	   Disk (KB)            :       21        1   2203307
	   Memory (MB)          :       37     2000      2000
...
