000 (407747.000.000) 10/23 16:12:03 Job submitted from host: <137.138.156.150:9618?addrs=137.138.156.150-9618+[2001-1458-d00-14--9a]-9618&noUDP&sock=4221_d558_7>
...
001 (407747.000.000) 10/23 16:14:12 Job executing on host: <188.184.204.151:9618?addrs=188.184.204.151-9618+[--1]-9618&noUDP&sock=1216_a740_3>
...
006 (407747.000.000) 10/23 16:14:20 Image size of job updated: 10836
	9  -  MemoryUsage of job (MB)
	9144  -  ResidentSetSize of job (KB)
...
006 (407747.000.000) 10/23 16:14:34 Image size of job updated: 19160
	9  -  MemoryUsage of job (MB)
	9144  -  ResidentSetSize of job (KB)
...
005 (407747.000.000) 10/23 16:14:34 Job terminated.
	(1) Normal termination (return value 1)
		Usr 0 00:00:01, Sys 0 00:00:00  -  Run Remote Usage
		Usr 0 00:00:00, Sys 0 00:00:00  -  Run Local Usage
		Usr 0 00:00:01, Sys 0 00:00:00  -  Total Remote Usage
		Usr 0 00:00:00, Sys 0 00:00:00  -  Total Local Usage
	19599  -  Run Bytes Sent By Job
	902  -  Run Bytes Received By Job
	19599  -  Total Bytes Sent By Job
	902  -  Total Bytes Received By Job
	Partitionable Resources :    Usage  Request Allocated
	   Cpus                 :                 1         1
	   Disk (KB)            :       35        1   2194064
	   Memory (MB)          :        9     2000      2000
...
000 (408999.000.000) 10/24 14:53:07 Job submitted from host: <137.138.156.150:9618?addrs=137.138.156.150-9618+[2001-1458-d00-14--9a]-9618&noUDP&sock=4221_d558_7>
...
001 (408999.000.000) 10/24 14:53:17 Job executing on host: <188.185.205.12:9618?addrs=188.185.205.12-9618+[2001-1459-301-64--100-6]-9618&noUDP&sock=1277_7e87_3>
...
006 (408999.000.000) 10/24 14:53:26 Image size of job updated: 20884
	8  -  MemoryUsage of job (MB)
	7328  -  ResidentSetSize of job (KB)
...
006 (408999.000.000) 10/24 14:54:24 Image size of job updated: 468452
	8  -  MemoryUsage of job (MB)
	7328  -  ResidentSetSize of job (KB)
...
005 (408999.000.000) 10/24 14:54:24 Job terminated.
	(1) Normal termination (return value 1)
		Usr 0 00:00:01, Sys 0 00:00:00  -  Run Remote Usage
		Usr 0 00:00:00, Sys 0 00:00:00  -  Run Local Usage
		Usr 0 00:00:01, Sys 0 00:00:00  -  Total Remote Usage
		Usr 0 00:00:00, Sys 0 00:00:00  -  Total Local Usage
	19599  -  Run Bytes Sent By Job
	902  -  Run Bytes Received By Job
	19599  -  Total Bytes Sent By Job
	902  -  Total Bytes Received By Job
	Partitionable Resources :    Usage  Request Allocated
	   Cpus                 :                 1         1
	   Disk (KB)            :       35        1   2184593
	   Memory (MB)          :        8     2000      2000
...
