000 (407576.000.000) 10/23 15:48:12 Job submitted from host: <137.138.156.150:9618?addrs=137.138.156.150-9618+[2001-1458-d00-14--9a]-9618&noUDP&sock=4221_d558_7>
...
001 (407576.000.000) 10/23 15:48:27 Job executing on host: <188.184.186.253:9618?addrs=188.184.186.253-9618+[2001-1458-301-f8--15]-9618&noUDP&sock=1310_2127_3>
...
006 (407576.000.000) 10/23 15:48:36 Image size of job updated: 23136
	8  -  MemoryUsage of job (MB)
	7632  -  ResidentSetSize of job (KB)
...
006 (407576.000.000) 10/23 15:48:51 Image size of job updated: 82672
	8  -  MemoryUsage of job (MB)
	7632  -  ResidentSetSize of job (KB)
...
005 (407576.000.000) 10/23 15:48:51 Job terminated.
	(1) Normal termination (return value 1)
		Usr 0 00:00:01, Sys 0 00:00:00  -  Run Remote Usage
		Usr 0 00:00:00, Sys 0 00:00:00  -  Run Local Usage
		Usr 0 00:00:01, Sys 0 00:00:00  -  Total Remote Usage
		Usr 0 00:00:00, Sys 0 00:00:00  -  Total Local Usage
	792  -  Run Bytes Sent By Job
	902  -  Run Bytes Received By Job
	792  -  Total Bytes Sent By Job
	902  -  Total Bytes Received By Job
	Partitionable Resources :    Usage  Request Allocated
	   Cpus                 :                 1         1
	   Disk (KB)            :       17        1   2129200
	   Memory (MB)          :        8     2000      2000
...
000 (408822.000.000) 10/24 13:21:14 Job submitted from host: <137.138.156.150:9618?addrs=137.138.156.150-9618+[2001-1458-d00-14--9a]-9618&noUDP&sock=4221_d558_7>
...
001 (408822.000.000) 10/24 13:21:52 Job executing on host: <188.185.211.123:9618?addrs=188.185.211.123-9618+[2001-1459-301-96--100-75]-9618&noUDP&sock=1261_8503_3>
...
006 (408822.000.000) 10/24 13:22:00 Image size of job updated: 47516
	23  -  MemoryUsage of job (MB)
	23508  -  ResidentSetSize of job (KB)
...
006 (408822.000.000) 10/24 13:22:32 Image size of job updated: 142756
	23  -  MemoryUsage of job (MB)
	23552  -  ResidentSetSize of job (KB)
...
005 (408822.000.000) 10/24 13:22:32 Job terminated.
	(1) Normal termination (return value 1)
		Usr 0 00:00:01, Sys 0 00:00:00  -  Run Remote Usage
		Usr 0 00:00:00, Sys 0 00:00:00  -  Run Local Usage
		Usr 0 00:00:01, Sys 0 00:00:00  -  Total Remote Usage
		Usr 0 00:00:00, Sys 0 00:00:00  -  Total Local Usage
	3455  -  Run Bytes Sent By Job
	902  -  Run Bytes Received By Job
	3455  -  Total Bytes Sent By Job
	902  -  Total Bytes Received By Job
	Partitionable Resources :    Usage  Request Allocated
	   Cpus                 :                 1         1
	   Disk (KB)            :       19        1   2169195
	   Memory (MB)          :       23     2000      2000
...
