000 (407096.000.000) 10/23 14:55:51 Job submitted from host: <137.138.156.150:9618?addrs=137.138.156.150-9618+[2001-1458-d00-14--9a]-9618&noUDP&sock=4221_d558_7>
...
001 (407096.000.000) 10/23 14:56:30 Job executing on host: <188.184.205.252:9618?addrs=188.184.205.252-9618+[2001-1458-301-7d--100-539]-9618&noUDP&sock=1275_1f57_3>
...
006 (407096.000.000) 10/23 14:56:39 Image size of job updated: 76172
	43  -  MemoryUsage of job (MB)
	43548  -  ResidentSetSize of job (KB)
...
006 (407096.000.000) 10/23 14:56:55 Image size of job updated: 151560
	43  -  MemoryUsage of job (MB)
	43548  -  ResidentSetSize of job (KB)
...
005 (407096.000.000) 10/23 14:56:55 Job terminated.
	(1) Normal termination (return value 1)
		Usr 0 00:00:01, Sys 0 00:00:00  -  Run Remote Usage
		Usr 0 00:00:00, Sys 0 00:00:00  -  Run Local Usage
		Usr 0 00:00:01, Sys 0 00:00:00  -  Total Remote Usage
		Usr 0 00:00:00, Sys 0 00:00:00  -  Total Local Usage
	12245  -  Run Bytes Sent By Job
	902  -  Run Bytes Received By Job
	12245  -  Total Bytes Sent By Job
	902  -  Total Bytes Received By Job
	Partitionable Resources :    Usage  Request Allocated
	   Cpus                 :                 1         1
	   Disk (KB)            :       28        1   2105170
	   Memory (MB)          :       43     2000      2000
...
