000 (407579.000.000) 10/23 15:48:22 Job submitted from host: <137.138.156.150:9618?addrs=137.138.156.150-9618+[2001-1458-d00-14--9a]-9618&noUDP&sock=4221_d558_7>
...
001 (407579.000.000) 10/23 15:48:43 Job executing on host: <188.184.204.206:9618?addrs=188.184.204.206-9618+[2001-1458-301-7d--100-50c]-9618&noUDP&sock=1269_01c5_3>
...
006 (407579.000.000) 10/23 15:48:51 Image size of job updated: 95644
	43  -  MemoryUsage of job (MB)
	43544  -  ResidentSetSize of job (KB)
...
005 (407579.000.000) 10/23 15:48:55 Job terminated.
	(1) Normal termination (return value 1)
		Usr 0 00:00:00, Sys 0 00:00:00  -  Run Remote Usage
		Usr 0 00:00:00, Sys 0 00:00:00  -  Run Local Usage
		Usr 0 00:00:00, Sys 0 00:00:00  -  Total Remote Usage
		Usr 0 00:00:00, Sys 0 00:00:00  -  Total Local Usage
	790  -  Run Bytes Sent By Job
	902  -  Run Bytes Received By Job
	790  -  Total Bytes Sent By Job
	902  -  Total Bytes Received By Job
	Partitionable Resources :    Usage  Request Allocated
	   Cpus                 :                 1         1
	   Disk (KB)            :       17        1   2123705
	   Memory (MB)          :       43     2000      2000
...
000 (408825.000.000) 10/24 13:21:26 Job submitted from host: <137.138.156.150:9618?addrs=137.138.156.150-9618+[2001-1458-d00-14--9a]-9618&noUDP&sock=4221_d558_7>
...
001 (408825.000.000) 10/24 13:21:58 Job executing on host: <188.185.201.148:9618?addrs=188.185.201.148-9618+[2001-1459-301-60--100-8e]-9618&noUDP&sock=1239_6dee_3>
...
006 (408825.000.000) 10/24 13:22:07 Image size of job updated: 91912
	35  -  MemoryUsage of job (MB)
	35376  -  ResidentSetSize of job (KB)
...
006 (408825.000.000) 10/24 13:22:19 Image size of job updated: 147396
	35  -  MemoryUsage of job (MB)
	35376  -  ResidentSetSize of job (KB)
...
005 (408825.000.000) 10/24 13:22:19 Job terminated.
	(1) Normal termination (return value 1)
		Usr 0 00:00:01, Sys 0 00:00:00  -  Run Remote Usage
		Usr 0 00:00:00, Sys 0 00:00:00  -  Run Local Usage
		Usr 0 00:00:01, Sys 0 00:00:00  -  Total Remote Usage
		Usr 0 00:00:00, Sys 0 00:00:00  -  Total Local Usage
	7826  -  Run Bytes Sent By Job
	902  -  Run Bytes Received By Job
	7826  -  Total Bytes Sent By Job
	902  -  Total Bytes Received By Job
	Partitionable Resources :    Usage  Request Allocated
	   Cpus                 :                 1         1
	   Disk (KB)            :       23        1   2182771
	   Memory (MB)          :       35     2000      2000
...
