000 (407425.000.000) 10/23 15:29:13 Job submitted from host: <137.138.156.150:9618?addrs=137.138.156.150-9618+[2001-1458-d00-14--9a]-9618&noUDP&sock=4221_d558_7>
...
001 (407425.000.000) 10/23 15:31:10 Job executing on host: <188.184.205.210:9618?addrs=188.184.205.210-9618+[2001-1458-301-7d--100-528]-9618&noUDP&sock=1287_5a7a_3>
...
006 (407425.000.000) 10/23 15:31:19 Image size of job updated: 97632
	39  -  MemoryUsage of job (MB)
	39932  -  ResidentSetSize of job (KB)
...
005 (407425.000.000) 10/23 15:31:26 Job terminated.
	(1) Normal termination (return value 1)
		Usr 0 00:00:01, Sys 0 00:00:00  -  Run Remote Usage
		Usr 0 00:00:00, Sys 0 00:00:00  -  Run Local Usage
		Usr 0 00:00:01, Sys 0 00:00:00  -  Total Remote Usage
		Usr 0 00:00:00, Sys 0 00:00:00  -  Total Local Usage
	794  -  Run Bytes Sent By Job
	902  -  Run Bytes Received By Job
	794  -  Total Bytes Sent By Job
	902  -  Total Bytes Received By Job
	Partitionable Resources :    Usage  Request Allocated
	   Cpus                 :                 1         1
	   Disk (KB)            :       17        1   2215615
	   Memory (MB)          :       39     2000      2000
...
000 (407958.000.000) 10/23 16:42:02 Job submitted from host: <137.138.156.150:9618?addrs=137.138.156.150-9618+[2001-1458-d00-14--9a]-9618&noUDP&sock=4221_d558_7>
...
001 (407958.000.000) 10/23 16:44:34 Job executing on host: <188.185.208.159:9618?addrs=188.185.208.159-9618+[--1]-9618&noUDP&sock=1265_4364_3>
...
006 (407958.000.000) 10/23 16:44:43 Image size of job updated: 22428
	8  -  MemoryUsage of job (MB)
	7820  -  ResidentSetSize of job (KB)
...
006 (407958.000.000) 10/23 16:45:31 Image size of job updated: 162144
	8  -  MemoryUsage of job (MB)
	7884  -  ResidentSetSize of job (KB)
...
005 (407958.000.000) 10/23 16:45:31 Job terminated.
	(1) Normal termination (return value 1)
		Usr 0 00:00:01, Sys 0 00:00:00  -  Run Remote Usage
		Usr 0 00:00:00, Sys 0 00:00:00  -  Run Local Usage
		Usr 0 00:00:01, Sys 0 00:00:00  -  Total Remote Usage
		Usr 0 00:00:00, Sys 0 00:00:00  -  Total Local Usage
	12086  -  Run Bytes Sent By Job
	902  -  Run Bytes Received By Job
	12086  -  Total Bytes Sent By Job
	902  -  Total Bytes Received By Job
	Partitionable Resources :    Usage  Request Allocated
	   Cpus                 :                 1         1
	   Disk (KB)            :       28        1   2170551
	   Memory (MB)          :        8     2000      2000
...
