000 (407548.000.000) 10/23 15:46:17 Job submitted from host: <137.138.156.150:9618?addrs=137.138.156.150-9618+[2001-1458-d00-14--9a]-9618&noUDP&sock=4221_d558_7>
...
001 (407548.000.000) 10/23 15:47:11 Job executing on host: <188.184.205.147:9618?addrs=188.184.205.147-9618+[2001-1458-301-7d--100-527]-9618&noUDP&sock=1291_18db_3>
...
006 (407548.000.000) 10/23 15:47:20 Image size of job updated: 92012
	43  -  MemoryUsage of job (MB)
	43532  -  ResidentSetSize of job (KB)
...
006 (407548.000.000) 10/23 15:47:23 Image size of job updated: 448232
	43  -  MemoryUsage of job (MB)
	43532  -  ResidentSetSize of job (KB)
...
005 (407548.000.000) 10/23 15:47:24 Job terminated.
	(1) Normal termination (return value 1)
		Usr 0 00:00:01, Sys 0 00:00:00  -  Run Remote Usage
		Usr 0 00:00:00, Sys 0 00:00:00  -  Run Local Usage
		Usr 0 00:00:01, Sys 0 00:00:00  -  Total Remote Usage
		Usr 0 00:00:00, Sys 0 00:00:00  -  Total Local Usage
	789  -  Run Bytes Sent By Job
	902  -  Run Bytes Received By Job
	789  -  Total Bytes Sent By Job
	902  -  Total Bytes Received By Job
	Partitionable Resources :    Usage  Request Allocated
	   Cpus                 :                 1         1
	   Disk (KB)            :       17        1   2208433
	   Memory (MB)          :       43     2000      2000
...
000 (408793.000.000) 10/24 13:19:22 Job submitted from host: <137.138.156.150:9618?addrs=137.138.156.150-9618+[2001-1458-d00-14--9a]-9618&noUDP&sock=4221_d558_7>
...
001 (408793.000.000) 10/24 13:19:24 Job executing on host: <188.184.206.25:9618?addrs=188.184.206.25-9618+[2001-1458-301-7d--100-538]-9618&noUDP&sock=1284_4bb1_3>
...
006 (408793.000.000) 10/24 13:19:32 Image size of job updated: 76796
	44  -  MemoryUsage of job (MB)
	44376  -  ResidentSetSize of job (KB)
...
006 (408793.000.000) 10/24 13:19:36 Image size of job updated: 93484
	44  -  MemoryUsage of job (MB)
	44376  -  ResidentSetSize of job (KB)
...
005 (408793.000.000) 10/24 13:19:37 Job terminated.
	(1) Normal termination (return value 1)
		Usr 0 00:00:01, Sys 0 00:00:00  -  Run Remote Usage
		Usr 0 00:00:00, Sys 0 00:00:00  -  Run Local Usage
		Usr 0 00:00:01, Sys 0 00:00:00  -  Total Remote Usage
		Usr 0 00:00:00, Sys 0 00:00:00  -  Total Local Usage
	5644  -  Run Bytes Sent By Job
	902  -  Run Bytes Received By Job
	5644  -  Total Bytes Sent By Job
	902  -  Total Bytes Received By Job
	Partitionable Resources :    Usage  Request Allocated
	   Cpus                 :                 1         1
	   Disk (KB)            :       21        1   2186945
	   Memory (MB)          :       44     2000      2000
...
