000 (407516.000.000) 10/23 15:44:40 Job submitted from host: <137.138.156.150:9618?addrs=137.138.156.150-9618+[2001-1458-d00-14--9a]-9618&noUDP&sock=4221_d558_7>
...
001 (407516.000.000) 10/23 15:46:56 Job executing on host: <188.184.205.147:9618?addrs=188.184.205.147-9618+[2001-1458-301-7d--100-527]-9618&noUDP&sock=1291_18db_3>
...
006 (407516.000.000) 10/23 15:47:04 Image size of job updated: 100212
	42  -  MemoryUsage of job (MB)
	42512  -  ResidentSetSize of job (KB)
...
006 (407516.000.000) 10/23 15:47:09 Image size of job updated: 134436
	42  -  MemoryUsage of job (MB)
	42528  -  ResidentSetSize of job (KB)
...
005 (407516.000.000) 10/23 15:47:09 Job terminated.
	(1) Normal termination (return value 1)
		Usr 0 00:00:01, Sys 0 00:00:00  -  Run Remote Usage
		Usr 0 00:00:00, Sys 0 00:00:00  -  Run Local Usage
		Usr 0 00:00:01, Sys 0 00:00:00  -  Total Remote Usage
		Usr 0 00:00:00, Sys 0 00:00:00  -  Total Local Usage
	791  -  Run Bytes Sent By Job
	902  -  Run Bytes Received By Job
	791  -  Total Bytes Sent By Job
	902  -  Total Bytes Received By Job
	Partitionable Resources :    Usage  Request Allocated
	   Cpus                 :                 1         1
	   Disk (KB)            :       17        1   2208433
	   Memory (MB)          :       42     2000      2000
...
000 (408761.000.000) 10/24 13:17:31 Job submitted from host: <137.138.156.150:9618?addrs=137.138.156.150-9618+[2001-1458-d00-14--9a]-9618&noUDP&sock=4221_d558_7>
...
001 (408761.000.000) 10/24 13:19:01 Job executing on host: <188.185.205.12:9618?addrs=188.185.205.12-9618+[2001-1459-301-64--100-6]-9618&noUDP&sock=1277_7e87_3>
...
006 (408761.000.000) 10/24 13:19:10 Image size of job updated: 19364
	7  -  MemoryUsage of job (MB)
	6228  -  ResidentSetSize of job (KB)
...
006 (408761.000.000) 10/24 13:20:03 Image size of job updated: 468448
	7  -  MemoryUsage of job (MB)
	6944  -  ResidentSetSize of job (KB)
...
005 (408761.000.000) 10/24 13:20:04 Job terminated.
	(1) Normal termination (return value 1)
		Usr 0 00:00:01, Sys 0 00:00:00  -  Run Remote Usage
		Usr 0 00:00:00, Sys 0 00:00:00  -  Run Local Usage
		Usr 0 00:00:01, Sys 0 00:00:00  -  Total Remote Usage
		Usr 0 00:00:00, Sys 0 00:00:00  -  Total Local Usage
	5645  -  Run Bytes Sent By Job
	902  -  Run Bytes Received By Job
	5645  -  Total Bytes Sent By Job
	902  -  Total Bytes Received By Job
	Partitionable Resources :    Usage  Request Allocated
	   Cpus                 :                 1         1
	   Disk (KB)            :       21        1   2185419
	   Memory (MB)          :        7     2000      2000
...
