000 (407544.000.000) 10/23 15:46:04 Job submitted from host: <137.138.156.150:9618?addrs=137.138.156.150-9618+[2001-1458-d00-14--9a]-9618&noUDP&sock=4221_d558_7>
...
001 (407544.000.000) 10/23 15:47:10 Job executing on host: <188.184.205.67:9618?addrs=188.184.205.67-9618+[2001-1458-301-7d--100-515]-9618&noUDP&sock=1274_6fbf_3>
...
006 (407544.000.000) 10/23 15:47:19 Image size of job updated: 53836
	44  -  MemoryUsage of job (MB)
	44512  -  ResidentSetSize of job (KB)
...
006 (407544.000.000) 10/23 15:47:24 Image size of job updated: 53836
	44  -  MemoryUsage of job (MB)
	44532  -  ResidentSetSize of job (KB)
...
005 (407544.000.000) 10/23 15:47:24 Job terminated.
	(1) Normal termination (return value 1)
		Usr 0 00:00:01, Sys 0 00:00:00  -  Run Remote Usage
		Usr 0 00:00:00, Sys 0 00:00:00  -  Run Local Usage
		Usr 0 00:00:01, Sys 0 00:00:00  -  Total Remote Usage
		Usr 0 00:00:00, Sys 0 00:00:00  -  Total Local Usage
	789  -  Run Bytes Sent By Job
	902  -  Run Bytes Received By Job
	789  -  Total Bytes Sent By Job
	902  -  Total Bytes Received By Job
	Partitionable Resources :    Usage  Request Allocated
	   Cpus                 :                 1         1
	   Disk (KB)            :       17        1   2127757
	   Memory (MB)          :       44     2000      2000
...
000 (408789.000.000) 10/24 13:19:09 Job submitted from host: <137.138.156.150:9618?addrs=137.138.156.150-9618+[2001-1458-d00-14--9a]-9618&noUDP&sock=4221_d558_7>
...
001 (408789.000.000) 10/24 13:19:13 Job executing on host: <188.185.213.80:9618?addrs=188.185.213.80-9618+[2001-1459-301-98--100-4a]-9618&noUDP&sock=1306_62c6_3>
...
006 (408789.000.000) 10/24 13:19:22 Image size of job updated: 99688
	42  -  MemoryUsage of job (MB)
	41988  -  ResidentSetSize of job (KB)
...
006 (408789.000.000) 10/24 13:19:33 Image size of job updated: 106816
	42  -  MemoryUsage of job (MB)
	42000  -  ResidentSetSize of job (KB)
...
005 (408789.000.000) 10/24 13:19:35 Job terminated.
	(1) Normal termination (return value 1)
		Usr 0 00:00:01, Sys 0 00:00:00  -  Run Remote Usage
		Usr 0 00:00:00, Sys 0 00:00:00  -  Run Local Usage
		Usr 0 00:00:01, Sys 0 00:00:00  -  Total Remote Usage
		Usr 0 00:00:00, Sys 0 00:00:00  -  Total Local Usage
	5644  -  Run Bytes Sent By Job
	902  -  Run Bytes Received By Job
	5644  -  Total Bytes Sent By Job
	902  -  Total Bytes Received By Job
	Partitionable Resources :    Usage  Request Allocated
	   Cpus                 :                 1         1
	   Disk (KB)            :       21        1   2187936
	   Memory (MB)          :       42     2000      2000
...
