000 (407578.000.000) 10/23 15:48:19 Job submitted from host: <137.138.156.150:9618?addrs=137.138.156.150-9618+[2001-1458-d00-14--9a]-9618&noUDP&sock=4221_d558_7>
...
001 (407578.000.000) 10/23 15:48:33 Job executing on host: <188.184.205.237:9618?addrs=188.184.205.237-9618+[2001-1458-301-7d--100-531]-9618&noUDP&sock=1287_5a7a_3>
...
006 (407578.000.000) 10/23 15:48:41 Image size of job updated: 100416
	42  -  MemoryUsage of job (MB)
	42716  -  ResidentSetSize of job (KB)
...
006 (407578.000.000) 10/23 15:48:46 Image size of job updated: 436508
	42  -  MemoryUsage of job (MB)
	42716  -  ResidentSetSize of job (KB)
...
005 (407578.000.000) 10/23 15:48:46 Job terminated.
	(1) Normal termination (return value 1)
		Usr 0 00:00:00, Sys 0 00:00:00  -  Run Remote Usage
		Usr 0 00:00:00, Sys 0 00:00:00  -  Run Local Usage
		Usr 0 00:00:00, Sys 0 00:00:00  -  Total Remote Usage
		Usr 0 00:00:00, Sys 0 00:00:00  -  Total Local Usage
	792  -  Run Bytes Sent By Job
	902  -  Run Bytes Received By Job
	792  -  Total Bytes Sent By Job
	902  -  Total Bytes Received By Job
	Partitionable Resources :    Usage  Request Allocated
	   Cpus                 :                 1         1
	   Disk (KB)            :       17        1   2224104
	   Memory (MB)          :       42     2000      2000
...
000 (408824.000.000) 10/24 13:21:23 Job submitted from host: <137.138.156.150:9618?addrs=137.138.156.150-9618+[2001-1458-d00-14--9a]-9618&noUDP&sock=4221_d558_7>
...
001 (408824.000.000) 10/24 13:21:58 Job executing on host: <188.185.206.50:9618?addrs=188.185.206.50-9618+[2001-1459-301-65--100-2c]-9618&noUDP&sock=1291_18db_3>
...
006 (408824.000.000) 10/24 13:22:07 Image size of job updated: 22396
	7  -  MemoryUsage of job (MB)
	6908  -  ResidentSetSize of job (KB)
...
006 (408824.000.000) 10/24 13:22:42 Image size of job updated: 147036
	7  -  MemoryUsage of job (MB)
	6908  -  ResidentSetSize of job (KB)
...
005 (408824.000.000) 10/24 13:22:42 Job terminated.
	(1) Normal termination (return value 1)
		Usr 0 00:00:01, Sys 0 00:00:00  -  Run Remote Usage
		Usr 0 00:00:00, Sys 0 00:00:00  -  Run Local Usage
		Usr 0 00:00:01, Sys 0 00:00:00  -  Total Remote Usage
		Usr 0 00:00:00, Sys 0 00:00:00  -  Total Local Usage
	7827  -  Run Bytes Sent By Job
	902  -  Run Bytes Received By Job
	7827  -  Total Bytes Sent By Job
	902  -  Total Bytes Received By Job
	Partitionable Resources :    Usage  Request Allocated
	   Cpus                 :                 1         1
	   Disk (KB)            :       23        1   2145611
	   Memory (MB)          :        7     2000      2000
...
