000 (407451.000.000) 10/23 15:30:58 Job submitted from host: <137.138.156.150:9618?addrs=137.138.156.150-9618+[2001-1458-d00-14--9a]-9618&noUDP&sock=4221_d558_7>
...
001 (407451.000.000) 10/23 15:31:26 Job executing on host: <188.184.205.147:9618?addrs=188.184.205.147-9618+[2001-1458-301-7d--100-527]-9618&noUDP&sock=1291_18db_3>
...
006 (407451.000.000) 10/23 15:31:34 Image size of job updated: 76860
	43  -  MemoryUsage of job (MB)
	43552  -  ResidentSetSize of job (KB)
...
006 (407451.000.000) 10/23 15:31:37 Image size of job updated: 448552
	43  -  MemoryUsage of job (MB)
	43576  -  ResidentSetSize of job (KB)
...
005 (407451.000.000) 10/23 15:31:37 Job terminated.
	(1) Normal termination (return value 1)
		Usr 0 00:00:01, Sys 0 00:00:00  -  Run Remote Usage
		Usr 0 00:00:00, Sys 0 00:00:00  -  Run Local Usage
		Usr 0 00:00:01, Sys 0 00:00:00  -  Total Remote Usage
		Usr 0 00:00:00, Sys 0 00:00:00  -  Total Local Usage
	60127  -  Run Bytes Sent By Job
	902  -  Run Bytes Received By Job
	60127  -  Total Bytes Sent By Job
	902  -  Total Bytes Received By Job
	Partitionable Resources :    Usage  Request Allocated
	   Cpus                 :                 1         1
	   Disk (KB)            :       75        1   2208433
	   Memory (MB)          :       43     2000      2000
...
000 (407984.000.000) 10/23 16:44:31 Job submitted from host: <137.138.156.150:9618?addrs=137.138.156.150-9618+[2001-1458-d00-14--9a]-9618&noUDP&sock=4221_d558_7>
...
001 (407984.000.000) 10/23 16:45:14 Job executing on host: <188.185.208.166:9618?addrs=188.185.208.166-9618+[2001-1459-301-93--100-a0]-9618&noUDP&sock=1318_9de9_3>
...
006 (407984.000.000) 10/23 16:45:24 Image size of job updated: 94212
	43  -  MemoryUsage of job (MB)
	43516  -  ResidentSetSize of job (KB)
...
006 (407984.000.000) 10/23 16:45:38 Image size of job updated: 160424
	43  -  MemoryUsage of job (MB)
	43516  -  ResidentSetSize of job (KB)
...
005 (407984.000.000) 10/23 16:45:38 Job terminated.
	(1) Normal termination (return value 1)
		Usr 0 00:00:01, Sys 0 00:00:00  -  Run Remote Usage
		Usr 0 00:00:00, Sys 0 00:00:00  -  Run Local Usage
		Usr 0 00:00:01, Sys 0 00:00:00  -  Total Remote Usage
		Usr 0 00:00:00, Sys 0 00:00:00  -  Total Local Usage
	9747  -  Run Bytes Sent By Job
	902  -  Run Bytes Received By Job
	9747  -  Total Bytes Sent By Job
	902  -  Total Bytes Received By Job
	Partitionable Resources :    Usage  Request Allocated
	   Cpus                 :                 1         1
	   Disk (KB)            :       26        1   2196515
	   Memory (MB)          :       43     2000      2000
...
