000 (407302.000.000) 10/23 15:21:00 Job submitted from host: <137.138.156.150:9618?addrs=137.138.156.150-9618+[2001-1458-d00-14--9a]-9618&noUDP&sock=4221_d558_7>
...
001 (407302.000.000) 10/23 15:22:42 Job executing on host: <188.184.205.61:9618?addrs=188.184.205.61-9618+[2001-1458-301-7d--100-516]-9618&noUDP&sock=1270_b15e_3>
...
006 (407302.000.000) 10/23 15:22:51 Image size of job updated: 66120
	43  -  MemoryUsage of job (MB)
	43544  -  ResidentSetSize of job (KB)
...
005 (407302.000.000) 10/23 15:22:56 Job terminated.
	(1) Normal termination (return value 1)
		Usr 0 00:00:01, Sys 0 00:00:00  -  Run Remote Usage
		Usr 0 00:00:00, Sys 0 00:00:00  -  Run Local Usage
		Usr 0 00:00:01, Sys 0 00:00:00  -  Total Remote Usage
		Usr 0 00:00:00, Sys 0 00:00:00  -  Total Local Usage
	791  -  Run Bytes Sent By Job
	902  -  Run Bytes Received By Job
	791  -  Total Bytes Sent By Job
	902  -  Total Bytes Received By Job
	Partitionable Resources :    Usage  Request Allocated
	   Cpus                 :                 1         1
	   Disk (KB)            :       17        1   2190521
	   Memory (MB)          :       43     2000      2000
...
000 (407819.000.000) 10/23 16:33:18 Job submitted from host: <137.138.156.150:9618?addrs=137.138.156.150-9618+[2001-1458-d00-14--9a]-9618&noUDP&sock=4221_d558_7>
...
001 (407819.000.000) 10/23 16:36:14 Job executing on host: <188.184.204.197:9618?addrs=188.184.204.197-9618+[2001-1458-301-7d--100-523]-9618&noUDP&sock=1279_ddb8_3>
...
006 (407819.000.000) 10/23 16:36:22 Image size of job updated: 61748
	42  -  MemoryUsage of job (MB)
	42532  -  ResidentSetSize of job (KB)
...
005 (407819.000.000) 10/23 16:36:35 Job terminated.
	(1) Normal termination (return value 139)
		Usr 0 00:00:02, Sys 0 00:00:00  -  Run Remote Usage
		Usr 0 00:00:00, Sys 0 00:00:00  -  Run Local Usage
		Usr 0 00:00:02, Sys 0 00:00:00  -  Total Remote Usage
		Usr 0 00:00:00, Sys 0 00:00:00  -  Total Local Usage
	4001  -  Run Bytes Sent By Job
	902  -  Run Bytes Received By Job
	4001  -  Total Bytes Sent By Job
	902  -  Total Bytes Received By Job
	Partitionable Resources :    Usage  Request Allocated
	   Cpus                 :                 1         1
	   Disk (KB)            :       20        1   2108380
	   Memory (MB)          :       42     2000      2000
...
000 (408653.000.000) 10/24 11:38:55 Job submitted from host: <137.138.156.150:9618?addrs=137.138.156.150-9618+[2001-1458-d00-14--9a]-9618&noUDP&sock=4221_d558_7>
...
001 (408653.000.000) 10/24 12:18:11 Job executing on host: <188.184.205.101:9618?addrs=188.184.205.101-9618+[2001-1458-301-7d--100-524]-9618&noUDP&sock=1279_ddb8_3>
...
006 (408653.000.000) 10/24 12:18:20 Image size of job updated: 18800
	6  -  MemoryUsage of job (MB)
	6100  -  ResidentSetSize of job (KB)
...
006 (408653.000.000) 10/24 12:18:41 Image size of job updated: 472296
	6  -  MemoryUsage of job (MB)
	6100  -  ResidentSetSize of job (KB)
...
005 (408653.000.000) 10/24 12:18:42 Job terminated.
	(1) Normal termination (return value 1)
		Usr 0 00:00:01, Sys 0 00:00:00  -  Run Remote Usage
		Usr 0 00:00:00, Sys 0 00:00:00  -  Run Local Usage
		Usr 0 00:00:01, Sys 0 00:00:00  -  Total Remote Usage
		Usr 0 00:00:00, Sys 0 00:00:00  -  Total Local Usage
	12084  -  Run Bytes Sent By Job
	902  -  Run Bytes Received By Job
	12084  -  Total Bytes Sent By Job
	902  -  Total Bytes Received By Job
	Partitionable Resources :    Usage  Request Allocated
	   Cpus                 :                 1         1
	   Disk (KB)            :       28        1   2210538
	   Memory (MB)          :        6     2000      2000
...
