000 (407641.000.000) 10/23 15:51:55 Job submitted from host: <137.138.156.150:9618?addrs=137.138.156.150-9618+[2001-1458-d00-14--9a]-9618&noUDP&sock=4221_d558_7>
...
001 (407641.000.000) 10/23 15:54:57 Job executing on host: <188.184.204.206:9618?addrs=188.184.204.206-9618+[2001-1458-301-7d--100-50c]-9618&noUDP&sock=1269_01c5_3>
...
006 (407641.000.000) 10/23 15:55:06 Image size of job updated: 80068
	31  -  MemoryUsage of job (MB)
	30832  -  ResidentSetSize of job (KB)
...
006 (407641.000.000) 10/23 15:55:15 Image size of job updated: 94164
	31  -  MemoryUsage of job (MB)
	30832  -  ResidentSetSize of job (KB)
...
005 (407641.000.000) 10/23 15:55:15 Job terminated.
	(1) Normal termination (return value 1)
		Usr 0 00:00:00, Sys 0 00:00:00  -  Run Remote Usage
		Usr 0 00:00:00, Sys 0 00:00:00  -  Run Local Usage
		Usr 0 00:00:00, Sys 0 00:00:00  -  Total Remote Usage
		Usr 0 00:00:00, Sys 0 00:00:00  -  Total Local Usage
	790  -  Run Bytes Sent By Job
	902  -  Run Bytes Received By Job
	790  -  Total Bytes Sent By Job
	902  -  Total Bytes Received By Job
	Partitionable Resources :    Usage  Request Allocated
	   Cpus                 :                 1         1
	   Disk (KB)            :       17        1   2123705
	   Memory (MB)          :       31     2000      2000
...
000 (408887.000.000) 10/24 13:24:58 Job submitted from host: <137.138.156.150:9618?addrs=137.138.156.150-9618+[2001-1458-d00-14--9a]-9618&noUDP&sock=4221_d558_7>
...
001 (408887.000.000) 10/24 13:25:15 Job executing on host: <188.185.201.148:9618?addrs=188.185.201.148-9618+[2001-1459-301-60--100-8e]-9618&noUDP&sock=1239_6dee_3>
...
006 (408887.000.000) 10/24 13:25:24 Image size of job updated: 23732
	8  -  MemoryUsage of job (MB)
	8072  -  ResidentSetSize of job (KB)
...
006 (408887.000.000) 10/24 13:25:45 Image size of job updated: 125060
	8  -  MemoryUsage of job (MB)
	8080  -  ResidentSetSize of job (KB)
...
005 (408887.000.000) 10/24 13:25:46 Job terminated.
	(1) Normal termination (return value 1)
		Usr 0 00:00:00, Sys 0 00:00:00  -  Run Remote Usage
		Usr 0 00:00:00, Sys 0 00:00:00  -  Run Local Usage
		Usr 0 00:00:00, Sys 0 00:00:00  -  Total Remote Usage
		Usr 0 00:00:00, Sys 0 00:00:00  -  Total Local Usage
	3454  -  Run Bytes Sent By Job
	902  -  Run Bytes Received By Job
	3454  -  Total Bytes Sent By Job
	902  -  Total Bytes Received By Job
	Partitionable Resources :    Usage  Request Allocated
	   Cpus                 :                 1         1
	   Disk (KB)            :       19        1   2182771
	   Memory (MB)          :        8     2000      2000
...
