000 (407683.000.000) 10/23 16:07:59 Job submitted from host: <137.138.156.150:9618?addrs=137.138.156.150-9618+[2001-1458-d00-14--9a]-9618&noUDP&sock=4221_d558_7>
...
001 (407683.000.000) 10/23 16:13:01 Job executing on host: <188.184.205.178:9618?addrs=188.184.205.178-9618+[2001-1458-301-7d--100-54d]-9618&noUDP&sock=1312_8058_3>
...
006 (407683.000.000) 10/23 16:13:09 Image size of job updated: 7920
	8  -  MemoryUsage of job (MB)
	7920  -  ResidentSetSize of job (KB)
...
006 (407683.000.000) 10/23 16:13:49 Image size of job updated: 141968
	9  -  MemoryUsage of job (MB)
	8260  -  ResidentSetSize of job (KB)
...
005 (407683.000.000) 10/23 16:13:49 Job terminated.
	(1) Normal termination (return value 1)
		Usr 0 00:00:01, Sys 0 00:00:00  -  Run Remote Usage
		Usr 0 00:00:00, Sys 0 00:00:00  -  Run Local Usage
		Usr 0 00:00:01, Sys 0 00:00:00  -  Total Remote Usage
		Usr 0 00:00:00, Sys 0 00:00:00  -  Total Local Usage
	13056  -  Run Bytes Sent By Job
	902  -  Run Bytes Received By Job
	13056  -  Total Bytes Sent By Job
	902  -  Total Bytes Received By Job
	Partitionable Resources :    Usage  Request Allocated
	   Cpus                 :                 1         1
	   Disk (KB)            :       29        1   2215303
	   Memory (MB)          :        9     2000      2000
...
000 (408934.000.000) 10/24 14:49:04 Job submitted from host: <137.138.156.150:9618?addrs=137.138.156.150-9618+[2001-1458-d00-14--9a]-9618&noUDP&sock=4221_d558_7>
...
001 (408934.000.000) 10/24 14:51:56 Job executing on host: <188.184.206.20:9618?addrs=188.184.206.20-9618+[2001-1458-301-7d--100-537]-9618&noUDP&sock=1282_ec81_3>
...
006 (408934.000.000) 10/24 14:52:05 Image size of job updated: 424
	1  -  MemoryUsage of job (MB)
	424  -  ResidentSetSize of job (KB)
...
006 (408934.000.000) 10/24 14:54:37 Image size of job updated: 29880
	1  -  MemoryUsage of job (MB)
	424  -  ResidentSetSize of job (KB)
...
005 (408934.000.000) 10/24 14:54:37 Job terminated.
	(1) Normal termination (return value 1)
		Usr 0 00:00:01, Sys 0 00:00:00  -  Run Remote Usage
		Usr 0 00:00:00, Sys 0 00:00:00  -  Run Local Usage
		Usr 0 00:00:01, Sys 0 00:00:00  -  Total Remote Usage
		Usr 0 00:00:00, Sys 0 00:00:00  -  Total Local Usage
	13056  -  Run Bytes Sent By Job
	902  -  Run Bytes Received By Job
	13056  -  Total Bytes Sent By Job
	902  -  Total Bytes Received By Job
	Partitionable Resources :    Usage  Request Allocated
	   Cpus                 :                 1         1
	   Disk (KB)            :       29        1   2216008
	   Memory (MB)          :        1     2000      2000
...
