000 (407676.000.000) 10/23 16:07:20 Job submitted from host: <137.138.156.150:9618?addrs=137.138.156.150-9618+[2001-1458-d00-14--9a]-9618&noUDP&sock=4221_d558_7>
...
001 (407676.000.000) 10/23 16:12:59 Job executing on host: <188.184.205.143:9618?addrs=188.184.205.143-9618+[2001-1458-301-7d--100-52f]-9618&noUDP&sock=1270_b15e_3>
...
006 (407676.000.000) 10/23 16:13:07 Image size of job updated: 6976
	7  -  MemoryUsage of job (MB)
	6976  -  ResidentSetSize of job (KB)
...
006 (407676.000.000) 10/23 16:13:46 Image size of job updated: 147896
	7  -  MemoryUsage of job (MB)
	6988  -  ResidentSetSize of job (KB)
...
005 (407676.000.000) 10/23 16:13:46 Job terminated.
	(1) Normal termination (return value 1)
		Usr 0 00:00:01, Sys 0 00:00:00  -  Run Remote Usage
		Usr 0 00:00:00, Sys 0 00:00:00  -  Run Local Usage
		Usr 0 00:00:01, Sys 0 00:00:00  -  Total Remote Usage
		Usr 0 00:00:00, Sys 0 00:00:00  -  Total Local Usage
	13056  -  Run Bytes Sent By Job
	902  -  Run Bytes Received By Job
	13056  -  Total Bytes Sent By Job
	902  -  Total Bytes Received By Job
	Partitionable Resources :    Usage  Request Allocated
	   Cpus                 :                 1         1
	   Disk (KB)            :       29        1   2217084
	   Memory (MB)          :        7     2000      2000
...
000 (408927.000.000) 10/24 14:48:23 Job submitted from host: <137.138.156.150:9618?addrs=137.138.156.150-9618+[2001-1458-d00-14--9a]-9618&noUDP&sock=4221_d558_7>
...
001 (408927.000.000) 10/24 14:51:52 Job executing on host: <188.184.206.224:9618?addrs=188.184.206.224-9618+[2001-1458-301-7d--100-563]-9618&noUDP&sock=1280_8d50_3>
...
006 (408927.000.000) 10/24 14:52:00 Image size of job updated: 21104
	7  -  MemoryUsage of job (MB)
	6456  -  ResidentSetSize of job (KB)
...
006 (408927.000.000) 10/24 14:52:17 Image size of job updated: 147248
	7  -  MemoryUsage of job (MB)
	6456  -  ResidentSetSize of job (KB)
...
005 (408927.000.000) 10/24 14:52:17 Job terminated.
	(1) Normal termination (return value 1)
		Usr 0 00:00:01, Sys 0 00:00:00  -  Run Remote Usage
		Usr 0 00:00:00, Sys 0 00:00:00  -  Run Local Usage
		Usr 0 00:00:01, Sys 0 00:00:00  -  Total Remote Usage
		Usr 0 00:00:00, Sys 0 00:00:00  -  Total Local Usage
	13056  -  Run Bytes Sent By Job
	902  -  Run Bytes Received By Job
	13056  -  Total Bytes Sent By Job
	902  -  Total Bytes Received By Job
	Partitionable Resources :    Usage  Request Allocated
	   Cpus                 :                 1         1
	   Disk (KB)            :       29        1   2202842
	   Memory (MB)          :        7     2000      2000
...
