000 (407725.000.000) 10/23 16:10:29 Job submitted from host: <137.138.156.150:9618?addrs=137.138.156.150-9618+[2001-1458-d00-14--9a]-9618&noUDP&sock=4221_d558_7>
...
001 (407725.000.000) 10/23 16:13:50 Job executing on host: <188.184.204.103:9618?addrs=188.184.204.103-9618+[2001-1458-301-7d--100-4fd]-9618&noUDP&sock=1263_e434_3>
...
006 (407725.000.000) 10/23 16:13:58 Image size of job updated: 53640
	41  -  MemoryUsage of job (MB)
	41720  -  ResidentSetSize of job (KB)
...
006 (407725.000.000) 10/23 16:14:12 Image size of job updated: 82476
	41  -  MemoryUsage of job (MB)
	41724  -  ResidentSetSize of job (KB)
...
005 (407725.000.000) 10/23 16:14:12 Job terminated.
	(1) Normal termination (return value 139)
		Usr 0 00:00:02, Sys 0 00:00:00  -  Run Remote Usage
		Usr 0 00:00:00, Sys 0 00:00:00  -  Run Local Usage
		Usr 0 00:00:02, Sys 0 00:00:00  -  Total Remote Usage
		Usr 0 00:00:00, Sys 0 00:00:00  -  Total Local Usage
	6110  -  Run Bytes Sent By Job
	902  -  Run Bytes Received By Job
	6110  -  Total Bytes Sent By Job
	902  -  Total Bytes Received By Job
	Partitionable Resources :    Usage  Request Allocated
	   Cpus                 :                 1         1
	   Disk (KB)            :       22        1   2119255
	   Memory (MB)          :       41     2000      2000
...
000 (408977.000.000) 10/24 14:51:38 Job submitted from host: <137.138.156.150:9618?addrs=137.138.156.150-9618+[2001-1458-d00-14--9a]-9618&noUDP&sock=4221_d558_7>
...
001 (408977.000.000) 10/24 14:52:06 Job executing on host: <188.184.206.20:9618?addrs=188.184.206.20-9618+[2001-1458-301-7d--100-537]-9618&noUDP&sock=1282_ec81_3>
...
006 (408977.000.000) 10/24 14:52:15 Image size of job updated: 3020
	3  -  MemoryUsage of job (MB)
	3020  -  ResidentSetSize of job (KB)
...
006 (408977.000.000) 10/24 14:54:37 Image size of job updated: 471316
	3  -  MemoryUsage of job (MB)
	3032  -  ResidentSetSize of job (KB)
...
005 (408977.000.000) 10/24 14:54:38 Job terminated.
	(1) Normal termination (return value 1)
		Usr 0 00:00:01, Sys 0 00:00:00  -  Run Remote Usage
		Usr 0 00:00:00, Sys 0 00:00:00  -  Run Local Usage
		Usr 0 00:00:01, Sys 0 00:00:00  -  Total Remote Usage
		Usr 0 00:00:00, Sys 0 00:00:00  -  Total Local Usage
	17418  -  Run Bytes Sent By Job
	902  -  Run Bytes Received By Job
	17418  -  Total Bytes Sent By Job
	902  -  Total Bytes Received By Job
	Partitionable Resources :    Usage  Request Allocated
	   Cpus                 :                 1         1
	   Disk (KB)            :       33        1   2215727
	   Memory (MB)          :        3     2000      2000
...
