000 (407547.000.000) 10/23 15:46:13 Job submitted from host: <137.138.156.150:9618?addrs=137.138.156.150-9618+[2001-1458-d00-14--9a]-9618&noUDP&sock=4221_d558_7>
...
001 (407547.000.000) 10/23 15:47:11 Job executing on host: <188.185.213.191:9618?addrs=188.185.213.191-9618+[2001-1459-301-98--100-b9]-9618&noUDP&sock=1258_763b_3>
...
006 (407547.000.000) 10/23 15:47:19 Image size of job updated: 67604
	39  -  MemoryUsage of job (MB)
	39364  -  ResidentSetSize of job (KB)
...
006 (407547.000.000) 10/23 15:47:26 Image size of job updated: 71528
	39  -  MemoryUsage of job (MB)
	39380  -  ResidentSetSize of job (KB)
...
005 (407547.000.000) 10/23 15:47:27 Job terminated.
	(1) Normal termination (return value 1)
		Usr 0 00:00:00, Sys 0 00:00:00  -  Run Remote Usage
		Usr 0 00:00:00, Sys 0 00:00:00  -  Run Local Usage
		Usr 0 00:00:00, Sys 0 00:00:00  -  Total Remote Usage
		Usr 0 00:00:00, Sys 0 00:00:00  -  Total Local Usage
	791  -  Run Bytes Sent By Job
	902  -  Run Bytes Received By Job
	791  -  Total Bytes Sent By Job
	902  -  Total Bytes Received By Job
	Partitionable Resources :    Usage  Request Allocated
	   Cpus                 :                 1         1
	   Disk (KB)            :       17        1   2154647
	   Memory (MB)          :       39     2000      2000
...
000 (408792.000.000) 10/24 13:19:18 Job submitted from host: <137.138.156.150:9618?addrs=137.138.156.150-9618+[2001-1458-d00-14--9a]-9618&noUDP&sock=4221_d558_7>
...
001 (408792.000.000) 10/24 13:19:24 Job executing on host: <188.184.206.38:9618?addrs=188.184.206.38-9618+[2001-1458-301-7d--100-545]-9618&noUDP&sock=1263_e434_3>
...
006 (408792.000.000) 10/24 13:19:32 Image size of job updated: 100408
	42  -  MemoryUsage of job (MB)
	42708  -  ResidentSetSize of job (KB)
...
006 (408792.000.000) 10/24 13:19:38 Image size of job updated: 100408
	42  -  MemoryUsage of job (MB)
	42720  -  ResidentSetSize of job (KB)
...
005 (408792.000.000) 10/24 13:19:39 Job terminated.
	(1) Normal termination (return value 1)
		Usr 0 00:00:01, Sys 0 00:00:00  -  Run Remote Usage
		Usr 0 00:00:00, Sys 0 00:00:00  -  Run Local Usage
		Usr 0 00:00:01, Sys 0 00:00:00  -  Total Remote Usage
		Usr 0 00:00:00, Sys 0 00:00:00  -  Total Local Usage
	3454  -  Run Bytes Sent By Job
	902  -  Run Bytes Received By Job
	3454  -  Total Bytes Sent By Job
	902  -  Total Bytes Received By Job
	Partitionable Resources :    Usage  Request Allocated
	   Cpus                 :                 1         1
	   Disk (KB)            :       19        1   2206163
	   Memory (MB)          :       42     2000      2000
...
