000 (407655.000.000) 10/23 16:00:02 Job submitted from host: <137.138.156.150:9618?addrs=137.138.156.150-9618+[2001-1458-d00-14--9a]-9618&noUDP&sock=4221_d558_7>
...
000 (407666.000.000) 10/23 16:06:42 Job submitted from host: <137.138.156.150:9618?addrs=137.138.156.150-9618+[2001-1458-d00-14--9a]-9618&noUDP&sock=4221_d558_7>
...
001 (407655.000.000) 10/23 16:09:57 Job executing on host: <188.184.205.210:9618?addrs=188.184.205.210-9618+[2001-1458-301-7d--100-528]-9618&noUDP&sock=1287_5a7a_3>
...
006 (407655.000.000) 10/23 16:10:06 Image size of job updated: 76796
	44  -  MemoryUsage of job (MB)
	44408  -  ResidentSetSize of job (KB)
...
006 (407655.000.000) 10/23 16:10:10 Image size of job updated: 76804
	44  -  MemoryUsage of job (MB)
	44412  -  ResidentSetSize of job (KB)
...
005 (407655.000.000) 10/23 16:10:10 Job terminated.
	(1) Normal termination (return value 1)
		Usr 0 00:00:01, Sys 0 00:00:00  -  Run Remote Usage
		Usr 0 00:00:00, Sys 0 00:00:00  -  Run Local Usage
		Usr 0 00:00:01, Sys 0 00:00:00  -  Total Remote Usage
		Usr 0 00:00:00, Sys 0 00:00:00  -  Total Local Usage
	2756  -  Run Bytes Sent By Job
	902  -  Run Bytes Received By Job
	2756  -  Total Bytes Sent By Job
	902  -  Total Bytes Received By Job
	Partitionable Resources :    Usage  Request Allocated
	   Cpus                 :                 1         1
	   Disk (KB)            :       19        1   2215557
	   Memory (MB)          :       44     2000      2000
...
001 (407666.000.000) 10/23 16:10:28 Job executing on host: <188.184.205.210:9618?addrs=188.184.205.210-9618+[2001-1458-301-7d--100-528]-9618&noUDP&sock=1287_5a7a_3>
...
006 (407666.000.000) 10/23 16:10:37 Image size of job updated: 147128
	83  -  MemoryUsage of job (MB)
	84184  -  ResidentSetSize of job (KB)
...
005 (407666.000.000) 10/23 16:10:38 Job terminated.
	(1) Normal termination (return value 1)
		Usr 0 00:00:01, Sys 0 00:00:00  -  Run Remote Usage
		Usr 0 00:00:00, Sys 0 00:00:00  -  Run Local Usage
		Usr 0 00:00:01, Sys 0 00:00:00  -  Total Remote Usage
		Usr 0 00:00:00, Sys 0 00:00:00  -  Total Local Usage
	2756  -  Run Bytes Sent By Job
	902  -  Run Bytes Received By Job
	2756  -  Total Bytes Sent By Job
	902  -  Total Bytes Received By Job
	Partitionable Resources :    Usage  Request Allocated
	   Cpus                 :                 1         1
	   Disk (KB)            :       19        1   2215557
	   Memory (MB)          :       83     2000      2000
...
000 (408917.000.000) 10/24 14:47:38 Job submitted from host: <137.138.156.150:9618?addrs=137.138.156.150-9618+[2001-1458-d00-14--9a]-9618&noUDP&sock=4221_d558_7>
...
001 (408917.000.000) 10/24 14:51:50 Job executing on host: <188.185.213.80:9618?addrs=188.185.213.80-9618+[2001-1459-301-98--100-4a]-9618&noUDP&sock=1306_62c6_3>
...
006 (408917.000.000) 10/24 14:51:59 Image size of job updated: 22360
	7  -  MemoryUsage of job (MB)
	6876  -  ResidentSetSize of job (KB)
...
006 (408917.000.000) 10/24 14:52:12 Image size of job updated: 141912
	7  -  MemoryUsage of job (MB)
	6884  -  ResidentSetSize of job (KB)
...
005 (408917.000.000) 10/24 14:52:13 Job terminated.
	(1) Normal termination (return value 1)
		Usr 0 00:00:01, Sys 0 00:00:00  -  Run Remote Usage
		Usr 0 00:00:00, Sys 0 00:00:00  -  Run Local Usage
		Usr 0 00:00:01, Sys 0 00:00:00  -  Total Remote Usage
		Usr 0 00:00:00, Sys 0 00:00:00  -  Total Local Usage
	2756  -  Run Bytes Sent By Job
	902  -  Run Bytes Received By Job
	2756  -  Total Bytes Sent By Job
	902  -  Total Bytes Received By Job
	Partitionable Resources :    Usage  Request Allocated
	   Cpus                 :                 1         1
	   Disk (KB)            :       18        1   2184001
	   Memory (MB)          :        7     2000      2000
...
