000 (407550.000.000) 10/23 15:46:22 Job submitted from host: <137.138.156.150:9618?addrs=137.138.156.150-9618+[2001-1458-d00-14--9a]-9618&noUDP&sock=4221_d558_7>
...
001 (407550.000.000) 10/23 15:47:11 Job executing on host: <188.184.205.61:9618?addrs=188.184.205.61-9618+[2001-1458-301-7d--100-516]-9618&noUDP&sock=1270_b15e_3>
...
006 (407550.000.000) 10/23 15:47:20 Image size of job updated: 15024
	8  -  MemoryUsage of job (MB)
	8184  -  ResidentSetSize of job (KB)
...
006 (407550.000.000) 10/23 15:47:36 Image size of job updated: 167236
	8  -  MemoryUsage of job (MB)
	8184  -  ResidentSetSize of job (KB)
...
005 (407550.000.000) 10/23 15:47:36 Job terminated.
	(1) Normal termination (return value 1)
		Usr 0 00:00:01, Sys 0 00:00:00  -  Run Remote Usage
		Usr 0 00:00:00, Sys 0 00:00:00  -  Run Local Usage
		Usr 0 00:00:01, Sys 0 00:00:00  -  Total Remote Usage
		Usr 0 00:00:00, Sys 0 00:00:00  -  Total Local Usage
	789  -  Run Bytes Sent By Job
	902  -  Run Bytes Received By Job
	789  -  Total Bytes Sent By Job
	902  -  Total Bytes Received By Job
	Partitionable Resources :    Usage  Request Allocated
	   Cpus                 :                 1         1
	   Disk (KB)            :       17        1   2190514
	   Memory (MB)          :        8     2000      2000
...
000 (408795.000.000) 10/24 13:19:29 Job submitted from host: <137.138.156.150:9618?addrs=137.138.156.150-9618+[2001-1458-d00-14--9a]-9618&noUDP&sock=4221_d558_7>
...
001 (408795.000.000) 10/24 13:19:36 Job executing on host: <188.185.214.177:9618?addrs=188.185.214.177-9618+[2001-1459-301-99--100-ab]-9618&noUDP&sock=1326_1aab_3>
...
006 (408795.000.000) 10/24 13:19:46 Image size of job updated: 92428
	35  -  MemoryUsage of job (MB)
	35436  -  ResidentSetSize of job (KB)
...
006 (408795.000.000) 10/24 13:20:13 Image size of job updated: 142772
	35  -  MemoryUsage of job (MB)
	35608  -  ResidentSetSize of job (KB)
...
005 (408795.000.000) 10/24 13:20:13 Job terminated.
	(1) Normal termination (return value 1)
		Usr 0 00:00:01, Sys 0 00:00:00  -  Run Remote Usage
		Usr 0 00:00:00, Sys 0 00:00:00  -  Run Local Usage
		Usr 0 00:00:01, Sys 0 00:00:00  -  Total Remote Usage
		Usr 0 00:00:00, Sys 0 00:00:00  -  Total Local Usage
	5644  -  Run Bytes Sent By Job
	902  -  Run Bytes Received By Job
	5644  -  Total Bytes Sent By Job
	902  -  Total Bytes Received By Job
	Partitionable Resources :    Usage  Request Allocated
	   Cpus                 :                 1         1
	   Disk (KB)            :       21        1   2193320
	   Memory (MB)          :       35     2000      2000
...
