000 (407691.000.000) 10/23 16:08:24 Job submitted from host: <137.138.156.150:9618?addrs=137.138.156.150-9618+[2001-1458-d00-14--9a]-9618&noUDP&sock=4221_d558_7>
...
001 (407691.000.000) 10/23 16:12:59 Job executing on host: <188.184.204.103:9618?addrs=188.184.204.103-9618+[2001-1458-301-7d--100-4fd]-9618&noUDP&sock=1263_e434_3>
...
006 (407691.000.000) 10/23 16:13:07 Image size of job updated: 9816
	8  -  MemoryUsage of job (MB)
	7500  -  ResidentSetSize of job (KB)
...
006 (407691.000.000) 10/23 16:13:33 Image size of job updated: 80344
	8  -  MemoryUsage of job (MB)
	7500  -  ResidentSetSize of job (KB)
...
005 (407691.000.000) 10/23 16:13:33 Job terminated.
	(1) Normal termination (return value 1)
		Usr 0 00:00:01, Sys 0 00:00:00  -  Run Remote Usage
		Usr 0 00:00:00, Sys 0 00:00:00  -  Run Local Usage
		Usr 0 00:00:01, Sys 0 00:00:00  -  Total Remote Usage
		Usr 0 00:00:00, Sys 0 00:00:00  -  Total Local Usage
	3080  -  Run Bytes Sent By Job
	902  -  Run Bytes Received By Job
	3080  -  Total Bytes Sent By Job
	902  -  Total Bytes Received By Job
	Partitionable Resources :    Usage  Request Allocated
	   Cpus                 :                 1         1
	   Disk (KB)            :       19        1   2119255
	   Memory (MB)          :        8     2000      2000
...
000 (408942.000.000) 10/24 14:49:27 Job submitted from host: <137.138.156.150:9618?addrs=137.138.156.150-9618+[2001-1458-d00-14--9a]-9618&noUDP&sock=4221_d558_7>
...
001 (408942.000.000) 10/24 14:51:57 Job executing on host: <188.184.205.90:9618?addrs=188.184.205.90-9618+[--1]-9618&noUDP&sock=1243_2c4f_3>
...
006 (408942.000.000) 10/24 14:52:06 Image size of job updated: 92992
	35  -  MemoryUsage of job (MB)
	35740  -  ResidentSetSize of job (KB)
...
006 (408942.000.000) 10/24 14:52:14 Image size of job updated: 142764
	35  -  MemoryUsage of job (MB)
	35740  -  ResidentSetSize of job (KB)
...
005 (408942.000.000) 10/24 14:52:15 Job terminated.
	(1) Normal termination (return value 1)
		Usr 0 00:00:01, Sys 0 00:00:00  -  Run Remote Usage
		Usr 0 00:00:00, Sys 0 00:00:00  -  Run Local Usage
		Usr 0 00:00:01, Sys 0 00:00:00  -  Total Remote Usage
		Usr 0 00:00:00, Sys 0 00:00:00  -  Total Local Usage
	4332  -  Run Bytes Sent By Job
	902  -  Run Bytes Received By Job
	4332  -  Total Bytes Sent By Job
	902  -  Total Bytes Received By Job
	Partitionable Resources :    Usage  Request Allocated
	   Cpus                 :                 1         1
	   Disk (KB)            :       20        1   2180799
	   Memory (MB)          :       35     2000      2000
...
