000 (407501.000.000) 10/23 15:43:33 Job submitted from host: <137.138.156.150:9618?addrs=137.138.156.150-9618+[2001-1458-d00-14--9a]-9618&noUDP&sock=4221_d558_7>
...
001 (407501.000.000) 10/23 15:46:36 Job executing on host: <188.185.213.191:9618?addrs=188.185.213.191-9618+[2001-1459-301-98--100-b9]-9618&noUDP&sock=1258_763b_3>
...
006 (407501.000.000) 10/23 15:46:44 Image size of job updated: 69928
	42  -  MemoryUsage of job (MB)
	42556  -  ResidentSetSize of job (KB)
...
006 (407501.000.000) 10/23 15:46:49 Image size of job updated: 69928
	42  -  MemoryUsage of job (MB)
	42596  -  ResidentSetSize of job (KB)
...
005 (407501.000.000) 10/23 15:46:54 Job terminated.
	(1) Normal termination (return value 1)
		Usr 0 00:00:00, Sys 0 00:00:00  -  Run Remote Usage
		Usr 0 00:00:00, Sys 0 00:00:00  -  Run Local Usage
		Usr 0 00:00:00, Sys 0 00:00:00  -  Total Remote Usage
		Usr 0 00:00:00, Sys 0 00:00:00  -  Total Local Usage
	791  -  Run Bytes Sent By Job
	902  -  Run Bytes Received By Job
	791  -  Total Bytes Sent By Job
	902  -  Total Bytes Received By Job
	Partitionable Resources :    Usage  Request Allocated
	   Cpus                 :                 1         1
	   Disk (KB)            :       17        1   2154647
	   Memory (MB)          :       42     2000      2000
...
000 (408746.000.000) 10/24 13:16:25 Job submitted from host: <137.138.156.150:9618?addrs=137.138.156.150-9618+[2001-1458-d00-14--9a]-9618&noUDP&sock=4221_d558_7>
...
001 (408746.000.000) 10/24 13:16:31 Job executing on host: <188.184.205.54:9618?addrs=188.184.205.54-9618+[--1]-9618&noUDP&sock=1253_0841_3>
...
006 (408746.000.000) 10/24 13:16:39 Image size of job updated: 142756
	79  -  MemoryUsage of job (MB)
	80336  -  ResidentSetSize of job (KB)
...
006 (408746.000.000) 10/24 13:16:49 Image size of job updated: 143144
	79  -  MemoryUsage of job (MB)
	80336  -  ResidentSetSize of job (KB)
...
005 (408746.000.000) 10/24 13:16:49 Job terminated.
	(1) Normal termination (return value 1)
		Usr 0 00:00:00, Sys 0 00:00:00  -  Run Remote Usage
		Usr 0 00:00:00, Sys 0 00:00:00  -  Run Local Usage
		Usr 0 00:00:00, Sys 0 00:00:00  -  Total Remote Usage
		Usr 0 00:00:00, Sys 0 00:00:00  -  Total Local Usage
	2221  -  Run Bytes Sent By Job
	902  -  Run Bytes Received By Job
	2221  -  Total Bytes Sent By Job
	902  -  Total Bytes Received By Job
	Partitionable Resources :    Usage  Request Allocated
	   Cpus                 :                 1         1
	   Disk (KB)            :       18        1   2197825
	   Memory (MB)          :       79     2000      2000
...
