000 (407705.000.000) 10/23 16:09:07 Job submitted from host: <137.138.156.150:9618?addrs=137.138.156.150-9618+[2001-1458-d00-14--9a]-9618&noUDP&sock=4221_d558_7>
...
001 (407705.000.000) 10/23 16:13:31 Job executing on host: <188.184.204.197:9618?addrs=188.184.204.197-9618+[2001-1458-301-7d--100-523]-9618&noUDP&sock=1279_ddb8_3>
...
006 (407705.000.000) 10/23 16:13:40 Image size of job updated: 91936
	43  -  MemoryUsage of job (MB)
	43536  -  ResidentSetSize of job (KB)
...
006 (407705.000.000) 10/23 16:13:48 Image size of job updated: 142756
	43  -  MemoryUsage of job (MB)
	43536  -  ResidentSetSize of job (KB)
...
005 (407705.000.000) 10/23 16:13:48 Job terminated.
	(1) Normal termination (return value 1)
		Usr 0 00:00:01, Sys 0 00:00:00  -  Run Remote Usage
		Usr 0 00:00:00, Sys 0 00:00:00  -  Run Local Usage
		Usr 0 00:00:01, Sys 0 00:00:00  -  Total Remote Usage
		Usr 0 00:00:00, Sys 0 00:00:00  -  Total Local Usage
	17418  -  Run Bytes Sent By Job
	902  -  Run Bytes Received By Job
	17418  -  Total Bytes Sent By Job
	902  -  Total Bytes Received By Job
	Partitionable Resources :    Usage  Request Allocated
	   Cpus                 :                 1         1
	   Disk (KB)            :       33        1   2111509
	   Memory (MB)          :       43     2000      2000
...
000 (408957.000.000) 10/24 14:50:33 Job submitted from host: <137.138.156.150:9618?addrs=137.138.156.150-9618+[2001-1458-d00-14--9a]-9618&noUDP&sock=4221_d558_7>
...
001 (408957.000.000) 10/24 14:52:03 Job executing on host: <188.184.204.157:9618?addrs=188.184.204.157-9618+[2001-1458-301-7d--100-50a]-9618&noUDP&sock=1280_8d50_3>
...
006 (408957.000.000) 10/24 14:52:11 Image size of job updated: 22776
	8  -  MemoryUsage of job (MB)
	7292  -  ResidentSetSize of job (KB)
...
006 (408957.000.000) 10/24 14:52:28 Image size of job updated: 471288
	8  -  MemoryUsage of job (MB)
	7296  -  ResidentSetSize of job (KB)
...
005 (408957.000.000) 10/24 14:52:29 Job terminated.
	(1) Normal termination (return value 1)
		Usr 0 00:00:01, Sys 0 00:00:00  -  Run Remote Usage
		Usr 0 00:00:00, Sys 0 00:00:00  -  Run Local Usage
		Usr 0 00:00:01, Sys 0 00:00:00  -  Total Remote Usage
		Usr 0 00:00:00, Sys 0 00:00:00  -  Total Local Usage
	17418  -  Run Bytes Sent By Job
	902  -  Run Bytes Received By Job
	17418  -  Total Bytes Sent By Job
	902  -  Total Bytes Received By Job
	Partitionable Resources :    Usage  Request Allocated
	   Cpus                 :                 1         1
	   Disk (KB)            :       33        1   2216135
	   Memory (MB)          :        8     2000      2000
...
