000 (407456.000.000) 10/23 15:41:03 Job submitted from host: <137.138.156.150:9618?addrs=137.138.156.150-9618+[2001-1458-d00-14--9a]-9618&noUDP&sock=4221_d558_7>
...
001 (407456.000.000) 10/23 15:46:04 Job executing on host: <188.184.205.210:9618?addrs=188.184.205.210-9618+[2001-1458-301-7d--100-528]-9618&noUDP&sock=1287_5a7a_3>
...
006 (407456.000.000) 10/23 15:46:12 Image size of job updated: 22452
	7  -  MemoryUsage of job (MB)
	6968  -  ResidentSetSize of job (KB)
...
006 (407456.000.000) 10/23 15:46:27 Image size of job updated: 493940
	7  -  MemoryUsage of job (MB)
	6968  -  ResidentSetSize of job (KB)
...
005 (407456.000.000) 10/23 15:46:27 Job terminated.
	(1) Normal termination (return value 1)
		Usr 0 00:00:00, Sys 0 00:00:00  -  Run Remote Usage
		Usr 0 00:00:00, Sys 0 00:00:00  -  Run Local Usage
		Usr 0 00:00:00, Sys 0 00:00:00  -  Total Remote Usage
		Usr 0 00:00:00, Sys 0 00:00:00  -  Total Local Usage
	790  -  Run Bytes Sent By Job
	902  -  Run Bytes Received By Job
	790  -  Total Bytes Sent By Job
	902  -  Total Bytes Received By Job
	Partitionable Resources :    Usage  Request Allocated
	   Cpus                 :                 1         1
	   Disk (KB)            :       17        1   2215560
	   Memory (MB)          :        7     2000      2000
...
000 (408700.000.000) 10/24 13:13:36 Job submitted from host: <137.138.156.150:9618?addrs=137.138.156.150-9618+[2001-1458-d00-14--9a]-9618&noUDP&sock=4221_d558_7>
...
001 (408700.000.000) 10/24 13:16:01 Job executing on host: <188.185.214.177:9618?addrs=188.185.214.177-9618+[2001-1459-301-99--100-ab]-9618&noUDP&sock=1326_1aab_3>
...
006 (408700.000.000) 10/24 13:16:10 Image size of job updated: 1060
	2  -  MemoryUsage of job (MB)
	1060  -  ResidentSetSize of job (KB)
...
006 (408700.000.000) 10/24 13:16:45 Image size of job updated: 142756
	2  -  MemoryUsage of job (MB)
	1060  -  ResidentSetSize of job (KB)
...
005 (408700.000.000) 10/24 13:16:45 Job terminated.
	(1) Normal termination (return value 1)
		Usr 0 00:00:01, Sys 0 00:00:00  -  Run Remote Usage
		Usr 0 00:00:00, Sys 0 00:00:00  -  Run Local Usage
		Usr 0 00:00:01, Sys 0 00:00:00  -  Total Remote Usage
		Usr 0 00:00:00, Sys 0 00:00:00  -  Total Local Usage
	3453  -  Run Bytes Sent By Job
	902  -  Run Bytes Received By Job
	3453  -  Total Bytes Sent By Job
	902  -  Total Bytes Received By Job
	Partitionable Resources :    Usage  Request Allocated
	   Cpus                 :                 1         1
	   Disk (KB)            :       19        1   2193326
	   Memory (MB)          :        2     2000      2000
...
