000 (407696.000.000) 10/23 16:08:40 Job submitted from host: <137.138.156.150:9618?addrs=137.138.156.150-9618+[2001-1458-d00-14--9a]-9618&noUDP&sock=4221_d558_7>
...
001 (407696.000.000) 10/23 16:13:01 Job executing on host: <188.184.204.103:9618?addrs=188.184.204.103-9618+[2001-1458-301-7d--100-4fd]-9618&noUDP&sock=1263_e434_3>
...
006 (407696.000.000) 10/23 16:13:09 Image size of job updated: 18516
	9  -  MemoryUsage of job (MB)
	8212  -  ResidentSetSize of job (KB)
...
005 (407696.000.000) 10/23 16:13:23 Job terminated.
	(1) Normal termination (return value 1)
		Usr 0 00:00:01, Sys 0 00:00:00  -  Run Remote Usage
		Usr 0 00:00:00, Sys 0 00:00:00  -  Run Local Usage
		Usr 0 00:00:01, Sys 0 00:00:00  -  Total Remote Usage
		Usr 0 00:00:00, Sys 0 00:00:00  -  Total Local Usage
	13057  -  Run Bytes Sent By Job
	902  -  Run Bytes Received By Job
	13057  -  Total Bytes Sent By Job
	902  -  Total Bytes Received By Job
	Partitionable Resources :    Usage  Request Allocated
	   Cpus                 :                 1         1
	   Disk (KB)            :       28        1   2119255
	   Memory (MB)          :        9     2000      2000
...
000 (408948.000.000) 10/24 14:49:41 Job submitted from host: <137.138.156.150:9618?addrs=137.138.156.150-9618+[2001-1458-d00-14--9a]-9618&noUDP&sock=4221_d558_7>
...
001 (408948.000.000) 10/24 14:51:58 Job executing on host: <188.184.205.252:9618?addrs=188.184.205.252-9618+[2001-1458-301-7d--100-539]-9618&noUDP&sock=1275_1f57_3>
...
006 (408948.000.000) 10/24 14:52:07 Image size of job updated: 67536
	28  -  MemoryUsage of job (MB)
	27772  -  ResidentSetSize of job (KB)
...
006 (408948.000.000) 10/24 14:52:19 Image size of job updated: 150288
	28  -  MemoryUsage of job (MB)
	28148  -  ResidentSetSize of job (KB)
...
005 (408948.000.000) 10/24 14:52:20 Job terminated.
	(1) Normal termination (return value 1)
		Usr 0 00:00:01, Sys 0 00:00:00  -  Run Remote Usage
		Usr 0 00:00:00, Sys 0 00:00:00  -  Run Local Usage
		Usr 0 00:00:01, Sys 0 00:00:00  -  Total Remote Usage
		Usr 0 00:00:00, Sys 0 00:00:00  -  Total Local Usage
	13057  -  Run Bytes Sent By Job
	902  -  Run Bytes Received By Job
	13057  -  Total Bytes Sent By Job
	902  -  Total Bytes Received By Job
	Partitionable Resources :    Usage  Request Allocated
	   Cpus                 :                 1         1
	   Disk (KB)            :       29        1   2215202
	   Memory (MB)          :       28     2000      2000
...
