000 (407734.000.000) 10/23 16:10:56 Job submitted from host: <137.138.156.150:9618?addrs=137.138.156.150-9618+[2001-1458-d00-14--9a]-9618&noUDP&sock=4221_d558_7>
...
001 (407734.000.000) 10/23 16:13:55 Job executing on host: <188.184.204.151:9618?addrs=188.184.204.151-9618+[--1]-9618&noUDP&sock=1216_a740_3>
...
006 (407734.000.000) 10/23 16:14:04 Image size of job updated: 55100
	43  -  MemoryUsage of job (MB)
	43540  -  ResidentSetSize of job (KB)
...
006 (407734.000.000) 10/23 16:14:10 Image size of job updated: 471728
	43  -  MemoryUsage of job (MB)
	43540  -  ResidentSetSize of job (KB)
...
005 (407734.000.000) 10/23 16:14:10 Job terminated.
	(1) Normal termination (return value 1)
		Usr 0 00:00:01, Sys 0 00:00:00  -  Run Remote Usage
		Usr 0 00:00:00, Sys 0 00:00:00  -  Run Local Usage
		Usr 0 00:00:01, Sys 0 00:00:00  -  Total Remote Usage
		Usr 0 00:00:00, Sys 0 00:00:00  -  Total Local Usage
	15237  -  Run Bytes Sent By Job
	902  -  Run Bytes Received By Job
	15237  -  Total Bytes Sent By Job
	902  -  Total Bytes Received By Job
	Partitionable Resources :    Usage  Request Allocated
	   Cpus                 :                 1         1
	   Disk (KB)            :       31        1   2194064
	   Memory (MB)          :       43     2000      2000
...
000 (408986.000.000) 10/24 14:52:05 Job submitted from host: <137.138.156.150:9618?addrs=137.138.156.150-9618+[2001-1458-d00-14--9a]-9618&noUDP&sock=4221_d558_7>
...
001 (408986.000.000) 10/24 14:52:14 Job executing on host: <188.185.213.80:9618?addrs=188.185.213.80-9618+[2001-1459-301-98--100-4a]-9618&noUDP&sock=1306_62c6_3>
...
006 (408986.000.000) 10/24 14:52:23 Image size of job updated: 98744
	41  -  MemoryUsage of job (MB)
	41040  -  ResidentSetSize of job (KB)
...
006 (408986.000.000) 10/24 14:52:38 Image size of job updated: 148356
	41  -  MemoryUsage of job (MB)
	41116  -  ResidentSetSize of job (KB)
...
005 (408986.000.000) 10/24 14:52:38 Job terminated.
	(1) Normal termination (return value 1)
		Usr 0 00:00:01, Sys 0 00:00:00  -  Run Remote Usage
		Usr 0 00:00:00, Sys 0 00:00:00  -  Run Local Usage
		Usr 0 00:00:01, Sys 0 00:00:00  -  Total Remote Usage
		Usr 0 00:00:00, Sys 0 00:00:00  -  Total Local Usage
	15237  -  Run Bytes Sent By Job
	902  -  Run Bytes Received By Job
	15237  -  Total Bytes Sent By Job
	902  -  Total Bytes Received By Job
	Partitionable Resources :    Usage  Request Allocated
	   Cpus                 :                 1         1
	   Disk (KB)            :       31        1   2184001
	   Memory (MB)          :       41     2000      2000
...
