000 (407746.000.000) 10/23 16:11:59 Job submitted from host: <137.138.156.150:9618?addrs=137.138.156.150-9618+[2001-1458-d00-14--9a]-9618&noUDP&sock=4221_d558_7>
...
001 (407746.000.000) 10/23 16:14:10 Job executing on host: <188.184.204.151:9618?addrs=188.184.204.151-9618+[--1]-9618&noUDP&sock=1216_a740_3>
...
006 (407746.000.000) 10/23 16:14:19 Image size of job updated: 10692
	9  -  MemoryUsage of job (MB)
	8236  -  ResidentSetSize of job (KB)
...
006 (407746.000.000) 10/23 16:14:34 Image size of job updated: 167236
	9  -  MemoryUsage of job (MB)
	8240  -  ResidentSetSize of job (KB)
...
005 (407746.000.000) 10/23 16:14:35 Job terminated.
	(1) Normal termination (return value 1)
		Usr 0 00:00:01, Sys 0 00:00:00  -  Run Remote Usage
		Usr 0 00:00:00, Sys 0 00:00:00  -  Run Local Usage
		Usr 0 00:00:01, Sys 0 00:00:00  -  Total Remote Usage
		Usr 0 00:00:00, Sys 0 00:00:00  -  Total Local Usage
	13057  -  Run Bytes Sent By Job
	902  -  Run Bytes Received By Job
	13057  -  Total Bytes Sent By Job
	902  -  Total Bytes Received By Job
	Partitionable Resources :    Usage  Request Allocated
	   Cpus                 :                 1         1
	   Disk (KB)            :       29        1   2194064
	   Memory (MB)          :        9     2000      2000
...
000 (408998.000.000) 10/24 14:53:04 Job submitted from host: <137.138.156.150:9618?addrs=137.138.156.150-9618+[2001-1458-d00-14--9a]-9618&noUDP&sock=4221_d558_7>
...
001 (408998.000.000) 10/24 14:53:09 Job executing on host: <188.185.55.69:9618?addrs=188.185.55.69-9618+[2001-1459-301-b3--100-2fd]-9618&noUDP&sock=1215_f7a8_3>
...
006 (408998.000.000) 10/24 14:53:18 Image size of job updated: 21108
	7  -  MemoryUsage of job (MB)
	6460  -  ResidentSetSize of job (KB)
...
006 (408998.000.000) 10/24 14:53:49 Image size of job updated: 149016
	7  -  MemoryUsage of job (MB)
	6460  -  ResidentSetSize of job (KB)
...
005 (408998.000.000) 10/24 14:53:50 Job terminated.
	(1) Normal termination (return value 1)
		Usr 0 00:00:01, Sys 0 00:00:00  -  Run Remote Usage
		Usr 0 00:00:00, Sys 0 00:00:00  -  Run Local Usage
		Usr 0 00:00:01, Sys 0 00:00:00  -  Total Remote Usage
		Usr 0 00:00:00, Sys 0 00:00:00  -  Total Local Usage
	13057  -  Run Bytes Sent By Job
	902  -  Run Bytes Received By Job
	13057  -  Total Bytes Sent By Job
	902  -  Total Bytes Received By Job
	Partitionable Resources :    Usage  Request Allocated
	   Cpus                 :                 1         1
	   Disk (KB)            :       29        1   2198632
	   Memory (MB)          :        7     2000      2000
...
