000 (407697.000.000) 10/23 16:08:43 Job submitted from host: <137.138.156.150:9618?addrs=137.138.156.150-9618+[2001-1458-d00-14--9a]-9618&noUDP&sock=4221_d558_7>
...
001 (407697.000.000) 10/23 16:13:02 Job executing on host: <188.184.204.151:9618?addrs=188.184.204.151-9618+[--1]-9618&noUDP&sock=1216_a740_3>
...
006 (407697.000.000) 10/23 16:13:11 Image size of job updated: 9960
	8  -  MemoryUsage of job (MB)
	7240  -  ResidentSetSize of job (KB)
...
006 (407697.000.000) 10/23 16:13:36 Image size of job updated: 21268
	8  -  MemoryUsage of job (MB)
	7240  -  ResidentSetSize of job (KB)
...
005 (407697.000.000) 10/23 16:13:36 Job terminated.
	(1) Normal termination (return value 1)
		Usr 0 00:00:01, Sys 0 00:00:00  -  Run Remote Usage
		Usr 0 00:00:00, Sys 0 00:00:00  -  Run Local Usage
		Usr 0 00:00:01, Sys 0 00:00:00  -  Total Remote Usage
		Usr 0 00:00:00, Sys 0 00:00:00  -  Total Local Usage
	6513  -  Run Bytes Sent By Job
	902  -  Run Bytes Received By Job
	6513  -  Total Bytes Sent By Job
	902  -  Total Bytes Received By Job
	Partitionable Resources :    Usage  Request Allocated
	   Cpus                 :                 1         1
	   Disk (KB)            :       22        1   2194064
	   Memory (MB)          :        8     2000      2000
...
000 (408949.000.000) 10/24 14:49:43 Job submitted from host: <137.138.156.150:9618?addrs=137.138.156.150-9618+[2001-1458-d00-14--9a]-9618&noUDP&sock=4221_d558_7>
...
001 (408949.000.000) 10/24 14:52:00 Job executing on host: <188.184.205.221:9618?addrs=188.184.205.221-9618+[2001-1458-301-7d--100-52d]-9618&noUDP&sock=1279_ddb8_3>
...
006 (408949.000.000) 10/24 14:52:09 Image size of job updated: 408
	1  -  MemoryUsage of job (MB)
	408  -  ResidentSetSize of job (KB)
...
006 (408949.000.000) 10/24 14:52:45 Image size of job updated: 147448
	1  -  MemoryUsage of job (MB)
	408  -  ResidentSetSize of job (KB)
...
005 (408949.000.000) 10/24 14:52:45 Job terminated.
	(1) Normal termination (return value 1)
		Usr 0 00:00:00, Sys 0 00:00:00  -  Run Remote Usage
		Usr 0 00:00:00, Sys 0 00:00:00  -  Run Local Usage
		Usr 0 00:00:00, Sys 0 00:00:00  -  Total Remote Usage
		Usr 0 00:00:00, Sys 0 00:00:00  -  Total Local Usage
	6513  -  Run Bytes Sent By Job
	902  -  Run Bytes Received By Job
	6513  -  Total Bytes Sent By Job
	902  -  Total Bytes Received By Job
	Partitionable Resources :    Usage  Request Allocated
	   Cpus                 :                 1         1
	   Disk (KB)            :       22        1   2212211
	   Memory (MB)          :        1     2000      2000
...
