000 (407599.000.000) 10/23 15:49:42 Job submitted from host: <137.138.156.150:9618?addrs=137.138.156.150-9618+[2001-1458-d00-14--9a]-9618&noUDP&sock=4221_d558_7>
...
001 (407599.000.000) 10/23 15:50:08 Job executing on host: <188.184.205.147:9618?addrs=188.184.205.147-9618+[2001-1458-301-7d--100-527]-9618&noUDP&sock=1291_18db_3>
...
006 (407599.000.000) 10/23 15:50:16 Image size of job updated: 69612
	29  -  MemoryUsage of job (MB)
	28872  -  ResidentSetSize of job (KB)
...
006 (407599.000.000) 10/23 15:50:27 Image size of job updated: 95264
	29  -  MemoryUsage of job (MB)
	28872  -  ResidentSetSize of job (KB)
...
005 (407599.000.000) 10/23 15:50:27 Job terminated.
	(1) Normal termination (return value 1)
		Usr 0 00:00:01, Sys 0 00:00:00  -  Run Remote Usage
		Usr 0 00:00:00, Sys 0 00:00:00  -  Run Local Usage
		Usr 0 00:00:01, Sys 0 00:00:00  -  Total Remote Usage
		Usr 0 00:00:00, Sys 0 00:00:00  -  Total Local Usage
	790  -  Run Bytes Sent By Job
	902  -  Run Bytes Received By Job
	790  -  Total Bytes Sent By Job
	902  -  Total Bytes Received By Job
	Partitionable Resources :    Usage  Request Allocated
	   Cpus                 :                 1         1
	   Disk (KB)            :       17        1   2208433
	   Memory (MB)          :       29     2000      2000
...
000 (408845.000.000) 10/24 13:22:34 Job submitted from host: <137.138.156.150:9618?addrs=137.138.156.150-9618+[2001-1458-d00-14--9a]-9618&noUDP&sock=4221_d558_7>
...
001 (408845.000.000) 10/24 13:22:44 Job executing on host: <188.185.206.50:9618?addrs=188.185.206.50-9618+[2001-1459-301-65--100-2c]-9618&noUDP&sock=1291_18db_3>
...
006 (408845.000.000) 10/24 13:22:53 Image size of job updated: 95468
	37  -  MemoryUsage of job (MB)
	37768  -  ResidentSetSize of job (KB)
...
006 (408845.000.000) 10/24 13:23:05 Image size of job updated: 142744
	37  -  MemoryUsage of job (MB)
	37776  -  ResidentSetSize of job (KB)
...
005 (408845.000.000) 10/24 13:23:06 Job terminated.
	(1) Normal termination (return value 1)
		Usr 0 00:00:01, Sys 0 00:00:00  -  Run Remote Usage
		Usr 0 00:00:00, Sys 0 00:00:00  -  Run Local Usage
		Usr 0 00:00:01, Sys 0 00:00:00  -  Total Remote Usage
		Usr 0 00:00:00, Sys 0 00:00:00  -  Total Local Usage
	3454  -  Run Bytes Sent By Job
	902  -  Run Bytes Received By Job
	3454  -  Total Bytes Sent By Job
	902  -  Total Bytes Received By Job
	Partitionable Resources :    Usage  Request Allocated
	   Cpus                 :                 1         1
	   Disk (KB)            :       19        1   2145611
	   Memory (MB)          :       37     2000      2000
...
