000 (407397.000.000) 10/23 15:27:28 Job submitted from host: <137.138.156.150:9618?addrs=137.138.156.150-9618+[2001-1458-d00-14--9a]-9618&noUDP&sock=4221_d558_7>
...
001 (407397.000.000) 10/23 15:27:35 Job executing on host: <188.184.205.237:9618?addrs=188.184.205.237-9618+[2001-1458-301-7d--100-531]-9618&noUDP&sock=1287_5a7a_3>
...
006 (407397.000.000) 10/23 15:27:44 Image size of job updated: 99708
	42  -  MemoryUsage of job (MB)
	42004  -  ResidentSetSize of job (KB)
...
005 (407397.000.000) 10/23 15:27:50 Job terminated.
	(1) Normal termination (return value 1)
		Usr 0 00:00:01, Sys 0 00:00:00  -  Run Remote Usage
		Usr 0 00:00:00, Sys 0 00:00:00  -  Run Local Usage
		Usr 0 00:00:01, Sys 0 00:00:00  -  Total Remote Usage
		Usr 0 00:00:00, Sys 0 00:00:00  -  Total Local Usage
	794  -  Run Bytes Sent By Job
	902  -  Run Bytes Received By Job
	794  -  Total Bytes Sent By Job
	902  -  Total Bytes Received By Job
	Partitionable Resources :    Usage  Request Allocated
	   Cpus                 :                 1         1
	   Disk (KB)            :       17        1   2224099
	   Memory (MB)          :       42     2000      2000
...
000 (407930.000.000) 10/23 16:39:40 Job submitted from host: <137.138.156.150:9618?addrs=137.138.156.150-9618+[2001-1458-d00-14--9a]-9618&noUDP&sock=4221_d558_7>
...
001 (407930.000.000) 10/23 16:39:56 Job executing on host: <188.185.210.131:9618?addrs=188.185.210.131-9618+[2001-1459-301-95--100-7d]-9618&noUDP&sock=1290_6943_3>
...
006 (407930.000.000) 10/23 16:40:05 Image size of job updated: 23132
	8  -  MemoryUsage of job (MB)
	7636  -  ResidentSetSize of job (KB)
...
006 (407930.000.000) 10/23 16:40:31 Image size of job updated: 161828
	8  -  MemoryUsage of job (MB)
	7636  -  ResidentSetSize of job (KB)
...
005 (407930.000.000) 10/23 16:40:32 Job terminated.
	(1) Normal termination (return value 1)
		Usr 0 00:00:02, Sys 0 00:00:00  -  Run Remote Usage
		Usr 0 00:00:00, Sys 0 00:00:00  -  Run Local Usage
		Usr 0 00:00:02, Sys 0 00:00:00  -  Total Remote Usage
		Usr 0 00:00:00, Sys 0 00:00:00  -  Total Local Usage
	12086  -  Run Bytes Sent By Job
	902  -  Run Bytes Received By Job
	12086  -  Total Bytes Sent By Job
	902  -  Total Bytes Received By Job
	Partitionable Resources :    Usage  Request Allocated
	   Cpus                 :                 1         1
	   Disk (KB)            :       28        1   2193649
	   Memory (MB)          :        8     2000      2000
...
