000 (407622.000.000) 10/23 15:51:05 Job submitted from host: <137.138.156.150:9618?addrs=137.138.156.150-9618+[2001-1458-d00-14--9a]-9618&noUDP&sock=4221_d558_7>
...
001 (407622.000.000) 10/23 15:51:07 Job executing on host: <188.184.205.210:9618?addrs=188.184.205.210-9618+[2001-1458-301-7d--100-528]-9618&noUDP&sock=1287_5a7a_3>
...
006 (407622.000.000) 10/23 15:51:16 Image size of job updated: 97020
	39  -  MemoryUsage of job (MB)
	39316  -  ResidentSetSize of job (KB)
...
006 (407622.000.000) 10/23 15:51:23 Image size of job updated: 97020
	39  -  MemoryUsage of job (MB)
	39352  -  ResidentSetSize of job (KB)
...
005 (407622.000.000) 10/23 15:51:23 Job terminated.
	(1) Normal termination (return value 1)
		Usr 0 00:00:01, Sys 0 00:00:00  -  Run Remote Usage
		Usr 0 00:00:00, Sys 0 00:00:00  -  Run Local Usage
		Usr 0 00:00:01, Sys 0 00:00:00  -  Total Remote Usage
		Usr 0 00:00:00, Sys 0 00:00:00  -  Total Local Usage
	792  -  Run Bytes Sent By Job
	902  -  Run Bytes Received By Job
	792  -  Total Bytes Sent By Job
	902  -  Total Bytes Received By Job
	Partitionable Resources :    Usage  Request Allocated
	   Cpus                 :                 1         1
	   Disk (KB)            :       17        1   2215554
	   Memory (MB)          :       39     2000      2000
...
000 (408868.000.000) 10/24 13:23:49 Job submitted from host: <137.138.156.150:9618?addrs=137.138.156.150-9618+[2001-1458-d00-14--9a]-9618&noUDP&sock=4221_d558_7>
...
001 (408868.000.000) 10/24 13:23:59 Job executing on host: <188.185.206.50:9618?addrs=188.185.206.50-9618+[2001-1459-301-65--100-2c]-9618&noUDP&sock=1291_18db_3>
...
006 (408868.000.000) 10/24 13:24:07 Image size of job updated: 95752
	38  -  MemoryUsage of job (MB)
	38052  -  ResidentSetSize of job (KB)
...
006 (408868.000.000) 10/24 13:24:30 Image size of job updated: 103180
	38  -  MemoryUsage of job (MB)
	38188  -  ResidentSetSize of job (KB)
...
005 (408868.000.000) 10/24 13:24:30 Job terminated.
	(1) Normal termination (return value 1)
		Usr 0 00:00:01, Sys 0 00:00:00  -  Run Remote Usage
		Usr 0 00:00:00, Sys 0 00:00:00  -  Run Local Usage
		Usr 0 00:00:01, Sys 0 00:00:00  -  Total Remote Usage
		Usr 0 00:00:00, Sys 0 00:00:00  -  Total Local Usage
	5646  -  Run Bytes Sent By Job
	902  -  Run Bytes Received By Job
	5646  -  Total Bytes Sent By Job
	902  -  Total Bytes Received By Job
	Partitionable Resources :    Usage  Request Allocated
	   Cpus                 :                 1         1
	   Disk (KB)            :       21        1   2145611
	   Memory (MB)          :       38     2000      2000
...
