000 (407185.000.000) 10/23 15:01:29 Job submitted from host: <137.138.156.150:9618?addrs=137.138.156.150-9618+[2001-1458-d00-14--9a]-9618&noUDP&sock=4221_d558_7>
...
001 (407185.000.000) 10/23 15:03:42 Job executing on host: <188.184.205.128:9618?addrs=188.184.205.128-9618+[2001-1458-301-7d--100-51f]-9618&noUDP&sock=1278_2e20_3>
...
006 (407185.000.000) 10/23 15:03:51 Image size of job updated: 23164
	8  -  MemoryUsage of job (MB)
	7652  -  ResidentSetSize of job (KB)
...
006 (407185.000.000) 10/23 15:04:12 Image size of job updated: 152052
	8  -  MemoryUsage of job (MB)
	7656  -  ResidentSetSize of job (KB)
...
005 (407185.000.000) 10/23 15:04:12 Job terminated.
	(1) Normal termination (return value 1)
		Usr 0 00:00:01, Sys 0 00:00:00  -  Run Remote Usage
		Usr 0 00:00:00, Sys 0 00:00:00  -  Run Local Usage
		Usr 0 00:00:01, Sys 0 00:00:00  -  Total Remote Usage
		Usr 0 00:00:00, Sys 0 00:00:00  -  Total Local Usage
	12093  -  Run Bytes Sent By Job
	902  -  Run Bytes Received By Job
	12093  -  Total Bytes Sent By Job
	902  -  Total Bytes Received By Job
	Partitionable Resources :    Usage  Request Allocated
	   Cpus                 :                 1         1
	   Disk (KB)            :       28        1   2223753
	   Memory (MB)          :        8     2000      2000
...
