Opened: /afs/cern.ch/work/i/idutta/private/HCAL_muALCA/CMSSW_10_1_6/src/Muon_Calibration_noTrack_2018/muon_calibration_ana/bash/condor/condor_submit/runList_QCD_2018D_wPU_ieta27_Oct20_93.txt
Added file: /eos/cms/store/group/dpg_hcal/comm_hcal/idutta/QCD-Pt15-7000_TuneCP5_13TeV_pythia8_IsoTrackFilter/QCD_2018D_wPU_ieta27_Oct20/181021_191320/0000/Validation_937.root
Added file: /eos/cms/store/group/dpg_hcal/comm_hcal/idutta/QCD-Pt15-7000_TuneCP5_13TeV_pythia8_IsoTrackFilter/QCD_2018D_wPU_ieta27_Oct20/181021_191320/0000/Validation_938.root
Added file: /eos/cms/store/group/dpg_hcal/comm_hcal/idutta/QCD-Pt15-7000_TuneCP5_13TeV_pythia8_IsoTrackFilter/QCD_2018D_wPU_ieta27_Oct20/181021_191320/0000/Validation_939.root
Added file: /eos/cms/store/group/dpg_hcal/comm_hcal/idutta/QCD-Pt15-7000_TuneCP5_13TeV_pythia8_IsoTrackFilter/QCD_2018D_wPU_ieta27_Oct20/181021_191320/0000/Validation_94.root
Added file: /eos/cms/store/group/dpg_hcal/comm_hcal/idutta/QCD-Pt15-7000_TuneCP5_13TeV_pythia8_IsoTrackFilter/QCD_2018D_wPU_ieta27_Oct20/181021_191320/0000/Validation_940.root
Added file: /eos/cms/store/group/dpg_hcal/comm_hcal/idutta/QCD-Pt15-7000_TuneCP5_13TeV_pythia8_IsoTrackFilter/QCD_2018D_wPU_ieta27_Oct20/181021_191320/0000/Validation_941.root
Added file: /eos/cms/store/group/dpg_hcal/comm_hcal/idutta/QCD-Pt15-7000_TuneCP5_13TeV_pythia8_IsoTrackFilter/QCD_2018D_wPU_ieta27_Oct20/181021_191320/0000/Validation_942.root
Added file: /eos/cms/store/group/dpg_hcal/comm_hcal/idutta/QCD-Pt15-7000_TuneCP5_13TeV_pythia8_IsoTrackFilter/QCD_2018D_wPU_ieta27_Oct20/181021_191320/0000/Validation_943.root
Added file: /eos/cms/store/group/dpg_hcal/comm_hcal/idutta/QCD-Pt15-7000_TuneCP5_13TeV_pythia8_IsoTrackFilter/QCD_2018D_wPU_ieta27_Oct20/181021_191320/0000/Validation_944.root
Added file: /eos/cms/store/group/dpg_hcal/comm_hcal/idutta/QCD-Pt15-7000_TuneCP5_13TeV_pythia8_IsoTrackFilter/QCD_2018D_wPU_ieta27_Oct20/181021_191320/0000/Validation_945.root
SysError in <TFile::TFile>: file /eos/cms/store/group/dpg_hcal/comm_hcal/idutta/ntuples/20Oct2018/HCALSampleQCD_2018D_wPU_ieta27_Oct20/20Oct2018QCD_2018D_wPU_ieta27_Oct20_job93_nvtx_sel-1.root can not be opened (Transport endpoint is not connected)
Error in <TFile::TFile>: file /eos/cms/store/group/dpg_hcal/comm_hcal/idutta/QCD-Pt15-7000_TuneCP5_13TeV_pythia8_IsoTrackFilter/QCD_2018D_wPU_ieta27_Oct20/181021_191320/0000/Validation_937.root does not exist
Error in <TFile::TFile>: file /eos/cms/store/group/dpg_hcal/comm_hcal/idutta/QCD-Pt15-7000_TuneCP5_13TeV_pythia8_IsoTrackFilter/QCD_2018D_wPU_ieta27_Oct20/181021_191320/0000/Validation_938.root does not exist
Error in <TFile::TFile>: file /eos/cms/store/group/dpg_hcal/comm_hcal/idutta/QCD-Pt15-7000_TuneCP5_13TeV_pythia8_IsoTrackFilter/QCD_2018D_wPU_ieta27_Oct20/181021_191320/0000/Validation_939.root does not exist
Error in <TFile::TFile>: file /eos/cms/store/group/dpg_hcal/comm_hcal/idutta/QCD-Pt15-7000_TuneCP5_13TeV_pythia8_IsoTrackFilter/QCD_2018D_wPU_ieta27_Oct20/181021_191320/0000/Validation_94.root does not exist
Error in <TFile::TFile>: file /eos/cms/store/group/dpg_hcal/comm_hcal/idutta/QCD-Pt15-7000_TuneCP5_13TeV_pythia8_IsoTrackFilter/QCD_2018D_wPU_ieta27_Oct20/181021_191320/0000/Validation_940.root does not exist
Error in <TFile::TFile>: file /eos/cms/store/group/dpg_hcal/comm_hcal/idutta/QCD-Pt15-7000_TuneCP5_13TeV_pythia8_IsoTrackFilter/QCD_2018D_wPU_ieta27_Oct20/181021_191320/0000/Validation_941.root does not exist
Error in <TFile::TFile>: file /eos/cms/store/group/dpg_hcal/comm_hcal/idutta/QCD-Pt15-7000_TuneCP5_13TeV_pythia8_IsoTrackFilter/QCD_2018D_wPU_ieta27_Oct20/181021_191320/0000/Validation_942.root does not exist
Error in <TFile::TFile>: file /eos/cms/store/group/dpg_hcal/comm_hcal/idutta/QCD-Pt15-7000_TuneCP5_13TeV_pythia8_IsoTrackFilter/QCD_2018D_wPU_ieta27_Oct20/181021_191320/0000/Validation_943.root does not exist
Error in <TFile::TFile>: file /eos/cms/store/group/dpg_hcal/comm_hcal/idutta/QCD-Pt15-7000_TuneCP5_13TeV_pythia8_IsoTrackFilter/QCD_2018D_wPU_ieta27_Oct20/181021_191320/0000/Validation_944.root does not exist
Error in <TFile::TFile>: file /eos/cms/store/group/dpg_hcal/comm_hcal/idutta/QCD-Pt15-7000_TuneCP5_13TeV_pythia8_IsoTrackFilter/QCD_2018D_wPU_ieta27_Oct20/181021_191320/0000/Validation_945.root does not exist

 *** Break *** segmentation violation



===========================================================
There was a crash.
This is the entire stack trace of all threads:
===========================================================
#0  0x00002b47b7cba17c in waitpid () from /lib64/libc.so.6
#1  0x00002b47b7c37e52 in do_system () from /lib64/libc.so.6
#2  0x00002b47b629c568 in TUnixSystem::StackTrace() () from /cvmfs/cms.cern.ch/slc6_amd64_gcc630/cms/cmssw/CMSSW_10_1_6/external/slc6_amd64_gcc630/lib/libCore.so
#3  0x00002b47b629ea1c in TUnixSystem::DispatchSignals(ESignals) () from /cvmfs/cms.cern.ch/slc6_amd64_gcc630/cms/cmssw/CMSSW_10_1_6/external/slc6_amd64_gcc630/lib/libCore.so
#4  <signal handler called>
#5  0x000000000040d0d0 in NtuplerReader::Loop (this=0x37b0b20, path=<incomplete type>, prefix=<incomplete type>, nvtx_sel=-1) at NtuplerReader.C:239
#6  0x0000000000405405 in main (argc=5, argv=0x7ffce40e96e8) at readMC.C:32
===========================================================


The lines below might hint at the cause of the crash.
You may get help by asking at the ROOT forum http://root.cern.ch/forum.
Only if you are really convinced it is a bug in ROOT then please submit a
report at http://root.cern.ch/bugs. Please post the ENTIRE stack trace
from above as an attachment in addition to anything else
that might help us fixing this issue.
===========================================================
#5  0x000000000040d0d0 in NtuplerReader::Loop (this=0x37b0b20, path=<incomplete type>, prefix=<incomplete type>, nvtx_sel=-1) at NtuplerReader.C:239
#6  0x0000000000405405 in main (argc=5, argv=0x7ffce40e96e8) at readMC.C:32
===========================================================


