000 (407259.000.000) 10/23 15:18:09 Job submitted from host: <137.138.156.150:9618?addrs=137.138.156.150-9618+[2001-1458-d00-14--9a]-9618&noUDP&sock=4221_d558_7>
...
001 (407259.000.000) 10/23 15:22:10 Job executing on host: <188.184.205.210:9618?addrs=188.184.205.210-9618+[2001-1458-301-7d--100-528]-9618&noUDP&sock=1287_5a7a_3>
...
006 (407259.000.000) 10/23 15:22:18 Image size of job updated: 22812
	8  -  MemoryUsage of job (MB)
	7324  -  ResidentSetSize of job (KB)
...
006 (407259.000.000) 10/23 15:22:32 Image size of job updated: 90428
	8  -  MemoryUsage of job (MB)
	7332  -  ResidentSetSize of job (KB)
...
005 (407259.000.000) 10/23 15:22:32 Job terminated.
	(1) Normal termination (return value 1)
		Usr 0 00:00:00, Sys 0 00:00:00  -  Run Remote Usage
		Usr 0 00:00:00, Sys 0 00:00:00  -  Run Local Usage
		Usr 0 00:00:00, Sys 0 00:00:00  -  Total Remote Usage
		Usr 0 00:00:00, Sys 0 00:00:00  -  Total Local Usage
	792  -  Run Bytes Sent By Job
	902  -  Run Bytes Received By Job
	792  -  Total Bytes Sent By Job
	902  -  Total Bytes Received By Job
	Partitionable Resources :    Usage  Request Allocated
	   Cpus                 :                 1         1
	   Disk (KB)            :       17        1   2216448
	   Memory (MB)          :        8     2000      2000
...
000 (407768.000.000) 10/23 16:30:39 Job submitted from host: <137.138.156.150:9618?addrs=137.138.156.150-9618+[2001-1458-d00-14--9a]-9618&noUDP&sock=4221_d558_7>
...
001 (407768.000.000) 10/23 16:34:23 Job executing on host: <188.184.205.79:9618?addrs=188.184.205.79-9618+[2001-1458-301-7d--100-51b]-9618&noUDP&sock=1284_4bb1_3>
...
006 (407768.000.000) 10/23 16:34:32 Image size of job updated: 20804
	8  -  MemoryUsage of job (MB)
	7232  -  ResidentSetSize of job (KB)
...
006 (407768.000.000) 10/23 16:34:52 Image size of job updated: 162356
	8  -  MemoryUsage of job (MB)
	7232  -  ResidentSetSize of job (KB)
...
005 (407768.000.000) 10/23 16:34:52 Job terminated.
	(1) Normal termination (return value 1)
		Usr 0 00:00:01, Sys 0 00:00:00  -  Run Remote Usage
		Usr 0 00:00:00, Sys 0 00:00:00  -  Run Local Usage
		Usr 0 00:00:01, Sys 0 00:00:00  -  Total Remote Usage
		Usr 0 00:00:00, Sys 0 00:00:00  -  Total Local Usage
	12084  -  Run Bytes Sent By Job
	902  -  Run Bytes Received By Job
	12084  -  Total Bytes Sent By Job
	902  -  Total Bytes Received By Job
	Partitionable Resources :    Usage  Request Allocated
	   Cpus                 :                 1         1
	   Disk (KB)            :       28        1   2111749
	   Memory (MB)          :        8     2000      2000
...
