000 (407315.000.000) 10/23 15:22:09 Job submitted from host: <137.138.156.150:9618?addrs=137.138.156.150-9618+[2001-1458-d00-14--9a]-9618&noUDP&sock=4221_d558_7>
...
001 (407315.000.000) 10/23 15:22:48 Job executing on host: <188.184.205.219:9618?addrs=188.184.205.219-9618+[2001-1458-301-7d--100-53a]-9618&noUDP&sock=1282_ec81_3>
...
006 (407315.000.000) 10/23 15:22:56 Image size of job updated: 93612
	43  -  MemoryUsage of job (MB)
	43532  -  ResidentSetSize of job (KB)
...
006 (407315.000.000) 10/23 15:23:00 Image size of job updated: 141644
	43  -  MemoryUsage of job (MB)
	43532  -  ResidentSetSize of job (KB)
...
005 (407315.000.000) 10/23 15:23:00 Job terminated.
	(1) Normal termination (return value 1)
		Usr 0 00:00:01, Sys 0 00:00:00  -  Run Remote Usage
		Usr 0 00:00:00, Sys 0 00:00:00  -  Run Local Usage
		Usr 0 00:00:01, Sys 0 00:00:00  -  Total Remote Usage
		Usr 0 00:00:00, Sys 0 00:00:00  -  Total Local Usage
	793  -  Run Bytes Sent By Job
	902  -  Run Bytes Received By Job
	793  -  Total Bytes Sent By Job
	902  -  Total Bytes Received By Job
	Partitionable Resources :    Usage  Request Allocated
	   Cpus                 :                 1         1
	   Disk (KB)            :       17        1   2151723
	   Memory (MB)          :       43     2000      2000
...
000 (407832.000.000) 10/23 16:33:56 Job submitted from host: <137.138.156.150:9618?addrs=137.138.156.150-9618+[2001-1458-d00-14--9a]-9618&noUDP&sock=4221_d558_7>
...
001 (407832.000.000) 10/23 16:36:54 Job executing on host: <188.184.204.197:9618?addrs=188.184.204.197-9618+[2001-1458-301-7d--100-523]-9618&noUDP&sock=1279_ddb8_3>
...
006 (407832.000.000) 10/23 16:37:04 Image size of job updated: 11584
	9  -  MemoryUsage of job (MB)
	8376  -  ResidentSetSize of job (KB)
...
006 (407832.000.000) 10/23 16:37:28 Image size of job updated: 46740
	9  -  MemoryUsage of job (MB)
	8384  -  ResidentSetSize of job (KB)
...
005 (407832.000.000) 10/23 16:37:29 Job terminated.
	(1) Normal termination (return value 139)
		Usr 0 00:00:02, Sys 0 00:00:00  -  Run Remote Usage
		Usr 0 00:00:00, Sys 0 00:00:00  -  Run Local Usage
		Usr 0 00:00:02, Sys 0 00:00:00  -  Total Remote Usage
		Usr 0 00:00:00, Sys 0 00:00:00  -  Total Local Usage
	4003  -  Run Bytes Sent By Job
	902  -  Run Bytes Received By Job
	4003  -  Total Bytes Sent By Job
	902  -  Total Bytes Received By Job
	Partitionable Resources :    Usage  Request Allocated
	   Cpus                 :                 1         1
	   Disk (KB)            :       20        1   2108440
	   Memory (MB)          :        9     2000      2000
...
000 (408657.000.000) 10/24 11:39:26 Job submitted from host: <137.138.156.150:9618?addrs=137.138.156.150-9618+[2001-1458-d00-14--9a]-9618&noUDP&sock=4221_d558_7>
...
001 (408657.000.000) 10/24 12:18:16 Job executing on host: <188.184.206.254:9618?addrs=188.184.206.254-9618+[2001-1458-301-7d--100-55e]-9618&noUDP&sock=1270_b15e_3>
...
006 (408657.000.000) 10/24 12:18:25 Image size of job updated: 1648
	2  -  MemoryUsage of job (MB)
	1496  -  ResidentSetSize of job (KB)
...
006 (408657.000.000) 10/24 12:18:58 Image size of job updated: 472572
	2  -  MemoryUsage of job (MB)
	1496  -  ResidentSetSize of job (KB)
...
005 (408657.000.000) 10/24 12:18:59 Job terminated.
	(1) Normal termination (return value 1)
		Usr 0 00:00:01, Sys 0 00:00:00  -  Run Remote Usage
		Usr 0 00:00:00, Sys 0 00:00:00  -  Run Local Usage
		Usr 0 00:00:01, Sys 0 00:00:00  -  Total Remote Usage
		Usr 0 00:00:00, Sys 0 00:00:00  -  Total Local Usage
	12085  -  Run Bytes Sent By Job
	902  -  Run Bytes Received By Job
	12085  -  Total Bytes Sent By Job
	902  -  Total Bytes Received By Job
	Partitionable Resources :    Usage  Request Allocated
	   Cpus                 :                 1         1
	   Disk (KB)            :       28        1   2117794
	   Memory (MB)          :        2     2000      2000
...
