000 (407364.000.000) 10/23 15:25:23 Job submitted from host: <137.138.156.150:9618?addrs=137.138.156.150-9618+[2001-1458-d00-14--9a]-9618&noUDP&sock=4221_d558_7>
...
001 (407364.000.000) 10/23 15:26:05 Job executing on host: <188.184.205.90:9618?addrs=188.184.205.90-9618+[--1]-9618&noUDP&sock=1243_2c4f_3>
...
006 (407364.000.000) 10/23 15:26:13 Image size of job updated: 95020
	37  -  MemoryUsage of job (MB)
	37316  -  ResidentSetSize of job (KB)
...
006 (407364.000.000) 10/23 15:26:23 Image size of job updated: 95020
	37  -  MemoryUsage of job (MB)
	37332  -  ResidentSetSize of job (KB)
...
005 (407364.000.000) 10/23 15:26:23 Job terminated.
	(1) Normal termination (return value 1)
		Usr 0 00:00:00, Sys 0 00:00:00  -  Run Remote Usage
		Usr 0 00:00:00, Sys 0 00:00:00  -  Run Local Usage
		Usr 0 00:00:00, Sys 0 00:00:00  -  Total Remote Usage
		Usr 0 00:00:00, Sys 0 00:00:00  -  Total Local Usage
	792  -  Run Bytes Sent By Job
	902  -  Run Bytes Received By Job
	792  -  Total Bytes Sent By Job
	902  -  Total Bytes Received By Job
	Partitionable Resources :    Usage  Request Allocated
	   Cpus                 :                 1         1
	   Disk (KB)            :       17        1   2190726
	   Memory (MB)          :       37     2000      2000
...
000 (407897.000.000) 10/23 16:37:23 Job submitted from host: <137.138.156.150:9618?addrs=137.138.156.150-9618+[2001-1458-d00-14--9a]-9618&noUDP&sock=4221_d558_7>
...
001 (407897.000.000) 10/23 16:38:44 Job executing on host: <188.185.210.131:9618?addrs=188.185.210.131-9618+[2001-1459-301-95--100-7d]-9618&noUDP&sock=1290_6943_3>
...
006 (407897.000.000) 10/23 16:38:53 Image size of job updated: 23116
	8  -  MemoryUsage of job (MB)
	7624  -  ResidentSetSize of job (KB)
...
006 (407897.000.000) 10/23 16:39:54 Image size of job updated: 474464
	8  -  MemoryUsage of job (MB)
	7632  -  ResidentSetSize of job (KB)
...
005 (407897.000.000) 10/23 16:39:54 Job terminated.
	(1) Normal termination (return value 1)
		Usr 0 00:00:01, Sys 0 00:00:00  -  Run Remote Usage
		Usr 0 00:00:00, Sys 0 00:00:00  -  Run Local Usage
		Usr 0 00:00:01, Sys 0 00:00:00  -  Total Remote Usage
		Usr 0 00:00:00, Sys 0 00:00:00  -  Total Local Usage
	12085  -  Run Bytes Sent By Job
	902  -  Run Bytes Received By Job
	12085  -  Total Bytes Sent By Job
	902  -  Total Bytes Received By Job
	Partitionable Resources :    Usage  Request Allocated
	   Cpus                 :                 1         1
	   Disk (KB)            :       28        1   2193649
	   Memory (MB)          :        8     2000      2000
...
