000 (407340.000.000) 10/23 15:24:02 Job submitted from host: <137.138.156.150:9618?addrs=137.138.156.150-9618+[2001-1458-d00-14--9a]-9618&noUDP&sock=4221_d558_7>
...
001 (407340.000.000) 10/23 15:24:20 Job executing on host: <188.184.205.90:9618?addrs=188.184.205.90-9618+[--1]-9618&noUDP&sock=1243_2c4f_3>
...
006 (407340.000.000) 10/23 15:24:28 Image size of job updated: 99324
	41  -  MemoryUsage of job (MB)
	41624  -  ResidentSetSize of job (KB)
...
005 (407340.000.000) 10/23 15:24:37 Job terminated.
	(1) Normal termination (return value 1)
		Usr 0 00:00:01, Sys 0 00:00:00  -  Run Remote Usage
		Usr 0 00:00:00, Sys 0 00:00:00  -  Run Local Usage
		Usr 0 00:00:01, Sys 0 00:00:00  -  Total Remote Usage
		Usr 0 00:00:00, Sys 0 00:00:00  -  Total Local Usage
	791  -  Run Bytes Sent By Job
	902  -  Run Bytes Received By Job
	791  -  Total Bytes Sent By Job
	902  -  Total Bytes Received By Job
	Partitionable Resources :    Usage  Request Allocated
	   Cpus                 :                 1         1
	   Disk (KB)            :       17        1   2190726
	   Memory (MB)          :       41     2000      2000
...
000 (407860.000.000) 10/23 16:35:32 Job submitted from host: <137.138.156.150:9618?addrs=137.138.156.150-9618+[2001-1458-d00-14--9a]-9618&noUDP&sock=4221_d558_7>
...
001 (407860.000.000) 10/23 16:37:43 Job executing on host: <188.185.210.131:9618?addrs=188.185.210.131-9618+[2001-1459-301-95--100-7d]-9618&noUDP&sock=1290_6943_3>
...
006 (407860.000.000) 10/23 16:37:52 Image size of job updated: 77168
	30  -  MemoryUsage of job (MB)
	30584  -  ResidentSetSize of job (KB)
...
006 (407860.000.000) 10/23 16:38:42 Image size of job updated: 162368
	30  -  MemoryUsage of job (MB)
	30588  -  ResidentSetSize of job (KB)
...
005 (407860.000.000) 10/23 16:38:42 Job terminated.
	(1) Normal termination (return value 1)
		Usr 0 00:00:02, Sys 0 00:00:00  -  Run Remote Usage
		Usr 0 00:00:00, Sys 0 00:00:00  -  Run Local Usage
		Usr 0 00:00:02, Sys 0 00:00:00  -  Total Remote Usage
		Usr 0 00:00:00, Sys 0 00:00:00  -  Total Local Usage
	12084  -  Run Bytes Sent By Job
	902  -  Run Bytes Received By Job
	12084  -  Total Bytes Sent By Job
	902  -  Total Bytes Received By Job
	Partitionable Resources :    Usage  Request Allocated
	   Cpus                 :                 1         1
	   Disk (KB)            :       28        1   2193649
	   Memory (MB)          :       30     2000      2000
...
