000 (407461.000.000) 10/23 15:41:18 Job submitted from host: <137.138.156.150:9618?addrs=137.138.156.150-9618+[2001-1458-d00-14--9a]-9618&noUDP&sock=4221_d558_7>
...
001 (407461.000.000) 10/23 15:46:06 Job executing on host: <188.184.205.237:9618?addrs=188.184.205.237-9618+[2001-1458-301-7d--100-531]-9618&noUDP&sock=1287_5a7a_3>
...
006 (407461.000.000) 10/23 15:46:14 Image size of job updated: 22616
	7  -  MemoryUsage of job (MB)
	7132  -  ResidentSetSize of job (KB)
...
006 (407461.000.000) 10/23 15:46:20 Image size of job updated: 90468
	7  -  MemoryUsage of job (MB)
	7136  -  ResidentSetSize of job (KB)
...
005 (407461.000.000) 10/23 15:46:20 Job terminated.
	(1) Normal termination (return value 1)
		Usr 0 00:00:01, Sys 0 00:00:00  -  Run Remote Usage
		Usr 0 00:00:00, Sys 0 00:00:00  -  Run Local Usage
		Usr 0 00:00:01, Sys 0 00:00:00  -  Total Remote Usage
		Usr 0 00:00:00, Sys 0 00:00:00  -  Total Local Usage
	790  -  Run Bytes Sent By Job
	902  -  Run Bytes Received By Job
	790  -  Total Bytes Sent By Job
	902  -  Total Bytes Received By Job
	Partitionable Resources :    Usage  Request Allocated
	   Cpus                 :                 1         1
	   Disk (KB)            :       17        1   2224104
	   Memory (MB)          :        7     2000      2000
...
000 (408705.000.000) 10/24 13:13:48 Job submitted from host: <137.138.156.150:9618?addrs=137.138.156.150-9618+[2001-1458-d00-14--9a]-9618&noUDP&sock=4221_d558_7>
...
001 (408705.000.000) 10/24 13:16:00 Job executing on host: <188.184.205.104:9618?addrs=188.184.205.104-9618+[2001-1458-301-7d--100-51c]-9618&noUDP&sock=1273_c026_3>
...
006 (408705.000.000) 10/24 13:16:09 Image size of job updated: 98076
	40  -  MemoryUsage of job (MB)
	40376  -  ResidentSetSize of job (KB)
...
006 (408705.000.000) 10/24 13:16:17 Image size of job updated: 102032
	40  -  MemoryUsage of job (MB)
	40380  -  ResidentSetSize of job (KB)
...
005 (408705.000.000) 10/24 13:16:17 Job terminated.
	(1) Normal termination (return value 1)
		Usr 0 00:00:00, Sys 0 00:00:00  -  Run Remote Usage
		Usr 0 00:00:00, Sys 0 00:00:00  -  Run Local Usage
		Usr 0 00:00:00, Sys 0 00:00:00  -  Total Remote Usage
		Usr 0 00:00:00, Sys 0 00:00:00  -  Total Local Usage
	3453  -  Run Bytes Sent By Job
	902  -  Run Bytes Received By Job
	3453  -  Total Bytes Sent By Job
	902  -  Total Bytes Received By Job
	Partitionable Resources :    Usage  Request Allocated
	   Cpus                 :                 1         1
	   Disk (KB)            :       19        1   2208340
	   Memory (MB)          :       40     2000      2000
...
