000 (407488.000.000) 10/23 15:42:54 Job submitted from host: <137.138.156.150:9618?addrs=137.138.156.150-9618+[2001-1458-d00-14--9a]-9618&noUDP&sock=4221_d558_7>
...
001 (407488.000.000) 10/23 15:46:33 Job executing on host: <188.184.205.67:9618?addrs=188.184.205.67-9618+[2001-1458-301-7d--100-515]-9618&noUDP&sock=1274_6fbf_3>
...
006 (407488.000.000) 10/23 15:46:42 Image size of job updated: 50316
	43  -  MemoryUsage of job (MB)
	43620  -  ResidentSetSize of job (KB)
...
006 (407488.000.000) 10/23 15:46:45 Image size of job updated: 448492
	43  -  MemoryUsage of job (MB)
	43656  -  ResidentSetSize of job (KB)
...
005 (407488.000.000) 10/23 15:46:55 Job terminated.
	(1) Normal termination (return value 1)
		Usr 0 00:00:01, Sys 0 00:00:00  -  Run Remote Usage
		Usr 0 00:00:00, Sys 0 00:00:00  -  Run Local Usage
		Usr 0 00:00:01, Sys 0 00:00:00  -  Total Remote Usage
		Usr 0 00:00:00, Sys 0 00:00:00  -  Total Local Usage
	789  -  Run Bytes Sent By Job
	902  -  Run Bytes Received By Job
	789  -  Total Bytes Sent By Job
	902  -  Total Bytes Received By Job
	Partitionable Resources :    Usage  Request Allocated
	   Cpus                 :                 1         1
	   Disk (KB)            :       17        1   2127764
	   Memory (MB)          :       43     2000      2000
...
000 (408733.000.000) 10/24 13:15:50 Job submitted from host: <137.138.156.150:9618?addrs=137.138.156.150-9618+[2001-1458-d00-14--9a]-9618&noUDP&sock=4221_d558_7>
...
001 (408733.000.000) 10/24 13:16:10 Job executing on host: <188.184.204.8:9618?addrs=188.184.204.8-9618+[2001-1458-301-7d--100-508]-9618&noUDP&sock=1275_1f57_3>
...
006 (408733.000.000) 10/24 13:16:18 Image size of job updated: 21200
	8  -  MemoryUsage of job (MB)
	8172  -  ResidentSetSize of job (KB)
...
006 (408733.000.000) 10/24 13:16:35 Image size of job updated: 468448
	8  -  MemoryUsage of job (MB)
	8176  -  ResidentSetSize of job (KB)
...
005 (408733.000.000) 10/24 13:16:36 Job terminated.
	(1) Normal termination (return value 1)
		Usr 0 00:00:01, Sys 0 00:00:00  -  Run Remote Usage
		Usr 0 00:00:00, Sys 0 00:00:00  -  Run Local Usage
		Usr 0 00:00:01, Sys 0 00:00:00  -  Total Remote Usage
		Usr 0 00:00:00, Sys 0 00:00:00  -  Total Local Usage
	7825  -  Run Bytes Sent By Job
	902  -  Run Bytes Received By Job
	7825  -  Total Bytes Sent By Job
	902  -  Total Bytes Received By Job
	Partitionable Resources :    Usage  Request Allocated
	   Cpus                 :                 1         1
	   Disk (KB)            :       23        1   2192353
	   Memory (MB)          :        8     2000      2000
...
