000 (407273.000.000) 10/23 15:19:01 Job submitted from host: <137.138.156.150:9618?addrs=137.138.156.150-9618+[2001-1458-d00-14--9a]-9618&noUDP&sock=4221_d558_7>
...
001 (407273.000.000) 10/23 15:22:15 Job executing on host: <188.184.205.61:9618?addrs=188.184.205.61-9618+[2001-1458-301-7d--100-516]-9618&noUDP&sock=1270_b15e_3>
...
006 (407273.000.000) 10/23 15:22:24 Image size of job updated: 13996
	8  -  MemoryUsage of job (MB)
	7380  -  ResidentSetSize of job (KB)
...
006 (407273.000.000) 10/23 15:22:39 Image size of job updated: 448492
	8  -  MemoryUsage of job (MB)
	7388  -  ResidentSetSize of job (KB)
...
005 (407273.000.000) 10/23 15:22:40 Job terminated.
	(1) Normal termination (return value 1)
		Usr 0 00:00:01, Sys 0 00:00:00  -  Run Remote Usage
		Usr 0 00:00:00, Sys 0 00:00:00  -  Run Local Usage
		Usr 0 00:00:01, Sys 0 00:00:00  -  Total Remote Usage
		Usr 0 00:00:00, Sys 0 00:00:00  -  Total Local Usage
	791  -  Run Bytes Sent By Job
	902  -  Run Bytes Received By Job
	791  -  Total Bytes Sent By Job
	902  -  Total Bytes Received By Job
	Partitionable Resources :    Usage  Request Allocated
	   Cpus                 :                 1         1
	   Disk (KB)            :       16        1   2190521
	   Memory (MB)          :        8     2000      2000
...
000 (407782.000.000) 10/23 16:31:19 Job submitted from host: <137.138.156.150:9618?addrs=137.138.156.150-9618+[2001-1458-d00-14--9a]-9618&noUDP&sock=4221_d558_7>
...
001 (407782.000.000) 10/23 16:34:56 Job executing on host: <188.184.204.197:9618?addrs=188.184.204.197-9618+[2001-1458-301-7d--100-523]-9618&noUDP&sock=1279_ddb8_3>
...
006 (407782.000.000) 10/23 16:35:05 Image size of job updated: 52232
	44  -  MemoryUsage of job (MB)
	44052  -  ResidentSetSize of job (KB)
...
006 (407782.000.000) 10/23 16:35:22 Image size of job updated: 105784
	44  -  MemoryUsage of job (MB)
	44140  -  ResidentSetSize of job (KB)
...
005 (407782.000.000) 10/23 16:35:22 Job terminated.
	(1) Normal termination (return value 1)
		Usr 0 00:00:01, Sys 0 00:00:00  -  Run Remote Usage
		Usr 0 00:00:00, Sys 0 00:00:00  -  Run Local Usage
		Usr 0 00:00:01, Sys 0 00:00:00  -  Total Remote Usage
		Usr 0 00:00:00, Sys 0 00:00:00  -  Total Local Usage
	14223  -  Run Bytes Sent By Job
	902  -  Run Bytes Received By Job
	14223  -  Total Bytes Sent By Job
	902  -  Total Bytes Received By Job
	Partitionable Resources :    Usage  Request Allocated
	   Cpus                 :                 1         1
	   Disk (KB)            :       30        1   2108440
	   Memory (MB)          :       44     2000      2000
...
