000 (407500.000.000) 10/23 15:43:30 Job submitted from host: <137.138.156.150:9618?addrs=137.138.156.150-9618+[2001-1458-d00-14--9a]-9618&noUDP&sock=4221_d558_7>
...
001 (407500.000.000) 10/23 15:46:36 Job executing on host: <188.184.205.147:9618?addrs=188.184.205.147-9618+[2001-1458-301-7d--100-527]-9618&noUDP&sock=1291_18db_3>
...
006 (407500.000.000) 10/23 15:46:44 Image size of job updated: 76792
	44  -  MemoryUsage of job (MB)
	44368  -  ResidentSetSize of job (KB)
...
006 (407500.000.000) 10/23 15:46:48 Image size of job updated: 80464
	44  -  MemoryUsage of job (MB)
	44372  -  ResidentSetSize of job (KB)
...
005 (407500.000.000) 10/23 15:46:54 Job terminated.
	(1) Normal termination (return value 1)
		Usr 0 00:00:01, Sys 0 00:00:00  -  Run Remote Usage
		Usr 0 00:00:00, Sys 0 00:00:00  -  Run Local Usage
		Usr 0 00:00:01, Sys 0 00:00:00  -  Total Remote Usage
		Usr 0 00:00:00, Sys 0 00:00:00  -  Total Local Usage
	791  -  Run Bytes Sent By Job
	902  -  Run Bytes Received By Job
	791  -  Total Bytes Sent By Job
	902  -  Total Bytes Received By Job
	Partitionable Resources :    Usage  Request Allocated
	   Cpus                 :                 1         1
	   Disk (KB)            :       17        1   2208433
	   Memory (MB)          :       44     2000      2000
...
000 (408745.000.000) 10/24 13:16:22 Job submitted from host: <137.138.156.150:9618?addrs=137.138.156.150-9618+[2001-1458-d00-14--9a]-9618&noUDP&sock=4221_d558_7>
...
001 (408745.000.000) 10/24 13:16:27 Job executing on host: <188.184.205.62:9618?addrs=188.184.205.62-9618+[2001-1458-301-7d--100-51d]-9618&noUDP&sock=1264_93cc_3>
...
006 (408745.000.000) 10/24 13:16:36 Image size of job updated: 93480
	45  -  MemoryUsage of job (MB)
	45728  -  ResidentSetSize of job (KB)
...
006 (408745.000.000) 10/24 13:16:38 Image size of job updated: 106992
	45  -  MemoryUsage of job (MB)
	45728  -  ResidentSetSize of job (KB)
...
005 (408745.000.000) 10/24 13:16:38 Job terminated.
	(1) Normal termination (return value 1)
		Usr 0 00:00:01, Sys 0 00:00:00  -  Run Remote Usage
		Usr 0 00:00:00, Sys 0 00:00:00  -  Run Local Usage
		Usr 0 00:00:01, Sys 0 00:00:00  -  Total Remote Usage
		Usr 0 00:00:00, Sys 0 00:00:00  -  Total Local Usage
	3454  -  Run Bytes Sent By Job
	902  -  Run Bytes Received By Job
	3454  -  Total Bytes Sent By Job
	902  -  Total Bytes Received By Job
	Partitionable Resources :    Usage  Request Allocated
	   Cpus                 :                 1         1
	   Disk (KB)            :       19        1   2114085
	   Memory (MB)          :       45     2000      2000
...
