000 (407686.000.000) 10/23 16:08:09 Job submitted from host: <137.138.156.150:9618?addrs=137.138.156.150-9618+[2001-1458-d00-14--9a]-9618&noUDP&sock=4221_d558_7>
...
001 (407686.000.000) 10/23 16:13:00 Job executing on host: <188.184.204.157:9618?addrs=188.184.204.157-9618+[2001-1458-301-7d--100-50a]-9618&noUDP&sock=1280_8d50_3>
...
006 (407686.000.000) 10/23 16:13:09 Image size of job updated: 1460
	2  -  MemoryUsage of job (MB)
	1400  -  ResidentSetSize of job (KB)
...
006 (407686.000.000) 10/23 16:13:39 Image size of job updated: 471720
	2  -  MemoryUsage of job (MB)
	1400  -  ResidentSetSize of job (KB)
...
005 (407686.000.000) 10/23 16:13:40 Job terminated.
	(1) Normal termination (return value 1)
		Usr 0 00:00:01, Sys 0 00:00:00  -  Run Remote Usage
		Usr 0 00:00:00, Sys 0 00:00:00  -  Run Local Usage
		Usr 0 00:00:01, Sys 0 00:00:00  -  Total Remote Usage
		Usr 0 00:00:00, Sys 0 00:00:00  -  Total Local Usage
	17419  -  Run Bytes Sent By Job
	902  -  Run Bytes Received By Job
	17419  -  Total Bytes Sent By Job
	902  -  Total Bytes Received By Job
	Partitionable Resources :    Usage  Request Allocated
	   Cpus                 :                 1         1
	   Disk (KB)            :       33        1   2105651
	   Memory (MB)          :        2     2000      2000
...
000 (408937.000.000) 10/24 14:49:12 Job submitted from host: <137.138.156.150:9618?addrs=137.138.156.150-9618+[2001-1458-d00-14--9a]-9618&noUDP&sock=4221_d558_7>
...
001 (408937.000.000) 10/24 14:51:57 Job executing on host: <188.184.206.74:9618?addrs=188.184.206.74-9618+[2001-1458-301-7d--100-540]-9618&noUDP&sock=1301_f4cd_3>
...
006 (408937.000.000) 10/24 14:52:06 Image size of job updated: 1380
	2  -  MemoryUsage of job (MB)
	1352  -  ResidentSetSize of job (KB)
...
006 (408937.000.000) 10/24 14:52:42 Image size of job updated: 141976
	2  -  MemoryUsage of job (MB)
	1352  -  ResidentSetSize of job (KB)
...
005 (408937.000.000) 10/24 14:52:42 Job terminated.
	(1) Normal termination (return value 1)
		Usr 0 00:00:01, Sys 0 00:00:00  -  Run Remote Usage
		Usr 0 00:00:00, Sys 0 00:00:00  -  Run Local Usage
		Usr 0 00:00:01, Sys 0 00:00:00  -  Total Remote Usage
		Usr 0 00:00:00, Sys 0 00:00:00  -  Total Local Usage
	17419  -  Run Bytes Sent By Job
	902  -  Run Bytes Received By Job
	17419  -  Total Bytes Sent By Job
	902  -  Total Bytes Received By Job
	Partitionable Resources :    Usage  Request Allocated
	   Cpus                 :                 1         1
	   Disk (KB)            :       33        1   2204884
	   Memory (MB)          :        2     2000      2000
...
