000 (407761.000.000) 10/23 16:12:55 Job submitted from host: <137.138.156.150:9618?addrs=137.138.156.150-9618+[2001-1458-d00-14--9a]-9618&noUDP&sock=4221_d558_7>
...
001 (407761.000.000) 10/23 16:14:24 Job executing on host: <188.184.205.172:9618?addrs=188.184.205.172-9618+[2001-1458-301-7d--100-526]-9618&noUDP&sock=1269_01c5_3>
...
006 (407761.000.000) 10/23 16:14:32 Image size of job updated: 97472
	39  -  MemoryUsage of job (MB)
	39768  -  ResidentSetSize of job (KB)
...
006 (407761.000.000) 10/23 16:14:42 Image size of job updated: 148552
	39  -  MemoryUsage of job (MB)
	39768  -  ResidentSetSize of job (KB)
...
005 (407761.000.000) 10/23 16:14:42 Job terminated.
	(1) Normal termination (return value 1)
		Usr 0 00:00:01, Sys 0 00:00:00  -  Run Remote Usage
		Usr 0 00:00:00, Sys 0 00:00:00  -  Run Local Usage
		Usr 0 00:00:01, Sys 0 00:00:00  -  Total Remote Usage
		Usr 0 00:00:00, Sys 0 00:00:00  -  Total Local Usage
	19599  -  Run Bytes Sent By Job
	902  -  Run Bytes Received By Job
	19599  -  Total Bytes Sent By Job
	902  -  Total Bytes Received By Job
	Partitionable Resources :    Usage  Request Allocated
	   Cpus                 :                 1         1
	   Disk (KB)            :       35        1   2202812
	   Memory (MB)          :       39     2000      2000
...
000 (409013.000.000) 10/24 14:53:45 Job submitted from host: <137.138.156.150:9618?addrs=137.138.156.150-9618+[2001-1458-d00-14--9a]-9618&noUDP&sock=4221_d558_7>
...
001 (409013.000.000) 10/24 14:54:50 Job executing on host: <188.185.206.50:9618?addrs=188.185.206.50-9618+[2001-1459-301-65--100-2c]-9618&noUDP&sock=1291_18db_3>
...
006 (409013.000.000) 10/24 14:55:00 Image size of job updated: 21100
	7  -  MemoryUsage of job (MB)
	6452  -  ResidentSetSize of job (KB)
...
006 (409013.000.000) 10/24 14:55:35 Image size of job updated: 148460
	7  -  MemoryUsage of job (MB)
	6452  -  ResidentSetSize of job (KB)
...
005 (409013.000.000) 10/24 14:55:35 Job terminated.
	(1) Normal termination (return value 1)
		Usr 0 00:00:01, Sys 0 00:00:00  -  Run Remote Usage
		Usr 0 00:00:00, Sys 0 00:00:00  -  Run Local Usage
		Usr 0 00:00:01, Sys 0 00:00:00  -  Total Remote Usage
		Usr 0 00:00:00, Sys 0 00:00:00  -  Total Local Usage
	19599  -  Run Bytes Sent By Job
	902  -  Run Bytes Received By Job
	19599  -  Total Bytes Sent By Job
	902  -  Total Bytes Received By Job
	Partitionable Resources :    Usage  Request Allocated
	   Cpus                 :                 1         1
	   Disk (KB)            :       35        1   2144716
	   Memory (MB)          :        7     2000      2000
...
