000 (407345.000.000) 10/23 15:24:21 Job submitted from host: <137.138.156.150:9618?addrs=137.138.156.150-9618+[2001-1458-d00-14--9a]-9618&noUDP&sock=4221_d558_7>
...
001 (407345.000.000) 10/23 15:24:44 Job executing on host: <188.184.204.206:9618?addrs=188.184.204.206-9618+[2001-1458-301-7d--100-50c]-9618&noUDP&sock=1269_01c5_3>
...
006 (407345.000.000) 10/23 15:24:52 Image size of job updated: 99548
	41  -  MemoryUsage of job (MB)
	41848  -  ResidentSetSize of job (KB)
...
005 (407345.000.000) 10/23 15:24:57 Job terminated.
	(1) Normal termination (return value 1)
		Usr 0 00:00:00, Sys 0 00:00:00  -  Run Remote Usage
		Usr 0 00:00:00, Sys 0 00:00:00  -  Run Local Usage
		Usr 0 00:00:00, Sys 0 00:00:00  -  Total Remote Usage
		Usr 0 00:00:00, Sys 0 00:00:00  -  Total Local Usage
	793  -  Run Bytes Sent By Job
	902  -  Run Bytes Received By Job
	793  -  Total Bytes Sent By Job
	902  -  Total Bytes Received By Job
	Partitionable Resources :    Usage  Request Allocated
	   Cpus                 :                 1         1
	   Disk (KB)            :       17        1   2123714
	   Memory (MB)          :       41     2000      2000
...
000 (407870.000.000) 10/23 16:35:49 Job submitted from host: <137.138.156.150:9618?addrs=137.138.156.150-9618+[2001-1458-d00-14--9a]-9618&noUDP&sock=4221_d558_7>
...
001 (407870.000.000) 10/23 16:37:58 Job executing on host: <188.184.204.197:9618?addrs=188.184.204.197-9618+[2001-1458-301-7d--100-523]-9618&noUDP&sock=1279_ddb8_3>
...
006 (407870.000.000) 10/23 16:38:06 Image size of job updated: 14804
	9  -  MemoryUsage of job (MB)
	8412  -  ResidentSetSize of job (KB)
...
005 (407870.000.000) 10/23 16:38:29 Job terminated.
	(1) Normal termination (return value 139)
		Usr 0 00:00:02, Sys 0 00:00:00  -  Run Remote Usage
		Usr 0 00:00:00, Sys 0 00:00:00  -  Run Local Usage
		Usr 0 00:00:02, Sys 0 00:00:00  -  Total Remote Usage
		Usr 0 00:00:00, Sys 0 00:00:00  -  Total Local Usage
	4003  -  Run Bytes Sent By Job
	902  -  Run Bytes Received By Job
	4003  -  Total Bytes Sent By Job
	902  -  Total Bytes Received By Job
	Partitionable Resources :    Usage  Request Allocated
	   Cpus                 :                 1         1
	   Disk (KB)            :       20        1   2108440
	   Memory (MB)          :        9     2000      2000
...
000 (408669.000.000) 10/24 11:41:05 Job submitted from host: <137.138.156.150:9618?addrs=137.138.156.150-9618+[2001-1458-d00-14--9a]-9618&noUDP&sock=4221_d558_7>
...
001 (408669.000.000) 10/24 12:18:22 Job executing on host: <188.185.55.69:9618?addrs=188.185.55.69-9618+[2001-1459-301-b3--100-2fd]-9618&noUDP&sock=1215_f7a8_3>
...
006 (408669.000.000) 10/24 12:18:31 Image size of job updated: 9588
	10  -  MemoryUsage of job (MB)
	9588  -  ResidentSetSize of job (KB)
...
006 (408669.000.000) 10/24 12:19:33 Image size of job updated: 161024
	10  -  MemoryUsage of job (MB)
	9588  -  ResidentSetSize of job (KB)
...
005 (408669.000.000) 10/24 12:19:33 Job terminated.
	(1) Normal termination (return value 1)
		Usr 0 00:00:01, Sys 0 00:00:00  -  Run Remote Usage
		Usr 0 00:00:00, Sys 0 00:00:00  -  Run Local Usage
		Usr 0 00:00:01, Sys 0 00:00:00  -  Total Remote Usage
		Usr 0 00:00:00, Sys 0 00:00:00  -  Total Local Usage
	12085  -  Run Bytes Sent By Job
	902  -  Run Bytes Received By Job
	12085  -  Total Bytes Sent By Job
	902  -  Total Bytes Received By Job
	Partitionable Resources :    Usage  Request Allocated
	   Cpus                 :                 1         1
	   Disk (KB)            :       28        1   2202649
	   Memory (MB)          :       10     2000      2000
...
