000 (407698.000.000) 10/23 16:08:46 Job submitted from host: <137.138.156.150:9618?addrs=137.138.156.150-9618+[2001-1458-d00-14--9a]-9618&noUDP&sock=4221_d558_7>
...
001 (407698.000.000) 10/23 16:13:07 Job executing on host: <188.184.205.210:9618?addrs=188.184.205.210-9618+[2001-1458-301-7d--100-528]-9618&noUDP&sock=1287_5a7a_3>
...
006 (407698.000.000) 10/23 16:13:16 Image size of job updated: 97628
	39  -  MemoryUsage of job (MB)
	39924  -  ResidentSetSize of job (KB)
...
006 (407698.000.000) 10/23 16:13:31 Image size of job updated: 149872
	39  -  MemoryUsage of job (MB)
	39924  -  ResidentSetSize of job (KB)
...
005 (407698.000.000) 10/23 16:13:32 Job terminated.
	(1) Normal termination (return value 139)
		Usr 0 00:00:02, Sys 0 00:00:00  -  Run Remote Usage
		Usr 0 00:00:00, Sys 0 00:00:00  -  Run Local Usage
		Usr 0 00:00:02, Sys 0 00:00:00  -  Total Remote Usage
		Usr 0 00:00:00, Sys 0 00:00:00  -  Total Local Usage
	6110  -  Run Bytes Sent By Job
	902  -  Run Bytes Received By Job
	6110  -  Total Bytes Sent By Job
	902  -  Total Bytes Received By Job
	Partitionable Resources :    Usage  Request Allocated
	   Cpus                 :                 1         1
	   Disk (KB)            :       22        1   2215557
	   Memory (MB)          :       39     2000      2000
...
000 (408950.000.000) 10/24 14:49:48 Job submitted from host: <137.138.156.150:9618?addrs=137.138.156.150-9618+[2001-1458-d00-14--9a]-9618&noUDP&sock=4221_d558_7>
...
001 (408950.000.000) 10/24 14:52:01 Job executing on host: <188.184.205.239:9618?addrs=188.184.205.239-9618+[2001-1458-301-7d--100-532]-9618&noUDP&sock=1265_4364_3>
...
006 (408950.000.000) 10/24 14:52:09 Image size of job updated: 23704
	8  -  MemoryUsage of job (MB)
	8052  -  ResidentSetSize of job (KB)
...
006 (408950.000.000) 10/24 14:52:22 Image size of job updated: 149640
	8  -  MemoryUsage of job (MB)
	8056  -  ResidentSetSize of job (KB)
...
005 (408950.000.000) 10/24 14:52:22 Job terminated.
	(1) Normal termination (return value 1)
		Usr 0 00:00:01, Sys 0 00:00:00  -  Run Remote Usage
		Usr 0 00:00:00, Sys 0 00:00:00  -  Run Local Usage
		Usr 0 00:00:01, Sys 0 00:00:00  -  Total Remote Usage
		Usr 0 00:00:00, Sys 0 00:00:00  -  Total Local Usage
	13056  -  Run Bytes Sent By Job
	902  -  Run Bytes Received By Job
	13056  -  Total Bytes Sent By Job
	902  -  Total Bytes Received By Job
	Partitionable Resources :    Usage  Request Allocated
	   Cpus                 :                 1         1
	   Disk (KB)            :       29        1   2189335
	   Memory (MB)          :        8     2000      2000
...
