000 (407504.000.000) 10/23 15:43:42 Job submitted from host: <137.138.156.150:9618?addrs=137.138.156.150-9618+[2001-1458-d00-14--9a]-9618&noUDP&sock=4221_d558_7>
...
001 (407504.000.000) 10/23 15:46:36 Job executing on host: <188.184.205.237:9618?addrs=188.184.205.237-9618+[2001-1458-301-7d--100-531]-9618&noUDP&sock=1287_5a7a_3>
...
006 (407504.000.000) 10/23 15:46:45 Image size of job updated: 76788
	44  -  MemoryUsage of job (MB)
	44368  -  ResidentSetSize of job (KB)
...
006 (407504.000.000) 10/23 15:46:48 Image size of job updated: 76800
	44  -  MemoryUsage of job (MB)
	44372  -  ResidentSetSize of job (KB)
...
005 (407504.000.000) 10/23 15:46:54 Job terminated.
	(1) Normal termination (return value 1)
		Usr 0 00:00:01, Sys 0 00:00:00  -  Run Remote Usage
		Usr 0 00:00:00, Sys 0 00:00:00  -  Run Local Usage
		Usr 0 00:00:01, Sys 0 00:00:00  -  Total Remote Usage
		Usr 0 00:00:00, Sys 0 00:00:00  -  Total Local Usage
	789  -  Run Bytes Sent By Job
	902  -  Run Bytes Received By Job
	789  -  Total Bytes Sent By Job
	902  -  Total Bytes Received By Job
	Partitionable Resources :    Usage  Request Allocated
	   Cpus                 :                 1         1
	   Disk (KB)            :       17        1   2224104
	   Memory (MB)          :       44     2000      2000
...
000 (408749.000.000) 10/24 13:16:35 Job submitted from host: <137.138.156.150:9618?addrs=137.138.156.150-9618+[2001-1458-d00-14--9a]-9618&noUDP&sock=4221_d558_7>
...
001 (408749.000.000) 10/24 13:16:37 Job executing on host: <188.184.204.8:9618?addrs=188.184.204.8-9618+[2001-1458-301-7d--100-508]-9618&noUDP&sock=1275_1f57_3>
...
006 (408749.000.000) 10/24 13:16:46 Image size of job updated: 65984
	43  -  MemoryUsage of job (MB)
	43516  -  ResidentSetSize of job (KB)
...
005 (408749.000.000) 10/24 13:16:53 Job terminated.
	(1) Normal termination (return value 1)
		Usr 0 00:00:01, Sys 0 00:00:00  -  Run Remote Usage
		Usr 0 00:00:00, Sys 0 00:00:00  -  Run Local Usage
		Usr 0 00:00:01, Sys 0 00:00:00  -  Total Remote Usage
		Usr 0 00:00:00, Sys 0 00:00:00  -  Total Local Usage
	5644  -  Run Bytes Sent By Job
	902  -  Run Bytes Received By Job
	5644  -  Total Bytes Sent By Job
	902  -  Total Bytes Received By Job
	Partitionable Resources :    Usage  Request Allocated
	   Cpus                 :                 1         1
	   Disk (KB)            :       21        1   2192353
	   Memory (MB)          :       43     2000      2000
...
