000 (407457.000.000) 10/23 15:41:06 Job submitted from host: <137.138.156.150:9618?addrs=137.138.156.150-9618+[2001-1458-d00-14--9a]-9618&noUDP&sock=4221_d558_7>
...
001 (407457.000.000) 10/23 15:46:03 Job executing on host: <188.184.205.252:9618?addrs=188.184.205.252-9618+[2001-1458-301-7d--100-539]-9618&noUDP&sock=1275_1f57_3>
...
006 (407457.000.000) 10/23 15:46:12 Image size of job updated: 24104
	9  -  MemoryUsage of job (MB)
	8340  -  ResidentSetSize of job (KB)
...
006 (407457.000.000) 10/23 15:46:23 Image size of job updated: 409540
	9  -  MemoryUsage of job (MB)
	8556  -  ResidentSetSize of job (KB)
...
005 (407457.000.000) 10/23 15:46:23 Job terminated.
	(1) Normal termination (return value 1)
		Usr 0 00:00:01, Sys 0 00:00:00  -  Run Remote Usage
		Usr 0 00:00:00, Sys 0 00:00:00  -  Run Local Usage
		Usr 0 00:00:01, Sys 0 00:00:00  -  Total Remote Usage
		Usr 0 00:00:00, Sys 0 00:00:00  -  Total Local Usage
	788  -  Run Bytes Sent By Job
	902  -  Run Bytes Received By Job
	788  -  Total Bytes Sent By Job
	902  -  Total Bytes Received By Job
	Partitionable Resources :    Usage  Request Allocated
	   Cpus                 :                 1         1
	   Disk (KB)            :       17        1   2101286
	   Memory (MB)          :        9     2000      2000
...
000 (408701.000.000) 10/24 13:13:38 Job submitted from host: <137.138.156.150:9618?addrs=137.138.156.150-9618+[2001-1458-d00-14--9a]-9618&noUDP&sock=4221_d558_7>
...
001 (408701.000.000) 10/24 13:16:01 Job executing on host: <188.185.201.148:9618?addrs=188.185.201.148-9618+[2001-1459-301-60--100-8e]-9618&noUDP&sock=1239_6dee_3>
...
006 (408701.000.000) 10/24 13:16:09 Image size of job updated: 14052
	5  -  MemoryUsage of job (MB)
	4500  -  ResidentSetSize of job (KB)
...
006 (408701.000.000) 10/24 13:16:36 Image size of job updated: 99280
	5  -  MemoryUsage of job (MB)
	4524  -  ResidentSetSize of job (KB)
...
005 (408701.000.000) 10/24 13:16:36 Job terminated.
	(1) Normal termination (return value 1)
		Usr 0 00:00:00, Sys 0 00:00:00  -  Run Remote Usage
		Usr 0 00:00:00, Sys 0 00:00:00  -  Run Local Usage
		Usr 0 00:00:00, Sys 0 00:00:00  -  Total Remote Usage
		Usr 0 00:00:00, Sys 0 00:00:00  -  Total Local Usage
	5643  -  Run Bytes Sent By Job
	902  -  Run Bytes Received By Job
	5643  -  Total Bytes Sent By Job
	902  -  Total Bytes Received By Job
	Partitionable Resources :    Usage  Request Allocated
	   Cpus                 :                 1         1
	   Disk (KB)            :       21        1   2182987
	   Memory (MB)          :        5     2000      2000
...
