000 (407759.000.000) 10/23 16:12:49 Job submitted from host: <137.138.156.150:9618?addrs=137.138.156.150-9618+[2001-1458-d00-14--9a]-9618&noUDP&sock=4221_d558_7>
...
001 (407759.000.000) 10/23 16:14:21 Job executing on host: <188.184.206.45:9618?addrs=188.184.206.45-9618+[2001-1458-301-7d--100-551]-9618&noUDP&sock=1288_0a12_3>
...
006 (407759.000.000) 10/23 16:14:29 Image size of job updated: 15844
	9  -  MemoryUsage of job (MB)
	8316  -  ResidentSetSize of job (KB)
...
006 (407759.000.000) 10/23 16:14:50 Image size of job updated: 164224
	9  -  MemoryUsage of job (MB)
	8320  -  ResidentSetSize of job (KB)
...
005 (407759.000.000) 10/23 16:14:50 Job terminated.
	(1) Normal termination (return value 139)
		Usr 0 00:00:02, Sys 0 00:00:00  -  Run Remote Usage
		Usr 0 00:00:00, Sys 0 00:00:00  -  Run Local Usage
		Usr 0 00:00:02, Sys 0 00:00:00  -  Total Remote Usage
		Usr 0 00:00:00, Sys 0 00:00:00  -  Total Local Usage
	6110  -  Run Bytes Sent By Job
	902  -  Run Bytes Received By Job
	6110  -  Total Bytes Sent By Job
	902  -  Total Bytes Received By Job
	Partitionable Resources :    Usage  Request Allocated
	   Cpus                 :                 1         1
	   Disk (KB)            :       22        1   2217317
	   Memory (MB)          :        9     2000      2000
...
000 (409011.000.000) 10/24 14:53:40 Job submitted from host: <137.138.156.150:9618?addrs=137.138.156.150-9618+[2001-1458-d00-14--9a]-9618&noUDP&sock=4221_d558_7>
...
001 (409011.000.000) 10/24 14:54:40 Job executing on host: <188.184.206.20:9618?addrs=188.184.206.20-9618+[2001-1458-301-7d--100-537]-9618&noUDP&sock=1282_ec81_3>
...
006 (409011.000.000) 10/24 14:54:48 Image size of job updated: 73396
	43  -  MemoryUsage of job (MB)
	43536  -  ResidentSetSize of job (KB)
...
006 (409011.000.000) 10/24 14:54:55 Image size of job updated: 120372
	43  -  MemoryUsage of job (MB)
	43536  -  ResidentSetSize of job (KB)
...
005 (409011.000.000) 10/24 14:54:55 Job terminated.
	(1) Normal termination (return value 1)
		Usr 0 00:00:01, Sys 0 00:00:00  -  Run Remote Usage
		Usr 0 00:00:00, Sys 0 00:00:00  -  Run Local Usage
		Usr 0 00:00:01, Sys 0 00:00:00  -  Total Remote Usage
		Usr 0 00:00:00, Sys 0 00:00:00  -  Total Local Usage
	8694  -  Run Bytes Sent By Job
	902  -  Run Bytes Received By Job
	8694  -  Total Bytes Sent By Job
	902  -  Total Bytes Received By Job
	Partitionable Resources :    Usage  Request Allocated
	   Cpus                 :                 1         1
	   Disk (KB)            :       24        1   2215727
	   Memory (MB)          :       43     2000      2000
...
