000 (407416.000.000) 10/23 15:28:45 Job submitted from host: <137.138.156.150:9618?addrs=137.138.156.150-9618+[2001-1458-d00-14--9a]-9618&noUDP&sock=4221_d558_7>
...
001 (407416.000.000) 10/23 15:30:15 Job executing on host: <188.184.205.61:9618?addrs=188.184.205.61-9618+[2001-1458-301-7d--100-516]-9618&noUDP&sock=1270_b15e_3>
...
006 (407416.000.000) 10/23 15:30:25 Image size of job updated: 51424
	29  -  MemoryUsage of job (MB)
	28872  -  ResidentSetSize of job (KB)
...
006 (407416.000.000) 10/23 15:30:36 Image size of job updated: 68496
	29  -  MemoryUsage of job (MB)
	28872  -  ResidentSetSize of job (KB)
...
005 (407416.000.000) 10/23 15:30:37 Job terminated.
	(1) Normal termination (return value 1)
		Usr 0 00:00:01, Sys 0 00:00:00  -  Run Remote Usage
		Usr 0 00:00:00, Sys 0 00:00:00  -  Run Local Usage
		Usr 0 00:00:01, Sys 0 00:00:00  -  Total Remote Usage
		Usr 0 00:00:00, Sys 0 00:00:00  -  Total Local Usage
	794  -  Run Bytes Sent By Job
	902  -  Run Bytes Received By Job
	794  -  Total Bytes Sent By Job
	902  -  Total Bytes Received By Job
	Partitionable Resources :    Usage  Request Allocated
	   Cpus                 :                 1         1
	   Disk (KB)            :       17        1   2190514
	   Memory (MB)          :       29     2000      2000
...
000 (407949.000.000) 10/23 16:41:21 Job submitted from host: <137.138.156.150:9618?addrs=137.138.156.150-9618+[2001-1458-d00-14--9a]-9618&noUDP&sock=4221_d558_7>
...
001 (407949.000.000) 10/23 16:42:15 Job executing on host: <188.184.186.247:9618?addrs=188.184.186.247-9618+[2001-1458-301-f8--f]-9618&noUDP&sock=1303_53fe_3>
...
006 (407949.000.000) 10/23 16:42:23 Image size of job updated: 94944
	37  -  MemoryUsage of job (MB)
	37244  -  ResidentSetSize of job (KB)
...
006 (407949.000.000) 10/23 16:42:34 Image size of job updated: 159432
	37  -  MemoryUsage of job (MB)
	37248  -  ResidentSetSize of job (KB)
...
005 (407949.000.000) 10/23 16:42:35 Job terminated.
	(1) Normal termination (return value 1)
		Usr 0 00:00:01, Sys 0 00:00:00  -  Run Remote Usage
		Usr 0 00:00:00, Sys 0 00:00:00  -  Run Local Usage
		Usr 0 00:00:01, Sys 0 00:00:00  -  Total Remote Usage
		Usr 0 00:00:00, Sys 0 00:00:00  -  Total Local Usage
	12086  -  Run Bytes Sent By Job
	902  -  Run Bytes Received By Job
	12086  -  Total Bytes Sent By Job
	902  -  Total Bytes Received By Job
	Partitionable Resources :    Usage  Request Allocated
	   Cpus                 :                 1         1
	   Disk (KB)            :       28        1   2132316
	   Memory (MB)          :       37     2000      2000
...
