000 (407258.000.000) 10/23 15:18:05 Job submitted from host: <137.138.156.150:9618?addrs=137.138.156.150-9618+[2001-1458-d00-14--9a]-9618&noUDP&sock=4221_d558_7>
...
001 (407258.000.000) 10/23 15:22:08 Job executing on host: <188.184.204.206:9618?addrs=188.184.204.206-9618+[2001-1458-301-7d--100-50c]-9618&noUDP&sock=1269_01c5_3>
...
006 (407258.000.000) 10/23 15:22:16 Image size of job updated: 22652
	7  -  MemoryUsage of job (MB)
	7168  -  ResidentSetSize of job (KB)
...
006 (407258.000.000) 10/23 15:22:23 Image size of job updated: 76680
	8  -  MemoryUsage of job (MB)
	7180  -  ResidentSetSize of job (KB)
...
005 (407258.000.000) 10/23 15:22:23 Job terminated.
	(1) Normal termination (return value 1)
		Usr 0 00:00:01, Sys 0 00:00:00  -  Run Remote Usage
		Usr 0 00:00:00, Sys 0 00:00:00  -  Run Local Usage
		Usr 0 00:00:01, Sys 0 00:00:00  -  Total Remote Usage
		Usr 0 00:00:00, Sys 0 00:00:00  -  Total Local Usage
	790  -  Run Bytes Sent By Job
	902  -  Run Bytes Received By Job
	790  -  Total Bytes Sent By Job
	902  -  Total Bytes Received By Job
	Partitionable Resources :    Usage  Request Allocated
	   Cpus                 :                 1         1
	   Disk (KB)            :       17        1   2123714
	   Memory (MB)          :        8     2000      2000
...
000 (407767.000.000) 10/23 16:30:36 Job submitted from host: <137.138.156.150:9618?addrs=137.138.156.150-9618+[2001-1458-d00-14--9a]-9618&noUDP&sock=4221_d558_7>
...
001 (407767.000.000) 10/23 16:34:34 Job executing on host: <188.185.208.166:9618?addrs=188.185.208.166-9618+[2001-1459-301-93--100-a0]-9618&noUDP&sock=1318_9de9_3>
...
006 (407767.000.000) 10/23 16:34:43 Image size of job updated: 9600
	10  -  MemoryUsage of job (MB)
	9600  -  ResidentSetSize of job (KB)
...
006 (407767.000.000) 10/23 16:35:36 Image size of job updated: 162424
	10  -  MemoryUsage of job (MB)
	9600  -  ResidentSetSize of job (KB)
...
005 (407767.000.000) 10/23 16:35:36 Job terminated.
	(1) Normal termination (return value 1)
		Usr 0 00:00:01, Sys 0 00:00:00  -  Run Remote Usage
		Usr 0 00:00:00, Sys 0 00:00:00  -  Run Local Usage
		Usr 0 00:00:01, Sys 0 00:00:00  -  Total Remote Usage
		Usr 0 00:00:00, Sys 0 00:00:00  -  Total Local Usage
	12083  -  Run Bytes Sent By Job
	902  -  Run Bytes Received By Job
	12083  -  Total Bytes Sent By Job
	902  -  Total Bytes Received By Job
	Partitionable Resources :    Usage  Request Allocated
	   Cpus                 :                 1         1
	   Disk (KB)            :       28        1   2200470
	   Memory (MB)          :       10     2000      2000
...
