000 (407602.000.000) 10/23 15:49:50 Job submitted from host: <137.138.156.150:9618?addrs=137.138.156.150-9618+[2001-1458-d00-14--9a]-9618&noUDP&sock=4221_d558_7>
...
001 (407602.000.000) 10/23 15:50:07 Job executing on host: <188.184.205.61:9618?addrs=188.184.205.61-9618+[2001-1458-301-7d--100-516]-9618&noUDP&sock=1270_b15e_3>
...
006 (407602.000.000) 10/23 15:50:16 Image size of job updated: 23908
	9  -  MemoryUsage of job (MB)
	8200  -  ResidentSetSize of job (KB)
...
006 (407602.000.000) 10/23 15:50:22 Image size of job updated: 90432
	9  -  MemoryUsage of job (MB)
	8208  -  ResidentSetSize of job (KB)
...
005 (407602.000.000) 10/23 15:50:22 Job terminated.
	(1) Normal termination (return value 1)
		Usr 0 00:00:01, Sys 0 00:00:00  -  Run Remote Usage
		Usr 0 00:00:00, Sys 0 00:00:00  -  Run Local Usage
		Usr 0 00:00:01, Sys 0 00:00:00  -  Total Remote Usage
		Usr 0 00:00:00, Sys 0 00:00:00  -  Total Local Usage
	792  -  Run Bytes Sent By Job
	902  -  Run Bytes Received By Job
	792  -  Total Bytes Sent By Job
	902  -  Total Bytes Received By Job
	Partitionable Resources :    Usage  Request Allocated
	   Cpus                 :                 1         1
	   Disk (KB)            :       17        1   2190514
	   Memory (MB)          :        9     2000      2000
...
000 (408848.000.000) 10/24 13:22:48 Job submitted from host: <137.138.156.150:9618?addrs=137.138.156.150-9618+[2001-1458-d00-14--9a]-9618&noUDP&sock=4221_d558_7>
...
001 (408848.000.000) 10/24 13:22:53 Job executing on host: <188.184.206.38:9618?addrs=188.184.206.38-9618+[2001-1458-301-7d--100-545]-9618&noUDP&sock=1263_e434_3>
...
006 (408848.000.000) 10/24 13:23:02 Image size of job updated: 99688
	41  -  MemoryUsage of job (MB)
	41984  -  ResidentSetSize of job (KB)
...
006 (408848.000.000) 10/24 13:23:11 Image size of job updated: 147136
	42  -  MemoryUsage of job (MB)
	41992  -  ResidentSetSize of job (KB)
...
005 (408848.000.000) 10/24 13:23:11 Job terminated.
	(1) Normal termination (return value 1)
		Usr 0 00:00:01, Sys 0 00:00:00  -  Run Remote Usage
		Usr 0 00:00:00, Sys 0 00:00:00  -  Run Local Usage
		Usr 0 00:00:01, Sys 0 00:00:00  -  Total Remote Usage
		Usr 0 00:00:00, Sys 0 00:00:00  -  Total Local Usage
	5646  -  Run Bytes Sent By Job
	902  -  Run Bytes Received By Job
	5646  -  Total Bytes Sent By Job
	902  -  Total Bytes Received By Job
	Partitionable Resources :    Usage  Request Allocated
	   Cpus                 :                 1         1
	   Disk (KB)            :       21        1   2206163
	   Memory (MB)          :       42     2000      2000
...
