000 (407134.000.000) 10/23 14:57:48 Job submitted from host: <137.138.156.150:9618?addrs=137.138.156.150-9618+[2001-1458-d00-14--9a]-9618&noUDP&sock=4221_d558_7>
...
001 (407134.000.000) 10/23 14:58:04 Job executing on host: <188.185.213.191:9618?addrs=188.185.213.191-9618+[2001-1459-301-98--100-b9]-9618&noUDP&sock=1258_763b_3>
...
006 (407134.000.000) 10/23 14:58:12 Image size of job updated: 69724
	40  -  MemoryUsage of job (MB)
	40500  -  ResidentSetSize of job (KB)
...
006 (407134.000.000) 10/23 14:58:26 Image size of job updated: 472064
	40  -  MemoryUsage of job (MB)
	40544  -  ResidentSetSize of job (KB)
...
005 (407134.000.000) 10/23 14:58:46 Job terminated.
	(1) Normal termination (return value 1)
		Usr 0 00:00:00, Sys 0 00:00:00  -  Run Remote Usage
		Usr 0 00:00:00, Sys 0 00:00:00  -  Run Local Usage
		Usr 0 00:00:00, Sys 0 00:00:00  -  Total Remote Usage
		Usr 0 00:00:00, Sys 0 00:00:00  -  Total Local Usage
	12092  -  Run Bytes Sent By Job
	902  -  Run Bytes Received By Job
	12092  -  Total Bytes Sent By Job
	902  -  Total Bytes Received By Job
	Partitionable Resources :    Usage  Request Allocated
	   Cpus                 :                 1         1
	   Disk (KB)            :       28        1   2157696
	   Memory (MB)          :       40     2000      2000
...
