000 (407745.000.000) 10/23 16:11:54 Job submitted from host: <137.138.156.150:9618?addrs=137.138.156.150-9618+[2001-1458-d00-14--9a]-9618&noUDP&sock=4221_d558_7>
...
001 (407745.000.000) 10/23 16:14:09 Job executing on host: <188.184.205.178:9618?addrs=188.184.205.178-9618+[2001-1458-301-7d--100-54d]-9618&noUDP&sock=1312_8058_3>
...
006 (407745.000.000) 10/23 16:14:17 Image size of job updated: 93504
	45  -  MemoryUsage of job (MB)
	45720  -  ResidentSetSize of job (KB)
...
006 (407745.000.000) 10/23 16:14:24 Image size of job updated: 137360
	45  -  MemoryUsage of job (MB)
	45720  -  ResidentSetSize of job (KB)
...
005 (407745.000.000) 10/23 16:14:24 Job terminated.
	(1) Normal termination (return value 1)
		Usr 0 00:00:01, Sys 0 00:00:00  -  Run Remote Usage
		Usr 0 00:00:00, Sys 0 00:00:00  -  Run Local Usage
		Usr 0 00:00:01, Sys 0 00:00:00  -  Total Remote Usage
		Usr 0 00:00:00, Sys 0 00:00:00  -  Total Local Usage
	17418  -  Run Bytes Sent By Job
	902  -  Run Bytes Received By Job
	17418  -  Total Bytes Sent By Job
	902  -  Total Bytes Received By Job
	Partitionable Resources :    Usage  Request Allocated
	   Cpus                 :                 1         1
	   Disk (KB)            :       33        1   2215303
	   Memory (MB)          :       45     2000      2000
...
000 (408997.000.000) 10/24 14:53:01 Job submitted from host: <137.138.156.150:9618?addrs=137.138.156.150-9618+[2001-1458-d00-14--9a]-9618&noUDP&sock=4221_d558_7>
...
001 (408997.000.000) 10/24 14:53:08 Job executing on host: <188.184.207.12:9618?addrs=188.184.207.12-9618+[2001-1458-301-7d--100-562]-9618&noUDP&sock=1254_b7da_3>
...
006 (408997.000.000) 10/24 14:53:17 Image size of job updated: 100396
	42  -  MemoryUsage of job (MB)
	42696  -  ResidentSetSize of job (KB)
...
006 (408997.000.000) 10/24 14:53:36 Image size of job updated: 132152
	42  -  MemoryUsage of job (MB)
	42700  -  ResidentSetSize of job (KB)
...
005 (408997.000.000) 10/24 14:53:36 Job terminated.
	(1) Normal termination (return value 139)
		Usr 0 00:00:02, Sys 0 00:00:00  -  Run Remote Usage
		Usr 0 00:00:00, Sys 0 00:00:00  -  Run Local Usage
		Usr 0 00:00:02, Sys 0 00:00:00  -  Total Remote Usage
		Usr 0 00:00:00, Sys 0 00:00:00  -  Total Local Usage
	6110  -  Run Bytes Sent By Job
	902  -  Run Bytes Received By Job
	6110  -  Total Bytes Sent By Job
	902  -  Total Bytes Received By Job
	Partitionable Resources :    Usage  Request Allocated
	   Cpus                 :                 1         1
	   Disk (KB)            :       22        1   2223529
	   Memory (MB)          :       42     2000      2000
...
