000 (407711.000.000) 10/23 16:09:47 Job submitted from host: <137.138.156.150:9618?addrs=137.138.156.150-9618+[2001-1458-d00-14--9a]-9618&noUDP&sock=4221_d558_7>
...
001 (407711.000.000) 10/23 16:13:36 Job executing on host: <188.184.204.189:9618?addrs=188.184.204.189-9618+[2001-1458-301-7d--100-505]-9618&noUDP&sock=1290_6943_3>
...
006 (407711.000.000) 10/23 16:13:45 Image size of job updated: 81932
	43  -  MemoryUsage of job (MB)
	43924  -  ResidentSetSize of job (KB)
...
006 (407711.000.000) 10/23 16:14:00 Image size of job updated: 147440
	44  -  MemoryUsage of job (MB)
	44052  -  ResidentSetSize of job (KB)
...
005 (407711.000.000) 10/23 16:14:00 Job terminated.
	(1) Normal termination (return value 1)
		Usr 0 00:00:01, Sys 0 00:00:00  -  Run Remote Usage
		Usr 0 00:00:00, Sys 0 00:00:00  -  Run Local Usage
		Usr 0 00:00:01, Sys 0 00:00:00  -  Total Remote Usage
		Usr 0 00:00:00, Sys 0 00:00:00  -  Total Local Usage
	16059  -  Run Bytes Sent By Job
	902  -  Run Bytes Received By Job
	16059  -  Total Bytes Sent By Job
	902  -  Total Bytes Received By Job
	Partitionable Resources :    Usage  Request Allocated
	   Cpus                 :                 1         1
	   Disk (KB)            :       32        1   2209024
	   Memory (MB)          :       44     2000      2000
...
000 (408963.000.000) 10/24 14:50:52 Job submitted from host: <137.138.156.150:9618?addrs=137.138.156.150-9618+[2001-1458-d00-14--9a]-9618&noUDP&sock=4221_d558_7>
...
001 (408963.000.000) 10/24 14:52:04 Job executing on host: <188.184.204.101:9618?addrs=188.184.204.101-9618+[2001-1458-301-7d--100-502]-9618&noUDP&sock=1294_27a3_3>
...
006 (408963.000.000) 10/24 14:52:13 Image size of job updated: 21692
	8  -  MemoryUsage of job (MB)
	7440  -  ResidentSetSize of job (KB)
...
006 (408963.000.000) 10/24 14:52:44 Image size of job updated: 147544
	8  -  MemoryUsage of job (MB)
	7440  -  ResidentSetSize of job (KB)
...
005 (408963.000.000) 10/24 14:52:44 Job terminated.
	(1) Normal termination (return value 1)
		Usr 0 00:00:01, Sys 0 00:00:00  -  Run Remote Usage
		Usr 0 00:00:00, Sys 0 00:00:00  -  Run Local Usage
		Usr 0 00:00:01, Sys 0 00:00:00  -  Total Remote Usage
		Usr 0 00:00:00, Sys 0 00:00:00  -  Total Local Usage
	16059  -  Run Bytes Sent By Job
	902  -  Run Bytes Received By Job
	16059  -  Total Bytes Sent By Job
	902  -  Total Bytes Received By Job
	Partitionable Resources :    Usage  Request Allocated
	   Cpus                 :                 1         1
	   Disk (KB)            :       31        1   2213833
	   Memory (MB)          :        8     2000      2000
...
