000 (407198.000.000) 10/23 15:02:12 Job submitted from host: <137.138.156.150:9618?addrs=137.138.156.150-9618+[2001-1458-d00-14--9a]-9618&noUDP&sock=4221_d558_7>
...
001 (407198.000.000) 10/23 15:03:44 Job executing on host: <188.184.204.218:9618?addrs=188.184.204.218-9618+[2001-1458-301-7d--100-513]-9618&noUDP&sock=1283_9c19_3>
...
006 (407198.000.000) 10/23 15:03:53 Image size of job updated: 16980
	8  -  MemoryUsage of job (MB)
	8036  -  ResidentSetSize of job (KB)
...
006 (407198.000.000) 10/23 15:04:10 Image size of job updated: 471936
	8  -  MemoryUsage of job (MB)
	8040  -  ResidentSetSize of job (KB)
...
005 (407198.000.000) 10/23 15:04:10 Job terminated.
	(1) Normal termination (return value 1)
		Usr 0 00:00:01, Sys 0 00:00:00  -  Run Remote Usage
		Usr 0 00:00:00, Sys 0 00:00:00  -  Run Local Usage
		Usr 0 00:00:01, Sys 0 00:00:00  -  Total Remote Usage
		Usr 0 00:00:00, Sys 0 00:00:00  -  Total Local Usage
	12093  -  Run Bytes Sent By Job
	902  -  Run Bytes Received By Job
	12093  -  Total Bytes Sent By Job
	902  -  Total Bytes Received By Job
	Partitionable Resources :    Usage  Request Allocated
	   Cpus                 :                 1         1
	   Disk (KB)            :       28        1   2101833
	   Memory (MB)          :        8     2000      2000
...
