000 (407546.000.000) 10/23 15:46:10 Job submitted from host: <137.138.156.150:9618?addrs=137.138.156.150-9618+[2001-1458-d00-14--9a]-9618&noUDP&sock=4221_d558_7>
...
001 (407546.000.000) 10/23 15:47:10 Job executing on host: <188.184.205.67:9618?addrs=188.184.205.67-9618+[2001-1458-301-7d--100-515]-9618&noUDP&sock=1274_6fbf_3>
...
006 (407546.000.000) 10/23 15:47:19 Image size of job updated: 53104
	44  -  MemoryUsage of job (MB)
	44364  -  ResidentSetSize of job (KB)
...
006 (407546.000.000) 10/23 15:47:24 Image size of job updated: 53104
	44  -  MemoryUsage of job (MB)
	44368  -  ResidentSetSize of job (KB)
...
005 (407546.000.000) 10/23 15:47:24 Job terminated.
	(1) Normal termination (return value 1)
		Usr 0 00:00:01, Sys 0 00:00:00  -  Run Remote Usage
		Usr 0 00:00:00, Sys 0 00:00:00  -  Run Local Usage
		Usr 0 00:00:01, Sys 0 00:00:00  -  Total Remote Usage
		Usr 0 00:00:00, Sys 0 00:00:00  -  Total Local Usage
	789  -  Run Bytes Sent By Job
	902  -  Run Bytes Received By Job
	789  -  Total Bytes Sent By Job
	902  -  Total Bytes Received By Job
	Partitionable Resources :    Usage  Request Allocated
	   Cpus                 :                 1         1
	   Disk (KB)            :       17        1   2127764
	   Memory (MB)          :       44     2000      2000
...
000 (408791.000.000) 10/24 13:19:14 Job submitted from host: <137.138.156.150:9618?addrs=137.138.156.150-9618+[2001-1458-d00-14--9a]-9618&noUDP&sock=4221_d558_7>
...
001 (408791.000.000) 10/24 13:19:18 Job executing on host: <188.184.205.178:9618?addrs=188.184.205.178-9618+[2001-1458-301-7d--100-54d]-9618&noUDP&sock=1312_8058_3>
...
006 (408791.000.000) 10/24 13:19:26 Image size of job updated: 99828
	42  -  MemoryUsage of job (MB)
	42128  -  ResidentSetSize of job (KB)
...
006 (408791.000.000) 10/24 13:19:34 Image size of job updated: 99828
	42  -  MemoryUsage of job (MB)
	42132  -  ResidentSetSize of job (KB)
...
005 (408791.000.000) 10/24 13:19:35 Job terminated.
	(1) Normal termination (return value 1)
		Usr 0 00:00:01, Sys 0 00:00:00  -  Run Remote Usage
		Usr 0 00:00:00, Sys 0 00:00:00  -  Run Local Usage
		Usr 0 00:00:01, Sys 0 00:00:00  -  Total Remote Usage
		Usr 0 00:00:00, Sys 0 00:00:00  -  Total Local Usage
	5644  -  Run Bytes Sent By Job
	902  -  Run Bytes Received By Job
	5644  -  Total Bytes Sent By Job
	902  -  Total Bytes Received By Job
	Partitionable Resources :    Usage  Request Allocated
	   Cpus                 :                 1         1
	   Disk (KB)            :       22        1   2203307
	   Memory (MB)          :       42     2000      2000
...
