000 (407741.000.000) 10/23 16:11:22 Job submitted from host: <137.138.156.150:9618?addrs=137.138.156.150-9618+[2001-1458-d00-14--9a]-9618&noUDP&sock=4221_d558_7>
...
001 (407741.000.000) 10/23 16:14:03 Job executing on host: <188.184.204.189:9618?addrs=188.184.204.189-9618+[2001-1458-301-7d--100-505]-9618&noUDP&sock=1290_6943_3>
...
006 (407741.000.000) 10/23 16:14:11 Image size of job updated: 95584
	37  -  MemoryUsage of job (MB)
	37880  -  ResidentSetSize of job (KB)
...
006 (407741.000.000) 10/23 16:14:28 Image size of job updated: 95584
	38  -  MemoryUsage of job (MB)
	37908  -  ResidentSetSize of job (KB)
...
005 (407741.000.000) 10/23 16:14:28 Job terminated.
	(1) Normal termination (return value 139)
		Usr 0 00:00:02, Sys 0 00:00:00  -  Run Remote Usage
		Usr 0 00:00:00, Sys 0 00:00:00  -  Run Local Usage
		Usr 0 00:00:02, Sys 0 00:00:00  -  Total Remote Usage
		Usr 0 00:00:00, Sys 0 00:00:00  -  Total Local Usage
	6110  -  Run Bytes Sent By Job
	902  -  Run Bytes Received By Job
	6110  -  Total Bytes Sent By Job
	902  -  Total Bytes Received By Job
	Partitionable Resources :    Usage  Request Allocated
	   Cpus                 :                 1         1
	   Disk (KB)            :       22        1   2209024
	   Memory (MB)          :       38     2000      2000
...
000 (408993.000.000) 10/24 14:52:27 Job submitted from host: <137.138.156.150:9618?addrs=137.138.156.150-9618+[2001-1458-d00-14--9a]-9618&noUDP&sock=4221_d558_7>
...
001 (408993.000.000) 10/24 14:52:32 Job executing on host: <188.184.204.157:9618?addrs=188.184.204.157-9618+[2001-1458-301-7d--100-50a]-9618&noUDP&sock=1280_8d50_3>
...
006 (408993.000.000) 10/24 14:52:41 Image size of job updated: 94216
	43  -  MemoryUsage of job (MB)
	43528  -  ResidentSetSize of job (KB)
...
006 (408993.000.000) 10/24 14:52:48 Image size of job updated: 147632
	43  -  MemoryUsage of job (MB)
	43528  -  ResidentSetSize of job (KB)
...
005 (408993.000.000) 10/24 14:52:48 Job terminated.
	(1) Normal termination (return value 1)
		Usr 0 00:00:01, Sys 0 00:00:00  -  Run Remote Usage
		Usr 0 00:00:00, Sys 0 00:00:00  -  Run Local Usage
		Usr 0 00:00:01, Sys 0 00:00:00  -  Total Remote Usage
		Usr 0 00:00:00, Sys 0 00:00:00  -  Total Local Usage
	15237  -  Run Bytes Sent By Job
	902  -  Run Bytes Received By Job
	15237  -  Total Bytes Sent By Job
	902  -  Total Bytes Received By Job
	Partitionable Resources :    Usage  Request Allocated
	   Cpus                 :                 1         1
	   Disk (KB)            :       31        1   2216135
	   Memory (MB)          :       43     2000      2000
...
