000 (407374.000.000) 10/23 15:26:15 Job submitted from host: <137.138.156.150:9618?addrs=137.138.156.150-9618+[2001-1458-d00-14--9a]-9618&noUDP&sock=4221_d558_7>
...
001 (407374.000.000) 10/23 15:26:28 Job executing on host: <188.184.205.128:9618?addrs=188.184.205.128-9618+[2001-1458-301-7d--100-51f]-9618&noUDP&sock=1278_2e20_3>
...
006 (407374.000.000) 10/23 15:26:37 Image size of job updated: 98288
	40  -  MemoryUsage of job (MB)
	40588  -  ResidentSetSize of job (KB)
...
005 (407374.000.000) 10/23 15:26:44 Job terminated.
	(1) Normal termination (return value 1)
		Usr 0 00:00:01, Sys 0 00:00:00  -  Run Remote Usage
		Usr 0 00:00:00, Sys 0 00:00:00  -  Run Local Usage
		Usr 0 00:00:01, Sys 0 00:00:00  -  Total Remote Usage
		Usr 0 00:00:00, Sys 0 00:00:00  -  Total Local Usage
	794  -  Run Bytes Sent By Job
	902  -  Run Bytes Received By Job
	794  -  Total Bytes Sent By Job
	902  -  Total Bytes Received By Job
	Partitionable Resources :    Usage  Request Allocated
	   Cpus                 :                 1         1
	   Disk (KB)            :       17        1   2223755
	   Memory (MB)          :       40     2000      2000
...
000 (407907.000.000) 10/23 16:38:05 Job submitted from host: <137.138.156.150:9618?addrs=137.138.156.150-9618+[2001-1458-d00-14--9a]-9618&noUDP&sock=4221_d558_7>
...
001 (407907.000.000) 10/23 16:38:54 Job executing on host: <188.184.204.197:9618?addrs=188.184.204.197-9618+[2001-1458-301-7d--100-523]-9618&noUDP&sock=1279_ddb8_3>
...
006 (407907.000.000) 10/23 16:39:02 Image size of job updated: 51984
	41  -  MemoryUsage of job (MB)
	41648  -  ResidentSetSize of job (KB)
...
006 (407907.000.000) 10/23 16:39:17 Image size of job updated: 415448
	41  -  MemoryUsage of job (MB)
	41668  -  ResidentSetSize of job (KB)
...
005 (407907.000.000) 10/23 16:39:17 Job terminated.
	(1) Normal termination (return value 139)
		Usr 0 00:00:02, Sys 0 00:00:00  -  Run Remote Usage
		Usr 0 00:00:00, Sys 0 00:00:00  -  Run Local Usage
		Usr 0 00:00:02, Sys 0 00:00:00  -  Total Remote Usage
		Usr 0 00:00:00, Sys 0 00:00:00  -  Total Local Usage
	4005  -  Run Bytes Sent By Job
	902  -  Run Bytes Received By Job
	4005  -  Total Bytes Sent By Job
	902  -  Total Bytes Received By Job
	Partitionable Resources :    Usage  Request Allocated
	   Cpus                 :                 1         1
	   Disk (KB)            :       20        1   2108380
	   Memory (MB)          :       41     2000      2000
...
000 (408679.000.000) 10/24 11:43:18 Job submitted from host: <137.138.156.150:9618?addrs=137.138.156.150-9618+[2001-1458-d00-14--9a]-9618&noUDP&sock=4221_d558_7>
...
001 (408679.000.000) 10/24 12:18:23 Job executing on host: <188.184.204.82:9618?addrs=188.184.204.82-9618+[2001-1458-301-7d--100-503]-9618&noUDP&sock=1257_c6a2_3>
...
006 (408679.000.000) 10/24 12:18:31 Image size of job updated: 1536
	2  -  MemoryUsage of job (MB)
	1432  -  ResidentSetSize of job (KB)
...
006 (408679.000.000) 10/24 12:19:02 Image size of job updated: 160448
	2  -  MemoryUsage of job (MB)
	1440  -  ResidentSetSize of job (KB)
...
005 (408679.000.000) 10/24 12:19:04 Job terminated.
	(1) Normal termination (return value 1)
		Usr 0 00:00:01, Sys 0 00:00:00  -  Run Remote Usage
		Usr 0 00:00:00, Sys 0 00:00:00  -  Run Local Usage
		Usr 0 00:00:01, Sys 0 00:00:00  -  Total Remote Usage
		Usr 0 00:00:00, Sys 0 00:00:00  -  Total Local Usage
	12086  -  Run Bytes Sent By Job
	902  -  Run Bytes Received By Job
	12086  -  Total Bytes Sent By Job
	902  -  Total Bytes Received By Job
	Partitionable Resources :    Usage  Request Allocated
	   Cpus                 :                 1         1
	   Disk (KB)            :       28        1   2126265
	   Memory (MB)          :        2     2000      2000
...
