000 (407359.000.000) 10/23 15:25:07 Job submitted from host: <137.138.156.150:9618?addrs=137.138.156.150-9618+[2001-1458-d00-14--9a]-9618&noUDP&sock=4221_d558_7>
...
001 (407359.000.000) 10/23 15:25:40 Job executing on host: <188.184.206.77:9618?addrs=188.184.206.77-9618+[2001-1458-301-7d--100-53f]-9618&noUDP&sock=1262_349c_3>
...
006 (407359.000.000) 10/23 15:25:48 Image size of job updated: 94220
	36  -  MemoryUsage of job (MB)
	36652  -  ResidentSetSize of job (KB)
...
005 (407359.000.000) 10/23 15:26:02 Job terminated.
	(1) Normal termination (return value 1)
		Usr 0 00:00:00, Sys 0 00:00:00  -  Run Remote Usage
		Usr 0 00:00:00, Sys 0 00:00:00  -  Run Local Usage
		Usr 0 00:00:00, Sys 0 00:00:00  -  Total Remote Usage
		Usr 0 00:00:00, Sys 0 00:00:00  -  Total Local Usage
	794  -  Run Bytes Sent By Job
	902  -  Run Bytes Received By Job
	794  -  Total Bytes Sent By Job
	902  -  Total Bytes Received By Job
	Partitionable Resources :    Usage  Request Allocated
	   Cpus                 :                 1         1
	   Disk (KB)            :       17        1   2127014
	   Memory (MB)          :       36     2000      2000
...
000 (407887.000.000) 10/23 16:37:02 Job submitted from host: <137.138.156.150:9618?addrs=137.138.156.150-9618+[2001-1458-d00-14--9a]-9618&noUDP&sock=4221_d558_7>
...
001 (407887.000.000) 10/23 16:38:30 Job executing on host: <188.184.204.197:9618?addrs=188.184.204.197-9618+[2001-1458-301-7d--100-523]-9618&noUDP&sock=1279_ddb8_3>
...
006 (407887.000.000) 10/23 16:38:39 Image size of job updated: 50232
	43  -  MemoryUsage of job (MB)
	43704  -  ResidentSetSize of job (KB)
...
006 (407887.000.000) 10/23 16:38:52 Image size of job updated: 490924
	43  -  MemoryUsage of job (MB)
	43704  -  ResidentSetSize of job (KB)
...
005 (407887.000.000) 10/23 16:38:52 Job terminated.
	(1) Normal termination (return value 139)
		Usr 0 00:00:02, Sys 0 00:00:00  -  Run Remote Usage
		Usr 0 00:00:00, Sys 0 00:00:00  -  Run Local Usage
		Usr 0 00:00:02, Sys 0 00:00:00  -  Total Remote Usage
		Usr 0 00:00:00, Sys 0 00:00:00  -  Total Local Usage
	4005  -  Run Bytes Sent By Job
	902  -  Run Bytes Received By Job
	4005  -  Total Bytes Sent By Job
	902  -  Total Bytes Received By Job
	Partitionable Resources :    Usage  Request Allocated
	   Cpus                 :                 1         1
	   Disk (KB)            :       20        1   2108380
	   Memory (MB)          :       43     2000      2000
...
000 (408675.000.000) 10/24 11:42:47 Job submitted from host: <137.138.156.150:9618?addrs=137.138.156.150-9618+[2001-1458-d00-14--9a]-9618&noUDP&sock=4221_d558_7>
...
001 (408675.000.000) 10/24 12:18:19 Job executing on host: <188.184.205.62:9618?addrs=188.184.205.62-9618+[2001-1458-301-7d--100-51d]-9618&noUDP&sock=1264_93cc_3>
...
006 (408675.000.000) 10/24 12:18:28 Image size of job updated: 12472
	4  -  MemoryUsage of job (MB)
	3696  -  ResidentSetSize of job (KB)
...
006 (408675.000.000) 10/24 12:18:57 Image size of job updated: 164268
	4  -  MemoryUsage of job (MB)
	3964  -  ResidentSetSize of job (KB)
...
005 (408675.000.000) 10/24 12:18:57 Job terminated.
	(1) Normal termination (return value 1)
		Usr 0 00:00:02, Sys 0 00:00:00  -  Run Remote Usage
		Usr 0 00:00:00, Sys 0 00:00:00  -  Run Local Usage
		Usr 0 00:00:02, Sys 0 00:00:00  -  Total Remote Usage
		Usr 0 00:00:00, Sys 0 00:00:00  -  Total Local Usage
	12086  -  Run Bytes Sent By Job
	902  -  Run Bytes Received By Job
	12086  -  Total Bytes Sent By Job
	902  -  Total Bytes Received By Job
	Partitionable Resources :    Usage  Request Allocated
	   Cpus                 :                 1         1
	   Disk (KB)            :       28        1   2118108
	   Memory (MB)          :        4     2000      2000
...
