000 (407539.000.000) 10/23 15:45:49 Job submitted from host: <137.138.156.150:9618?addrs=137.138.156.150-9618+[2001-1458-d00-14--9a]-9618&noUDP&sock=4221_d558_7>
...
001 (407539.000.000) 10/23 15:47:09 Job executing on host: <188.184.205.90:9618?addrs=188.184.205.90-9618+[--1]-9618&noUDP&sock=1243_2c4f_3>
...
006 (407539.000.000) 10/23 15:47:17 Image size of job updated: 49828
	44  -  MemoryUsage of job (MB)
	44384  -  ResidentSetSize of job (KB)
...
006 (407539.000.000) 10/23 15:47:23 Image size of job updated: 49828
	44  -  MemoryUsage of job (MB)
	44396  -  ResidentSetSize of job (KB)
...
005 (407539.000.000) 10/23 15:47:23 Job terminated.
	(1) Normal termination (return value 1)
		Usr 0 00:00:01, Sys 0 00:00:00  -  Run Remote Usage
		Usr 0 00:00:00, Sys 0 00:00:00  -  Run Local Usage
		Usr 0 00:00:01, Sys 0 00:00:00  -  Total Remote Usage
		Usr 0 00:00:00, Sys 0 00:00:00  -  Total Local Usage
	789  -  Run Bytes Sent By Job
	902  -  Run Bytes Received By Job
	789  -  Total Bytes Sent By Job
	902  -  Total Bytes Received By Job
	Partitionable Resources :    Usage  Request Allocated
	   Cpus                 :                 1         1
	   Disk (KB)            :       17        1   2190725
	   Memory (MB)          :       44     2000      2000
...
000 (408784.000.000) 10/24 13:18:52 Job submitted from host: <137.138.156.150:9618?addrs=137.138.156.150-9618+[2001-1458-d00-14--9a]-9618&noUDP&sock=4221_d558_7>
...
001 (408784.000.000) 10/24 13:19:03 Job executing on host: <188.184.204.151:9618?addrs=188.184.204.151-9618+[--1]-9618&noUDP&sock=1216_a740_3>
...
006 (408784.000.000) 10/24 13:19:12 Image size of job updated: 76784
	44  -  MemoryUsage of job (MB)
	44400  -  ResidentSetSize of job (KB)
...
006 (408784.000.000) 10/24 13:19:15 Image size of job updated: 93536
	44  -  MemoryUsage of job (MB)
	44408  -  ResidentSetSize of job (KB)
...
005 (408784.000.000) 10/24 13:19:16 Job terminated.
	(1) Normal termination (return value 1)
		Usr 0 00:00:00, Sys 0 00:00:00  -  Run Remote Usage
		Usr 0 00:00:00, Sys 0 00:00:00  -  Run Local Usage
		Usr 0 00:00:00, Sys 0 00:00:00  -  Total Remote Usage
		Usr 0 00:00:00, Sys 0 00:00:00  -  Total Local Usage
	3453  -  Run Bytes Sent By Job
	902  -  Run Bytes Received By Job
	3453  -  Total Bytes Sent By Job
	902  -  Total Bytes Received By Job
	Partitionable Resources :    Usage  Request Allocated
	   Cpus                 :                 1         1
	   Disk (KB)            :       19        1   2181666
	   Memory (MB)          :       44     2000      2000
...
