000 (407536.000.000) 10/23 15:45:40 Job submitted from host: <137.138.156.150:9618?addrs=137.138.156.150-9618+[2001-1458-d00-14--9a]-9618&noUDP&sock=4221_d558_7>
...
001 (407536.000.000) 10/23 15:47:09 Job executing on host: <188.184.205.90:9618?addrs=188.184.205.90-9618+[--1]-9618&noUDP&sock=1243_2c4f_3>
...
006 (407536.000.000) 10/23 15:47:17 Image size of job updated: 48352
	43  -  MemoryUsage of job (MB)
	43636  -  ResidentSetSize of job (KB)
...
006 (407536.000.000) 10/23 15:47:23 Image size of job updated: 48352
	43  -  MemoryUsage of job (MB)
	43880  -  ResidentSetSize of job (KB)
...
005 (407536.000.000) 10/23 15:47:23 Job terminated.
	(1) Normal termination (return value 1)
		Usr 0 00:00:01, Sys 0 00:00:00  -  Run Remote Usage
		Usr 0 00:00:00, Sys 0 00:00:00  -  Run Local Usage
		Usr 0 00:00:01, Sys 0 00:00:00  -  Total Remote Usage
		Usr 0 00:00:00, Sys 0 00:00:00  -  Total Local Usage
	791  -  Run Bytes Sent By Job
	902  -  Run Bytes Received By Job
	791  -  Total Bytes Sent By Job
	902  -  Total Bytes Received By Job
	Partitionable Resources :    Usage  Request Allocated
	   Cpus                 :                 1         1
	   Disk (KB)            :       17        1   2190719
	   Memory (MB)          :       43     2000      2000
...
000 (408781.000.000) 10/24 13:18:42 Job submitted from host: <137.138.156.150:9618?addrs=137.138.156.150-9618+[2001-1458-d00-14--9a]-9618&noUDP&sock=4221_d558_7>
...
001 (408781.000.000) 10/24 13:18:55 Job executing on host: <188.184.206.77:9618?addrs=188.184.206.77-9618+[2001-1458-301-7d--100-53f]-9618&noUDP&sock=1262_349c_3>
...
006 (408781.000.000) 10/24 13:19:03 Image size of job updated: 95400
	37  -  MemoryUsage of job (MB)
	37700  -  ResidentSetSize of job (KB)
...
006 (408781.000.000) 10/24 13:19:19 Image size of job updated: 597640
	37  -  MemoryUsage of job (MB)
	37704  -  ResidentSetSize of job (KB)
...
005 (408781.000.000) 10/24 13:19:19 Job terminated.
	(1) Normal termination (return value 139)
		Usr 0 00:00:02, Sys 0 00:00:00  -  Run Remote Usage
		Usr 0 00:00:00, Sys 0 00:00:00  -  Run Local Usage
		Usr 0 00:00:02, Sys 0 00:00:00  -  Total Remote Usage
		Usr 0 00:00:00, Sys 0 00:00:00  -  Total Local Usage
	4209  -  Run Bytes Sent By Job
	902  -  Run Bytes Received By Job
	4209  -  Total Bytes Sent By Job
	902  -  Total Bytes Received By Job
	Partitionable Resources :    Usage  Request Allocated
	   Cpus                 :                 1         1
	   Disk (KB)            :       20        1   2118427
	   Memory (MB)          :       37     2000      2000
...
