000 (407724.000.000) 10/23 16:10:25 Job submitted from host: <137.138.156.150:9618?addrs=137.138.156.150-9618+[2001-1458-d00-14--9a]-9618&noUDP&sock=4221_d558_7>
...
001 (407724.000.000) 10/23 16:13:49 Job executing on host: <188.184.204.103:9618?addrs=188.184.204.103-9618+[2001-1458-301-7d--100-4fd]-9618&noUDP&sock=1263_e434_3>
...
006 (407724.000.000) 10/23 16:13:58 Image size of job updated: 50504
	42  -  MemoryUsage of job (MB)
	42712  -  ResidentSetSize of job (KB)
...
006 (407724.000.000) 10/23 16:14:12 Image size of job updated: 72724
	42  -  MemoryUsage of job (MB)
	42712  -  ResidentSetSize of job (KB)
...
005 (407724.000.000) 10/23 16:14:12 Job terminated.
	(1) Normal termination (return value 139)
		Usr 0 00:00:02, Sys 0 00:00:00  -  Run Remote Usage
		Usr 0 00:00:00, Sys 0 00:00:00  -  Run Local Usage
		Usr 0 00:00:02, Sys 0 00:00:00  -  Total Remote Usage
		Usr 0 00:00:00, Sys 0 00:00:00  -  Total Local Usage
	6110  -  Run Bytes Sent By Job
	902  -  Run Bytes Received By Job
	6110  -  Total Bytes Sent By Job
	902  -  Total Bytes Received By Job
	Partitionable Resources :    Usage  Request Allocated
	   Cpus                 :                 1         1
	   Disk (KB)            :       22        1   2119255
	   Memory (MB)          :       42     2000      2000
...
000 (408976.000.000) 10/24 14:51:36 Job submitted from host: <137.138.156.150:9618?addrs=137.138.156.150-9618+[2001-1458-d00-14--9a]-9618&noUDP&sock=4221_d558_7>
...
001 (408976.000.000) 10/24 14:52:06 Job executing on host: <188.184.205.0:9618?addrs=188.184.205.0-9618+[2001-1458-301-7d--100-512]-9618&noUDP&sock=1271_60f6_3>
...
006 (408976.000.000) 10/24 14:52:15 Image size of job updated: 79464
	43  -  MemoryUsage of job (MB)
	43532  -  ResidentSetSize of job (KB)
...
005 (408976.000.000) 10/24 14:52:21 Job terminated.
	(1) Normal termination (return value 1)
		Usr 0 00:00:01, Sys 0 00:00:00  -  Run Remote Usage
		Usr 0 00:00:00, Sys 0 00:00:00  -  Run Local Usage
		Usr 0 00:00:01, Sys 0 00:00:00  -  Total Remote Usage
		Usr 0 00:00:00, Sys 0 00:00:00  -  Total Local Usage
	17418  -  Run Bytes Sent By Job
	902  -  Run Bytes Received By Job
	17418  -  Total Bytes Sent By Job
	902  -  Total Bytes Received By Job
	Partitionable Resources :    Usage  Request Allocated
	   Cpus                 :                 1         1
	   Disk (KB)            :       33        1   2204621
	   Memory (MB)          :       43     2000      2000
...
