000 (407564.000.000) 10/23 15:47:28 Job submitted from host: <137.138.156.150:9618?addrs=137.138.156.150-9618+[2001-1458-d00-14--9a]-9618&noUDP&sock=4221_d558_7>
...
001 (407564.000.000) 10/23 15:47:32 Job executing on host: <188.184.205.252:9618?addrs=188.184.205.252-9618+[2001-1458-301-7d--100-539]-9618&noUDP&sock=1275_1f57_3>
...
006 (407564.000.000) 10/23 15:47:41 Image size of job updated: 92400
	45  -  MemoryUsage of job (MB)
	45516  -  ResidentSetSize of job (KB)
...
006 (407564.000.000) 10/23 15:47:43 Image size of job updated: 92624
	45  -  MemoryUsage of job (MB)
	45516  -  ResidentSetSize of job (KB)
...
005 (407564.000.000) 10/23 15:47:43 Job terminated.
	(1) Normal termination (return value 1)
		Usr 0 00:00:00, Sys 0 00:00:00  -  Run Remote Usage
		Usr 0 00:00:00, Sys 0 00:00:00  -  Run Local Usage
		Usr 0 00:00:00, Sys 0 00:00:00  -  Total Remote Usage
		Usr 0 00:00:00, Sys 0 00:00:00  -  Total Local Usage
	786  -  Run Bytes Sent By Job
	902  -  Run Bytes Received By Job
	786  -  Total Bytes Sent By Job
	902  -  Total Bytes Received By Job
	Partitionable Resources :    Usage  Request Allocated
	   Cpus                 :                 1         1
	   Disk (KB)            :       17        1   2101286
	   Memory (MB)          :       45     2000      2000
...
000 (408809.000.000) 10/24 13:20:19 Job submitted from host: <137.138.156.150:9618?addrs=137.138.156.150-9618+[2001-1458-d00-14--9a]-9618&noUDP&sock=4221_d558_7>
...
001 (408809.000.000) 10/24 13:20:40 Job executing on host: <188.185.214.18:9618?addrs=188.185.214.18-9618+[2001-1459-301-99--100-c]-9618&noUDP&sock=1282_ec81_3>
...
006 (408809.000.000) 10/24 13:20:49 Image size of job updated: 40408
	23  -  MemoryUsage of job (MB)
	23432  -  ResidentSetSize of job (KB)
...
006 (408809.000.000) 10/24 13:22:02 Image size of job updated: 415372
	23  -  MemoryUsage of job (MB)
	23472  -  ResidentSetSize of job (KB)
...
005 (408809.000.000) 10/24 13:22:02 Job terminated.
	(1) Normal termination (return value 139)
		Usr 0 00:00:02, Sys 0 00:00:00  -  Run Remote Usage
		Usr 0 00:00:00, Sys 0 00:00:00  -  Run Local Usage
		Usr 0 00:00:02, Sys 0 00:00:00  -  Total Remote Usage
		Usr 0 00:00:00, Sys 0 00:00:00  -  Total Local Usage
	4205  -  Run Bytes Sent By Job
	902  -  Run Bytes Received By Job
	4205  -  Total Bytes Sent By Job
	902  -  Total Bytes Received By Job
	Partitionable Resources :    Usage  Request Allocated
	   Cpus                 :                 1         1
	   Disk (KB)            :       20        1   2163326
	   Memory (MB)          :       23     2000      2000
...
