000 (407559.000.000) 10/23 15:47:09 Job submitted from host: <137.138.156.150:9618?addrs=137.138.156.150-9618+[2001-1458-d00-14--9a]-9618&noUDP&sock=4221_d558_7>
...
001 (407559.000.000) 10/23 15:47:13 Job executing on host: <188.184.204.103:9618?addrs=188.184.204.103-9618+[2001-1458-301-7d--100-4fd]-9618&noUDP&sock=1263_e434_3>
...
006 (407559.000.000) 10/23 15:47:21 Image size of job updated: 69624
	29  -  MemoryUsage of job (MB)
	28876  -  ResidentSetSize of job (KB)
...
006 (407559.000.000) 10/23 15:47:33 Image size of job updated: 125388
	29  -  MemoryUsage of job (MB)
	28876  -  ResidentSetSize of job (KB)
...
005 (407559.000.000) 10/23 15:47:33 Job terminated.
	(1) Normal termination (return value 1)
		Usr 0 00:00:00, Sys 0 00:00:00  -  Run Remote Usage
		Usr 0 00:00:00, Sys 0 00:00:00  -  Run Local Usage
		Usr 0 00:00:00, Sys 0 00:00:00  -  Total Remote Usage
		Usr 0 00:00:00, Sys 0 00:00:00  -  Total Local Usage
	790  -  Run Bytes Sent By Job
	902  -  Run Bytes Received By Job
	790  -  Total Bytes Sent By Job
	902  -  Total Bytes Received By Job
	Partitionable Resources :    Usage  Request Allocated
	   Cpus                 :                 1         1
	   Disk (KB)            :       17        1   2120098
	   Memory (MB)          :       29     2000      2000
...
000 (408804.000.000) 10/24 13:19:58 Job submitted from host: <137.138.156.150:9618?addrs=137.138.156.150-9618+[2001-1458-d00-14--9a]-9618&noUDP&sock=4221_d558_7>
...
001 (408804.000.000) 10/24 13:20:15 Job executing on host: <188.185.214.177:9618?addrs=188.185.214.177-9618+[2001-1459-301-99--100-ab]-9618&noUDP&sock=1326_1aab_3>
...
006 (408804.000.000) 10/24 13:20:24 Image size of job updated: 14288
	5  -  MemoryUsage of job (MB)
	4408  -  ResidentSetSize of job (KB)
...
006 (408804.000.000) 10/24 13:20:48 Image size of job updated: 142756
	6  -  MemoryUsage of job (MB)
	6008  -  ResidentSetSize of job (KB)
...
005 (408804.000.000) 10/24 13:20:48 Job terminated.
	(1) Normal termination (return value 1)
		Usr 0 00:00:01, Sys 0 00:00:00  -  Run Remote Usage
		Usr 0 00:00:00, Sys 0 00:00:00  -  Run Local Usage
		Usr 0 00:00:01, Sys 0 00:00:00  -  Total Remote Usage
		Usr 0 00:00:00, Sys 0 00:00:00  -  Total Local Usage
	3454  -  Run Bytes Sent By Job
	902  -  Run Bytes Received By Job
	3454  -  Total Bytes Sent By Job
	902  -  Total Bytes Received By Job
	Partitionable Resources :    Usage  Request Allocated
	   Cpus                 :                 1         1
	   Disk (KB)            :       19        1   2193320
	   Memory (MB)          :        6     2000      2000
...
