000 (407534.000.000) 10/23 15:45:35 Job submitted from host: <137.138.156.150:9618?addrs=137.138.156.150-9618+[2001-1458-d00-14--9a]-9618&noUDP&sock=4221_d558_7>
...
001 (407534.000.000) 10/23 15:47:07 Job executing on host: <188.184.204.206:9618?addrs=188.184.204.206-9618+[2001-1458-301-7d--100-50c]-9618&noUDP&sock=1269_01c5_3>
...
006 (407534.000.000) 10/23 15:47:16 Image size of job updated: 95620
	43  -  MemoryUsage of job (MB)
	43528  -  ResidentSetSize of job (KB)
...
006 (407534.000.000) 10/23 15:47:22 Image size of job updated: 414456
	43  -  MemoryUsage of job (MB)
	43528  -  ResidentSetSize of job (KB)
...
005 (407534.000.000) 10/23 15:47:22 Job terminated.
	(1) Normal termination (return value 1)
		Usr 0 00:00:00, Sys 0 00:00:00  -  Run Remote Usage
		Usr 0 00:00:00, Sys 0 00:00:00  -  Run Local Usage
		Usr 0 00:00:00, Sys 0 00:00:00  -  Total Remote Usage
		Usr 0 00:00:00, Sys 0 00:00:00  -  Total Local Usage
	791  -  Run Bytes Sent By Job
	902  -  Run Bytes Received By Job
	791  -  Total Bytes Sent By Job
	902  -  Total Bytes Received By Job
	Partitionable Resources :    Usage  Request Allocated
	   Cpus                 :                 1         1
	   Disk (KB)            :       17        1   2123705
	   Memory (MB)          :       43     2000      2000
...
000 (408779.000.000) 10/24 13:18:21 Job submitted from host: <137.138.156.150:9618?addrs=137.138.156.150-9618+[2001-1458-d00-14--9a]-9618&noUDP&sock=4221_d558_7>
...
001 (408779.000.000) 10/24 13:18:58 Job executing on host: <188.184.206.25:9618?addrs=188.184.206.25-9618+[2001-1458-301-7d--100-538]-9618&noUDP&sock=1284_4bb1_3>
...
006 (408779.000.000) 10/24 13:19:07 Image size of job updated: 23872
	8  -  MemoryUsage of job (MB)
	8172  -  ResidentSetSize of job (KB)
...
006 (408779.000.000) 10/24 13:19:22 Image size of job updated: 106700
	8  -  MemoryUsage of job (MB)
	8176  -  ResidentSetSize of job (KB)
...
005 (408779.000.000) 10/24 13:19:22 Job terminated.
	(1) Normal termination (return value 1)
		Usr 0 00:00:01, Sys 0 00:00:00  -  Run Remote Usage
		Usr 0 00:00:00, Sys 0 00:00:00  -  Run Local Usage
		Usr 0 00:00:01, Sys 0 00:00:00  -  Total Remote Usage
		Usr 0 00:00:00, Sys 0 00:00:00  -  Total Local Usage
	5645  -  Run Bytes Sent By Job
	902  -  Run Bytes Received By Job
	5645  -  Total Bytes Sent By Job
	902  -  Total Bytes Received By Job
	Partitionable Resources :    Usage  Request Allocated
	   Cpus                 :                 1         1
	   Disk (KB)            :       21        1   2186945
	   Memory (MB)          :        8     2000      2000
...
