Opened: /afs/cern.ch/work/i/idutta/private/HCAL_muALCA/CMSSW_10_1_6/src/Muon_Calibration_noTrack_2018/muon_calibration_ana/bash/condor/condor_submit/runList_QCD_2018D_wPU_ieta27_Oct20_89.txt
Added file: /eos/cms/store/group/dpg_hcal/comm_hcal/idutta/QCD-Pt15-7000_TuneCP5_13TeV_pythia8_IsoTrackFilter/QCD_2018D_wPU_ieta27_Oct20/181021_191320/0000/Validation_900.root
Added file: /eos/cms/store/group/dpg_hcal/comm_hcal/idutta/QCD-Pt15-7000_TuneCP5_13TeV_pythia8_IsoTrackFilter/QCD_2018D_wPU_ieta27_Oct20/181021_191320/0000/Validation_901.root
Added file: /eos/cms/store/group/dpg_hcal/comm_hcal/idutta/QCD-Pt15-7000_TuneCP5_13TeV_pythia8_IsoTrackFilter/QCD_2018D_wPU_ieta27_Oct20/181021_191320/0000/Validation_902.root
Added file: /eos/cms/store/group/dpg_hcal/comm_hcal/idutta/QCD-Pt15-7000_TuneCP5_13TeV_pythia8_IsoTrackFilter/QCD_2018D_wPU_ieta27_Oct20/181021_191320/0000/Validation_903.root
Added file: /eos/cms/store/group/dpg_hcal/comm_hcal/idutta/QCD-Pt15-7000_TuneCP5_13TeV_pythia8_IsoTrackFilter/QCD_2018D_wPU_ieta27_Oct20/181021_191320/0000/Validation_904.root
Added file: /eos/cms/store/group/dpg_hcal/comm_hcal/idutta/QCD-Pt15-7000_TuneCP5_13TeV_pythia8_IsoTrackFilter/QCD_2018D_wPU_ieta27_Oct20/181021_191320/0000/Validation_905.root
Added file: /eos/cms/store/group/dpg_hcal/comm_hcal/idutta/QCD-Pt15-7000_TuneCP5_13TeV_pythia8_IsoTrackFilter/QCD_2018D_wPU_ieta27_Oct20/181021_191320/0000/Validation_906.root
Added file: /eos/cms/store/group/dpg_hcal/comm_hcal/idutta/QCD-Pt15-7000_TuneCP5_13TeV_pythia8_IsoTrackFilter/QCD_2018D_wPU_ieta27_Oct20/181021_191320/0000/Validation_907.root
Added file: /eos/cms/store/group/dpg_hcal/comm_hcal/idutta/QCD-Pt15-7000_TuneCP5_13TeV_pythia8_IsoTrackFilter/QCD_2018D_wPU_ieta27_Oct20/181021_191320/0000/Validation_908.root
Added file: /eos/cms/store/group/dpg_hcal/comm_hcal/idutta/QCD-Pt15-7000_TuneCP5_13TeV_pythia8_IsoTrackFilter/QCD_2018D_wPU_ieta27_Oct20/181021_191320/0000/Validation_909.root
SysError in <TFile::TFile>: file /eos/cms/store/group/dpg_hcal/comm_hcal/idutta/ntuples/20Oct2018/HCALSampleQCD_2018D_wPU_ieta27_Oct20/20Oct2018QCD_2018D_wPU_ieta27_Oct20_job89_nvtx_sel-1.root can not be opened (Transport endpoint is not connected)
Error in <TFile::TFile>: file /eos/cms/store/group/dpg_hcal/comm_hcal/idutta/QCD-Pt15-7000_TuneCP5_13TeV_pythia8_IsoTrackFilter/QCD_2018D_wPU_ieta27_Oct20/181021_191320/0000/Validation_900.root does not exist
Error in <TFile::TFile>: file /eos/cms/store/group/dpg_hcal/comm_hcal/idutta/QCD-Pt15-7000_TuneCP5_13TeV_pythia8_IsoTrackFilter/QCD_2018D_wPU_ieta27_Oct20/181021_191320/0000/Validation_901.root does not exist
Error in <TFile::TFile>: file /eos/cms/store/group/dpg_hcal/comm_hcal/idutta/QCD-Pt15-7000_TuneCP5_13TeV_pythia8_IsoTrackFilter/QCD_2018D_wPU_ieta27_Oct20/181021_191320/0000/Validation_902.root does not exist
Error in <TFile::TFile>: file /eos/cms/store/group/dpg_hcal/comm_hcal/idutta/QCD-Pt15-7000_TuneCP5_13TeV_pythia8_IsoTrackFilter/QCD_2018D_wPU_ieta27_Oct20/181021_191320/0000/Validation_903.root does not exist
Error in <TFile::TFile>: file /eos/cms/store/group/dpg_hcal/comm_hcal/idutta/QCD-Pt15-7000_TuneCP5_13TeV_pythia8_IsoTrackFilter/QCD_2018D_wPU_ieta27_Oct20/181021_191320/0000/Validation_904.root does not exist
Error in <TFile::TFile>: file /eos/cms/store/group/dpg_hcal/comm_hcal/idutta/QCD-Pt15-7000_TuneCP5_13TeV_pythia8_IsoTrackFilter/QCD_2018D_wPU_ieta27_Oct20/181021_191320/0000/Validation_905.root does not exist
Error in <TFile::TFile>: file /eos/cms/store/group/dpg_hcal/comm_hcal/idutta/QCD-Pt15-7000_TuneCP5_13TeV_pythia8_IsoTrackFilter/QCD_2018D_wPU_ieta27_Oct20/181021_191320/0000/Validation_906.root does not exist
Error in <TFile::TFile>: file /eos/cms/store/group/dpg_hcal/comm_hcal/idutta/QCD-Pt15-7000_TuneCP5_13TeV_pythia8_IsoTrackFilter/QCD_2018D_wPU_ieta27_Oct20/181021_191320/0000/Validation_907.root does not exist
Error in <TFile::TFile>: file /eos/cms/store/group/dpg_hcal/comm_hcal/idutta/QCD-Pt15-7000_TuneCP5_13TeV_pythia8_IsoTrackFilter/QCD_2018D_wPU_ieta27_Oct20/181021_191320/0000/Validation_908.root does not exist
Error in <TFile::TFile>: file /eos/cms/store/group/dpg_hcal/comm_hcal/idutta/QCD-Pt15-7000_TuneCP5_13TeV_pythia8_IsoTrackFilter/QCD_2018D_wPU_ieta27_Oct20/181021_191320/0000/Validation_909.root does not exist

 *** Break *** segmentation violation



===========================================================
There was a crash.
This is the entire stack trace of all threads:
===========================================================
#0  0x00002b26959ca17c in waitpid () from /lib64/libc.so.6
#1  0x00002b2695947e52 in do_system () from /lib64/libc.so.6
#2  0x00002b2693fac568 in TUnixSystem::StackTrace() () from /cvmfs/cms.cern.ch/slc6_amd64_gcc630/cms/cmssw/CMSSW_10_1_6/external/slc6_amd64_gcc630/lib/libCore.so
#3  0x00002b2693faea1c in TUnixSystem::DispatchSignals(ESignals) () from /cvmfs/cms.cern.ch/slc6_amd64_gcc630/cms/cmssw/CMSSW_10_1_6/external/slc6_amd64_gcc630/lib/libCore.so
#4  <signal handler called>
#5  0x000000000040d0d0 in NtuplerReader::Loop (this=0x3b0ea70, path=<incomplete type>, prefix=<incomplete type>, nvtx_sel=-1) at NtuplerReader.C:239
#6  0x0000000000405405 in main (argc=5, argv=0x7ffe147f4068) at readMC.C:32
===========================================================


The lines below might hint at the cause of the crash.
You may get help by asking at the ROOT forum http://root.cern.ch/forum.
Only if you are really convinced it is a bug in ROOT then please submit a
report at http://root.cern.ch/bugs. Please post the ENTIRE stack trace
from above as an attachment in addition to anything else
that might help us fixing this issue.
===========================================================
#5  0x000000000040d0d0 in NtuplerReader::Loop (this=0x3b0ea70, path=<incomplete type>, prefix=<incomplete type>, nvtx_sel=-1) at NtuplerReader.C:239
#6  0x0000000000405405 in main (argc=5, argv=0x7ffe147f4068) at readMC.C:32
===========================================================


