000 (407682.000.000) 10/23 16:07:57 Job submitted from host: <137.138.156.150:9618?addrs=137.138.156.150-9618+[2001-1458-d00-14--9a]-9618&noUDP&sock=4221_d558_7>
...
001 (407682.000.000) 10/23 16:12:59 Job executing on host: <188.184.204.197:9618?addrs=188.184.204.197-9618+[2001-1458-301-7d--100-523]-9618&noUDP&sock=1279_ddb8_3>
...
006 (407682.000.000) 10/23 16:13:07 Image size of job updated: 1508
	2  -  MemoryUsage of job (MB)
	1420  -  ResidentSetSize of job (KB)
...
006 (407682.000.000) 10/23 16:13:30 Image size of job updated: 147880
	2  -  MemoryUsage of job (MB)
	1428  -  ResidentSetSize of job (KB)
...
005 (407682.000.000) 10/23 16:13:30 Job terminated.
	(1) Normal termination (return value 1)
		Usr 0 00:00:01, Sys 0 00:00:00  -  Run Remote Usage
		Usr 0 00:00:00, Sys 0 00:00:00  -  Run Local Usage
		Usr 0 00:00:01, Sys 0 00:00:00  -  Total Remote Usage
		Usr 0 00:00:00, Sys 0 00:00:00  -  Total Local Usage
	15237  -  Run Bytes Sent By Job
	902  -  Run Bytes Received By Job
	15237  -  Total Bytes Sent By Job
	902  -  Total Bytes Received By Job
	Partitionable Resources :    Usage  Request Allocated
	   Cpus                 :                 1         1
	   Disk (KB)            :       31        1   2111509
	   Memory (MB)          :        2     2000      2000
...
000 (408933.000.000) 10/24 14:49:01 Job submitted from host: <137.138.156.150:9618?addrs=137.138.156.150-9618+[2001-1458-d00-14--9a]-9618&noUDP&sock=4221_d558_7>
...
001 (408933.000.000) 10/24 14:51:53 Job executing on host: <188.184.205.0:9618?addrs=188.184.205.0-9618+[2001-1458-301-7d--100-512]-9618&noUDP&sock=1271_60f6_3>
...
006 (408933.000.000) 10/24 14:52:02 Image size of job updated: 72932
	29  -  MemoryUsage of job (MB)
	29636  -  ResidentSetSize of job (KB)
...
006 (408933.000.000) 10/24 14:52:14 Image size of job updated: 72932
	30  -  MemoryUsage of job (MB)
	30540  -  ResidentSetSize of job (KB)
...
005 (408933.000.000) 10/24 14:52:14 Job terminated.
	(1) Normal termination (return value 1)
		Usr 0 00:00:01, Sys 0 00:00:00  -  Run Remote Usage
		Usr 0 00:00:00, Sys 0 00:00:00  -  Run Local Usage
		Usr 0 00:00:01, Sys 0 00:00:00  -  Total Remote Usage
		Usr 0 00:00:00, Sys 0 00:00:00  -  Total Local Usage
	15237  -  Run Bytes Sent By Job
	902  -  Run Bytes Received By Job
	15237  -  Total Bytes Sent By Job
	902  -  Total Bytes Received By Job
	Partitionable Resources :    Usage  Request Allocated
	   Cpus                 :                 1         1
	   Disk (KB)            :       31        1   2204621
	   Memory (MB)          :       30     2000      2000
...
