000 (407428.000.000) 10/23 15:29:22 Job submitted from host: <137.138.156.150:9618?addrs=137.138.156.150-9618+[2001-1458-d00-14--9a]-9618&noUDP&sock=4221_d558_7>
...
001 (407428.000.000) 10/23 15:31:11 Job executing on host: <188.184.205.147:9618?addrs=188.184.205.147-9618+[2001-1458-301-7d--100-527]-9618&noUDP&sock=1291_18db_3>
...
006 (407428.000.000) 10/23 15:31:20 Image size of job updated: 76816
	44  -  MemoryUsage of job (MB)
	44396  -  ResidentSetSize of job (KB)
...
006 (407428.000.000) 10/23 15:31:23 Image size of job updated: 414976
	44  -  MemoryUsage of job (MB)
	44404  -  ResidentSetSize of job (KB)
...
005 (407428.000.000) 10/23 15:31:23 Job terminated.
	(1) Normal termination (return value 1)
		Usr 0 00:00:01, Sys 0 00:00:00  -  Run Remote Usage
		Usr 0 00:00:00, Sys 0 00:00:00  -  Run Local Usage
		Usr 0 00:00:01, Sys 0 00:00:00  -  Total Remote Usage
		Usr 0 00:00:00, Sys 0 00:00:00  -  Total Local Usage
	794  -  Run Bytes Sent By Job
	902  -  Run Bytes Received By Job
	794  -  Total Bytes Sent By Job
	902  -  Total Bytes Received By Job
	Partitionable Resources :    Usage  Request Allocated
	   Cpus                 :                 1         1
	   Disk (KB)            :       17        1   2208433
	   Memory (MB)          :       44     2000      2000
...
000 (407961.000.000) 10/23 16:42:19 Job submitted from host: <137.138.156.150:9618?addrs=137.138.156.150-9618+[2001-1458-d00-14--9a]-9618&noUDP&sock=4221_d558_7>
...
001 (407961.000.000) 10/23 16:44:35 Job executing on host: <188.184.206.95:9618?addrs=188.184.206.95-9618+[2001-1458-301-7d--100-54f]-9618&noUDP&sock=1284_4bb1_3>
...
006 (407961.000.000) 10/23 16:44:43 Image size of job updated: 97776
	40  -  MemoryUsage of job (MB)
	40076  -  ResidentSetSize of job (KB)
...
006 (407961.000.000) 10/23 16:44:58 Image size of job updated: 159352
	40  -  MemoryUsage of job (MB)
	40308  -  ResidentSetSize of job (KB)
...
005 (407961.000.000) 10/23 16:44:58 Job terminated.
	(1) Normal termination (return value 1)
		Usr 0 00:00:01, Sys 0 00:00:00  -  Run Remote Usage
		Usr 0 00:00:00, Sys 0 00:00:00  -  Run Local Usage
		Usr 0 00:00:01, Sys 0 00:00:00  -  Total Remote Usage
		Usr 0 00:00:00, Sys 0 00:00:00  -  Total Local Usage
	12086  -  Run Bytes Sent By Job
	902  -  Run Bytes Received By Job
	12086  -  Total Bytes Sent By Job
	902  -  Total Bytes Received By Job
	Partitionable Resources :    Usage  Request Allocated
	   Cpus                 :                 1         1
	   Disk (KB)            :       28        1   2190613
	   Memory (MB)          :       40     2000      2000
...
