000 (407423.000.000) 10/23 15:29:07 Job submitted from host: <137.138.156.150:9618?addrs=137.138.156.150-9618+[2001-1458-d00-14--9a]-9618&noUDP&sock=4221_d558_7>
...
001 (407423.000.000) 10/23 15:31:09 Job executing on host: <188.184.204.103:9618?addrs=188.184.204.103-9618+[2001-1458-301-7d--100-4fd]-9618&noUDP&sock=1263_e434_3>
...
006 (407423.000.000) 10/23 15:31:18 Image size of job updated: 79500
	31  -  MemoryUsage of job (MB)
	30748  -  ResidentSetSize of job (KB)
...
006 (407423.000.000) 10/23 15:31:24 Image size of job updated: 86080
	31  -  MemoryUsage of job (MB)
	30816  -  ResidentSetSize of job (KB)
...
005 (407423.000.000) 10/23 15:31:24 Job terminated.
	(1) Normal termination (return value 1)
		Usr 0 00:00:01, Sys 0 00:00:00  -  Run Remote Usage
		Usr 0 00:00:00, Sys 0 00:00:00  -  Run Local Usage
		Usr 0 00:00:01, Sys 0 00:00:00  -  Total Remote Usage
		Usr 0 00:00:00, Sys 0 00:00:00  -  Total Local Usage
	794  -  Run Bytes Sent By Job
	902  -  Run Bytes Received By Job
	794  -  Total Bytes Sent By Job
	902  -  Total Bytes Received By Job
	Partitionable Resources :    Usage  Request Allocated
	   Cpus                 :                 1         1
	   Disk (KB)            :       17        1   2120098
	   Memory (MB)          :       31     2000      2000
...
000 (407956.000.000) 10/23 16:41:53 Job submitted from host: <137.138.156.150:9618?addrs=137.138.156.150-9618+[2001-1458-d00-14--9a]-9618&noUDP&sock=4221_d558_7>
...
001 (407956.000.000) 10/23 16:44:32 Job executing on host: <188.184.186.247:9618?addrs=188.184.186.247-9618+[2001-1458-301-f8--f]-9618&noUDP&sock=1303_53fe_3>
...
006 (407956.000.000) 10/23 16:44:41 Image size of job updated: 100872
	42  -  MemoryUsage of job (MB)
	42996  -  ResidentSetSize of job (KB)
...
006 (407956.000.000) 10/23 16:44:51 Image size of job updated: 156564
	43  -  MemoryUsage of job (MB)
	43360  -  ResidentSetSize of job (KB)
...
005 (407956.000.000) 10/23 16:44:51 Job terminated.
	(1) Normal termination (return value 1)
		Usr 0 00:00:01, Sys 0 00:00:00  -  Run Remote Usage
		Usr 0 00:00:00, Sys 0 00:00:00  -  Run Local Usage
		Usr 0 00:00:01, Sys 0 00:00:00  -  Total Remote Usage
		Usr 0 00:00:00, Sys 0 00:00:00  -  Total Local Usage
	12086  -  Run Bytes Sent By Job
	902  -  Run Bytes Received By Job
	12086  -  Total Bytes Sent By Job
	902  -  Total Bytes Received By Job
	Partitionable Resources :    Usage  Request Allocated
	   Cpus                 :                 1         1
	   Disk (KB)            :       28        1   2132316
	   Memory (MB)          :       43     2000      2000
...
