000 (407508.000.000) 10/23 15:43:54 Job submitted from host: <137.138.156.150:9618?addrs=137.138.156.150-9618+[2001-1458-d00-14--9a]-9618&noUDP&sock=4221_d558_7>
...
001 (407508.000.000) 10/23 15:46:54 Job executing on host: <188.184.205.90:9618?addrs=188.184.205.90-9618+[--1]-9618&noUDP&sock=1243_2c4f_3>
...
006 (407508.000.000) 10/23 15:47:03 Image size of job updated: 50868
	44  -  MemoryUsage of job (MB)
	44412  -  ResidentSetSize of job (KB)
...
006 (407508.000.000) 10/23 15:47:06 Image size of job updated: 50868
	44  -  MemoryUsage of job (MB)
	44428  -  ResidentSetSize of job (KB)
...
005 (407508.000.000) 10/23 15:47:07 Job terminated.
	(1) Normal termination (return value 1)
		Usr 0 00:00:01, Sys 0 00:00:00  -  Run Remote Usage
		Usr 0 00:00:00, Sys 0 00:00:00  -  Run Local Usage
		Usr 0 00:00:01, Sys 0 00:00:00  -  Total Remote Usage
		Usr 0 00:00:00, Sys 0 00:00:00  -  Total Local Usage
	789  -  Run Bytes Sent By Job
	902  -  Run Bytes Received By Job
	789  -  Total Bytes Sent By Job
	902  -  Total Bytes Received By Job
	Partitionable Resources :    Usage  Request Allocated
	   Cpus                 :                 1         1
	   Disk (KB)            :       17        1   2190719
	   Memory (MB)          :       44     2000      2000
...
000 (408753.000.000) 10/24 13:17:04 Job submitted from host: <137.138.156.150:9618?addrs=137.138.156.150-9618+[2001-1458-d00-14--9a]-9618&noUDP&sock=4221_d558_7>
...
001 (408753.000.000) 10/24 13:17:51 Job executing on host: <188.185.214.18:9618?addrs=188.185.214.18-9618+[2001-1459-301-99--100-c]-9618&noUDP&sock=1282_ec81_3>
...
006 (408753.000.000) 10/24 13:18:00 Image size of job updated: 94800
	37  -  MemoryUsage of job (MB)
	37100  -  ResidentSetSize of job (KB)
...
006 (408753.000.000) 10/24 13:18:23 Image size of job updated: 142748
	37  -  MemoryUsage of job (MB)
	37104  -  ResidentSetSize of job (KB)
...
005 (408753.000.000) 10/24 13:18:23 Job terminated.
	(1) Normal termination (return value 1)
		Usr 0 00:00:01, Sys 0 00:00:00  -  Run Remote Usage
		Usr 0 00:00:00, Sys 0 00:00:00  -  Run Local Usage
		Usr 0 00:00:01, Sys 0 00:00:00  -  Total Remote Usage
		Usr 0 00:00:00, Sys 0 00:00:00  -  Total Local Usage
	5644  -  Run Bytes Sent By Job
	902  -  Run Bytes Received By Job
	5644  -  Total Bytes Sent By Job
	902  -  Total Bytes Received By Job
	Partitionable Resources :    Usage  Request Allocated
	   Cpus                 :                 1         1
	   Disk (KB)            :       21        1   2163326
	   Memory (MB)          :       37     2000      2000
...
