000 (407471.000.000) 10/23 15:41:48 Job submitted from host: <137.138.156.150:9618?addrs=137.138.156.150-9618+[2001-1458-d00-14--9a]-9618&noUDP&sock=4221_d558_7>
...
001 (407471.000.000) 10/23 15:46:08 Job executing on host: <188.184.206.122:9618?addrs=188.184.206.122-9618+[2001-1458-301-7d--100-549]-9618&noUDP&sock=1251_a911_3>
...
006 (407471.000.000) 10/23 15:46:17 Image size of job updated: 13492
	8  -  MemoryUsage of job (MB)
	7748  -  ResidentSetSize of job (KB)
...
006 (407471.000.000) 10/23 15:46:33 Image size of job updated: 448564
	8  -  MemoryUsage of job (MB)
	7748  -  ResidentSetSize of job (KB)
...
005 (407471.000.000) 10/23 15:46:34 Job terminated.
	(1) Normal termination (return value 1)
		Usr 0 00:00:01, Sys 0 00:00:00  -  Run Remote Usage
		Usr 0 00:00:00, Sys 0 00:00:00  -  Run Local Usage
		Usr 0 00:00:01, Sys 0 00:00:00  -  Total Remote Usage
		Usr 0 00:00:00, Sys 0 00:00:00  -  Total Local Usage
	791  -  Run Bytes Sent By Job
	902  -  Run Bytes Received By Job
	791  -  Total Bytes Sent By Job
	902  -  Total Bytes Received By Job
	Partitionable Resources :    Usage  Request Allocated
	   Cpus                 :                 1         1
	   Disk (KB)            :       16        1   2213273
	   Memory (MB)          :        8     2000      2000
...
000 (408716.000.000) 10/24 13:14:48 Job submitted from host: <137.138.156.150:9618?addrs=137.138.156.150-9618+[2001-1458-d00-14--9a]-9618&noUDP&sock=4221_d558_7>
...
001 (408716.000.000) 10/24 13:16:04 Job executing on host: <188.184.205.0:9618?addrs=188.184.205.0-9618+[2001-1458-301-7d--100-512]-9618&noUDP&sock=1271_60f6_3>
...
006 (408716.000.000) 10/24 13:16:13 Image size of job updated: 10276
	10  -  MemoryUsage of job (MB)
	9472  -  ResidentSetSize of job (KB)
...
006 (408716.000.000) 10/24 13:16:26 Image size of job updated: 28764
	10  -  MemoryUsage of job (MB)
	9472  -  ResidentSetSize of job (KB)
...
005 (408716.000.000) 10/24 13:16:26 Job terminated.
	(1) Normal termination (return value 1)
		Usr 0 00:00:01, Sys 0 00:00:00  -  Run Remote Usage
		Usr 0 00:00:00, Sys 0 00:00:00  -  Run Local Usage
		Usr 0 00:00:01, Sys 0 00:00:00  -  Total Remote Usage
		Usr 0 00:00:00, Sys 0 00:00:00  -  Total Local Usage
	7826  -  Run Bytes Sent By Job
	902  -  Run Bytes Received By Job
	7826  -  Total Bytes Sent By Job
	902  -  Total Bytes Received By Job
	Partitionable Resources :    Usage  Request Allocated
	   Cpus                 :                 1         1
	   Disk (KB)            :       23        1   2205805
	   Memory (MB)          :       10     2000      2000
...
