000 (407506.000.000) 10/23 15:43:48 Job submitted from host: <137.138.156.150:9618?addrs=137.138.156.150-9618+[2001-1458-d00-14--9a]-9618&noUDP&sock=4221_d558_7>
...
001 (407506.000.000) 10/23 15:46:54 Job executing on host: <188.184.205.90:9618?addrs=188.184.205.90-9618+[--1]-9618&noUDP&sock=1243_2c4f_3>
...
006 (407506.000.000) 10/23 15:47:03 Image size of job updated: 55432
	43  -  MemoryUsage of job (MB)
	43548  -  ResidentSetSize of job (KB)
...
005 (407506.000.000) 10/23 15:47:07 Job terminated.
	(1) Normal termination (return value 1)
		Usr 0 00:00:01, Sys 0 00:00:00  -  Run Remote Usage
		Usr 0 00:00:00, Sys 0 00:00:00  -  Run Local Usage
		Usr 0 00:00:01, Sys 0 00:00:00  -  Total Remote Usage
		Usr 0 00:00:00, Sys 0 00:00:00  -  Total Local Usage
	789  -  Run Bytes Sent By Job
	902  -  Run Bytes Received By Job
	789  -  Total Bytes Sent By Job
	902  -  Total Bytes Received By Job
	Partitionable Resources :    Usage  Request Allocated
	   Cpus                 :                 1         1
	   Disk (KB)            :       17        1   2190725
	   Memory (MB)          :       43     2000      2000
...
000 (408751.000.000) 10/24 13:16:42 Job submitted from host: <137.138.156.150:9618?addrs=137.138.156.150-9618+[2001-1458-d00-14--9a]-9618&noUDP&sock=4221_d558_7>
...
001 (408751.000.000) 10/24 13:16:49 Job executing on host: <188.185.55.69:9618?addrs=188.185.55.69-9618+[2001-1459-301-b3--100-2fd]-9618&noUDP&sock=1215_f7a8_3>
...
006 (408751.000.000) 10/24 13:16:57 Image size of job updated: 98320
	40  -  MemoryUsage of job (MB)
	40616  -  ResidentSetSize of job (KB)
...
006 (408751.000.000) 10/24 13:17:08 Image size of job updated: 98320
	40  -  MemoryUsage of job (MB)
	40704  -  ResidentSetSize of job (KB)
...
005 (408751.000.000) 10/24 13:17:08 Job terminated.
	(1) Normal termination (return value 1)
		Usr 0 00:00:01, Sys 0 00:00:00  -  Run Remote Usage
		Usr 0 00:00:00, Sys 0 00:00:00  -  Run Local Usage
		Usr 0 00:00:01, Sys 0 00:00:00  -  Total Remote Usage
		Usr 0 00:00:00, Sys 0 00:00:00  -  Total Local Usage
	3463  -  Run Bytes Sent By Job
	902  -  Run Bytes Received By Job
	3463  -  Total Bytes Sent By Job
	902  -  Total Bytes Received By Job
	Partitionable Resources :    Usage  Request Allocated
	   Cpus                 :                 1         1
	   Disk (KB)            :       19        1   2199601
	   Memory (MB)          :       40     2000      2000
...
