000 (407120.000.000) 10/23 14:57:05 Job submitted from host: <137.138.156.150:9618?addrs=137.138.156.150-9618+[2001-1458-d00-14--9a]-9618&noUDP&sock=4221_d558_7>
...
001 (407120.000.000) 10/23 14:57:14 Job executing on host: <188.185.213.191:9618?addrs=188.185.213.191-9618+[2001-1459-301-98--100-b9]-9618&noUDP&sock=1258_763b_3>
...
006 (407120.000.000) 10/23 14:57:22 Image size of job updated: 77352
	41  -  MemoryUsage of job (MB)
	41656  -  ResidentSetSize of job (KB)
...
006 (407120.000.000) 10/23 14:57:34 Image size of job updated: 472084
	41  -  MemoryUsage of job (MB)
	41660  -  ResidentSetSize of job (KB)
...
005 (407120.000.000) 10/23 14:57:34 Job terminated.
	(1) Normal termination (return value 1)
		Usr 0 00:00:00, Sys 0 00:00:00  -  Run Remote Usage
		Usr 0 00:00:00, Sys 0 00:00:00  -  Run Local Usage
		Usr 0 00:00:00, Sys 0 00:00:00  -  Total Remote Usage
		Usr 0 00:00:00, Sys 0 00:00:00  -  Total Local Usage
	12092  -  Run Bytes Sent By Job
	902  -  Run Bytes Received By Job
	12092  -  Total Bytes Sent By Job
	902  -  Total Bytes Received By Job
	Partitionable Resources :    Usage  Request Allocated
	   Cpus                 :                 1         1
	   Disk (KB)            :       28        1   2157696
	   Memory (MB)          :       41     2000      2000
...
