000 (407738.000.000) 10/23 16:11:10 Job submitted from host: <137.138.156.150:9618?addrs=137.138.156.150-9618+[2001-1458-d00-14--9a]-9618&noUDP&sock=4221_d558_7>
...
001 (407738.000.000) 10/23 16:14:00 Job executing on host: <188.184.204.157:9618?addrs=188.184.204.157-9618+[2001-1458-301-7d--100-50a]-9618&noUDP&sock=1280_8d50_3>
...
006 (407738.000.000) 10/23 16:14:09 Image size of job updated: 67312
	43  -  MemoryUsage of job (MB)
	43524  -  ResidentSetSize of job (KB)
...
006 (407738.000.000) 10/23 16:14:16 Image size of job updated: 67312
	43  -  MemoryUsage of job (MB)
	43532  -  ResidentSetSize of job (KB)
...
005 (407738.000.000) 10/23 16:14:16 Job terminated.
	(1) Normal termination (return value 1)
		Usr 0 00:00:01, Sys 0 00:00:00  -  Run Remote Usage
		Usr 0 00:00:00, Sys 0 00:00:00  -  Run Local Usage
		Usr 0 00:00:01, Sys 0 00:00:00  -  Total Remote Usage
		Usr 0 00:00:00, Sys 0 00:00:00  -  Total Local Usage
	15237  -  Run Bytes Sent By Job
	902  -  Run Bytes Received By Job
	15237  -  Total Bytes Sent By Job
	902  -  Total Bytes Received By Job
	Partitionable Resources :    Usage  Request Allocated
	   Cpus                 :                 1         1
	   Disk (KB)            :       31        1   2105651
	   Memory (MB)          :       43     2000      2000
...
000 (408990.000.000) 10/24 14:52:17 Job submitted from host: <137.138.156.150:9618?addrs=137.138.156.150-9618+[2001-1458-d00-14--9a]-9618&noUDP&sock=4221_d558_7>
...
001 (408990.000.000) 10/24 14:52:21 Job executing on host: <188.184.204.75:9618?addrs=188.184.204.75-9618+[2001-1458-301-7d--100-4ff]-9618&noUDP&sock=1272_108e_3>
...
006 (408990.000.000) 10/24 14:52:30 Image size of job updated: 93616
	43  -  MemoryUsage of job (MB)
	43536  -  ResidentSetSize of job (KB)
...
006 (408990.000.000) 10/24 14:52:35 Image size of job updated: 151020
	43  -  MemoryUsage of job (MB)
	43536  -  ResidentSetSize of job (KB)
...
005 (408990.000.000) 10/24 14:52:35 Job terminated.
	(1) Normal termination (return value 1)
		Usr 0 00:00:01, Sys 0 00:00:00  -  Run Remote Usage
		Usr 0 00:00:00, Sys 0 00:00:00  -  Run Local Usage
		Usr 0 00:00:01, Sys 0 00:00:00  -  Total Remote Usage
		Usr 0 00:00:00, Sys 0 00:00:00  -  Total Local Usage
	15237  -  Run Bytes Sent By Job
	902  -  Run Bytes Received By Job
	15237  -  Total Bytes Sent By Job
	902  -  Total Bytes Received By Job
	Partitionable Resources :    Usage  Request Allocated
	   Cpus                 :                 1         1
	   Disk (KB)            :       31        1   2102622
	   Memory (MB)          :       43     2000      2000
...
