000 (407316.000.000) 10/23 15:22:12 Job submitted from host: <137.138.156.150:9618?addrs=137.138.156.150-9618+[2001-1458-d00-14--9a]-9618&noUDP&sock=4221_d558_7>
...
001 (407316.000.000) 10/23 15:22:48 Job executing on host: <188.184.205.237:9618?addrs=188.184.205.237-9618+[2001-1458-301-7d--100-531]-9618&noUDP&sock=1287_5a7a_3>
...
006 (407316.000.000) 10/23 15:22:56 Image size of job updated: 92016
	43  -  MemoryUsage of job (MB)
	43536  -  ResidentSetSize of job (KB)
...
006 (407316.000.000) 10/23 15:22:59 Image size of job updated: 92020
	43  -  MemoryUsage of job (MB)
	43536  -  ResidentSetSize of job (KB)
...
005 (407316.000.000) 10/23 15:22:59 Job terminated.
	(1) Normal termination (return value 1)
		Usr 0 00:00:00, Sys 0 00:00:00  -  Run Remote Usage
		Usr 0 00:00:00, Sys 0 00:00:00  -  Run Local Usage
		Usr 0 00:00:00, Sys 0 00:00:00  -  Total Remote Usage
		Usr 0 00:00:00, Sys 0 00:00:00  -  Total Local Usage
	791  -  Run Bytes Sent By Job
	902  -  Run Bytes Received By Job
	791  -  Total Bytes Sent By Job
	902  -  Total Bytes Received By Job
	Partitionable Resources :    Usage  Request Allocated
	   Cpus                 :                 1         1
	   Disk (KB)            :       17        1   2224931
	   Memory (MB)          :       43     2000      2000
...
000 (407833.000.000) 10/23 16:33:59 Job submitted from host: <137.138.156.150:9618?addrs=137.138.156.150-9618+[2001-1458-d00-14--9a]-9618&noUDP&sock=4221_d558_7>
...
001 (407833.000.000) 10/23 16:36:54 Job executing on host: <188.184.205.79:9618?addrs=188.184.205.79-9618+[2001-1458-301-7d--100-51b]-9618&noUDP&sock=1284_4bb1_3>
...
006 (407833.000.000) 10/23 16:37:03 Image size of job updated: 93600
	43  -  MemoryUsage of job (MB)
	43524  -  ResidentSetSize of job (KB)
...
006 (407833.000.000) 10/23 16:37:12 Image size of job updated: 163140
	43  -  MemoryUsage of job (MB)
	43524  -  ResidentSetSize of job (KB)
...
005 (407833.000.000) 10/23 16:37:13 Job terminated.
	(1) Normal termination (return value 1)
		Usr 0 00:00:01, Sys 0 00:00:00  -  Run Remote Usage
		Usr 0 00:00:00, Sys 0 00:00:00  -  Run Local Usage
		Usr 0 00:00:01, Sys 0 00:00:00  -  Total Remote Usage
		Usr 0 00:00:00, Sys 0 00:00:00  -  Total Local Usage
	12084  -  Run Bytes Sent By Job
	902  -  Run Bytes Received By Job
	12084  -  Total Bytes Sent By Job
	902  -  Total Bytes Received By Job
	Partitionable Resources :    Usage  Request Allocated
	   Cpus                 :                 1         1
	   Disk (KB)            :       28        1   2111749
	   Memory (MB)          :       43     2000      2000
...
