Opened: /afs/cern.ch/work/i/idutta/private/HCAL_muALCA/CMSSW_10_1_6/src/Muon_Calibration_noTrack_2018/muon_calibration_ana/bash/condor/condor_submit/runList_QCD_2018D_NoPU_ieta27_Oct20_1_4.txt
Added file: /eos/cms/store/group/dpg_hcal/comm_hcal/idutta/QCD-Pt15-7000_TuneCP5_13TeV_pythia8_IsoTrackFilter/QCD_2018D_NoPU_ieta27_Oct20/181021_191223/0000/Validation_117.root
Added file: /eos/cms/store/group/dpg_hcal/comm_hcal/idutta/QCD-Pt15-7000_TuneCP5_13TeV_pythia8_IsoTrackFilter/QCD_2018D_NoPU_ieta27_Oct20/181021_191223/0000/Validation_118.root
Added file: /eos/cms/store/group/dpg_hcal/comm_hcal/idutta/QCD-Pt15-7000_TuneCP5_13TeV_pythia8_IsoTrackFilter/QCD_2018D_NoPU_ieta27_Oct20/181021_191223/0000/Validation_119.root
Added file: /eos/cms/store/group/dpg_hcal/comm_hcal/idutta/QCD-Pt15-7000_TuneCP5_13TeV_pythia8_IsoTrackFilter/QCD_2018D_NoPU_ieta27_Oct20/181021_191223/0000/Validation_12.root
Added file: /eos/cms/store/group/dpg_hcal/comm_hcal/idutta/QCD-Pt15-7000_TuneCP5_13TeV_pythia8_IsoTrackFilter/QCD_2018D_NoPU_ieta27_Oct20/181021_191223/0000/Validation_120.root
Warning in <TClass::Init>: no dictionary for class ROOT::TIOFeatures is available
Error in <TTree::SetBranchStatus>: unknown branch -> MuonIsMedium
Error in <TTree::SetBranchStatus>: unknown branch -> muon_trkKink
Error in <TTree::SetBranchStatus>: unknown branch -> muon_chi2LocalPosition
Error in <TTree::SetBranchStatus>: unknown branch -> muon_segComp
Error in <TTree::SetBranchStatus>: unknown branch -> TrackerLayer
Error in <TTree::SetBranchStatus>: unknown branch -> NumPixelLayers
Error in <TTree::SetBranchStatus>: unknown branch -> InnerTrackPixelHits
Error in <TTree::SetBranchStatus>: unknown branch -> innerTrack
Error in <TTree::SetBranchStatus>: unknown branch -> chiTracker
Error in <TTree::SetBranchStatus>: unknown branch -> DxyTracker
Error in <TTree::SetBranchStatus>: unknown branch -> DzTracker
Error in <TTree::SetBranchStatus>: unknown branch -> innerTrackpt
Error in <TTree::SetBranchStatus>: unknown branch -> innerTracketa
Error in <TTree::SetBranchStatus>: unknown branch -> innerTrackphi
Error in <TTree::SetBranchStatus>: unknown branch -> tight_validFraction
Error in <TTree::SetBranchStatus>: unknown branch -> OuterTrack
Error in <TTree::SetBranchStatus>: unknown branch -> OuterTrackChi
Error in <TTree::SetBranchStatus>: unknown branch -> OuterTrackPt
Error in <TTree::SetBranchStatus>: unknown branch -> OuterTrackEta
Error in <TTree::SetBranchStatus>: unknown branch -> OuterTrackPhi
Error in <TTree::SetBranchStatus>: unknown branch -> OuterTrackHits
Error in <TTree::SetBranchStatus>: unknown branch -> OuterTrackRHits
Error in <TTree::SetBranchStatus>: unknown branch -> GlobalTrack
Error in <TTree::SetBranchStatus>: unknown branch -> GlobalTrckPt
Error in <TTree::SetBranchStatus>: unknown branch -> GlobalTrckEta
Error in <TTree::SetBranchStatus>: unknown branch -> GlobalTrckPhi
Error in <TTree::SetBranchStatus>: unknown branch -> Global_Muon_Hits
Error in <TTree::SetBranchStatus>: unknown branch -> MatchedStations
Error in <TTree::SetBranchStatus>: unknown branch -> GlobTrack_Chi
Error in <TTree::SetBranchStatus>: unknown branch -> Tight_LongitudinalImpactparameter
Error in <TTree::SetBranchStatus>: unknown branch -> Tight_TransImpactparameter
Error in <TTree::SetBranchStatus>: unknown branch -> IsolationR03
Error in <TTree::SetBranchStatus>: unknown branch -> MuonIsMedium
Error in <TTree::SetBranchStatus>: unknown branch -> muon_trkKink
Error in <TTree::SetBranchStatus>: unknown branch -> muon_chi2LocalPosition
Error in <TTree::SetBranchStatus>: unknown branch -> muon_segComp
Error in <TTree::SetBranchStatus>: unknown branch -> TrackerLayer
Error in <TTree::SetBranchStatus>: unknown branch -> NumPixelLayers
Error in <TTree::SetBranchStatus>: unknown branch -> InnerTrackPixelHits
Error in <TTree::SetBranchStatus>: unknown branch -> innerTrack
Error in <TTree::SetBranchStatus>: unknown branch -> chiTracker
Error in <TTree::SetBranchStatus>: unknown branch -> DxyTracker
Error in <TTree::SetBranchStatus>: unknown branch -> DzTracker
Error in <TTree::SetBranchStatus>: unknown branch -> innerTrackpt
Error in <TTree::SetBranchStatus>: unknown branch -> innerTracketa
Error in <TTree::SetBranchStatus>: unknown branch -> innerTrackphi
Error in <TTree::SetBranchStatus>: unknown branch -> tight_validFraction
Error in <TTree::SetBranchStatus>: unknown branch -> OuterTrack
Error in <TTree::SetBranchStatus>: unknown branch -> OuterTrackChi
Error in <TTree::SetBranchStatus>: unknown branch -> OuterTrackPt
Error in <TTree::SetBranchStatus>: unknown branch -> OuterTrackEta
Error in <TTree::SetBranchStatus>: unknown branch -> OuterTrackPhi
Error in <TTree::SetBranchStatus>: unknown branch -> OuterTrackHits
Error in <TTree::SetBranchStatus>: unknown branch -> OuterTrackRHits
Error in <TTree::SetBranchStatus>: unknown branch -> GlobalTrack
Error in <TTree::SetBranchStatus>: unknown branch -> GlobalTrckPt
Error in <TTree::SetBranchStatus>: unknown branch -> GlobalTrckEta
Error in <TTree::SetBranchStatus>: unknown branch -> GlobalTrckPhi
Error in <TTree::SetBranchStatus>: unknown branch -> Global_Muon_Hits
Error in <TTree::SetBranchStatus>: unknown branch -> MatchedStations
Error in <TTree::SetBranchStatus>: unknown branch -> GlobTrack_Chi
Error in <TTree::SetBranchStatus>: unknown branch -> Tight_LongitudinalImpactparameter
Error in <TTree::SetBranchStatus>: unknown branch -> Tight_TransImpactparameter
Error in <TTree::SetBranchStatus>: unknown branch -> IsolationR03
