000 (407181.000.000) 10/23 15:01:15 Job submitted from host: <137.138.156.150:9618?addrs=137.138.156.150-9618+[2001-1458-d00-14--9a]-9618&noUDP&sock=4221_d558_7>
...
001 (407181.000.000) 10/23 15:03:41 Job executing on host: <188.184.205.210:9618?addrs=188.184.205.210-9618+[2001-1458-301-7d--100-528]-9618&noUDP&sock=1287_5a7a_3>
...
006 (407181.000.000) 10/23 15:03:49 Image size of job updated: 69620
	29  -  MemoryUsage of job (MB)
	28868  -  ResidentSetSize of job (KB)
...
006 (407181.000.000) 10/23 15:04:04 Image size of job updated: 471460
	29  -  MemoryUsage of job (MB)
	28868  -  ResidentSetSize of job (KB)
...
005 (407181.000.000) 10/23 15:04:04 Job terminated.
	(1) Normal termination (return value 1)
		Usr 0 00:00:01, Sys 0 00:00:00  -  Run Remote Usage
		Usr 0 00:00:00, Sys 0 00:00:00  -  Run Local Usage
		Usr 0 00:00:01, Sys 0 00:00:00  -  Total Remote Usage
		Usr 0 00:00:00, Sys 0 00:00:00  -  Total Local Usage
	12092  -  Run Bytes Sent By Job
	902  -  Run Bytes Received By Job
	12092  -  Total Bytes Sent By Job
	902  -  Total Bytes Received By Job
	Partitionable Resources :    Usage  Request Allocated
	   Cpus                 :                 1         1
	   Disk (KB)            :       28        1   2216444
	   Memory (MB)          :       29     2000      2000
...
