000 (407355.000.000) 10/23 15:24:55 Job submitted from host: <137.138.156.150:9618?addrs=137.138.156.150-9618+[2001-1458-d00-14--9a]-9618&noUDP&sock=4221_d558_7>
...
001 (407355.000.000) 10/23 15:25:24 Job executing on host: <188.184.186.253:9618?addrs=188.184.186.253-9618+[2001-1458-301-f8--15]-9618&noUDP&sock=1310_2127_3>
...
006 (407355.000.000) 10/23 15:25:33 Image size of job updated: 102392
	50  -  MemoryUsage of job (MB)
	50676  -  ResidentSetSize of job (KB)
...
006 (407355.000.000) 10/23 15:25:34 Image size of job updated: 103184
	50  -  MemoryUsage of job (MB)
	51116  -  ResidentSetSize of job (KB)
...
005 (407355.000.000) 10/23 15:25:34 Job terminated.
	(1) Normal termination (return value 1)
		Usr 0 00:00:01, Sys 0 00:00:00  -  Run Remote Usage
		Usr 0 00:00:00, Sys 0 00:00:00  -  Run Local Usage
		Usr 0 00:00:01, Sys 0 00:00:00  -  Total Remote Usage
		Usr 0 00:00:00, Sys 0 00:00:00  -  Total Local Usage
	791  -  Run Bytes Sent By Job
	902  -  Run Bytes Received By Job
	791  -  Total Bytes Sent By Job
	902  -  Total Bytes Received By Job
	Partitionable Resources :    Usage  Request Allocated
	   Cpus                 :                 1         1
	   Disk (KB)            :       17        1   2086362
	   Memory (MB)          :       50     2000      2000
...
000 (407880.000.000) 10/23 16:36:27 Job submitted from host: <137.138.156.150:9618?addrs=137.138.156.150-9618+[2001-1458-d00-14--9a]-9618&noUDP&sock=4221_d558_7>
...
001 (407880.000.000) 10/23 16:38:28 Job executing on host: <188.185.208.166:9618?addrs=188.185.208.166-9618+[2001-1459-301-93--100-a0]-9618&noUDP&sock=1318_9de9_3>
...
006 (407880.000.000) 10/23 16:38:37 Image size of job updated: 146480
	82  -  MemoryUsage of job (MB)
	83684  -  ResidentSetSize of job (KB)
...
006 (407880.000.000) 10/23 16:38:49 Image size of job updated: 162828
	84  -  MemoryUsage of job (MB)
	85300  -  ResidentSetSize of job (KB)
...
005 (407880.000.000) 10/23 16:38:49 Job terminated.
	(1) Normal termination (return value 1)
		Usr 0 00:00:01, Sys 0 00:00:00  -  Run Remote Usage
		Usr 0 00:00:00, Sys 0 00:00:00  -  Run Local Usage
		Usr 0 00:00:01, Sys 0 00:00:00  -  Total Remote Usage
		Usr 0 00:00:00, Sys 0 00:00:00  -  Total Local Usage
	12084  -  Run Bytes Sent By Job
	902  -  Run Bytes Received By Job
	12084  -  Total Bytes Sent By Job
	902  -  Total Bytes Received By Job
	Partitionable Resources :    Usage  Request Allocated
	   Cpus                 :                 1         1
	   Disk (KB)            :       28        1   2200470
	   Memory (MB)          :       84     2000      2000
...
