000 (407489.000.000) 10/23 15:42:56 Job submitted from host: <137.138.156.150:9618?addrs=137.138.156.150-9618+[2001-1458-d00-14--9a]-9618&noUDP&sock=4221_d558_7>
...
001 (407489.000.000) 10/23 15:46:32 Job executing on host: <188.184.205.67:9618?addrs=188.184.205.67-9618+[2001-1458-301-7d--100-515]-9618&noUDP&sock=1274_6fbf_3>
...
006 (407489.000.000) 10/23 15:46:41 Image size of job updated: 51684
	43  -  MemoryUsage of job (MB)
	43548  -  ResidentSetSize of job (KB)
...
005 (407489.000.000) 10/23 15:46:55 Job terminated.
	(1) Normal termination (return value 1)
		Usr 0 00:00:01, Sys 0 00:00:00  -  Run Remote Usage
		Usr 0 00:00:00, Sys 0 00:00:00  -  Run Local Usage
		Usr 0 00:00:01, Sys 0 00:00:00  -  Total Remote Usage
		Usr 0 00:00:00, Sys 0 00:00:00  -  Total Local Usage
	791  -  Run Bytes Sent By Job
	902  -  Run Bytes Received By Job
	791  -  Total Bytes Sent By Job
	902  -  Total Bytes Received By Job
	Partitionable Resources :    Usage  Request Allocated
	   Cpus                 :                 1         1
	   Disk (KB)            :       17        1   2127764
	   Memory (MB)          :       43     2000      2000
...
000 (408734.000.000) 10/24 13:15:53 Job submitted from host: <137.138.156.150:9618?addrs=137.138.156.150-9618+[2001-1458-d00-14--9a]-9618&noUDP&sock=4221_d558_7>
...
001 (408734.000.000) 10/24 13:16:10 Job executing on host: <188.184.206.11:9618?addrs=188.184.206.11-9618+[2001-1458-301-7d--100-533]-9618&noUDP&sock=1290_6943_3>
...
006 (408734.000.000) 10/24 13:16:18 Image size of job updated: 66164
	31  -  MemoryUsage of job (MB)
	30728  -  ResidentSetSize of job (KB)
...
006 (408734.000.000) 10/24 13:16:30 Image size of job updated: 66164
	31  -  MemoryUsage of job (MB)
	30748  -  ResidentSetSize of job (KB)
...
005 (408734.000.000) 10/24 13:16:30 Job terminated.
	(1) Normal termination (return value 1)
		Usr 0 00:00:01, Sys 0 00:00:00  -  Run Remote Usage
		Usr 0 00:00:00, Sys 0 00:00:00  -  Run Local Usage
		Usr 0 00:00:01, Sys 0 00:00:00  -  Total Remote Usage
		Usr 0 00:00:00, Sys 0 00:00:00  -  Total Local Usage
	3464  -  Run Bytes Sent By Job
	902  -  Run Bytes Received By Job
	3464  -  Total Bytes Sent By Job
	902  -  Total Bytes Received By Job
	Partitionable Resources :    Usage  Request Allocated
	   Cpus                 :                 1         1
	   Disk (KB)            :       19        1   2106981
	   Memory (MB)          :       31     2000      2000
...
