000 (407637.000.000) 10/23 15:51:44 Job submitted from host: <137.138.156.150:9618?addrs=137.138.156.150-9618+[2001-1458-d00-14--9a]-9618&noUDP&sock=4221_d558_7>
...
001 (407637.000.000) 10/23 15:54:42 Job executing on host: <188.184.186.253:9618?addrs=188.184.186.253-9618+[2001-1458-301-f8--15]-9618&noUDP&sock=1310_2127_3>
...
006 (407637.000.000) 10/23 15:54:51 Image size of job updated: 92016
	43  -  MemoryUsage of job (MB)
	43536  -  ResidentSetSize of job (KB)
...
006 (407637.000.000) 10/23 15:54:56 Image size of job updated: 141296
	43  -  MemoryUsage of job (MB)
	43536  -  ResidentSetSize of job (KB)
...
005 (407637.000.000) 10/23 15:54:56 Job terminated.
	(1) Normal termination (return value 1)
		Usr 0 00:00:01, Sys 0 00:00:00  -  Run Remote Usage
		Usr 0 00:00:00, Sys 0 00:00:00  -  Run Local Usage
		Usr 0 00:00:01, Sys 0 00:00:00  -  Total Remote Usage
		Usr 0 00:00:00, Sys 0 00:00:00  -  Total Local Usage
	790  -  Run Bytes Sent By Job
	902  -  Run Bytes Received By Job
	790  -  Total Bytes Sent By Job
	902  -  Total Bytes Received By Job
	Partitionable Resources :    Usage  Request Allocated
	   Cpus                 :                 1         1
	   Disk (KB)            :       17        1   2129200
	   Memory (MB)          :       43     2000      2000
...
000 (408883.000.000) 10/24 13:24:44 Job submitted from host: <137.138.156.150:9618?addrs=137.138.156.150-9618+[2001-1458-d00-14--9a]-9618&noUDP&sock=4221_d558_7>
...
001 (408883.000.000) 10/24 13:25:07 Job executing on host: <188.185.214.18:9618?addrs=188.185.214.18-9618+[2001-1459-301-99--100-c]-9618&noUDP&sock=1282_ec81_3>
...
006 (408883.000.000) 10/24 13:25:16 Image size of job updated: 13472
	6  -  MemoryUsage of job (MB)
	6088  -  ResidentSetSize of job (KB)
...
006 (408883.000.000) 10/24 13:26:16 Image size of job updated: 28020
	6  -  MemoryUsage of job (MB)
	6096  -  ResidentSetSize of job (KB)
...
005 (408883.000.000) 10/24 13:26:16 Job terminated.
	(1) Normal termination (return value 1)
		Usr 0 00:00:01, Sys 0 00:00:00  -  Run Remote Usage
		Usr 0 00:00:00, Sys 0 00:00:00  -  Run Local Usage
		Usr 0 00:00:01, Sys 0 00:00:00  -  Total Remote Usage
		Usr 0 00:00:00, Sys 0 00:00:00  -  Total Local Usage
	3454  -  Run Bytes Sent By Job
	902  -  Run Bytes Received By Job
	3454  -  Total Bytes Sent By Job
	902  -  Total Bytes Received By Job
	Partitionable Resources :    Usage  Request Allocated
	   Cpus                 :                 1         1
	   Disk (KB)            :       19        1   2163319
	   Memory (MB)          :        6     2000      2000
...
