000 (407329.000.000) 10/23 15:23:01 Job submitted from host: <137.138.156.150:9618?addrs=137.138.156.150-9618+[2001-1458-d00-14--9a]-9618&noUDP&sock=4221_d558_7>
...
001 (407329.000.000) 10/23 15:23:04 Job executing on host: <188.184.204.206:9618?addrs=188.184.204.206-9618+[2001-1458-301-7d--100-50c]-9618&noUDP&sock=1269_01c5_3>
...
006 (407329.000.000) 10/23 15:23:12 Image size of job updated: 93992
	43  -  MemoryUsage of job (MB)
	43520  -  ResidentSetSize of job (KB)
...
006 (407329.000.000) 10/23 15:23:16 Image size of job updated: 414448
	43  -  MemoryUsage of job (MB)
	43520  -  ResidentSetSize of job (KB)
...
005 (407329.000.000) 10/23 15:23:16 Job terminated.
	(1) Normal termination (return value 1)
		Usr 0 00:00:00, Sys 0 00:00:00  -  Run Remote Usage
		Usr 0 00:00:00, Sys 0 00:00:00  -  Run Local Usage
		Usr 0 00:00:00, Sys 0 00:00:00  -  Total Remote Usage
		Usr 0 00:00:00, Sys 0 00:00:00  -  Total Local Usage
	791  -  Run Bytes Sent By Job
	902  -  Run Bytes Received By Job
	791  -  Total Bytes Sent By Job
	902  -  Total Bytes Received By Job
	Partitionable Resources :    Usage  Request Allocated
	   Cpus                 :                 1         1
	   Disk (KB)            :       17        1   2123714
	   Memory (MB)          :       43     2000      2000
...
000 (407846.000.000) 10/23 16:34:56 Job submitted from host: <137.138.156.150:9618?addrs=137.138.156.150-9618+[2001-1458-d00-14--9a]-9618&noUDP&sock=4221_d558_7>
...
001 (407846.000.000) 10/23 16:37:28 Job executing on host: <188.184.206.95:9618?addrs=188.184.206.95-9618+[2001-1458-301-7d--100-54f]-9618&noUDP&sock=1284_4bb1_3>
...
006 (407846.000.000) 10/23 16:37:36 Image size of job updated: 93108
	36  -  MemoryUsage of job (MB)
	35860  -  ResidentSetSize of job (KB)
...
006 (407846.000.000) 10/23 16:37:52 Image size of job updated: 163020
	36  -  MemoryUsage of job (MB)
	35864  -  ResidentSetSize of job (KB)
...
005 (407846.000.000) 10/23 16:37:53 Job terminated.
	(1) Normal termination (return value 1)
		Usr 0 00:00:02, Sys 0 00:00:00  -  Run Remote Usage
		Usr 0 00:00:00, Sys 0 00:00:00  -  Run Local Usage
		Usr 0 00:00:02, Sys 0 00:00:00  -  Total Remote Usage
		Usr 0 00:00:00, Sys 0 00:00:00  -  Total Local Usage
	12084  -  Run Bytes Sent By Job
	902  -  Run Bytes Received By Job
	12084  -  Total Bytes Sent By Job
	902  -  Total Bytes Received By Job
	Partitionable Resources :    Usage  Request Allocated
	   Cpus                 :                 1         1
	   Disk (KB)            :       28        1   2193661
	   Memory (MB)          :       36     2000      2000
...
