000 (407722.000.000) 10/23 16:10:20 Job submitted from host: <137.138.156.150:9618?addrs=137.138.156.150-9618+[2001-1458-d00-14--9a]-9618&noUDP&sock=4221_d558_7>
...
001 (407722.000.000) 10/23 16:13:49 Job executing on host: <188.184.205.172:9618?addrs=188.184.205.172-9618+[2001-1458-301-7d--100-526]-9618&noUDP&sock=1269_01c5_3>
...
006 (407722.000.000) 10/23 16:13:58 Image size of job updated: 100152
	42  -  MemoryUsage of job (MB)
	42452  -  ResidentSetSize of job (KB)
...
006 (407722.000.000) 10/23 16:14:07 Image size of job updated: 147988
	42  -  MemoryUsage of job (MB)
	42488  -  ResidentSetSize of job (KB)
...
005 (407722.000.000) 10/23 16:14:07 Job terminated.
	(1) Normal termination (return value 1)
		Usr 0 00:00:02, Sys 0 00:00:00  -  Run Remote Usage
		Usr 0 00:00:00, Sys 0 00:00:00  -  Run Local Usage
		Usr 0 00:00:02, Sys 0 00:00:00  -  Total Remote Usage
		Usr 0 00:00:00, Sys 0 00:00:00  -  Total Local Usage
	13054  -  Run Bytes Sent By Job
	902  -  Run Bytes Received By Job
	13054  -  Total Bytes Sent By Job
	902  -  Total Bytes Received By Job
	Partitionable Resources :    Usage  Request Allocated
	   Cpus                 :                 1         1
	   Disk (KB)            :       29        1   2202812
	   Memory (MB)          :       42     2000      2000
...
000 (408974.000.000) 10/24 14:51:30 Job submitted from host: <137.138.156.150:9618?addrs=137.138.156.150-9618+[2001-1458-d00-14--9a]-9618&noUDP&sock=4221_d558_7>
...
001 (408974.000.000) 10/24 14:52:08 Job executing on host: <188.185.214.18:9618?addrs=188.185.214.18-9618+[2001-1459-301-99--100-c]-9618&noUDP&sock=1282_ec81_3>
...
006 (408974.000.000) 10/24 14:52:17 Image size of job updated: 23048
	8  -  MemoryUsage of job (MB)
	8048  -  ResidentSetSize of job (KB)
...
006 (408974.000.000) 10/24 14:52:51 Image size of job updated: 33460
	8  -  MemoryUsage of job (MB)
	8052  -  ResidentSetSize of job (KB)
...
005 (408974.000.000) 10/24 14:52:52 Job terminated.
	(1) Normal termination (return value 1)
		Usr 0 00:00:01, Sys 0 00:00:00  -  Run Remote Usage
		Usr 0 00:00:00, Sys 0 00:00:00  -  Run Local Usage
		Usr 0 00:00:01, Sys 0 00:00:00  -  Total Remote Usage
		Usr 0 00:00:00, Sys 0 00:00:00  -  Total Local Usage
	13054  -  Run Bytes Sent By Job
	902  -  Run Bytes Received By Job
	13054  -  Total Bytes Sent By Job
	902  -  Total Bytes Received By Job
	Partitionable Resources :    Usage  Request Allocated
	   Cpus                 :                 1         1
	   Disk (KB)            :       28        1   2162115
	   Memory (MB)          :        8     2000      2000
...
