000 (407560.000.000) 10/23 15:47:11 Job submitted from host: <137.138.156.150:9618?addrs=137.138.156.150-9618+[2001-1458-d00-14--9a]-9618&noUDP&sock=4221_d558_7>
...
001 (407560.000.000) 10/23 15:47:23 Job executing on host: <188.184.204.206:9618?addrs=188.184.204.206-9618+[2001-1458-301-7d--100-50c]-9618&noUDP&sock=1269_01c5_3>
...
006 (407560.000.000) 10/23 15:47:31 Image size of job updated: 99704
	42  -  MemoryUsage of job (MB)
	42004  -  ResidentSetSize of job (KB)
...
006 (407560.000.000) 10/23 15:47:35 Image size of job updated: 414456
	42  -  MemoryUsage of job (MB)
	42080  -  ResidentSetSize of job (KB)
...
005 (407560.000.000) 10/23 15:47:35 Job terminated.
	(1) Normal termination (return value 1)
		Usr 0 00:00:00, Sys 0 00:00:00  -  Run Remote Usage
		Usr 0 00:00:00, Sys 0 00:00:00  -  Run Local Usage
		Usr 0 00:00:00, Sys 0 00:00:00  -  Total Remote Usage
		Usr 0 00:00:00, Sys 0 00:00:00  -  Total Local Usage
	792  -  Run Bytes Sent By Job
	902  -  Run Bytes Received By Job
	792  -  Total Bytes Sent By Job
	902  -  Total Bytes Received By Job
	Partitionable Resources :    Usage  Request Allocated
	   Cpus                 :                 1         1
	   Disk (KB)            :       17        1   2123705
	   Memory (MB)          :       42     2000      2000
...
000 (408805.000.000) 10/24 13:20:01 Job submitted from host: <137.138.156.150:9618?addrs=137.138.156.150-9618+[2001-1458-d00-14--9a]-9618&noUDP&sock=4221_d558_7>
...
001 (408805.000.000) 10/24 13:20:17 Job executing on host: <188.184.206.38:9618?addrs=188.184.206.38-9618+[2001-1458-301-7d--100-545]-9618&noUDP&sock=1263_e434_3>
...
006 (408805.000.000) 10/24 13:20:25 Image size of job updated: 94276
	36  -  MemoryUsage of job (MB)
	36660  -  ResidentSetSize of job (KB)
...
006 (408805.000.000) 10/24 13:20:37 Image size of job updated: 142752
	36  -  MemoryUsage of job (MB)
	36664  -  ResidentSetSize of job (KB)
...
005 (408805.000.000) 10/24 13:20:37 Job terminated.
	(1) Normal termination (return value 1)
		Usr 0 00:00:01, Sys 0 00:00:00  -  Run Remote Usage
		Usr 0 00:00:00, Sys 0 00:00:00  -  Run Local Usage
		Usr 0 00:00:01, Sys 0 00:00:00  -  Total Remote Usage
		Usr 0 00:00:00, Sys 0 00:00:00  -  Total Local Usage
	5646  -  Run Bytes Sent By Job
	902  -  Run Bytes Received By Job
	5646  -  Total Bytes Sent By Job
	902  -  Total Bytes Received By Job
	Partitionable Resources :    Usage  Request Allocated
	   Cpus                 :                 1         1
	   Disk (KB)            :       21        1   2206163
	   Memory (MB)          :       36     2000      2000
...
