000 (407424.000.000) 10/23 15:29:10 Job submitted from host: <137.138.156.150:9618?addrs=137.138.156.150-9618+[2001-1458-d00-14--9a]-9618&noUDP&sock=4221_d558_7>
...
001 (407424.000.000) 10/23 15:31:08 Job executing on host: <188.184.204.206:9618?addrs=188.184.204.206-9618+[2001-1458-301-7d--100-50c]-9618&noUDP&sock=1269_01c5_3>
...
006 (407424.000.000) 10/23 15:31:17 Image size of job updated: 94804
	37  -  MemoryUsage of job (MB)
	37104  -  ResidentSetSize of job (KB)
...
006 (407424.000.000) 10/23 15:31:25 Image size of job updated: 96168
	37  -  MemoryUsage of job (MB)
	37104  -  ResidentSetSize of job (KB)
...
005 (407424.000.000) 10/23 15:31:26 Job terminated.
	(1) Normal termination (return value 1)
		Usr 0 00:00:01, Sys 0 00:00:00  -  Run Remote Usage
		Usr 0 00:00:00, Sys 0 00:00:00  -  Run Local Usage
		Usr 0 00:00:01, Sys 0 00:00:00  -  Total Remote Usage
		Usr 0 00:00:00, Sys 0 00:00:00  -  Total Local Usage
	792  -  Run Bytes Sent By Job
	902  -  Run Bytes Received By Job
	792  -  Total Bytes Sent By Job
	902  -  Total Bytes Received By Job
	Partitionable Resources :    Usage  Request Allocated
	   Cpus                 :                 1         1
	   Disk (KB)            :       17        1   2123705
	   Memory (MB)          :       37     2000      2000
...
000 (407957.000.000) 10/23 16:41:58 Job submitted from host: <137.138.156.150:9618?addrs=137.138.156.150-9618+[2001-1458-d00-14--9a]-9618&noUDP&sock=4221_d558_7>
...
001 (407957.000.000) 10/23 16:44:35 Job executing on host: <188.185.210.131:9618?addrs=188.185.210.131-9618+[2001-1459-301-95--100-7d]-9618&noUDP&sock=1290_6943_3>
...
006 (407957.000.000) 10/23 16:44:43 Image size of job updated: 20304
	7  -  MemoryUsage of job (MB)
	6240  -  ResidentSetSize of job (KB)
...
006 (407957.000.000) 10/23 16:45:31 Image size of job updated: 162544
	7  -  MemoryUsage of job (MB)
	6392  -  ResidentSetSize of job (KB)
...
005 (407957.000.000) 10/23 16:45:31 Job terminated.
	(1) Normal termination (return value 1)
		Usr 0 00:00:01, Sys 0 00:00:00  -  Run Remote Usage
		Usr 0 00:00:00, Sys 0 00:00:00  -  Run Local Usage
		Usr 0 00:00:01, Sys 0 00:00:00  -  Total Remote Usage
		Usr 0 00:00:00, Sys 0 00:00:00  -  Total Local Usage
	12085  -  Run Bytes Sent By Job
	902  -  Run Bytes Received By Job
	12085  -  Total Bytes Sent By Job
	902  -  Total Bytes Received By Job
	Partitionable Resources :    Usage  Request Allocated
	   Cpus                 :                 1         1
	   Disk (KB)            :       28        1   2193647
	   Memory (MB)          :        7     2000      2000
...
