000 (407731.000.000) 10/23 16:10:46 Job submitted from host: <137.138.156.150:9618?addrs=137.138.156.150-9618+[2001-1458-d00-14--9a]-9618&noUDP&sock=4221_d558_7>
...
001 (407731.000.000) 10/23 16:13:54 Job executing on host: <188.184.204.151:9618?addrs=188.184.204.151-9618+[--1]-9618&noUDP&sock=1216_a740_3>
...
006 (407731.000.000) 10/23 16:14:03 Image size of job updated: 56048
	43  -  MemoryUsage of job (MB)
	43524  -  ResidentSetSize of job (KB)
...
005 (407731.000.000) 10/23 16:14:10 Job terminated.
	(1) Normal termination (return value 1)
		Usr 0 00:00:01, Sys 0 00:00:00  -  Run Remote Usage
		Usr 0 00:00:00, Sys 0 00:00:00  -  Run Local Usage
		Usr 0 00:00:01, Sys 0 00:00:00  -  Total Remote Usage
		Usr 0 00:00:00, Sys 0 00:00:00  -  Total Local Usage
	15237  -  Run Bytes Sent By Job
	902  -  Run Bytes Received By Job
	15237  -  Total Bytes Sent By Job
	902  -  Total Bytes Received By Job
	Partitionable Resources :    Usage  Request Allocated
	   Cpus                 :                 1         1
	   Disk (KB)            :       31        1   2194064
	   Memory (MB)          :       43     2000      2000
...
000 (408983.000.000) 10/24 14:51:56 Job submitted from host: <137.138.156.150:9618?addrs=137.138.156.150-9618+[2001-1458-d00-14--9a]-9618&noUDP&sock=4221_d558_7>
...
001 (408983.000.000) 10/24 14:52:14 Job executing on host: <188.184.206.11:9618?addrs=188.184.206.11-9618+[2001-1458-301-7d--100-533]-9618&noUDP&sock=1290_6943_3>
...
006 (408983.000.000) 10/24 14:52:23 Image size of job updated: 22460
	7  -  MemoryUsage of job (MB)
	6976  -  ResidentSetSize of job (KB)
...
006 (408983.000.000) 10/24 14:52:40 Image size of job updated: 148520
	7  -  MemoryUsage of job (MB)
	6976  -  ResidentSetSize of job (KB)
...
005 (408983.000.000) 10/24 14:52:40 Job terminated.
	(1) Normal termination (return value 1)
		Usr 0 00:00:01, Sys 0 00:00:00  -  Run Remote Usage
		Usr 0 00:00:00, Sys 0 00:00:00  -  Run Local Usage
		Usr 0 00:00:01, Sys 0 00:00:00  -  Total Remote Usage
		Usr 0 00:00:00, Sys 0 00:00:00  -  Total Local Usage
	15237  -  Run Bytes Sent By Job
	902  -  Run Bytes Received By Job
	15237  -  Total Bytes Sent By Job
	902  -  Total Bytes Received By Job
	Partitionable Resources :    Usage  Request Allocated
	   Cpus                 :                 1         1
	   Disk (KB)            :       31        1   2107035
	   Memory (MB)          :        7     2000      2000
...
