000 (407368.000.000) 10/23 15:25:36 Job submitted from host: <137.138.156.150:9618?addrs=137.138.156.150-9618+[2001-1458-d00-14--9a]-9618&noUDP&sock=4221_d558_7>
...
001 (407368.000.000) 10/23 15:26:24 Job executing on host: <188.184.205.90:9618?addrs=188.184.205.90-9618+[--1]-9618&noUDP&sock=1243_2c4f_3>
...
006 (407368.000.000) 10/23 15:26:33 Image size of job updated: 98976
	41  -  MemoryUsage of job (MB)
	41276  -  ResidentSetSize of job (KB)
...
005 (407368.000.000) 10/23 15:26:42 Job terminated.
	(1) Normal termination (return value 1)
		Usr 0 00:00:01, Sys 0 00:00:00  -  Run Remote Usage
		Usr 0 00:00:00, Sys 0 00:00:00  -  Run Local Usage
		Usr 0 00:00:01, Sys 0 00:00:00  -  Total Remote Usage
		Usr 0 00:00:00, Sys 0 00:00:00  -  Total Local Usage
	794  -  Run Bytes Sent By Job
	902  -  Run Bytes Received By Job
	794  -  Total Bytes Sent By Job
	902  -  Total Bytes Received By Job
	Partitionable Resources :    Usage  Request Allocated
	   Cpus                 :                 1         1
	   Disk (KB)            :       17        1   2190726
	   Memory (MB)          :       41     2000      2000
...
000 (407901.000.000) 10/23 16:37:39 Job submitted from host: <137.138.156.150:9618?addrs=137.138.156.150-9618+[2001-1458-d00-14--9a]-9618&noUDP&sock=4221_d558_7>
...
001 (407901.000.000) 10/23 16:38:50 Job executing on host: <188.185.208.166:9618?addrs=188.185.208.166-9618+[2001-1459-301-93--100-a0]-9618&noUDP&sock=1318_9de9_3>
...
006 (407901.000.000) 10/23 16:38:59 Image size of job updated: 98540
	40  -  MemoryUsage of job (MB)
	40840  -  ResidentSetSize of job (KB)
...
006 (407901.000.000) 10/23 16:39:21 Image size of job updated: 161764
	40  -  MemoryUsage of job (MB)
	40920  -  ResidentSetSize of job (KB)
...
005 (407901.000.000) 10/23 16:39:26 Job terminated.
	(1) Normal termination (return value 1)
		Usr 0 00:00:01, Sys 0 00:00:00  -  Run Remote Usage
		Usr 0 00:00:00, Sys 0 00:00:00  -  Run Local Usage
		Usr 0 00:00:01, Sys 0 00:00:00  -  Total Remote Usage
		Usr 0 00:00:00, Sys 0 00:00:00  -  Total Local Usage
	12086  -  Run Bytes Sent By Job
	902  -  Run Bytes Received By Job
	12086  -  Total Bytes Sent By Job
	902  -  Total Bytes Received By Job
	Partitionable Resources :    Usage  Request Allocated
	   Cpus                 :                 1         1
	   Disk (KB)            :       28        1   2200470
	   Memory (MB)          :       40     2000      2000
...
