000 (407071.000.000) 10/23 14:54:11 Job submitted from host: <137.138.156.150:9618?addrs=137.138.156.150-9618+[2001-1458-d00-14--9a]-9618&noUDP&sock=4221_d558_7>
...
001 (407071.000.000) 10/23 14:55:52 Job executing on host: <188.184.204.218:9618?addrs=188.184.204.218-9618+[2001-1458-301-7d--100-513]-9618&noUDP&sock=1283_9c19_3>
...
006 (407071.000.000) 10/23 14:56:01 Image size of job updated: 9172
	5  -  MemoryUsage of job (MB)
	4100  -  ResidentSetSize of job (KB)
...
006 (407071.000.000) 10/23 14:56:47 Image size of job updated: 89352
	5  -  MemoryUsage of job (MB)
	4100  -  ResidentSetSize of job (KB)
...
005 (407071.000.000) 10/23 14:56:47 Job terminated.
	(1) Normal termination (return value 1)
		Usr 0 00:00:01, Sys 0 00:00:00  -  Run Remote Usage
		Usr 0 00:00:00, Sys 0 00:00:00  -  Run Local Usage
		Usr 0 00:00:01, Sys 0 00:00:00  -  Total Remote Usage
		Usr 0 00:00:00, Sys 0 00:00:00  -  Total Local Usage
	14235  -  Run Bytes Sent By Job
	902  -  Run Bytes Received By Job
	14235  -  Total Bytes Sent By Job
	902  -  Total Bytes Received By Job
	Partitionable Resources :    Usage  Request Allocated
	   Cpus                 :                 1         1
	   Disk (KB)            :       30        1   2105213
	   Memory (MB)          :        5     2000      2000
...
