000 (407679.000.000) 10/23 16:07:47 Job submitted from host: <137.138.156.150:9618?addrs=137.138.156.150-9618+[2001-1458-d00-14--9a]-9618&noUDP&sock=4221_d558_7>
...
001 (407679.000.000) 10/23 16:12:57 Job executing on host: <188.184.205.172:9618?addrs=188.184.205.172-9618+[2001-1458-301-7d--100-526]-9618&noUDP&sock=1269_01c5_3>
...
006 (407679.000.000) 10/23 16:13:06 Image size of job updated: 1740
	2  -  MemoryUsage of job (MB)
	1560  -  ResidentSetSize of job (KB)
...
006 (407679.000.000) 10/23 16:13:29 Image size of job updated: 141972
	2  -  MemoryUsage of job (MB)
	1568  -  ResidentSetSize of job (KB)
...
005 (407679.000.000) 10/23 16:13:29 Job terminated.
	(1) Normal termination (return value 1)
		Usr 0 00:00:01, Sys 0 00:00:00  -  Run Remote Usage
		Usr 0 00:00:00, Sys 0 00:00:00  -  Run Local Usage
		Usr 0 00:00:01, Sys 0 00:00:00  -  Total Remote Usage
		Usr 0 00:00:00, Sys 0 00:00:00  -  Total Local Usage
	15237  -  Run Bytes Sent By Job
	902  -  Run Bytes Received By Job
	15237  -  Total Bytes Sent By Job
	902  -  Total Bytes Received By Job
	Partitionable Resources :    Usage  Request Allocated
	   Cpus                 :                 1         1
	   Disk (KB)            :       31        1   2202812
	   Memory (MB)          :        2     2000      2000
...
000 (408930.000.000) 10/24 14:48:52 Job submitted from host: <137.138.156.150:9618?addrs=137.138.156.150-9618+[2001-1458-d00-14--9a]-9618&noUDP&sock=4221_d558_7>
...
001 (408930.000.000) 10/24 14:51:55 Job executing on host: <188.184.205.145:9618?addrs=188.184.205.145-9618+[2001-1458-301-7d--100-525]-9618&noUDP&sock=1268_522d_3>
...
006 (408930.000.000) 10/24 14:52:03 Image size of job updated: 1412
	2  -  MemoryUsage of job (MB)
	1368  -  ResidentSetSize of job (KB)
...
006 (408930.000.000) 10/24 14:52:32 Image size of job updated: 471388
	2  -  MemoryUsage of job (MB)
	1368  -  ResidentSetSize of job (KB)
...
005 (408930.000.000) 10/24 14:52:32 Job terminated.
	(1) Normal termination (return value 1)
		Usr 0 00:00:01, Sys 0 00:00:00  -  Run Remote Usage
		Usr 0 00:00:00, Sys 0 00:00:00  -  Run Local Usage
		Usr 0 00:00:01, Sys 0 00:00:00  -  Total Remote Usage
		Usr 0 00:00:00, Sys 0 00:00:00  -  Total Local Usage
	15237  -  Run Bytes Sent By Job
	902  -  Run Bytes Received By Job
	15237  -  Total Bytes Sent By Job
	902  -  Total Bytes Received By Job
	Partitionable Resources :    Usage  Request Allocated
	   Cpus                 :                 1         1
	   Disk (KB)            :       31        1   2218412
	   Memory (MB)          :        2     2000      2000
...
