000 (407487.000.000) 10/23 15:42:51 Job submitted from host: <137.138.156.150:9618?addrs=137.138.156.150-9618+[2001-1458-d00-14--9a]-9618&noUDP&sock=4221_d558_7>
...
001 (407487.000.000) 10/23 15:46:30 Job executing on host: <188.184.206.77:9618?addrs=188.184.206.77-9618+[2001-1458-301-7d--100-53f]-9618&noUDP&sock=1262_349c_3>
...
006 (407487.000.000) 10/23 15:46:39 Image size of job updated: 76108
	43  -  MemoryUsage of job (MB)
	43544  -  ResidentSetSize of job (KB)
...
005 (407487.000.000) 10/23 15:46:55 Job terminated.
	(1) Normal termination (return value 1)
		Usr 0 00:00:01, Sys 0 00:00:00  -  Run Remote Usage
		Usr 0 00:00:00, Sys 0 00:00:00  -  Run Local Usage
		Usr 0 00:00:01, Sys 0 00:00:00  -  Total Remote Usage
		Usr 0 00:00:00, Sys 0 00:00:00  -  Total Local Usage
	791  -  Run Bytes Sent By Job
	902  -  Run Bytes Received By Job
	791  -  Total Bytes Sent By Job
	902  -  Total Bytes Received By Job
	Partitionable Resources :    Usage  Request Allocated
	   Cpus                 :                 1         1
	   Disk (KB)            :       17        1   2127012
	   Memory (MB)          :       43     2000      2000
...
000 (408732.000.000) 10/24 13:15:47 Job submitted from host: <137.138.156.150:9618?addrs=137.138.156.150-9618+[2001-1458-d00-14--9a]-9618&noUDP&sock=4221_d558_7>
...
001 (408732.000.000) 10/24 13:16:09 Job executing on host: <188.184.205.0:9618?addrs=188.184.205.0-9618+[2001-1458-301-7d--100-512]-9618&noUDP&sock=1271_60f6_3>
...
006 (408732.000.000) 10/24 13:16:17 Image size of job updated: 77996
	37  -  MemoryUsage of job (MB)
	37592  -  ResidentSetSize of job (KB)
...
006 (408732.000.000) 10/24 13:16:26 Image size of job updated: 414464
	37  -  MemoryUsage of job (MB)
	37600  -  ResidentSetSize of job (KB)
...
005 (408732.000.000) 10/24 13:16:26 Job terminated.
	(1) Normal termination (return value 1)
		Usr 0 00:00:01, Sys 0 00:00:00  -  Run Remote Usage
		Usr 0 00:00:00, Sys 0 00:00:00  -  Run Local Usage
		Usr 0 00:00:01, Sys 0 00:00:00  -  Total Remote Usage
		Usr 0 00:00:00, Sys 0 00:00:00  -  Total Local Usage
	7826  -  Run Bytes Sent By Job
	902  -  Run Bytes Received By Job
	7826  -  Total Bytes Sent By Job
	902  -  Total Bytes Received By Job
	Partitionable Resources :    Usage  Request Allocated
	   Cpus                 :                 1         1
	   Disk (KB)            :       23        1   2204617
	   Memory (MB)          :       37     2000      2000
...
