000 (407515.000.000) 10/23 15:44:17 Job submitted from host: <137.138.156.150:9618?addrs=137.138.156.150-9618+[2001-1458-d00-14--9a]-9618&noUDP&sock=4221_d558_7>
...
001 (407515.000.000) 10/23 15:46:56 Job executing on host: <188.185.213.191:9618?addrs=188.185.213.191-9618+[2001-1459-301-98--100-b9]-9618&noUDP&sock=1258_763b_3>
...
006 (407515.000.000) 10/23 15:47:04 Image size of job updated: 68896
	42  -  MemoryUsage of job (MB)
	42608  -  ResidentSetSize of job (KB)
...
006 (407515.000.000) 10/23 15:47:09 Image size of job updated: 68896
	42  -  MemoryUsage of job (MB)
	42708  -  ResidentSetSize of job (KB)
...
005 (407515.000.000) 10/23 15:47:09 Job terminated.
	(1) Normal termination (return value 1)
		Usr 0 00:00:00, Sys 0 00:00:00  -  Run Remote Usage
		Usr 0 00:00:00, Sys 0 00:00:00  -  Run Local Usage
		Usr 0 00:00:00, Sys 0 00:00:00  -  Total Remote Usage
		Usr 0 00:00:00, Sys 0 00:00:00  -  Total Local Usage
	789  -  Run Bytes Sent By Job
	902  -  Run Bytes Received By Job
	789  -  Total Bytes Sent By Job
	902  -  Total Bytes Received By Job
	Partitionable Resources :    Usage  Request Allocated
	   Cpus                 :                 1         1
	   Disk (KB)            :       17        1   2154647
	   Memory (MB)          :       42     2000      2000
...
000 (408760.000.000) 10/24 13:17:27 Job submitted from host: <137.138.156.150:9618?addrs=137.138.156.150-9618+[2001-1458-d00-14--9a]-9618&noUDP&sock=4221_d558_7>
...
001 (408760.000.000) 10/24 13:18:54 Job executing on host: <188.185.201.148:9618?addrs=188.185.201.148-9618+[2001-1459-301-60--100-8e]-9618&noUDP&sock=1239_6dee_3>
...
006 (408760.000.000) 10/24 13:19:02 Image size of job updated: 22904
	8  -  MemoryUsage of job (MB)
	7420  -  ResidentSetSize of job (KB)
...
006 (408760.000.000) 10/24 13:19:25 Image size of job updated: 471196
	8  -  MemoryUsage of job (MB)
	7432  -  ResidentSetSize of job (KB)
...
005 (408760.000.000) 10/24 13:19:25 Job terminated.
	(1) Normal termination (return value 1)
		Usr 0 00:00:01, Sys 0 00:00:00  -  Run Remote Usage
		Usr 0 00:00:00, Sys 0 00:00:00  -  Run Local Usage
		Usr 0 00:00:01, Sys 0 00:00:00  -  Total Remote Usage
		Usr 0 00:00:00, Sys 0 00:00:00  -  Total Local Usage
	5644  -  Run Bytes Sent By Job
	902  -  Run Bytes Received By Job
	5644  -  Total Bytes Sent By Job
	902  -  Total Bytes Received By Job
	Partitionable Resources :    Usage  Request Allocated
	   Cpus                 :                 1         1
	   Disk (KB)            :       21        1   2182980
	   Memory (MB)          :        8     2000      2000
...
