000 (407452.000.000) 10/23 15:31:01 Job submitted from host: <137.138.156.150:9618?addrs=137.138.156.150-9618+[2001-1458-d00-14--9a]-9618&noUDP&sock=4221_d558_7>
...
001 (407452.000.000) 10/23 15:31:27 Job executing on host: <188.184.204.103:9618?addrs=188.184.204.103-9618+[2001-1458-301-7d--100-4fd]-9618&noUDP&sock=1263_e434_3>
...
006 (407452.000.000) 10/23 15:31:35 Image size of job updated: 99856
	42  -  MemoryUsage of job (MB)
	42156  -  ResidentSetSize of job (KB)
...
006 (407452.000.000) 10/23 15:31:38 Image size of job updated: 99864
	42  -  MemoryUsage of job (MB)
	42164  -  ResidentSetSize of job (KB)
...
005 (407452.000.000) 10/23 15:31:38 Job terminated.
	(1) Normal termination (return value 1)
		Usr 0 00:00:00, Sys 0 00:00:00  -  Run Remote Usage
		Usr 0 00:00:00, Sys 0 00:00:00  -  Run Local Usage
		Usr 0 00:00:00, Sys 0 00:00:00  -  Total Remote Usage
		Usr 0 00:00:00, Sys 0 00:00:00  -  Total Local Usage
	59725  -  Run Bytes Sent By Job
	902  -  Run Bytes Received By Job
	59725  -  Total Bytes Sent By Job
	902  -  Total Bytes Received By Job
	Partitionable Resources :    Usage  Request Allocated
	   Cpus                 :                 1         1
	   Disk (KB)            :       74        1   2120098
	   Memory (MB)          :       42     2000      2000
...
000 (408685.000.000) 10/24 11:44:26 Job submitted from host: <137.138.156.150:9618?addrs=137.138.156.150-9618+[2001-1458-d00-14--9a]-9618&noUDP&sock=4221_d558_7>
...
001 (408685.000.000) 10/24 12:18:22 Job executing on host: <188.184.205.79:9618?addrs=188.184.205.79-9618+[2001-1458-301-7d--100-51b]-9618&noUDP&sock=1284_4bb1_3>
...
006 (408685.000.000) 10/24 12:18:31 Image size of job updated: 22860
	8  -  MemoryUsage of job (MB)
	7376  -  ResidentSetSize of job (KB)
...
006 (408685.000.000) 10/24 12:18:47 Image size of job updated: 96124
	8  -  MemoryUsage of job (MB)
	7376  -  ResidentSetSize of job (KB)
...
005 (408685.000.000) 10/24 12:18:47 Job terminated.
	(1) Normal termination (return value 1)
		Usr 0 00:00:01, Sys 0 00:00:00  -  Run Remote Usage
		Usr 0 00:00:00, Sys 0 00:00:00  -  Run Local Usage
		Usr 0 00:00:01, Sys 0 00:00:00  -  Total Remote Usage
		Usr 0 00:00:00, Sys 0 00:00:00  -  Total Local Usage
	104725  -  Run Bytes Sent By Job
	902  -  Run Bytes Received By Job
	104725  -  Total Bytes Sent By Job
	902  -  Total Bytes Received By Job
	Partitionable Resources :    Usage  Request Allocated
	   Cpus                 :                 1         1
	   Disk (KB)            :      118        1   2223738
	   Memory (MB)          :        8     2000      2000
...
