000 (407403.000.000) 10/23 15:28:08 Job submitted from host: <137.138.156.150:9618?addrs=137.138.156.150-9618+[2001-1458-d00-14--9a]-9618&noUDP&sock=4221_d558_7>
...
001 (407403.000.000) 10/23 15:28:24 Job executing on host: <188.184.205.61:9618?addrs=188.184.205.61-9618+[2001-1458-301-7d--100-516]-9618&noUDP&sock=1270_b15e_3>
...
006 (407403.000.000) 10/23 15:28:33 Image size of job updated: 74164
	42  -  MemoryUsage of job (MB)
	41988  -  ResidentSetSize of job (KB)
...
006 (407403.000.000) 10/23 15:28:38 Image size of job updated: 98284
	42  -  MemoryUsage of job (MB)
	41996  -  ResidentSetSize of job (KB)
...
005 (407403.000.000) 10/23 15:28:38 Job terminated.
	(1) Normal termination (return value 1)
		Usr 0 00:00:01, Sys 0 00:00:00  -  Run Remote Usage
		Usr 0 00:00:00, Sys 0 00:00:00  -  Run Local Usage
		Usr 0 00:00:01, Sys 0 00:00:00  -  Total Remote Usage
		Usr 0 00:00:00, Sys 0 00:00:00  -  Total Local Usage
	794  -  Run Bytes Sent By Job
	902  -  Run Bytes Received By Job
	794  -  Total Bytes Sent By Job
	902  -  Total Bytes Received By Job
	Partitionable Resources :    Usage  Request Allocated
	   Cpus                 :                 1         1
	   Disk (KB)            :       17        1   2190514
	   Memory (MB)          :       42     2000      2000
...
000 (407936.000.000) 10/23 16:40:02 Job submitted from host: <137.138.156.150:9618?addrs=137.138.156.150-9618+[2001-1458-d00-14--9a]-9618&noUDP&sock=4221_d558_7>
...
001 (407936.000.000) 10/23 16:40:04 Job executing on host: <188.184.186.247:9618?addrs=188.184.186.247-9618+[2001-1458-301-f8--f]-9618&noUDP&sock=1303_53fe_3>
...
006 (407936.000.000) 10/23 16:40:13 Image size of job updated: 98132
	40  -  MemoryUsage of job (MB)
	40432  -  ResidentSetSize of job (KB)
...
006 (407936.000.000) 10/23 16:40:24 Image size of job updated: 138108
	40  -  MemoryUsage of job (MB)
	40440  -  ResidentSetSize of job (KB)
...
005 (407936.000.000) 10/23 16:40:25 Job terminated.
	(1) Normal termination (return value 1)
		Usr 0 00:00:01, Sys 0 00:00:00  -  Run Remote Usage
		Usr 0 00:00:00, Sys 0 00:00:00  -  Run Local Usage
		Usr 0 00:00:01, Sys 0 00:00:00  -  Total Remote Usage
		Usr 0 00:00:00, Sys 0 00:00:00  -  Total Local Usage
	12086  -  Run Bytes Sent By Job
	902  -  Run Bytes Received By Job
	12086  -  Total Bytes Sent By Job
	902  -  Total Bytes Received By Job
	Partitionable Resources :    Usage  Request Allocated
	   Cpus                 :                 1         1
	   Disk (KB)            :       28        1   2132316
	   Memory (MB)          :       40     2000      2000
...
