000 (407176.000.000) 10/23 15:00:39 Job submitted from host: <137.138.156.150:9618?addrs=137.138.156.150-9618+[2001-1458-d00-14--9a]-9618&noUDP&sock=4221_d558_7>
...
001 (407176.000.000) 10/23 15:00:41 Job executing on host: <188.184.204.218:9618?addrs=188.184.204.218-9618+[2001-1458-301-7d--100-513]-9618&noUDP&sock=1283_9c19_3>
...
006 (407176.000.000) 10/23 15:00:49 Image size of job updated: 65992
	37  -  MemoryUsage of job (MB)
	37308  -  ResidentSetSize of job (KB)
...
006 (407176.000.000) 10/23 15:00:58 Image size of job updated: 65992
	37  -  MemoryUsage of job (MB)
	37328  -  ResidentSetSize of job (KB)
...
005 (407176.000.000) 10/23 15:00:58 Job terminated.
	(1) Normal termination (return value 1)
		Usr 0 00:00:01, Sys 0 00:00:00  -  Run Remote Usage
		Usr 0 00:00:00, Sys 0 00:00:00  -  Run Local Usage
		Usr 0 00:00:01, Sys 0 00:00:00  -  Total Remote Usage
		Usr 0 00:00:00, Sys 0 00:00:00  -  Total Local Usage
	12093  -  Run Bytes Sent By Job
	902  -  Run Bytes Received By Job
	12093  -  Total Bytes Sent By Job
	902  -  Total Bytes Received By Job
	Partitionable Resources :    Usage  Request Allocated
	   Cpus                 :                 1         1
	   Disk (KB)            :       28        1   2101833
	   Memory (MB)          :       37     2000      2000
...
