000 (407634.000.000) 10/23 15:51:36 Job submitted from host: <137.138.156.150:9618?addrs=137.138.156.150-9618+[2001-1458-d00-14--9a]-9618&noUDP&sock=4221_d558_7>
...
001 (407634.000.000) 10/23 15:54:17 Job executing on host: <188.184.205.210:9618?addrs=188.184.205.210-9618+[2001-1458-301-7d--100-528]-9618&noUDP&sock=1287_5a7a_3>
...
006 (407634.000.000) 10/23 15:54:26 Image size of job updated: 94776
	37  -  MemoryUsage of job (MB)
	37076  -  ResidentSetSize of job (KB)
...
006 (407634.000.000) 10/23 15:54:31 Image size of job updated: 462924
	37  -  MemoryUsage of job (MB)
	37100  -  ResidentSetSize of job (KB)
...
005 (407634.000.000) 10/23 15:54:31 Job terminated.
	(1) Normal termination (return value 1)
		Usr 0 00:00:01, Sys 0 00:00:00  -  Run Remote Usage
		Usr 0 00:00:00, Sys 0 00:00:00  -  Run Local Usage
		Usr 0 00:00:01, Sys 0 00:00:00  -  Total Remote Usage
		Usr 0 00:00:00, Sys 0 00:00:00  -  Total Local Usage
	792  -  Run Bytes Sent By Job
	902  -  Run Bytes Received By Job
	792  -  Total Bytes Sent By Job
	902  -  Total Bytes Received By Job
	Partitionable Resources :    Usage  Request Allocated
	   Cpus                 :                 1         1
	   Disk (KB)            :       17        1   2215554
	   Memory (MB)          :       37     2000      2000
...
000 (408880.000.000) 10/24 13:24:33 Job submitted from host: <137.138.156.150:9618?addrs=137.138.156.150-9618+[2001-1458-d00-14--9a]-9618&noUDP&sock=4221_d558_7>
...
001 (408880.000.000) 10/24 13:24:55 Job executing on host: <188.185.201.148:9618?addrs=188.185.201.148-9618+[2001-1459-301-60--100-8e]-9618&noUDP&sock=1239_6dee_3>
...
006 (408880.000.000) 10/24 13:25:04 Image size of job updated: 94780
	43  -  MemoryUsage of job (MB)
	43528  -  ResidentSetSize of job (KB)
...
006 (408880.000.000) 10/24 13:25:13 Image size of job updated: 147556
	43  -  MemoryUsage of job (MB)
	43528  -  ResidentSetSize of job (KB)
...
005 (408880.000.000) 10/24 13:25:14 Job terminated.
	(1) Normal termination (return value 1)
		Usr 0 00:00:01, Sys 0 00:00:00  -  Run Remote Usage
		Usr 0 00:00:00, Sys 0 00:00:00  -  Run Local Usage
		Usr 0 00:00:01, Sys 0 00:00:00  -  Total Remote Usage
		Usr 0 00:00:00, Sys 0 00:00:00  -  Total Local Usage
	10008  -  Run Bytes Sent By Job
	902  -  Run Bytes Received By Job
	10008  -  Total Bytes Sent By Job
	902  -  Total Bytes Received By Job
	Partitionable Resources :    Usage  Request Allocated
	   Cpus                 :                 1         1
	   Disk (KB)            :       26        1   2182771
	   Memory (MB)          :       43     2000      2000
...
