000 (407645.000.000) 10/23 15:52:05 Job submitted from host: <137.138.156.150:9618?addrs=137.138.156.150-9618+[2001-1458-d00-14--9a]-9618&noUDP&sock=4221_d558_7>
...
001 (407645.000.000) 10/23 15:55:00 Job executing on host: <188.184.205.128:9618?addrs=188.184.205.128-9618+[2001-1458-301-7d--100-51f]-9618&noUDP&sock=1278_2e20_3>
...
006 (407645.000.000) 10/23 15:55:09 Image size of job updated: 94712
	37  -  MemoryUsage of job (MB)
	37012  -  ResidentSetSize of job (KB)
...
006 (407645.000.000) 10/23 15:55:19 Image size of job updated: 138780
	37  -  MemoryUsage of job (MB)
	37012  -  ResidentSetSize of job (KB)
...
005 (407645.000.000) 10/23 15:55:19 Job terminated.
	(1) Normal termination (return value 1)
		Usr 0 00:00:01, Sys 0 00:00:00  -  Run Remote Usage
		Usr 0 00:00:00, Sys 0 00:00:00  -  Run Local Usage
		Usr 0 00:00:01, Sys 0 00:00:00  -  Total Remote Usage
		Usr 0 00:00:00, Sys 0 00:00:00  -  Total Local Usage
	792  -  Run Bytes Sent By Job
	902  -  Run Bytes Received By Job
	792  -  Total Bytes Sent By Job
	902  -  Total Bytes Received By Job
	Partitionable Resources :    Usage  Request Allocated
	   Cpus                 :                 1         1
	   Disk (KB)            :       17        1   2223754
	   Memory (MB)          :       37     2000      2000
...
000 (408891.000.000) 10/24 13:25:29 Job submitted from host: <137.138.156.150:9618?addrs=137.138.156.150-9618+[2001-1458-d00-14--9a]-9618&noUDP&sock=4221_d558_7>
...
001 (408891.000.000) 10/24 13:25:39 Job executing on host: <188.185.211.123:9618?addrs=188.185.211.123-9618+[2001-1459-301-96--100-75]-9618&noUDP&sock=1261_8503_3>
...
006 (408891.000.000) 10/24 13:25:48 Image size of job updated: 69604
	29  -  MemoryUsage of job (MB)
	28864  -  ResidentSetSize of job (KB)
...
006 (408891.000.000) 10/24 13:26:15 Image size of job updated: 142748
	29  -  MemoryUsage of job (MB)
	28864  -  ResidentSetSize of job (KB)
...
005 (408891.000.000) 10/24 13:26:15 Job terminated.
	(1) Normal termination (return value 1)
		Usr 0 00:00:01, Sys 0 00:00:00  -  Run Remote Usage
		Usr 0 00:00:00, Sys 0 00:00:00  -  Run Local Usage
		Usr 0 00:00:01, Sys 0 00:00:00  -  Total Remote Usage
		Usr 0 00:00:00, Sys 0 00:00:00  -  Total Local Usage
	3455  -  Run Bytes Sent By Job
	902  -  Run Bytes Received By Job
	3455  -  Total Bytes Sent By Job
	902  -  Total Bytes Received By Job
	Partitionable Resources :    Usage  Request Allocated
	   Cpus                 :                 1         1
	   Disk (KB)            :       19        1   2169195
	   Memory (MB)          :       29     2000      2000
...
