000 (407639.000.000) 10/23 15:51:49 Job submitted from host: <137.138.156.150:9618?addrs=137.138.156.150-9618+[2001-1458-d00-14--9a]-9618&noUDP&sock=4221_d558_7>
...
001 (407639.000.000) 10/23 15:54:58 Job executing on host: <188.184.206.77:9618?addrs=188.184.206.77-9618+[2001-1458-301-7d--100-53f]-9618&noUDP&sock=1262_349c_3>
...
006 (407639.000.000) 10/23 15:55:07 Image size of job updated: 94776
	37  -  MemoryUsage of job (MB)
	37072  -  ResidentSetSize of job (KB)
...
006 (407639.000.000) 10/23 15:55:15 Image size of job updated: 96144
	37  -  MemoryUsage of job (MB)
	37096  -  ResidentSetSize of job (KB)
...
005 (407639.000.000) 10/23 15:55:15 Job terminated.
	(1) Normal termination (return value 1)
		Usr 0 00:00:01, Sys 0 00:00:00  -  Run Remote Usage
		Usr 0 00:00:00, Sys 0 00:00:00  -  Run Local Usage
		Usr 0 00:00:01, Sys 0 00:00:00  -  Total Remote Usage
		Usr 0 00:00:00, Sys 0 00:00:00  -  Total Local Usage
	790  -  Run Bytes Sent By Job
	902  -  Run Bytes Received By Job
	790  -  Total Bytes Sent By Job
	902  -  Total Bytes Received By Job
	Partitionable Resources :    Usage  Request Allocated
	   Cpus                 :                 1         1
	   Disk (KB)            :       17        1   2127012
	   Memory (MB)          :       37     2000      2000
...
000 (408885.000.000) 10/24 13:24:52 Job submitted from host: <137.138.156.150:9618?addrs=137.138.156.150-9618+[2001-1458-d00-14--9a]-9618&noUDP&sock=4221_d558_7>
...
001 (408885.000.000) 10/24 13:25:10 Job executing on host: <188.184.206.38:9618?addrs=188.184.206.38-9618+[2001-1458-301-7d--100-545]-9618&noUDP&sock=1263_e434_3>
...
006 (408885.000.000) 10/24 13:25:19 Image size of job updated: 97120
	39  -  MemoryUsage of job (MB)
	39420  -  ResidentSetSize of job (KB)
...
006 (408885.000.000) 10/24 13:25:31 Image size of job updated: 147584
	39  -  MemoryUsage of job (MB)
	39464  -  ResidentSetSize of job (KB)
...
005 (408885.000.000) 10/24 13:25:31 Job terminated.
	(1) Normal termination (return value 1)
		Usr 0 00:00:01, Sys 0 00:00:00  -  Run Remote Usage
		Usr 0 00:00:00, Sys 0 00:00:00  -  Run Local Usage
		Usr 0 00:00:01, Sys 0 00:00:00  -  Total Remote Usage
		Usr 0 00:00:00, Sys 0 00:00:00  -  Total Local Usage
	5645  -  Run Bytes Sent By Job
	902  -  Run Bytes Received By Job
	5645  -  Total Bytes Sent By Job
	902  -  Total Bytes Received By Job
	Partitionable Resources :    Usage  Request Allocated
	   Cpus                 :                 1         1
	   Disk (KB)            :       22        1   2206163
	   Memory (MB)          :       39     2000      2000
...
