000 (407453.000.000) 10/23 15:40:52 Job submitted from host: <137.138.156.150:9618?addrs=137.138.156.150-9618+[2001-1458-d00-14--9a]-9618&noUDP&sock=4221_d558_7>
...
001 (407453.000.000) 10/23 15:46:05 Job executing on host: <188.184.206.77:9618?addrs=188.184.206.77-9618+[2001-1458-301-7d--100-53f]-9618&noUDP&sock=1262_349c_3>
...
006 (407453.000.000) 10/23 15:46:15 Image size of job updated: 22856
	8  -  MemoryUsage of job (MB)
	7372  -  ResidentSetSize of job (KB)
...
006 (407453.000.000) 10/23 15:46:29 Image size of job updated: 94068
	8  -  MemoryUsage of job (MB)
	7376  -  ResidentSetSize of job (KB)
...
005 (407453.000.000) 10/23 15:46:29 Job terminated.
	(1) Normal termination (return value 1)
		Usr 0 00:00:01, Sys 0 00:00:00  -  Run Remote Usage
		Usr 0 00:00:00, Sys 0 00:00:00  -  Run Local Usage
		Usr 0 00:00:01, Sys 0 00:00:00  -  Total Remote Usage
		Usr 0 00:00:00, Sys 0 00:00:00  -  Total Local Usage
	784  -  Run Bytes Sent By Job
	902  -  Run Bytes Received By Job
	784  -  Total Bytes Sent By Job
	902  -  Total Bytes Received By Job
	Partitionable Resources :    Usage  Request Allocated
	   Cpus                 :                 1         1
	   Disk (KB)            :       17        1   2127012
	   Memory (MB)          :        8     2000      2000
...
000 (408697.000.000) 10/24 13:13:26 Job submitted from host: <137.138.156.150:9618?addrs=137.138.156.150-9618+[2001-1458-d00-14--9a]-9618&noUDP&sock=4221_d558_7>
...
001 (408697.000.000) 10/24 13:16:00 Job executing on host: <188.185.206.50:9618?addrs=188.185.206.50-9618+[2001-1459-301-65--100-2c]-9618&noUDP&sock=1291_18db_3>
...
006 (408697.000.000) 10/24 13:16:09 Image size of job updated: 14132
	5  -  MemoryUsage of job (MB)
	4584  -  ResidentSetSize of job (KB)
...
006 (408697.000.000) 10/24 13:16:39 Image size of job updated: 142748
	6  -  MemoryUsage of job (MB)
	5240  -  ResidentSetSize of job (KB)
...
005 (408697.000.000) 10/24 13:16:39 Job terminated.
	(1) Normal termination (return value 1)
		Usr 0 00:00:01, Sys 0 00:00:00  -  Run Remote Usage
		Usr 0 00:00:00, Sys 0 00:00:00  -  Run Local Usage
		Usr 0 00:00:01, Sys 0 00:00:00  -  Total Remote Usage
		Usr 0 00:00:00, Sys 0 00:00:00  -  Total Local Usage
	3460  -  Run Bytes Sent By Job
	902  -  Run Bytes Received By Job
	3460  -  Total Bytes Sent By Job
	902  -  Total Bytes Received By Job
	Partitionable Resources :    Usage  Request Allocated
	   Cpus                 :                 1         1
	   Disk (KB)            :       19        1   2145618
	   Memory (MB)          :        6     2000      2000
...
