000 (407448.000.000) 10/23 15:30:49 Job submitted from host: <137.138.156.150:9618?addrs=137.138.156.150-9618+[2001-1458-d00-14--9a]-9618&noUDP&sock=4221_d558_7>
...
001 (407448.000.000) 10/23 15:31:17 Job executing on host: <188.184.205.61:9618?addrs=188.184.205.61-9618+[2001-1458-301-7d--100-516]-9618&noUDP&sock=1270_b15e_3>
...
006 (407448.000.000) 10/23 15:31:25 Image size of job updated: 14084
	10  -  MemoryUsage of job (MB)
	9380  -  ResidentSetSize of job (KB)
...
006 (407448.000.000) 10/23 15:31:38 Image size of job updated: 108212
	10  -  MemoryUsage of job (MB)
	9384  -  ResidentSetSize of job (KB)
...
005 (407448.000.000) 10/23 15:31:39 Job terminated.
	(1) Normal termination (return value 1)
		Usr 0 00:00:01, Sys 0 00:00:00  -  Run Remote Usage
		Usr 0 00:00:00, Sys 0 00:00:00  -  Run Local Usage
		Usr 0 00:00:01, Sys 0 00:00:00  -  Total Remote Usage
		Usr 0 00:00:00, Sys 0 00:00:00  -  Total Local Usage
	794  -  Run Bytes Sent By Job
	902  -  Run Bytes Received By Job
	794  -  Total Bytes Sent By Job
	902  -  Total Bytes Received By Job
	Partitionable Resources :    Usage  Request Allocated
	   Cpus                 :                 1         1
	   Disk (KB)            :       17        1   2190514
	   Memory (MB)          :       10     2000      2000
...
000 (407981.000.000) 10/23 16:44:18 Job submitted from host: <137.138.156.150:9618?addrs=137.138.156.150-9618+[2001-1458-d00-14--9a]-9618&noUDP&sock=4221_d558_7>
...
001 (407981.000.000) 10/23 16:45:10 Job executing on host: <188.184.204.197:9618?addrs=188.184.204.197-9618+[2001-1458-301-7d--100-523]-9618&noUDP&sock=1279_ddb8_3>
...
006 (407981.000.000) 10/23 16:45:19 Image size of job updated: 55164
	44  -  MemoryUsage of job (MB)
	44252  -  ResidentSetSize of job (KB)
...
006 (407981.000.000) 10/23 16:45:29 Image size of job updated: 55164
	44  -  MemoryUsage of job (MB)
	44328  -  ResidentSetSize of job (KB)
...
005 (407981.000.000) 10/23 16:45:29 Job terminated.
	(1) Normal termination (return value 1)
		Usr 0 00:00:02, Sys 0 00:00:00  -  Run Remote Usage
		Usr 0 00:00:00, Sys 0 00:00:00  -  Run Local Usage
		Usr 0 00:00:02, Sys 0 00:00:00  -  Total Remote Usage
		Usr 0 00:00:00, Sys 0 00:00:00  -  Total Local Usage
	12086  -  Run Bytes Sent By Job
	902  -  Run Bytes Received By Job
	12086  -  Total Bytes Sent By Job
	902  -  Total Bytes Received By Job
	Partitionable Resources :    Usage  Request Allocated
	   Cpus                 :                 1         1
	   Disk (KB)            :       28        1   2108055
	   Memory (MB)          :       44     2000      2000
...
