000 (407481.000.000) 10/23 15:42:16 Job submitted from host: <137.138.156.150:9618?addrs=137.138.156.150-9618+[2001-1458-d00-14--9a]-9618&noUDP&sock=4221_d558_7>
...
001 (407481.000.000) 10/23 15:46:21 Job executing on host: <188.184.205.237:9618?addrs=188.184.205.237-9618+[2001-1458-301-7d--100-531]-9618&noUDP&sock=1287_5a7a_3>
...
006 (407481.000.000) 10/23 15:46:30 Image size of job updated: 76852
	44  -  MemoryUsage of job (MB)
	44468  -  ResidentSetSize of job (KB)
...
006 (407481.000.000) 10/23 15:46:34 Image size of job updated: 122752
	44  -  MemoryUsage of job (MB)
	44468  -  ResidentSetSize of job (KB)
...
005 (407481.000.000) 10/23 15:46:35 Job terminated.
	(1) Normal termination (return value 1)
		Usr 0 00:00:01, Sys 0 00:00:00  -  Run Remote Usage
		Usr 0 00:00:00, Sys 0 00:00:00  -  Run Local Usage
		Usr 0 00:00:01, Sys 0 00:00:00  -  Total Remote Usage
		Usr 0 00:00:00, Sys 0 00:00:00  -  Total Local Usage
	791  -  Run Bytes Sent By Job
	902  -  Run Bytes Received By Job
	791  -  Total Bytes Sent By Job
	902  -  Total Bytes Received By Job
	Partitionable Resources :    Usage  Request Allocated
	   Cpus                 :                 1         1
	   Disk (KB)            :       17        1   2224104
	   Memory (MB)          :       44     2000      2000
...
000 (408726.000.000) 10/24 13:15:26 Job submitted from host: <137.138.156.150:9618?addrs=137.138.156.150-9618+[2001-1458-d00-14--9a]-9618&noUDP&sock=4221_d558_7>
...
001 (408726.000.000) 10/24 13:16:10 Job executing on host: <188.184.205.90:9618?addrs=188.184.205.90-9618+[--1]-9618&noUDP&sock=1243_2c4f_3>
...
006 (408726.000.000) 10/24 13:16:18 Image size of job updated: 22516
	7  -  MemoryUsage of job (MB)
	7032  -  ResidentSetSize of job (KB)
...
006 (408726.000.000) 10/24 13:16:37 Image size of job updated: 147640
	7  -  MemoryUsage of job (MB)
	7040  -  ResidentSetSize of job (KB)
...
005 (408726.000.000) 10/24 13:16:38 Job terminated.
	(1) Normal termination (return value 1)
		Usr 0 00:00:01, Sys 0 00:00:00  -  Run Remote Usage
		Usr 0 00:00:00, Sys 0 00:00:00  -  Run Local Usage
		Usr 0 00:00:01, Sys 0 00:00:00  -  Total Remote Usage
		Usr 0 00:00:00, Sys 0 00:00:00  -  Total Local Usage
	5645  -  Run Bytes Sent By Job
	902  -  Run Bytes Received By Job
	5645  -  Total Bytes Sent By Job
	902  -  Total Bytes Received By Job
	Partitionable Resources :    Usage  Request Allocated
	   Cpus                 :                 1         1
	   Disk (KB)            :       21        1   2180787
	   Memory (MB)          :        7     2000      2000
...
