000 (407713.000.000) 10/23 16:09:52 Job submitted from host: <137.138.156.150:9618?addrs=137.138.156.150-9618+[2001-1458-d00-14--9a]-9618&noUDP&sock=4221_d558_7>
...
001 (407713.000.000) 10/23 16:13:37 Job executing on host: <188.184.204.151:9618?addrs=188.184.204.151-9618+[--1]-9618&noUDP&sock=1216_a740_3>
...
006 (407713.000.000) 10/23 16:13:46 Image size of job updated: 50636
	42  -  MemoryUsage of job (MB)
	42716  -  ResidentSetSize of job (KB)
...
005 (407713.000.000) 10/23 16:13:53 Job terminated.
	(1) Normal termination (return value 1)
		Usr 0 00:00:01, Sys 0 00:00:00  -  Run Remote Usage
		Usr 0 00:00:00, Sys 0 00:00:00  -  Run Local Usage
		Usr 0 00:00:01, Sys 0 00:00:00  -  Total Remote Usage
		Usr 0 00:00:00, Sys 0 00:00:00  -  Total Local Usage
	13056  -  Run Bytes Sent By Job
	902  -  Run Bytes Received By Job
	13056  -  Total Bytes Sent By Job
	902  -  Total Bytes Received By Job
	Partitionable Resources :    Usage  Request Allocated
	   Cpus                 :                 1         1
	   Disk (KB)            :       29        1   2194064
	   Memory (MB)          :       42     2000      2000
...
000 (408965.000.000) 10/24 14:51:00 Job submitted from host: <137.138.156.150:9618?addrs=137.138.156.150-9618+[2001-1458-d00-14--9a]-9618&noUDP&sock=4221_d558_7>
...
001 (408965.000.000) 10/24 14:52:05 Job executing on host: <188.184.204.202:9618?addrs=188.184.204.202-9618+[2001-1458-301-7d--100-51a]-9618&noUDP&sock=1274_6fbf_3>
...
006 (408965.000.000) 10/24 14:52:14 Image size of job updated: 67980
	28  -  MemoryUsage of job (MB)
	28060  -  ResidentSetSize of job (KB)
...
006 (408965.000.000) 10/24 14:52:20 Image size of job updated: 142756
	28  -  MemoryUsage of job (MB)
	28072  -  ResidentSetSize of job (KB)
...
005 (408965.000.000) 10/24 14:52:20 Job terminated.
	(1) Normal termination (return value 1)
		Usr 0 00:00:01, Sys 0 00:00:00  -  Run Remote Usage
		Usr 0 00:00:00, Sys 0 00:00:00  -  Run Local Usage
		Usr 0 00:00:01, Sys 0 00:00:00  -  Total Remote Usage
		Usr 0 00:00:00, Sys 0 00:00:00  -  Total Local Usage
	13056  -  Run Bytes Sent By Job
	902  -  Run Bytes Received By Job
	13056  -  Total Bytes Sent By Job
	902  -  Total Bytes Received By Job
	Partitionable Resources :    Usage  Request Allocated
	   Cpus                 :                 1         1
	   Disk (KB)            :       29        1   2223326
	   Memory (MB)          :       28     2000      2000
...
