000 (407384.000.000) 10/23 15:26:46 Job submitted from host: <137.138.156.150:9618?addrs=137.138.156.150-9618+[2001-1458-d00-14--9a]-9618&noUDP&sock=4221_d558_7>
...
001 (407384.000.000) 10/23 15:26:48 Job executing on host: <188.185.213.191:9618?addrs=188.185.213.191-9618+[2001-1459-301-98--100-b9]-9618&noUDP&sock=1258_763b_3>
...
006 (407384.000.000) 10/23 15:26:57 Image size of job updated: 94160
	43  -  MemoryUsage of job (MB)
	43540  -  ResidentSetSize of job (KB)
...
005 (407384.000.000) 10/23 15:27:02 Job terminated.
	(1) Normal termination (return value 1)
		Usr 0 00:00:00, Sys 0 00:00:00  -  Run Remote Usage
		Usr 0 00:00:00, Sys 0 00:00:00  -  Run Local Usage
		Usr 0 00:00:00, Sys 0 00:00:00  -  Total Remote Usage
		Usr 0 00:00:00, Sys 0 00:00:00  -  Total Local Usage
	792  -  Run Bytes Sent By Job
	902  -  Run Bytes Received By Job
	792  -  Total Bytes Sent By Job
	902  -  Total Bytes Received By Job
	Partitionable Resources :    Usage  Request Allocated
	   Cpus                 :                 1         1
	   Disk (KB)            :       17        1   2154640
	   Memory (MB)          :       43     2000      2000
...
000 (407917.000.000) 10/23 16:38:57 Job submitted from host: <137.138.156.150:9618?addrs=137.138.156.150-9618+[2001-1458-d00-14--9a]-9618&noUDP&sock=4221_d558_7>
...
001 (407917.000.000) 10/23 16:39:29 Job executing on host: <188.185.208.166:9618?addrs=188.185.208.166-9618+[2001-1459-301-93--100-a0]-9618&noUDP&sock=1318_9de9_3>
...
006 (407917.000.000) 10/23 16:39:37 Image size of job updated: 92948
	35  -  MemoryUsage of job (MB)
	35696  -  ResidentSetSize of job (KB)
...
006 (407917.000.000) 10/23 16:40:00 Image size of job updated: 163220
	35  -  MemoryUsage of job (MB)
	35696  -  ResidentSetSize of job (KB)
...
005 (407917.000.000) 10/23 16:40:00 Job terminated.
	(1) Normal termination (return value 1)
		Usr 0 00:00:01, Sys 0 00:00:00  -  Run Remote Usage
		Usr 0 00:00:00, Sys 0 00:00:00  -  Run Local Usage
		Usr 0 00:00:01, Sys 0 00:00:00  -  Total Remote Usage
		Usr 0 00:00:00, Sys 0 00:00:00  -  Total Local Usage
	12085  -  Run Bytes Sent By Job
	902  -  Run Bytes Received By Job
	12085  -  Total Bytes Sent By Job
	902  -  Total Bytes Received By Job
	Partitionable Resources :    Usage  Request Allocated
	   Cpus                 :                 1         1
	   Disk (KB)            :       28        1   2200470
	   Memory (MB)          :       35     2000      2000
...
