000 (407288.000.000) 10/23 15:20:11 Job submitted from host: <137.138.156.150:9618?addrs=137.138.156.150-9618+[2001-1458-d00-14--9a]-9618&noUDP&sock=4221_d558_7>
...
001 (407288.000.000) 10/23 15:22:35 Job executing on host: <188.184.205.210:9618?addrs=188.184.205.210-9618+[2001-1458-301-7d--100-528]-9618&noUDP&sock=1287_5a7a_3>
...
006 (407288.000.000) 10/23 15:22:43 Image size of job updated: 75900
	0  -  MemoryUsage of job (MB)
	0  -  ResidentSetSize of job (KB)
...
005 (407288.000.000) 10/23 15:22:43 Job terminated.
	(1) Normal termination (return value 1)
		Usr 0 00:00:01, Sys 0 00:00:00  -  Run Remote Usage
		Usr 0 00:00:00, Sys 0 00:00:00  -  Run Local Usage
		Usr 0 00:00:01, Sys 0 00:00:00  -  Total Remote Usage
		Usr 0 00:00:00, Sys 0 00:00:00  -  Total Local Usage
	793  -  Run Bytes Sent By Job
	902  -  Run Bytes Received By Job
	793  -  Total Bytes Sent By Job
	902  -  Total Bytes Received By Job
	Partitionable Resources :    Usage  Request Allocated
	   Cpus                 :                 1         1
	   Disk (KB)            :       17        1   2216448
	   Memory (MB)          :        0     2000      2000
...
000 (407799.000.000) 10/23 16:32:06 Job submitted from host: <137.138.156.150:9618?addrs=137.138.156.150-9618+[2001-1458-d00-14--9a]-9618&noUDP&sock=4221_d558_7>
...
001 (407799.000.000) 10/23 16:35:42 Job executing on host: <188.184.204.197:9618?addrs=188.184.204.197-9618+[2001-1458-301-7d--100-523]-9618&noUDP&sock=1279_ddb8_3>
...
006 (407799.000.000) 10/23 16:35:51 Image size of job updated: 10360
	10  -  MemoryUsage of job (MB)
	10056  -  ResidentSetSize of job (KB)
...
006 (407799.000.000) 10/23 16:36:11 Image size of job updated: 10360
	10  -  MemoryUsage of job (MB)
	10068  -  ResidentSetSize of job (KB)
...
005 (407799.000.000) 10/23 16:36:11 Job terminated.
	(1) Normal termination (return value 139)
		Usr 0 00:00:02, Sys 0 00:00:00  -  Run Remote Usage
		Usr 0 00:00:00, Sys 0 00:00:00  -  Run Local Usage
		Usr 0 00:00:02, Sys 0 00:00:00  -  Total Remote Usage
		Usr 0 00:00:00, Sys 0 00:00:00  -  Total Local Usage
	4003  -  Run Bytes Sent By Job
	902  -  Run Bytes Received By Job
	4003  -  Total Bytes Sent By Job
	902  -  Total Bytes Received By Job
	Partitionable Resources :    Usage  Request Allocated
	   Cpus                 :                 1         1
	   Disk (KB)            :       20        1   2108380
	   Memory (MB)          :       10     2000      2000
...
000 (408642.000.000) 10/24 11:37:54 Job submitted from host: <137.138.156.150:9618?addrs=137.138.156.150-9618+[2001-1458-d00-14--9a]-9618&noUDP&sock=4221_d558_7>
...
001 (408642.000.000) 10/24 12:18:16 Job executing on host: <188.184.205.81:9618?addrs=188.184.205.81-9618+[2001-1458-301-7d--100-543]-9618&noUDP&sock=1264_93cc_3>
...
006 (408642.000.000) 10/24 12:18:25 Image size of job updated: 9596
	10  -  MemoryUsage of job (MB)
	9596  -  ResidentSetSize of job (KB)
...
006 (408642.000.000) 10/24 12:19:13 Image size of job updated: 161520
	10  -  MemoryUsage of job (MB)
	9596  -  ResidentSetSize of job (KB)
...
005 (408642.000.000) 10/24 12:19:13 Job terminated.
	(1) Normal termination (return value 1)
		Usr 0 00:00:02, Sys 0 00:00:00  -  Run Remote Usage
		Usr 0 00:00:00, Sys 0 00:00:00  -  Run Local Usage
		Usr 0 00:00:02, Sys 0 00:00:00  -  Total Remote Usage
		Usr 0 00:00:00, Sys 0 00:00:00  -  Total Local Usage
	12085  -  Run Bytes Sent By Job
	902  -  Run Bytes Received By Job
	12085  -  Total Bytes Sent By Job
	902  -  Total Bytes Received By Job
	Partitionable Resources :    Usage  Request Allocated
	   Cpus                 :                 1         1
	   Disk (KB)            :       28        1   2217908
	   Memory (MB)          :       10     2000      2000
...
