000 (407099.000.000) 10/23 14:56:00 Job submitted from host: <137.138.156.150:9618?addrs=137.138.156.150-9618+[2001-1458-d00-14--9a]-9618&noUDP&sock=4221_d558_7>
...
001 (407099.000.000) 10/23 14:56:33 Job executing on host: <188.184.205.237:9618?addrs=188.184.205.237-9618+[2001-1458-301-7d--100-531]-9618&noUDP&sock=1287_5a7a_3>
...
006 (407099.000.000) 10/23 14:56:42 Image size of job updated: 76824
	44  -  MemoryUsage of job (MB)
	44448  -  ResidentSetSize of job (KB)
...
006 (407099.000.000) 10/23 14:56:48 Image size of job updated: 110596
	44  -  MemoryUsage of job (MB)
	44456  -  ResidentSetSize of job (KB)
...
005 (407099.000.000) 10/23 14:56:48 Job terminated.
	(1) Normal termination (return value 1)
		Usr 0 00:00:01, Sys 0 00:00:00  -  Run Remote Usage
		Usr 0 00:00:00, Sys 0 00:00:00  -  Run Local Usage
		Usr 0 00:00:01, Sys 0 00:00:00  -  Total Remote Usage
		Usr 0 00:00:00, Sys 0 00:00:00  -  Total Local Usage
	12092  -  Run Bytes Sent By Job
	902  -  Run Bytes Received By Job
	12092  -  Total Bytes Sent By Job
	902  -  Total Bytes Received By Job
	Partitionable Resources :    Usage  Request Allocated
	   Cpus                 :                 1         1
	   Disk (KB)            :       28        1   2103999
	   Memory (MB)          :       44     2000      2000
...
