000 (407643.000.000) 10/23 15:52:00 Job submitted from host: <137.138.156.150:9618?addrs=137.138.156.150-9618+[2001-1458-d00-14--9a]-9618&noUDP&sock=4221_d558_7>
...
001 (407643.000.000) 10/23 15:54:58 Job executing on host: <188.184.205.219:9618?addrs=188.184.205.219-9618+[2001-1458-301-7d--100-53a]-9618&noUDP&sock=1282_ec81_3>
...
006 (407643.000.000) 10/23 15:55:06 Image size of job updated: 80104
	31  -  MemoryUsage of job (MB)
	30844  -  ResidentSetSize of job (KB)
...
006 (407643.000.000) 10/23 15:55:16 Image size of job updated: 473108
	31  -  MemoryUsage of job (MB)
	30844  -  ResidentSetSize of job (KB)
...
005 (407643.000.000) 10/23 15:55:16 Job terminated.
	(1) Normal termination (return value 1)
		Usr 0 00:00:01, Sys 0 00:00:00  -  Run Remote Usage
		Usr 0 00:00:00, Sys 0 00:00:00  -  Run Local Usage
		Usr 0 00:00:01, Sys 0 00:00:00  -  Total Remote Usage
		Usr 0 00:00:00, Sys 0 00:00:00  -  Total Local Usage
	792  -  Run Bytes Sent By Job
	902  -  Run Bytes Received By Job
	792  -  Total Bytes Sent By Job
	902  -  Total Bytes Received By Job
	Partitionable Resources :    Usage  Request Allocated
	   Cpus                 :                 1         1
	   Disk (KB)            :       17        1   2150828
	   Memory (MB)          :       31     2000      2000
...
000 (408889.000.000) 10/24 13:25:22 Job submitted from host: <137.138.156.150:9618?addrs=137.138.156.150-9618+[2001-1458-d00-14--9a]-9618&noUDP&sock=4221_d558_7>
...
001 (408889.000.000) 10/24 13:25:31 Job executing on host: <188.184.204.151:9618?addrs=188.184.204.151-9618+[--1]-9618&noUDP&sock=1216_a740_3>
...
006 (408889.000.000) 10/24 13:25:40 Image size of job updated: 99700
	42  -  MemoryUsage of job (MB)
	42000  -  ResidentSetSize of job (KB)
...
006 (408889.000.000) 10/24 13:25:45 Image size of job updated: 407324
	42  -  MemoryUsage of job (MB)
	42004  -  ResidentSetSize of job (KB)
...
005 (408889.000.000) 10/24 13:25:45 Job terminated.
	(1) Normal termination (return value 1)
		Usr 0 00:00:01, Sys 0 00:00:00  -  Run Remote Usage
		Usr 0 00:00:00, Sys 0 00:00:00  -  Run Local Usage
		Usr 0 00:00:01, Sys 0 00:00:00  -  Total Remote Usage
		Usr 0 00:00:00, Sys 0 00:00:00  -  Total Local Usage
	5646  -  Run Bytes Sent By Job
	902  -  Run Bytes Received By Job
	5646  -  Total Bytes Sent By Job
	902  -  Total Bytes Received By Job
	Partitionable Resources :    Usage  Request Allocated
	   Cpus                 :                 1         1
	   Disk (KB)            :       21        1   2181666
	   Memory (MB)          :       42     2000      2000
...
