000 (407107.000.000) 10/23 14:56:21 Job submitted from host: <137.138.156.150:9618?addrs=137.138.156.150-9618+[2001-1458-d00-14--9a]-9618&noUDP&sock=4221_d558_7>
...
001 (407107.000.000) 10/23 14:56:41 Job executing on host: <188.184.205.90:9618?addrs=188.184.205.90-9618+[--1]-9618&noUDP&sock=1243_2c4f_3>
...
006 (407107.000.000) 10/23 14:56:50 Image size of job updated: 53484
	44  -  MemoryUsage of job (MB)
	44476  -  ResidentSetSize of job (KB)
...
006 (407107.000.000) 10/23 14:56:57 Image size of job updated: 471928
	44  -  MemoryUsage of job (MB)
	44484  -  ResidentSetSize of job (KB)
...
005 (407107.000.000) 10/23 14:56:57 Job terminated.
	(1) Normal termination (return value 1)
		Usr 0 00:00:01, Sys 0 00:00:00  -  Run Remote Usage
		Usr 0 00:00:00, Sys 0 00:00:00  -  Run Local Usage
		Usr 0 00:00:01, Sys 0 00:00:00  -  Total Remote Usage
		Usr 0 00:00:00, Sys 0 00:00:00  -  Total Local Usage
	12092  -  Run Bytes Sent By Job
	902  -  Run Bytes Received By Job
	12092  -  Total Bytes Sent By Job
	902  -  Total Bytes Received By Job
	Partitionable Resources :    Usage  Request Allocated
	   Cpus                 :                 1         1
	   Disk (KB)            :       28        1   2193776
	   Memory (MB)          :       44     2000      2000
...
