000 (407737.000.000) 10/23 16:11:07 Job submitted from host: <137.138.156.150:9618?addrs=137.138.156.150-9618+[2001-1458-d00-14--9a]-9618&noUDP&sock=4221_d558_7>
...
001 (407737.000.000) 10/23 16:14:00 Job executing on host: <188.184.206.45:9618?addrs=188.184.206.45-9618+[2001-1458-301-7d--100-551]-9618&noUDP&sock=1288_0a12_3>
...
006 (407737.000.000) 10/23 16:14:08 Image size of job updated: 84676
	42  -  MemoryUsage of job (MB)
	42136  -  ResidentSetSize of job (KB)
...
006 (407737.000.000) 10/23 16:14:26 Image size of job updated: 161784
	42  -  MemoryUsage of job (MB)
	42136  -  ResidentSetSize of job (KB)
...
005 (407737.000.000) 10/23 16:14:26 Job terminated.
	(1) Normal termination (return value 139)
		Usr 0 00:00:02, Sys 0 00:00:00  -  Run Remote Usage
		Usr 0 00:00:00, Sys 0 00:00:00  -  Run Local Usage
		Usr 0 00:00:02, Sys 0 00:00:00  -  Total Remote Usage
		Usr 0 00:00:00, Sys 0 00:00:00  -  Total Local Usage
	6110  -  Run Bytes Sent By Job
	902  -  Run Bytes Received By Job
	6110  -  Total Bytes Sent By Job
	902  -  Total Bytes Received By Job
	Partitionable Resources :    Usage  Request Allocated
	   Cpus                 :                 1         1
	   Disk (KB)            :       22        1   2218209
	   Memory (MB)          :       42     2000      2000
...
000 (408989.000.000) 10/24 14:52:14 Job submitted from host: <137.138.156.150:9618?addrs=137.138.156.150-9618+[2001-1458-d00-14--9a]-9618&noUDP&sock=4221_d558_7>
...
001 (408989.000.000) 10/24 14:52:16 Job executing on host: <188.184.205.90:9618?addrs=188.184.205.90-9618+[--1]-9618&noUDP&sock=1243_2c4f_3>
...
006 (408989.000.000) 10/24 14:52:25 Image size of job updated: 76832
	44  -  MemoryUsage of job (MB)
	44472  -  ResidentSetSize of job (KB)
...
006 (408989.000.000) 10/24 14:52:30 Image size of job updated: 142748
	44  -  MemoryUsage of job (MB)
	44496  -  ResidentSetSize of job (KB)
...
005 (408989.000.000) 10/24 14:52:31 Job terminated.
	(1) Normal termination (return value 1)
		Usr 0 00:00:01, Sys 0 00:00:00  -  Run Remote Usage
		Usr 0 00:00:00, Sys 0 00:00:00  -  Run Local Usage
		Usr 0 00:00:01, Sys 0 00:00:00  -  Total Remote Usage
		Usr 0 00:00:00, Sys 0 00:00:00  -  Total Local Usage
	8694  -  Run Bytes Sent By Job
	902  -  Run Bytes Received By Job
	8694  -  Total Bytes Sent By Job
	902  -  Total Bytes Received By Job
	Partitionable Resources :    Usage  Request Allocated
	   Cpus                 :                 1         1
	   Disk (KB)            :       24        1   2180799
	   Memory (MB)          :       44     2000      2000
...
