000 (407474.000.000) 10/23 15:41:56 Job submitted from host: <137.138.156.150:9618?addrs=137.138.156.150-9618+[2001-1458-d00-14--9a]-9618&noUDP&sock=4221_d558_7>
...
001 (407474.000.000) 10/23 15:46:09 Job executing on host: <188.184.205.67:9618?addrs=188.184.205.67-9618+[2001-1458-301-7d--100-515]-9618&noUDP&sock=1274_6fbf_3>
...
006 (407474.000.000) 10/23 15:46:18 Image size of job updated: 13756
	8  -  MemoryUsage of job (MB)
	8040  -  ResidentSetSize of job (KB)
...
006 (407474.000.000) 10/23 15:46:31 Image size of job updated: 49568
	8  -  MemoryUsage of job (MB)
	8040  -  ResidentSetSize of job (KB)
...
005 (407474.000.000) 10/23 15:46:31 Job terminated.
	(1) Normal termination (return value 1)
		Usr 0 00:00:01, Sys 0 00:00:00  -  Run Remote Usage
		Usr 0 00:00:00, Sys 0 00:00:00  -  Run Local Usage
		Usr 0 00:00:01, Sys 0 00:00:00  -  Total Remote Usage
		Usr 0 00:00:00, Sys 0 00:00:00  -  Total Local Usage
	791  -  Run Bytes Sent By Job
	902  -  Run Bytes Received By Job
	791  -  Total Bytes Sent By Job
	902  -  Total Bytes Received By Job
	Partitionable Resources :    Usage  Request Allocated
	   Cpus                 :                 1         1
	   Disk (KB)            :       16        1   2127764
	   Memory (MB)          :        8     2000      2000
...
000 (408719.000.000) 10/24 13:15:02 Job submitted from host: <137.138.156.150:9618?addrs=137.138.156.150-9618+[2001-1458-d00-14--9a]-9618&noUDP&sock=4221_d558_7>
...
001 (408719.000.000) 10/24 13:16:04 Job executing on host: <188.184.205.62:9618?addrs=188.184.205.62-9618+[2001-1458-301-7d--100-51d]-9618&noUDP&sock=1264_93cc_3>
...
006 (408719.000.000) 10/24 13:16:13 Image size of job updated: 22736
	8  -  MemoryUsage of job (MB)
	7252  -  ResidentSetSize of job (KB)
...
006 (408719.000.000) 10/24 13:16:26 Image size of job updated: 93564
	8  -  MemoryUsage of job (MB)
	7256  -  ResidentSetSize of job (KB)
...
005 (408719.000.000) 10/24 13:16:26 Job terminated.
	(1) Normal termination (return value 1)
		Usr 0 00:00:01, Sys 0 00:00:00  -  Run Remote Usage
		Usr 0 00:00:00, Sys 0 00:00:00  -  Run Local Usage
		Usr 0 00:00:01, Sys 0 00:00:00  -  Total Remote Usage
		Usr 0 00:00:00, Sys 0 00:00:00  -  Total Local Usage
	10007  -  Run Bytes Sent By Job
	902  -  Run Bytes Received By Job
	10007  -  Total Bytes Sent By Job
	902  -  Total Bytes Received By Job
	Partitionable Resources :    Usage  Request Allocated
	   Cpus                 :                 1         1
	   Disk (KB)            :       26        1   2114085
	   Memory (MB)          :        8     2000      2000
...
