000 (407750.000.000) 10/23 16:12:16 Job submitted from host: <137.138.156.150:9618?addrs=137.138.156.150-9618+[2001-1458-d00-14--9a]-9618&noUDP&sock=4221_d558_7>
...
001 (407750.000.000) 10/23 16:14:12 Job executing on host: <188.184.205.219:9618?addrs=188.184.205.219-9618+[2001-1458-301-7d--100-53a]-9618&noUDP&sock=1282_ec81_3>
...
006 (407750.000.000) 10/23 16:14:21 Image size of job updated: 95272
	46  -  MemoryUsage of job (MB)
	46688  -  ResidentSetSize of job (KB)
...
006 (407750.000.000) 10/23 16:14:28 Image size of job updated: 147656
	46  -  MemoryUsage of job (MB)
	46688  -  ResidentSetSize of job (KB)
...
005 (407750.000.000) 10/23 16:14:28 Job terminated.
	(1) Normal termination (return value 1)
		Usr 0 00:00:01, Sys 0 00:00:00  -  Run Remote Usage
		Usr 0 00:00:00, Sys 0 00:00:00  -  Run Local Usage
		Usr 0 00:00:01, Sys 0 00:00:00  -  Total Remote Usage
		Usr 0 00:00:00, Sys 0 00:00:00  -  Total Local Usage
	21780  -  Run Bytes Sent By Job
	902  -  Run Bytes Received By Job
	21780  -  Total Bytes Sent By Job
	902  -  Total Bytes Received By Job
	Partitionable Resources :    Usage  Request Allocated
	   Cpus                 :                 1         1
	   Disk (KB)            :       37        1   2150831
	   Memory (MB)          :       46     2000      2000
...
000 (409002.000.000) 10/24 14:53:15 Job submitted from host: <137.138.156.150:9618?addrs=137.138.156.150-9618+[2001-1458-d00-14--9a]-9618&noUDP&sock=4221_d558_7>
...
001 (409002.000.000) 10/24 14:53:50 Job executing on host: <188.184.206.167:9618?addrs=188.184.206.167-9618+[2001-1458-301-7d--100-554]-9618&noUDP&sock=1268_522d_3>
...
006 (409002.000.000) 10/24 14:53:59 Image size of job updated: 99032
	41  -  MemoryUsage of job (MB)
	41332  -  ResidentSetSize of job (KB)
...
006 (409002.000.000) 10/24 14:54:09 Image size of job updated: 147512
	41  -  MemoryUsage of job (MB)
	41336  -  ResidentSetSize of job (KB)
...
005 (409002.000.000) 10/24 14:54:09 Job terminated.
	(1) Normal termination (return value 1)
		Usr 0 00:00:01, Sys 0 00:00:00  -  Run Remote Usage
		Usr 0 00:00:00, Sys 0 00:00:00  -  Run Local Usage
		Usr 0 00:00:01, Sys 0 00:00:00  -  Total Remote Usage
		Usr 0 00:00:00, Sys 0 00:00:00  -  Total Local Usage
	21780  -  Run Bytes Sent By Job
	902  -  Run Bytes Received By Job
	21780  -  Total Bytes Sent By Job
	902  -  Total Bytes Received By Job
	Partitionable Resources :    Usage  Request Allocated
	   Cpus                 :                 1         1
	   Disk (KB)            :       37        1   2105582
	   Memory (MB)          :       41     2000      2000
...
