000 (407429.000.000) 10/23 15:29:26 Job submitted from host: <137.138.156.150:9618?addrs=137.138.156.150-9618+[2001-1458-d00-14--9a]-9618&noUDP&sock=4221_d558_7>
...
001 (407429.000.000) 10/23 15:31:11 Job executing on host: <188.184.205.128:9618?addrs=188.184.205.128-9618+[2001-1458-301-7d--100-51f]-9618&noUDP&sock=1278_2e20_3>
...
006 (407429.000.000) 10/23 15:31:20 Image size of job updated: 98552
	40  -  MemoryUsage of job (MB)
	40852  -  ResidentSetSize of job (KB)
...
006 (407429.000.000) 10/23 15:31:28 Image size of job updated: 98552
	40  -  MemoryUsage of job (MB)
	40856  -  ResidentSetSize of job (KB)
...
005 (407429.000.000) 10/23 15:31:28 Job terminated.
	(1) Normal termination (return value 1)
		Usr 0 00:00:01, Sys 0 00:00:00  -  Run Remote Usage
		Usr 0 00:00:00, Sys 0 00:00:00  -  Run Local Usage
		Usr 0 00:00:01, Sys 0 00:00:00  -  Total Remote Usage
		Usr 0 00:00:00, Sys 0 00:00:00  -  Total Local Usage
	792  -  Run Bytes Sent By Job
	902  -  Run Bytes Received By Job
	792  -  Total Bytes Sent By Job
	902  -  Total Bytes Received By Job
	Partitionable Resources :    Usage  Request Allocated
	   Cpus                 :                 1         1
	   Disk (KB)            :       17        1   2223755
	   Memory (MB)          :       40     2000      2000
...
000 (407962.000.000) 10/23 16:42:21 Job submitted from host: <137.138.156.150:9618?addrs=137.138.156.150-9618+[2001-1458-d00-14--9a]-9618&noUDP&sock=4221_d558_7>
...
001 (407962.000.000) 10/23 16:44:36 Job executing on host: <188.184.204.110:9618?addrs=188.184.204.110-9618+[2001-1458-301-7d--100-501]-9618&noUDP&sock=1271_60f6_3>
...
006 (407962.000.000) 10/23 16:44:45 Image size of job updated: 12936
	4  -  MemoryUsage of job (MB)
	3824  -  ResidentSetSize of job (KB)
...
006 (407962.000.000) 10/23 16:45:11 Image size of job updated: 161068
	4  -  MemoryUsage of job (MB)
	4048  -  ResidentSetSize of job (KB)
...
005 (407962.000.000) 10/23 16:45:11 Job terminated.
	(1) Normal termination (return value 1)
		Usr 0 00:00:01, Sys 0 00:00:00  -  Run Remote Usage
		Usr 0 00:00:00, Sys 0 00:00:00  -  Run Local Usage
		Usr 0 00:00:01, Sys 0 00:00:00  -  Total Remote Usage
		Usr 0 00:00:00, Sys 0 00:00:00  -  Total Local Usage
	12085  -  Run Bytes Sent By Job
	902  -  Run Bytes Received By Job
	12085  -  Total Bytes Sent By Job
	902  -  Total Bytes Received By Job
	Partitionable Resources :    Usage  Request Allocated
	   Cpus                 :                 1         1
	   Disk (KB)            :       28        1   2203330
	   Memory (MB)          :        4     2000      2000
...
