000 (407703.000.000) 10/23 16:09:01 Job submitted from host: <137.138.156.150:9618?addrs=137.138.156.150-9618+[2001-1458-d00-14--9a]-9618&noUDP&sock=4221_d558_7>
...
001 (407703.000.000) 10/23 16:13:27 Job executing on host: <188.184.206.224:9618?addrs=188.184.206.224-9618+[2001-1458-301-7d--100-563]-9618&noUDP&sock=1280_8d50_3>
...
006 (407703.000.000) 10/23 16:13:36 Image size of job updated: 99172
	43  -  MemoryUsage of job (MB)
	43528  -  ResidentSetSize of job (KB)
...
005 (407703.000.000) 10/23 16:13:43 Job terminated.
	(1) Normal termination (return value 1)
		Usr 0 00:00:01, Sys 0 00:00:00  -  Run Remote Usage
		Usr 0 00:00:00, Sys 0 00:00:00  -  Run Local Usage
		Usr 0 00:00:01, Sys 0 00:00:00  -  Total Remote Usage
		Usr 0 00:00:00, Sys 0 00:00:00  -  Total Local Usage
	8694  -  Run Bytes Sent By Job
	902  -  Run Bytes Received By Job
	8694  -  Total Bytes Sent By Job
	902  -  Total Bytes Received By Job
	Partitionable Resources :    Usage  Request Allocated
	   Cpus                 :                 1         1
	   Disk (KB)            :       24        1   2217859
	   Memory (MB)          :       43     2000      2000
...
000 (408955.000.000) 10/24 14:50:26 Job submitted from host: <137.138.156.150:9618?addrs=137.138.156.150-9618+[2001-1458-d00-14--9a]-9618&noUDP&sock=4221_d558_7>
...
001 (408955.000.000) 10/24 14:52:03 Job executing on host: <188.184.205.237:9618?addrs=188.184.205.237-9618+[2001-1458-301-7d--100-531]-9618&noUDP&sock=1287_5a7a_3>
...
006 (408955.000.000) 10/24 14:52:11 Image size of job updated: 21104
	7  -  MemoryUsage of job (MB)
	6456  -  ResidentSetSize of job (KB)
...
006 (408955.000.000) 10/24 14:52:22 Image size of job updated: 99296
	7  -  MemoryUsage of job (MB)
	6456  -  ResidentSetSize of job (KB)
...
005 (408955.000.000) 10/24 14:52:23 Job terminated.
	(1) Normal termination (return value 1)
		Usr 0 00:00:01, Sys 0 00:00:00  -  Run Remote Usage
		Usr 0 00:00:00, Sys 0 00:00:00  -  Run Local Usage
		Usr 0 00:00:01, Sys 0 00:00:00  -  Total Remote Usage
		Usr 0 00:00:00, Sys 0 00:00:00  -  Total Local Usage
	8694  -  Run Bytes Sent By Job
	902  -  Run Bytes Received By Job
	8694  -  Total Bytes Sent By Job
	902  -  Total Bytes Received By Job
	Partitionable Resources :    Usage  Request Allocated
	   Cpus                 :                 1         1
	   Disk (KB)            :       24        1   2212202
	   Memory (MB)          :        7     2000      2000
...
