000 (407736.000.000) 10/23 16:11:04 Job submitted from host: <137.138.156.150:9618?addrs=137.138.156.150-9618+[2001-1458-d00-14--9a]-9618&noUDP&sock=4221_d558_7>
...
001 (407736.000.000) 10/23 16:14:00 Job executing on host: <188.184.204.103:9618?addrs=188.184.204.103-9618+[2001-1458-301-7d--100-4fd]-9618&noUDP&sock=1263_e434_3>
...
006 (407736.000.000) 10/23 16:14:08 Image size of job updated: 7528
	8  -  MemoryUsage of job (MB)
	7400  -  ResidentSetSize of job (KB)
...
005 (407736.000.000) 10/23 16:14:37 Job terminated.
	(1) Normal termination (return value 139)
		Usr 0 00:00:02, Sys 0 00:00:00  -  Run Remote Usage
		Usr 0 00:00:00, Sys 0 00:00:00  -  Run Local Usage
		Usr 0 00:00:02, Sys 0 00:00:00  -  Total Remote Usage
		Usr 0 00:00:00, Sys 0 00:00:00  -  Total Local Usage
	6112  -  Run Bytes Sent By Job
	902  -  Run Bytes Received By Job
	6112  -  Total Bytes Sent By Job
	902  -  Total Bytes Received By Job
	Partitionable Resources :    Usage  Request Allocated
	   Cpus                 :                 1         1
	   Disk (KB)            :       22        1   2119255
	   Memory (MB)          :        8     2000      2000
...
000 (408988.000.000) 10/24 14:52:10 Job submitted from host: <137.138.156.150:9618?addrs=137.138.156.150-9618+[2001-1458-d00-14--9a]-9618&noUDP&sock=4221_d558_7>
...
001 (408988.000.000) 10/24 14:52:16 Job executing on host: <188.184.205.0:9618?addrs=188.184.205.0-9618+[2001-1458-301-7d--100-512]-9618&noUDP&sock=1271_60f6_3>
...
006 (408988.000.000) 10/24 14:52:24 Image size of job updated: 90276
	42  -  MemoryUsage of job (MB)
	42132  -  ResidentSetSize of job (KB)
...
006 (408988.000.000) 10/24 14:52:30 Image size of job updated: 147712
	42  -  MemoryUsage of job (MB)
	42136  -  ResidentSetSize of job (KB)
...
005 (408988.000.000) 10/24 14:52:31 Job terminated.
	(1) Normal termination (return value 1)
		Usr 0 00:00:01, Sys 0 00:00:00  -  Run Remote Usage
		Usr 0 00:00:00, Sys 0 00:00:00  -  Run Local Usage
		Usr 0 00:00:01, Sys 0 00:00:00  -  Total Remote Usage
		Usr 0 00:00:00, Sys 0 00:00:00  -  Total Local Usage
	21781  -  Run Bytes Sent By Job
	902  -  Run Bytes Received By Job
	21781  -  Total Bytes Sent By Job
	902  -  Total Bytes Received By Job
	Partitionable Resources :    Usage  Request Allocated
	   Cpus                 :                 1         1
	   Disk (KB)            :       37        1   2204621
	   Memory (MB)          :       42     2000      2000
...
