Opened: /afs/cern.ch/work/i/idutta/private/HCAL_muALCA/CMSSW_10_1_6/src/Muon_Calibration_noTrack_2018/muon_calibration_ana/bash/condor/condor_submit/runList_SingleMuonGun_NoPU_ieta27_Oct20_55.txt
Added file: /eos/cms/store/group/dpg_hcal/comm_hcal/idutta/SingleMuonPt_20GeV_eta_0_3/SingleMuonGun_NoPU_ieta27_Oct20/181021_192040/0000/Validation_347.root
Added file: /eos/cms/store/group/dpg_hcal/comm_hcal/idutta/SingleMuonPt_20GeV_eta_0_3/SingleMuonGun_NoPU_ieta27_Oct20/181021_192040/0000/Validation_348.root
Added file: /eos/cms/store/group/dpg_hcal/comm_hcal/idutta/SingleMuonPt_20GeV_eta_0_3/SingleMuonGun_NoPU_ieta27_Oct20/181021_192040/0000/Validation_349.root
Added file: /eos/cms/store/group/dpg_hcal/comm_hcal/idutta/SingleMuonPt_20GeV_eta_0_3/SingleMuonGun_NoPU_ieta27_Oct20/181021_192040/0000/Validation_35.root
Added file: /eos/cms/store/group/dpg_hcal/comm_hcal/idutta/SingleMuonPt_20GeV_eta_0_3/SingleMuonGun_NoPU_ieta27_Oct20/181021_192040/0000/Validation_350.root
SysError in <TFile::TFile>: file /eos/cms/store/group/dpg_hcal/comm_hcal/idutta/ntuples/20Oct2018/HCALSampleSingleMuonGun_NoPU_ieta27_Oct20/20Oct2018SingleMuonGun_NoPU_ieta27_Oct20_job55_nvtx_sel-1.root can not be opened (Transport endpoint is not connected)
Error in <TFile::TFile>: file /eos/cms/store/group/dpg_hcal/comm_hcal/idutta/SingleMuonPt_20GeV_eta_0_3/SingleMuonGun_NoPU_ieta27_Oct20/181021_192040/0000/Validation_347.root does not exist
Error in <TFile::TFile>: file /eos/cms/store/group/dpg_hcal/comm_hcal/idutta/SingleMuonPt_20GeV_eta_0_3/SingleMuonGun_NoPU_ieta27_Oct20/181021_192040/0000/Validation_348.root does not exist
Error in <TFile::TFile>: file /eos/cms/store/group/dpg_hcal/comm_hcal/idutta/SingleMuonPt_20GeV_eta_0_3/SingleMuonGun_NoPU_ieta27_Oct20/181021_192040/0000/Validation_349.root does not exist
Error in <TFile::TFile>: file /eos/cms/store/group/dpg_hcal/comm_hcal/idutta/SingleMuonPt_20GeV_eta_0_3/SingleMuonGun_NoPU_ieta27_Oct20/181021_192040/0000/Validation_35.root does not exist
Error in <TFile::TFile>: file /eos/cms/store/group/dpg_hcal/comm_hcal/idutta/SingleMuonPt_20GeV_eta_0_3/SingleMuonGun_NoPU_ieta27_Oct20/181021_192040/0000/Validation_350.root does not exist

 *** Break *** segmentation violation



===========================================================
There was a crash.
This is the entire stack trace of all threads:
===========================================================
#0  0x00002b72910d817c in waitpid () from /lib64/libc.so.6
#1  0x00002b7291055e52 in do_system () from /lib64/libc.so.6
#2  0x00002b728f6ba568 in TUnixSystem::StackTrace() () from /cvmfs/cms.cern.ch/slc6_amd64_gcc630/cms/cmssw/CMSSW_10_1_6/external/slc6_amd64_gcc630/lib/libCore.so
#3  0x00002b728f6bca1c in TUnixSystem::DispatchSignals(ESignals) () from /cvmfs/cms.cern.ch/slc6_amd64_gcc630/cms/cmssw/CMSSW_10_1_6/external/slc6_amd64_gcc630/lib/libCore.so
#4  <signal handler called>
#5  0x000000000040d0d0 in NtuplerReader::Loop (this=0x2387be0, path=<incomplete type>, prefix=<incomplete type>, nvtx_sel=-1) at NtuplerReader.C:239
#6  0x0000000000405405 in main (argc=5, argv=0x7ffd98a6b3f8) at readMC.C:32
===========================================================


The lines below might hint at the cause of the crash.
You may get help by asking at the ROOT forum http://root.cern.ch/forum.
Only if you are really convinced it is a bug in ROOT then please submit a
report at http://root.cern.ch/bugs. Please post the ENTIRE stack trace
from above as an attachment in addition to anything else
that might help us fixing this issue.
===========================================================
#5  0x000000000040d0d0 in NtuplerReader::Loop (this=0x2387be0, path=<incomplete type>, prefix=<incomplete type>, nvtx_sel=-1) at NtuplerReader.C:239
#6  0x0000000000405405 in main (argc=5, argv=0x7ffd98a6b3f8) at readMC.C:32
===========================================================


