000 (407335.000.000) 10/23 15:23:26 Job submitted from host: <137.138.156.150:9618?addrs=137.138.156.150-9618+[2001-1458-d00-14--9a]-9618&noUDP&sock=4221_d558_7>
...
001 (407335.000.000) 10/23 15:23:53 Job executing on host: <188.184.205.90:9618?addrs=188.184.205.90-9618+[--1]-9618&noUDP&sock=1243_2c4f_3>
...
006 (407335.000.000) 10/23 15:24:02 Image size of job updated: 25308
	10  -  MemoryUsage of job (MB)
	9472  -  ResidentSetSize of job (KB)
...
006 (407335.000.000) 10/23 15:24:18 Image size of job updated: 413088
	10  -  MemoryUsage of job (MB)
	9476  -  ResidentSetSize of job (KB)
...
005 (407335.000.000) 10/23 15:24:18 Job terminated.
	(1) Normal termination (return value 1)
		Usr 0 00:00:00, Sys 0 00:00:00  -  Run Remote Usage
		Usr 0 00:00:00, Sys 0 00:00:00  -  Run Local Usage
		Usr 0 00:00:00, Sys 0 00:00:00  -  Total Remote Usage
		Usr 0 00:00:00, Sys 0 00:00:00  -  Total Local Usage
	791  -  Run Bytes Sent By Job
	902  -  Run Bytes Received By Job
	791  -  Total Bytes Sent By Job
	902  -  Total Bytes Received By Job
	Partitionable Resources :    Usage  Request Allocated
	   Cpus                 :                 1         1
	   Disk (KB)            :       17        1   2190726
	   Memory (MB)          :       10     2000      2000
...
000 (407852.000.000) 10/23 16:35:16 Job submitted from host: <137.138.156.150:9618?addrs=137.138.156.150-9618+[2001-1458-d00-14--9a]-9618&noUDP&sock=4221_d558_7>
...
001 (407852.000.000) 10/23 16:37:38 Job executing on host: <188.184.205.239:9618?addrs=188.184.205.239-9618+[2001-1458-301-7d--100-532]-9618&noUDP&sock=1265_4364_3>
...
006 (407852.000.000) 10/23 16:37:46 Image size of job updated: 94924
	37  -  MemoryUsage of job (MB)
	37220  -  ResidentSetSize of job (KB)
...
006 (407852.000.000) 10/23 16:38:01 Image size of job updated: 162188
	37  -  MemoryUsage of job (MB)
	37272  -  ResidentSetSize of job (KB)
...
005 (407852.000.000) 10/23 16:38:01 Job terminated.
	(1) Normal termination (return value 1)
		Usr 0 00:00:01, Sys 0 00:00:00  -  Run Remote Usage
		Usr 0 00:00:00, Sys 0 00:00:00  -  Run Local Usage
		Usr 0 00:00:01, Sys 0 00:00:00  -  Total Remote Usage
		Usr 0 00:00:00, Sys 0 00:00:00  -  Total Local Usage
	12084  -  Run Bytes Sent By Job
	902  -  Run Bytes Received By Job
	12084  -  Total Bytes Sent By Job
	902  -  Total Bytes Received By Job
	Partitionable Resources :    Usage  Request Allocated
	   Cpus                 :                 1         1
	   Disk (KB)            :       28        1   2200376
	   Memory (MB)          :       37     2000      2000
...
