000 (407732.000.000) 10/23 16:10:49 Job submitted from host: <137.138.156.150:9618?addrs=137.138.156.150-9618+[2001-1458-d00-14--9a]-9618&noUDP&sock=4221_d558_7>
...
001 (407732.000.000) 10/23 16:13:56 Job executing on host: <188.184.204.151:9618?addrs=188.184.204.151-9618+[--1]-9618&noUDP&sock=1216_a740_3>
...
006 (407732.000.000) 10/23 16:14:04 Image size of job updated: 47536
	44  -  MemoryUsage of job (MB)
	44364  -  ResidentSetSize of job (KB)
...
005 (407732.000.000) 10/23 16:14:09 Job terminated.
	(1) Normal termination (return value 1)
		Usr 0 00:00:01, Sys 0 00:00:00  -  Run Remote Usage
		Usr 0 00:00:00, Sys 0 00:00:00  -  Run Local Usage
		Usr 0 00:00:01, Sys 0 00:00:00  -  Total Remote Usage
		Usr 0 00:00:00, Sys 0 00:00:00  -  Total Local Usage
	13056  -  Run Bytes Sent By Job
	902  -  Run Bytes Received By Job
	13056  -  Total Bytes Sent By Job
	902  -  Total Bytes Received By Job
	Partitionable Resources :    Usage  Request Allocated
	   Cpus                 :                 1         1
	   Disk (KB)            :       29        1   2194064
	   Memory (MB)          :       44     2000      2000
...
000 (408984.000.000) 10/24 14:52:00 Job submitted from host: <137.138.156.150:9618?addrs=137.138.156.150-9618+[2001-1458-d00-14--9a]-9618&noUDP&sock=4221_d558_7>
...
001 (408984.000.000) 10/24 14:52:14 Job executing on host: <188.184.205.54:9618?addrs=188.184.205.54-9618+[--1]-9618&noUDP&sock=1253_0841_3>
...
006 (408984.000.000) 10/24 14:52:23 Image size of job updated: 96416
	38  -  MemoryUsage of job (MB)
	38716  -  ResidentSetSize of job (KB)
...
006 (408984.000.000) 10/24 14:52:43 Image size of job updated: 147132
	38  -  MemoryUsage of job (MB)
	38716  -  ResidentSetSize of job (KB)
...
005 (408984.000.000) 10/24 14:52:43 Job terminated.
	(1) Normal termination (return value 1)
		Usr 0 00:00:00, Sys 0 00:00:00  -  Run Remote Usage
		Usr 0 00:00:00, Sys 0 00:00:00  -  Run Local Usage
		Usr 0 00:00:00, Sys 0 00:00:00  -  Total Remote Usage
		Usr 0 00:00:00, Sys 0 00:00:00  -  Total Local Usage
	11910  -  Run Bytes Sent By Job
	902  -  Run Bytes Received By Job
	11910  -  Total Bytes Sent By Job
	902  -  Total Bytes Received By Job
	Partitionable Resources :    Usage  Request Allocated
	   Cpus                 :                 1         1
	   Disk (KB)            :       27        1   2196460
	   Memory (MB)          :       38     2000      2000
...
