000 (407367.000.000) 10/23 15:25:32 Job submitted from host: <137.138.156.150:9618?addrs=137.138.156.150-9618+[2001-1458-d00-14--9a]-9618&noUDP&sock=4221_d558_7>
...
001 (407367.000.000) 10/23 15:26:21 Job executing on host: <188.184.186.253:9618?addrs=188.184.186.253-9618+[2001-1458-301-f8--15]-9618&noUDP&sock=1310_2127_3>
...
006 (407367.000.000) 10/23 15:26:30 Image size of job updated: 100300
	42  -  MemoryUsage of job (MB)
	42600  -  ResidentSetSize of job (KB)
...
006 (407367.000.000) 10/23 15:26:35 Image size of job updated: 100300
	42  -  MemoryUsage of job (MB)
	42716  -  ResidentSetSize of job (KB)
...
005 (407367.000.000) 10/23 15:26:35 Job terminated.
	(1) Normal termination (return value 1)
		Usr 0 00:00:00, Sys 0 00:00:00  -  Run Remote Usage
		Usr 0 00:00:00, Sys 0 00:00:00  -  Run Local Usage
		Usr 0 00:00:00, Sys 0 00:00:00  -  Total Remote Usage
		Usr 0 00:00:00, Sys 0 00:00:00  -  Total Local Usage
	792  -  Run Bytes Sent By Job
	902  -  Run Bytes Received By Job
	792  -  Total Bytes Sent By Job
	902  -  Total Bytes Received By Job
	Partitionable Resources :    Usage  Request Allocated
	   Cpus                 :                 1         1
	   Disk (KB)            :       17        1   2086362
	   Memory (MB)          :       42     2000      2000
...
000 (407900.000.000) 10/23 16:37:34 Job submitted from host: <137.138.156.150:9618?addrs=137.138.156.150-9618+[2001-1458-d00-14--9a]-9618&noUDP&sock=4221_d558_7>
...
001 (407900.000.000) 10/23 16:38:49 Job executing on host: <188.184.205.239:9618?addrs=188.184.205.239-9618+[2001-1458-301-7d--100-532]-9618&noUDP&sock=1265_4364_3>
...
006 (407900.000.000) 10/23 16:38:58 Image size of job updated: 100748
	42  -  MemoryUsage of job (MB)
	42896  -  ResidentSetSize of job (KB)
...
006 (407900.000.000) 10/23 16:39:10 Image size of job updated: 159132
	43  -  MemoryUsage of job (MB)
	43152  -  ResidentSetSize of job (KB)
...
005 (407900.000.000) 10/23 16:39:10 Job terminated.
	(1) Normal termination (return value 1)
		Usr 0 00:00:01, Sys 0 00:00:00  -  Run Remote Usage
		Usr 0 00:00:00, Sys 0 00:00:00  -  Run Local Usage
		Usr 0 00:00:01, Sys 0 00:00:00  -  Total Remote Usage
		Usr 0 00:00:00, Sys 0 00:00:00  -  Total Local Usage
	12085  -  Run Bytes Sent By Job
	902  -  Run Bytes Received By Job
	12085  -  Total Bytes Sent By Job
	902  -  Total Bytes Received By Job
	Partitionable Resources :    Usage  Request Allocated
	   Cpus                 :                 1         1
	   Disk (KB)            :       28        1   2200376
	   Memory (MB)          :       43     2000      2000
...
