000 (407740.000.000) 10/23 16:11:18 Job submitted from host: <137.138.156.150:9618?addrs=137.138.156.150-9618+[2001-1458-d00-14--9a]-9618&noUDP&sock=4221_d558_7>
...
001 (407740.000.000) 10/23 16:14:00 Job executing on host: <188.184.206.224:9618?addrs=188.184.206.224-9618+[2001-1458-301-7d--100-563]-9618&noUDP&sock=1280_8d50_3>
...
006 (407740.000.000) 10/23 16:14:09 Image size of job updated: 93772
	45  -  MemoryUsage of job (MB)
	45728  -  ResidentSetSize of job (KB)
...
006 (407740.000.000) 10/23 16:14:13 Image size of job updated: 148168
	45  -  MemoryUsage of job (MB)
	45728  -  ResidentSetSize of job (KB)
...
005 (407740.000.000) 10/23 16:14:13 Job terminated.
	(1) Normal termination (return value 1)
		Usr 0 00:00:01, Sys 0 00:00:00  -  Run Remote Usage
		Usr 0 00:00:00, Sys 0 00:00:00  -  Run Local Usage
		Usr 0 00:00:01, Sys 0 00:00:00  -  Total Remote Usage
		Usr 0 00:00:00, Sys 0 00:00:00  -  Total Local Usage
	19599  -  Run Bytes Sent By Job
	902  -  Run Bytes Received By Job
	19599  -  Total Bytes Sent By Job
	902  -  Total Bytes Received By Job
	Partitionable Resources :    Usage  Request Allocated
	   Cpus                 :                 1         1
	   Disk (KB)            :       35        1   2217859
	   Memory (MB)          :       45     2000      2000
...
000 (408992.000.000) 10/24 14:52:23 Job submitted from host: <137.138.156.150:9618?addrs=137.138.156.150-9618+[2001-1458-d00-14--9a]-9618&noUDP&sock=4221_d558_7>
...
001 (408992.000.000) 10/24 14:52:28 Job executing on host: <188.184.206.148:9618?addrs=188.184.206.148-9618+[2001-1458-301-7d--100-556]-9618&noUDP&sock=1283_9c19_3>
...
006 (408992.000.000) 10/24 14:52:36 Image size of job updated: 95912
	43  -  MemoryUsage of job (MB)
	43532  -  ResidentSetSize of job (KB)
...
005 (408992.000.000) 10/24 14:52:42 Job terminated.
	(1) Normal termination (return value 1)
		Usr 0 00:00:01, Sys 0 00:00:00  -  Run Remote Usage
		Usr 0 00:00:00, Sys 0 00:00:00  -  Run Local Usage
		Usr 0 00:00:01, Sys 0 00:00:00  -  Total Remote Usage
		Usr 0 00:00:00, Sys 0 00:00:00  -  Total Local Usage
	19599  -  Run Bytes Sent By Job
	902  -  Run Bytes Received By Job
	19599  -  Total Bytes Sent By Job
	902  -  Total Bytes Received By Job
	Partitionable Resources :    Usage  Request Allocated
	   Cpus                 :                 1         1
	   Disk (KB)            :       35        1   2181006
	   Memory (MB)          :       43     2000      2000
...
