000 (407387.000.000) 10/23 15:26:56 Job submitted from host: <137.138.156.150:9618?addrs=137.138.156.150-9618+[2001-1458-d00-14--9a]-9618&noUDP&sock=4221_d558_7>
...
001 (407387.000.000) 10/23 15:27:01 Job executing on host: <188.184.204.103:9618?addrs=188.184.204.103-9618+[2001-1458-301-7d--100-4fd]-9618&noUDP&sock=1263_e434_3>
...
006 (407387.000.000) 10/23 15:27:10 Image size of job updated: 77896
	43  -  MemoryUsage of job (MB)
	43536  -  ResidentSetSize of job (KB)
...
006 (407387.000.000) 10/23 15:27:13 Image size of job updated: 77984
	43  -  MemoryUsage of job (MB)
	43536  -  ResidentSetSize of job (KB)
...
005 (407387.000.000) 10/23 15:27:14 Job terminated.
	(1) Normal termination (return value 1)
		Usr 0 00:00:00, Sys 0 00:00:00  -  Run Remote Usage
		Usr 0 00:00:00, Sys 0 00:00:00  -  Run Local Usage
		Usr 0 00:00:00, Sys 0 00:00:00  -  Total Remote Usage
		Usr 0 00:00:00, Sys 0 00:00:00  -  Total Local Usage
	794  -  Run Bytes Sent By Job
	902  -  Run Bytes Received By Job
	794  -  Total Bytes Sent By Job
	902  -  Total Bytes Received By Job
	Partitionable Resources :    Usage  Request Allocated
	   Cpus                 :                 1         1
	   Disk (KB)            :       17        1   2120099
	   Memory (MB)          :       43     2000      2000
...
000 (407920.000.000) 10/23 16:39:07 Job submitted from host: <137.138.156.150:9618?addrs=137.138.156.150-9618+[2001-1458-d00-14--9a]-9618&noUDP&sock=4221_d558_7>
...
001 (407920.000.000) 10/23 16:39:32 Job executing on host: <188.185.208.159:9618?addrs=188.185.208.159-9618+[--1]-9618&noUDP&sock=1265_4364_3>
...
006 (407920.000.000) 10/23 16:39:40 Image size of job updated: 22824
	8  -  MemoryUsage of job (MB)
	7340  -  ResidentSetSize of job (KB)
...
006 (407920.000.000) 10/23 16:40:12 Image size of job updated: 472484
	8  -  MemoryUsage of job (MB)
	7348  -  ResidentSetSize of job (KB)
...
005 (407920.000.000) 10/23 16:40:14 Job terminated.
	(1) Normal termination (return value 1)
		Usr 0 00:00:01, Sys 0 00:00:00  -  Run Remote Usage
		Usr 0 00:00:00, Sys 0 00:00:00  -  Run Local Usage
		Usr 0 00:00:01, Sys 0 00:00:00  -  Total Remote Usage
		Usr 0 00:00:00, Sys 0 00:00:00  -  Total Local Usage
	12086  -  Run Bytes Sent By Job
	902  -  Run Bytes Received By Job
	12086  -  Total Bytes Sent By Job
	902  -  Total Bytes Received By Job
	Partitionable Resources :    Usage  Request Allocated
	   Cpus                 :                 1         1
	   Disk (KB)            :       28        1   2173417
	   Memory (MB)          :        8     2000      2000
...
