000 (407365.000.000) 10/23 15:25:26 Job submitted from host: <137.138.156.150:9618?addrs=137.138.156.150-9618+[2001-1458-d00-14--9a]-9618&noUDP&sock=4221_d558_7>
...
001 (407365.000.000) 10/23 15:26:14 Job executing on host: <188.184.206.77:9618?addrs=188.184.206.77-9618+[2001-1458-301-7d--100-53f]-9618&noUDP&sock=1262_349c_3>
...
006 (407365.000.000) 10/23 15:26:23 Image size of job updated: 76688
	43  -  MemoryUsage of job (MB)
	43548  -  ResidentSetSize of job (KB)
...
005 (407365.000.000) 10/23 15:26:26 Job terminated.
	(1) Normal termination (return value 1)
		Usr 0 00:00:01, Sys 0 00:00:00  -  Run Remote Usage
		Usr 0 00:00:00, Sys 0 00:00:00  -  Run Local Usage
		Usr 0 00:00:01, Sys 0 00:00:00  -  Total Remote Usage
		Usr 0 00:00:00, Sys 0 00:00:00  -  Total Local Usage
	794  -  Run Bytes Sent By Job
	902  -  Run Bytes Received By Job
	794  -  Total Bytes Sent By Job
	902  -  Total Bytes Received By Job
	Partitionable Resources :    Usage  Request Allocated
	   Cpus                 :                 1         1
	   Disk (KB)            :       17        1   2127014
	   Memory (MB)          :       43     2000      2000
...
000 (407898.000.000) 10/23 16:37:27 Job submitted from host: <137.138.156.150:9618?addrs=137.138.156.150-9618+[2001-1458-d00-14--9a]-9618&noUDP&sock=4221_d558_7>
...
001 (407898.000.000) 10/23 16:38:44 Job executing on host: <188.185.208.159:9618?addrs=188.185.208.159-9618+[--1]-9618&noUDP&sock=1265_4364_3>
...
006 (407898.000.000) 10/23 16:38:53 Image size of job updated: 23184
	8  -  MemoryUsage of job (MB)
	7664  -  ResidentSetSize of job (KB)
...
006 (407898.000.000) 10/23 16:39:30 Image size of job updated: 161164
	8  -  MemoryUsage of job (MB)
	7672  -  ResidentSetSize of job (KB)
...
005 (407898.000.000) 10/23 16:39:30 Job terminated.
	(1) Normal termination (return value 1)
		Usr 0 00:00:01, Sys 0 00:00:00  -  Run Remote Usage
		Usr 0 00:00:00, Sys 0 00:00:00  -  Run Local Usage
		Usr 0 00:00:01, Sys 0 00:00:00  -  Total Remote Usage
		Usr 0 00:00:00, Sys 0 00:00:00  -  Total Local Usage
	12086  -  Run Bytes Sent By Job
	902  -  Run Bytes Received By Job
	12086  -  Total Bytes Sent By Job
	902  -  Total Bytes Received By Job
	Partitionable Resources :    Usage  Request Allocated
	   Cpus                 :                 1         1
	   Disk (KB)            :       28        1   2173417
	   Memory (MB)          :        8     2000      2000
...
