000 (407644.000.000) 10/23 15:52:02 Job submitted from host: <137.138.156.150:9618?addrs=137.138.156.150-9618+[2001-1458-d00-14--9a]-9618&noUDP&sock=4221_d558_7>
...
001 (407644.000.000) 10/23 15:55:00 Job executing on host: <188.184.205.147:9618?addrs=188.184.205.147-9618+[2001-1458-301-7d--100-527]-9618&noUDP&sock=1291_18db_3>
...
006 (407644.000.000) 10/23 15:55:08 Image size of job updated: 23512
	8  -  MemoryUsage of job (MB)
	7900  -  ResidentSetSize of job (KB)
...
006 (407644.000.000) 10/23 15:55:19 Image size of job updated: 77652
	8  -  MemoryUsage of job (MB)
	8020  -  ResidentSetSize of job (KB)
...
005 (407644.000.000) 10/23 15:55:19 Job terminated.
	(1) Normal termination (return value 1)
		Usr 0 00:00:01, Sys 0 00:00:00  -  Run Remote Usage
		Usr 0 00:00:00, Sys 0 00:00:00  -  Run Local Usage
		Usr 0 00:00:01, Sys 0 00:00:00  -  Total Remote Usage
		Usr 0 00:00:00, Sys 0 00:00:00  -  Total Local Usage
	790  -  Run Bytes Sent By Job
	902  -  Run Bytes Received By Job
	790  -  Total Bytes Sent By Job
	902  -  Total Bytes Received By Job
	Partitionable Resources :    Usage  Request Allocated
	   Cpus                 :                 1         1
	   Disk (KB)            :       17        1   2208432
	   Memory (MB)          :        8     2000      2000
...
000 (408890.000.000) 10/24 13:25:26 Job submitted from host: <137.138.156.150:9618?addrs=137.138.156.150-9618+[2001-1458-d00-14--9a]-9618&noUDP&sock=4221_d558_7>
...
001 (408890.000.000) 10/24 13:25:33 Job executing on host: <188.184.206.38:9618?addrs=188.184.206.38-9618+[2001-1458-301-7d--100-545]-9618&noUDP&sock=1263_e434_3>
...
006 (408890.000.000) 10/24 13:25:41 Image size of job updated: 94208
	36  -  MemoryUsage of job (MB)
	36636  -  ResidentSetSize of job (KB)
...
006 (408890.000.000) 10/24 13:25:51 Image size of job updated: 142752
	36  -  MemoryUsage of job (MB)
	36636  -  ResidentSetSize of job (KB)
...
005 (408890.000.000) 10/24 13:25:52 Job terminated.
	(1) Normal termination (return value 1)
		Usr 0 00:00:01, Sys 0 00:00:00  -  Run Remote Usage
		Usr 0 00:00:00, Sys 0 00:00:00  -  Run Local Usage
		Usr 0 00:00:01, Sys 0 00:00:00  -  Total Remote Usage
		Usr 0 00:00:00, Sys 0 00:00:00  -  Total Local Usage
	3464  -  Run Bytes Sent By Job
	902  -  Run Bytes Received By Job
	3464  -  Total Bytes Sent By Job
	902  -  Total Bytes Received By Job
	Partitionable Resources :    Usage  Request Allocated
	   Cpus                 :                 1         1
	   Disk (KB)            :       19        1   2206163
	   Memory (MB)          :       36     2000      2000
...
