000 (407458.000.000) 10/23 15:41:09 Job submitted from host: <137.138.156.150:9618?addrs=137.138.156.150-9618+[2001-1458-d00-14--9a]-9618&noUDP&sock=4221_d558_7>
...
001 (407458.000.000) 10/23 15:46:07 Job executing on host: <188.184.205.219:9618?addrs=188.184.205.219-9618+[2001-1458-301-7d--100-53a]-9618&noUDP&sock=1282_ec81_3>
...
006 (407458.000.000) 10/23 15:46:15 Image size of job updated: 24200
	9  -  MemoryUsage of job (MB)
	8408  -  ResidentSetSize of job (KB)
...
006 (407458.000.000) 10/23 15:46:27 Image size of job updated: 415976
	9  -  MemoryUsage of job (MB)
	8928  -  ResidentSetSize of job (KB)
...
005 (407458.000.000) 10/23 15:46:27 Job terminated.
	(1) Normal termination (return value 1)
		Usr 0 00:00:01, Sys 0 00:00:00  -  Run Remote Usage
		Usr 0 00:00:00, Sys 0 00:00:00  -  Run Local Usage
		Usr 0 00:00:01, Sys 0 00:00:00  -  Total Remote Usage
		Usr 0 00:00:00, Sys 0 00:00:00  -  Total Local Usage
	790  -  Run Bytes Sent By Job
	902  -  Run Bytes Received By Job
	790  -  Total Bytes Sent By Job
	902  -  Total Bytes Received By Job
	Partitionable Resources :    Usage  Request Allocated
	   Cpus                 :                 1         1
	   Disk (KB)            :       17        1   2150828
	   Memory (MB)          :        9     2000      2000
...
000 (408702.000.000) 10/24 13:13:40 Job submitted from host: <137.138.156.150:9618?addrs=137.138.156.150-9618+[2001-1458-d00-14--9a]-9618&noUDP&sock=4221_d558_7>
...
001 (408702.000.000) 10/24 13:16:02 Job executing on host: <188.185.205.12:9618?addrs=188.185.205.12-9618+[2001-1459-301-64--100-6]-9618&noUDP&sock=1277_7e87_3>
...
006 (408702.000.000) 10/24 13:16:11 Image size of job updated: 1792
	2  -  MemoryUsage of job (MB)
	1596  -  ResidentSetSize of job (KB)
...
006 (408702.000.000) 10/24 13:16:50 Image size of job updated: 471196
	2  -  MemoryUsage of job (MB)
	1608  -  ResidentSetSize of job (KB)
...
005 (408702.000.000) 10/24 13:16:50 Job terminated.
	(1) Normal termination (return value 1)
		Usr 0 00:00:01, Sys 0 00:00:00  -  Run Remote Usage
		Usr 0 00:00:00, Sys 0 00:00:00  -  Run Local Usage
		Usr 0 00:00:01, Sys 0 00:00:00  -  Total Remote Usage
		Usr 0 00:00:00, Sys 0 00:00:00  -  Total Local Usage
	5644  -  Run Bytes Sent By Job
	902  -  Run Bytes Received By Job
	5644  -  Total Bytes Sent By Job
	902  -  Total Bytes Received By Job
	Partitionable Resources :    Usage  Request Allocated
	   Cpus                 :                 1         1
	   Disk (KB)            :       21        1   2185426
	   Memory (MB)          :        2     2000      2000
...
