000 (407540.000.000) 10/23 15:45:51 Job submitted from host: <137.138.156.150:9618?addrs=137.138.156.150-9618+[2001-1458-d00-14--9a]-9618&noUDP&sock=4221_d558_7>
...
001 (407540.000.000) 10/23 15:47:11 Job executing on host: <188.184.205.128:9618?addrs=188.184.205.128-9618+[2001-1458-301-7d--100-51f]-9618&noUDP&sock=1278_2e20_3>
...
006 (407540.000.000) 10/23 15:47:20 Image size of job updated: 94820
	37  -  MemoryUsage of job (MB)
	37120  -  ResidentSetSize of job (KB)
...
006 (407540.000.000) 10/23 15:47:28 Image size of job updated: 94820
	37  -  MemoryUsage of job (MB)
	37136  -  ResidentSetSize of job (KB)
...
005 (407540.000.000) 10/23 15:47:28 Job terminated.
	(1) Normal termination (return value 1)
		Usr 0 00:00:01, Sys 0 00:00:00  -  Run Remote Usage
		Usr 0 00:00:00, Sys 0 00:00:00  -  Run Local Usage
		Usr 0 00:00:01, Sys 0 00:00:00  -  Total Remote Usage
		Usr 0 00:00:00, Sys 0 00:00:00  -  Total Local Usage
	791  -  Run Bytes Sent By Job
	902  -  Run Bytes Received By Job
	791  -  Total Bytes Sent By Job
	902  -  Total Bytes Received By Job
	Partitionable Resources :    Usage  Request Allocated
	   Cpus                 :                 1         1
	   Disk (KB)            :       17        1   2223755
	   Memory (MB)          :       37     2000      2000
...
000 (408785.000.000) 10/24 13:18:56 Job submitted from host: <137.138.156.150:9618?addrs=137.138.156.150-9618+[2001-1458-d00-14--9a]-9618&noUDP&sock=4221_d558_7>
...
001 (408785.000.000) 10/24 13:19:04 Job executing on host: <188.184.206.125:9618?addrs=188.184.206.125-9618+[2001-1458-301-7d--100-55f]-9618&noUDP&sock=1280_8d50_3>
...
006 (408785.000.000) 10/24 13:19:13 Image size of job updated: 77260
	43  -  MemoryUsage of job (MB)
	43540  -  ResidentSetSize of job (KB)
...
006 (408785.000.000) 10/24 13:19:18 Image size of job updated: 93548
	43  -  MemoryUsage of job (MB)
	43540  -  ResidentSetSize of job (KB)
...
005 (408785.000.000) 10/24 13:19:18 Job terminated.
	(1) Normal termination (return value 1)
		Usr 0 00:00:00, Sys 0 00:00:00  -  Run Remote Usage
		Usr 0 00:00:00, Sys 0 00:00:00  -  Run Local Usage
		Usr 0 00:00:00, Sys 0 00:00:00  -  Total Remote Usage
		Usr 0 00:00:00, Sys 0 00:00:00  -  Total Local Usage
	7826  -  Run Bytes Sent By Job
	902  -  Run Bytes Received By Job
	7826  -  Total Bytes Sent By Job
	902  -  Total Bytes Received By Job
	Partitionable Resources :    Usage  Request Allocated
	   Cpus                 :                 1         1
	   Disk (KB)            :       24        1   2205853
	   Memory (MB)          :       43     2000      2000
...
