000 (407124.000.000) 10/23 14:57:18 Job submitted from host: <137.138.156.150:9618?addrs=137.138.156.150-9618+[2001-1458-d00-14--9a]-9618&noUDP&sock=4221_d558_7>
...
001 (407124.000.000) 10/23 14:57:24 Job executing on host: <188.184.204.218:9618?addrs=188.184.204.218-9618+[2001-1458-301-7d--100-513]-9618&noUDP&sock=1283_9c19_3>
...
006 (407124.000.000) 10/23 14:57:33 Image size of job updated: 23804
	8  -  MemoryUsage of job (MB)
	8124  -  ResidentSetSize of job (KB)
...
006 (407124.000.000) 10/23 14:57:51 Image size of job updated: 113944
	8  -  MemoryUsage of job (MB)
	8132  -  ResidentSetSize of job (KB)
...
005 (407124.000.000) 10/23 14:57:51 Job terminated.
	(1) Normal termination (return value 139)
		Usr 0 00:00:02, Sys 0 00:00:00  -  Run Remote Usage
		Usr 0 00:00:00, Sys 0 00:00:00  -  Run Local Usage
		Usr 0 00:00:02, Sys 0 00:00:00  -  Total Remote Usage
		Usr 0 00:00:00, Sys 0 00:00:00  -  Total Local Usage
	4015  -  Run Bytes Sent By Job
	902  -  Run Bytes Received By Job
	4015  -  Total Bytes Sent By Job
	902  -  Total Bytes Received By Job
	Partitionable Resources :    Usage  Request Allocated
	   Cpus                 :                 1         1
	   Disk (KB)            :       20        1   2105206
	   Memory (MB)          :        8     2000      2000
...
