000 (407700.000.000) 10/23 16:08:52 Job submitted from host: <137.138.156.150:9618?addrs=137.138.156.150-9618+[2001-1458-d00-14--9a]-9618&noUDP&sock=4221_d558_7>
...
001 (407700.000.000) 10/23 16:13:24 Job executing on host: <188.184.204.103:9618?addrs=188.184.204.103-9618+[2001-1458-301-7d--100-4fd]-9618&noUDP&sock=1263_e434_3>
...
006 (407700.000.000) 10/23 16:13:33 Image size of job updated: 60632
	41  -  MemoryUsage of job (MB)
	41680  -  ResidentSetSize of job (KB)
...
006 (407700.000.000) 10/23 16:13:48 Image size of job updated: 60632
	41  -  MemoryUsage of job (MB)
	41684  -  ResidentSetSize of job (KB)
...
005 (407700.000.000) 10/23 16:13:48 Job terminated.
	(1) Normal termination (return value 139)
		Usr 0 00:00:02, Sys 0 00:00:00  -  Run Remote Usage
		Usr 0 00:00:00, Sys 0 00:00:00  -  Run Local Usage
		Usr 0 00:00:02, Sys 0 00:00:00  -  Total Remote Usage
		Usr 0 00:00:00, Sys 0 00:00:00  -  Total Local Usage
	6106  -  Run Bytes Sent By Job
	902  -  Run Bytes Received By Job
	6106  -  Total Bytes Sent By Job
	902  -  Total Bytes Received By Job
	Partitionable Resources :    Usage  Request Allocated
	   Cpus                 :                 1         1
	   Disk (KB)            :       22        1   2119255
	   Memory (MB)          :       41     2000      2000
...
000 (408952.000.000) 10/24 14:49:55 Job submitted from host: <137.138.156.150:9618?addrs=137.138.156.150-9618+[2001-1458-d00-14--9a]-9618&noUDP&sock=4221_d558_7>
...
001 (408952.000.000) 10/24 14:52:00 Job executing on host: <188.184.204.151:9618?addrs=188.184.204.151-9618+[--1]-9618&noUDP&sock=1216_a740_3>
...
006 (408952.000.000) 10/24 14:52:09 Image size of job updated: 96292
	38  -  MemoryUsage of job (MB)
	38592  -  ResidentSetSize of job (KB)
...
006 (408952.000.000) 10/24 14:52:20 Image size of job updated: 448928
	38  -  MemoryUsage of job (MB)
	38596  -  ResidentSetSize of job (KB)
...
005 (408952.000.000) 10/24 14:52:20 Job terminated.
	(1) Normal termination (return value 1)
		Usr 0 00:00:01, Sys 0 00:00:00  -  Run Remote Usage
		Usr 0 00:00:00, Sys 0 00:00:00  -  Run Local Usage
		Usr 0 00:00:01, Sys 0 00:00:00  -  Total Remote Usage
		Usr 0 00:00:00, Sys 0 00:00:00  -  Total Local Usage
	21778  -  Run Bytes Sent By Job
	902  -  Run Bytes Received By Job
	21778  -  Total Bytes Sent By Job
	902  -  Total Bytes Received By Job
	Partitionable Resources :    Usage  Request Allocated
	   Cpus                 :                 1         1
	   Disk (KB)            :       37        1   2181699
	   Memory (MB)          :       38     2000      2000
...
