000 (407236.000.000) 10/23 15:04:47 Job submitted from host: <137.138.156.150:9618?addrs=137.138.156.150-9618+[2001-1458-d00-14--9a]-9618&noUDP&sock=4221_d558_7>
...
001 (407236.000.000) 10/23 15:04:52 Job executing on host: <188.184.205.147:9618?addrs=188.184.205.147-9618+[2001-1458-301-7d--100-527]-9618&noUDP&sock=1291_18db_3>
...
006 (407236.000.000) 10/23 15:05:00 Image size of job updated: 24732
	9  -  MemoryUsage of job (MB)
	8928  -  ResidentSetSize of job (KB)
...
006 (407236.000.000) 10/23 15:05:18 Image size of job updated: 153556
	10  -  MemoryUsage of job (MB)
	9392  -  ResidentSetSize of job (KB)
...
005 (407236.000.000) 10/23 15:05:18 Job terminated.
	(1) Normal termination (return value 1)
		Usr 0 00:00:01, Sys 0 00:00:00  -  Run Remote Usage
		Usr 0 00:00:00, Sys 0 00:00:00  -  Run Local Usage
		Usr 0 00:00:01, Sys 0 00:00:00  -  Total Remote Usage
		Usr 0 00:00:00, Sys 0 00:00:00  -  Total Local Usage
	12093  -  Run Bytes Sent By Job
	902  -  Run Bytes Received By Job
	12093  -  Total Bytes Sent By Job
	902  -  Total Bytes Received By Job
	Partitionable Resources :    Usage  Request Allocated
	   Cpus                 :                 1         1
	   Disk (KB)            :       28        1   2208435
	   Memory (MB)          :       10     2000      2000
...
