000 (407674.000.000) 10/23 16:07:15 Job submitted from host: <137.138.156.150:9618?addrs=137.138.156.150-9618+[2001-1458-d00-14--9a]-9618&noUDP&sock=4221_d558_7>
...
001 (407674.000.000) 10/23 16:12:45 Job executing on host: <188.184.205.210:9618?addrs=188.184.205.210-9618+[2001-1458-301-7d--100-528]-9618&noUDP&sock=1287_5a7a_3>
...
006 (407674.000.000) 10/23 16:12:53 Image size of job updated: 100184
	42  -  MemoryUsage of job (MB)
	42480  -  ResidentSetSize of job (KB)
...
006 (407674.000.000) 10/23 16:13:06 Image size of job updated: 633340
	42  -  MemoryUsage of job (MB)
	42484  -  ResidentSetSize of job (KB)
...
005 (407674.000.000) 10/23 16:13:06 Job terminated.
	(1) Normal termination (return value 139)
		Usr 0 00:00:02, Sys 0 00:00:00  -  Run Remote Usage
		Usr 0 00:00:00, Sys 0 00:00:00  -  Run Local Usage
		Usr 0 00:00:02, Sys 0 00:00:00  -  Total Remote Usage
		Usr 0 00:00:00, Sys 0 00:00:00  -  Total Local Usage
	6108  -  Run Bytes Sent By Job
	902  -  Run Bytes Received By Job
	6108  -  Total Bytes Sent By Job
	902  -  Total Bytes Received By Job
	Partitionable Resources :    Usage  Request Allocated
	   Cpus                 :                 1         1
	   Disk (KB)            :       22        1   2215557
	   Memory (MB)          :       42     2000      2000
...
000 (408925.000.000) 10/24 14:48:17 Job submitted from host: <137.138.156.150:9618?addrs=137.138.156.150-9618+[2001-1458-d00-14--9a]-9618&noUDP&sock=4221_d558_7>
...
001 (408925.000.000) 10/24 14:51:52 Job executing on host: <188.184.205.143:9618?addrs=188.184.205.143-9618+[2001-1458-301-7d--100-52f]-9618&noUDP&sock=1270_b15e_3>
...
006 (408925.000.000) 10/24 14:52:00 Image size of job updated: 21104
	7  -  MemoryUsage of job (MB)
	6456  -  ResidentSetSize of job (KB)
...
006 (408925.000.000) 10/24 14:52:16 Image size of job updated: 132324
	7  -  MemoryUsage of job (MB)
	6456  -  ResidentSetSize of job (KB)
...
005 (408925.000.000) 10/24 14:52:17 Job terminated.
	(1) Normal termination (return value 1)
		Usr 0 00:00:01, Sys 0 00:00:00  -  Run Remote Usage
		Usr 0 00:00:00, Sys 0 00:00:00  -  Run Local Usage
		Usr 0 00:00:01, Sys 0 00:00:00  -  Total Remote Usage
		Usr 0 00:00:00, Sys 0 00:00:00  -  Total Local Usage
	15236  -  Run Bytes Sent By Job
	902  -  Run Bytes Received By Job
	15236  -  Total Bytes Sent By Job
	902  -  Total Bytes Received By Job
	Partitionable Resources :    Usage  Request Allocated
	   Cpus                 :                 1         1
	   Disk (KB)            :       31        1   2203632
	   Memory (MB)          :        7     2000      2000
...
