000 (407629.000.000) 10/23 15:51:23 Job submitted from host: <137.138.156.150:9618?addrs=137.138.156.150-9618+[2001-1458-d00-14--9a]-9618&noUDP&sock=4221_d558_7>
...
001 (407629.000.000) 10/23 15:53:00 Job executing on host: <188.184.205.210:9618?addrs=188.184.205.210-9618+[2001-1458-301-7d--100-528]-9618&noUDP&sock=1287_5a7a_3>
...
006 (407629.000.000) 10/23 15:53:09 Image size of job updated: 98084
	43  -  MemoryUsage of job (MB)
	43532  -  ResidentSetSize of job (KB)
...
005 (407629.000.000) 10/23 15:53:14 Job terminated.
	(1) Normal termination (return value 1)
		Usr 0 00:00:00, Sys 0 00:00:00  -  Run Remote Usage
		Usr 0 00:00:00, Sys 0 00:00:00  -  Run Local Usage
		Usr 0 00:00:00, Sys 0 00:00:00  -  Total Remote Usage
		Usr 0 00:00:00, Sys 0 00:00:00  -  Total Local Usage
	792  -  Run Bytes Sent By Job
	902  -  Run Bytes Received By Job
	792  -  Total Bytes Sent By Job
	902  -  Total Bytes Received By Job
	Partitionable Resources :    Usage  Request Allocated
	   Cpus                 :                 1         1
	   Disk (KB)            :       17        1   2215554
	   Memory (MB)          :       43     2000      2000
...
000 (408875.000.000) 10/24 13:24:15 Job submitted from host: <137.138.156.150:9618?addrs=137.138.156.150-9618+[2001-1458-d00-14--9a]-9618&noUDP&sock=4221_d558_7>
...
001 (408875.000.000) 10/24 13:24:33 Job executing on host: <188.184.206.38:9618?addrs=188.184.206.38-9618+[2001-1458-301-7d--100-545]-9618&noUDP&sock=1263_e434_3>
...
006 (408875.000.000) 10/24 13:24:42 Image size of job updated: 101660
	43  -  MemoryUsage of job (MB)
	43524  -  ResidentSetSize of job (KB)
...
005 (408875.000.000) 10/24 13:24:49 Job terminated.
	(1) Normal termination (return value 1)
		Usr 0 00:00:01, Sys 0 00:00:00  -  Run Remote Usage
		Usr 0 00:00:00, Sys 0 00:00:00  -  Run Local Usage
		Usr 0 00:00:01, Sys 0 00:00:00  -  Total Remote Usage
		Usr 0 00:00:00, Sys 0 00:00:00  -  Total Local Usage
	3455  -  Run Bytes Sent By Job
	902  -  Run Bytes Received By Job
	3455  -  Total Bytes Sent By Job
	902  -  Total Bytes Received By Job
	Partitionable Resources :    Usage  Request Allocated
	   Cpus                 :                 1         1
	   Disk (KB)            :       19        1   2206163
	   Memory (MB)          :       43     2000      2000
...
