000 (407380.000.000) 10/23 15:26:35 Job submitted from host: <137.138.156.150:9618?addrs=137.138.156.150-9618+[2001-1458-d00-14--9a]-9618&noUDP&sock=4221_d558_7>
...
001 (407380.000.000) 10/23 15:26:47 Job executing on host: <188.184.205.219:9618?addrs=188.184.205.219-9618+[2001-1458-301-7d--100-53a]-9618&noUDP&sock=1282_ec81_3>
...
006 (407380.000.000) 10/23 15:26:55 Image size of job updated: 98160
	40  -  MemoryUsage of job (MB)
	40460  -  ResidentSetSize of job (KB)
...
006 (407380.000.000) 10/23 15:27:01 Image size of job updated: 98160
	40  -  MemoryUsage of job (MB)
	40492  -  ResidentSetSize of job (KB)
...
005 (407380.000.000) 10/23 15:27:02 Job terminated.
	(1) Normal termination (return value 1)
		Usr 0 00:00:01, Sys 0 00:00:00  -  Run Remote Usage
		Usr 0 00:00:00, Sys 0 00:00:00  -  Run Local Usage
		Usr 0 00:00:01, Sys 0 00:00:00  -  Total Remote Usage
		Usr 0 00:00:00, Sys 0 00:00:00  -  Total Local Usage
	792  -  Run Bytes Sent By Job
	902  -  Run Bytes Received By Job
	792  -  Total Bytes Sent By Job
	902  -  Total Bytes Received By Job
	Partitionable Resources :    Usage  Request Allocated
	   Cpus                 :                 1         1
	   Disk (KB)            :       17        1   2151716
	   Memory (MB)          :       40     2000      2000
...
000 (407913.000.000) 10/23 16:38:23 Job submitted from host: <137.138.156.150:9618?addrs=137.138.156.150-9618+[2001-1458-d00-14--9a]-9618&noUDP&sock=4221_d558_7>
...
001 (407913.000.000) 10/23 16:39:19 Job executing on host: <188.184.204.197:9618?addrs=188.184.204.197-9618+[2001-1458-301-7d--100-523]-9618&noUDP&sock=1279_ddb8_3>
...
006 (407913.000.000) 10/23 16:39:27 Image size of job updated: 13556
	10  -  MemoryUsage of job (MB)
	9376  -  ResidentSetSize of job (KB)
...
006 (407913.000.000) 10/23 16:39:49 Image size of job updated: 167236
	10  -  MemoryUsage of job (MB)
	9376  -  ResidentSetSize of job (KB)
...
005 (407913.000.000) 10/23 16:39:49 Job terminated.
	(1) Normal termination (return value 139)
		Usr 0 00:00:02, Sys 0 00:00:00  -  Run Remote Usage
		Usr 0 00:00:00, Sys 0 00:00:00  -  Run Local Usage
		Usr 0 00:00:02, Sys 0 00:00:00  -  Total Remote Usage
		Usr 0 00:00:00, Sys 0 00:00:00  -  Total Local Usage
	4003  -  Run Bytes Sent By Job
	902  -  Run Bytes Received By Job
	4003  -  Total Bytes Sent By Job
	902  -  Total Bytes Received By Job
	Partitionable Resources :    Usage  Request Allocated
	   Cpus                 :                 1         1
	   Disk (KB)            :       20        1   2108380
	   Memory (MB)          :       10     2000      2000
...
000 (408680.000.000) 10/24 11:43:29 Job submitted from host: <137.138.156.150:9618?addrs=137.138.156.150-9618+[2001-1458-d00-14--9a]-9618&noUDP&sock=4221_d558_7>
...
001 (408680.000.000) 10/24 12:18:23 Job executing on host: <188.184.205.28:9618?addrs=188.184.205.28-9618+[2001-1458-301-7d--100-510]-9618&noUDP&sock=1289_b9aa_3>
...
006 (408680.000.000) 10/24 12:18:32 Image size of job updated: 13888
	5  -  MemoryUsage of job (MB)
	4300  -  ResidentSetSize of job (KB)
...
006 (408680.000.000) 10/24 12:19:01 Image size of job updated: 161724
	5  -  MemoryUsage of job (MB)
	4388  -  ResidentSetSize of job (KB)
...
005 (408680.000.000) 10/24 12:19:02 Job terminated.
	(1) Normal termination (return value 1)
		Usr 0 00:00:01, Sys 0 00:00:00  -  Run Remote Usage
		Usr 0 00:00:00, Sys 0 00:00:00  -  Run Local Usage
		Usr 0 00:00:01, Sys 0 00:00:00  -  Total Remote Usage
		Usr 0 00:00:00, Sys 0 00:00:00  -  Total Local Usage
	12085  -  Run Bytes Sent By Job
	902  -  Run Bytes Received By Job
	12085  -  Total Bytes Sent By Job
	902  -  Total Bytes Received By Job
	Partitionable Resources :    Usage  Request Allocated
	   Cpus                 :                 1         1
	   Disk (KB)            :       28        1   2166877
	   Memory (MB)          :        5     2000      2000
...
