000 (407064.000.000) 10/23 14:53:49 Job submitted from host: <137.138.156.150:9618?addrs=137.138.156.150-9618+[2001-1458-d00-14--9a]-9618&noUDP&sock=4221_d558_7>
...
001 (407064.000.000) 10/23 14:55:50 Job executing on host: <188.184.204.218:9618?addrs=188.184.204.218-9618+[2001-1458-301-7d--100-513]-9618&noUDP&sock=1283_9c19_3>
...
006 (407064.000.000) 10/23 14:55:59 Image size of job updated: 1608
	2  -  MemoryUsage of job (MB)
	1500  -  ResidentSetSize of job (KB)
...
006 (407064.000.000) 10/23 14:56:38 Image size of job updated: 26652
	2  -  MemoryUsage of job (MB)
	1500  -  ResidentSetSize of job (KB)
...
005 (407064.000.000) 10/23 14:56:38 Job terminated.
	(1) Normal termination (return value 1)
		Usr 0 00:00:01, Sys 0 00:00:00  -  Run Remote Usage
		Usr 0 00:00:00, Sys 0 00:00:00  -  Run Local Usage
		Usr 0 00:00:01, Sys 0 00:00:00  -  Total Remote Usage
		Usr 0 00:00:00, Sys 0 00:00:00  -  Total Local Usage
	12091  -  Run Bytes Sent By Job
	902  -  Run Bytes Received By Job
	12091  -  Total Bytes Sent By Job
	902  -  Total Bytes Received By Job
	Partitionable Resources :    Usage  Request Allocated
	   Cpus                 :                 1         1
	   Disk (KB)            :       28        1   2105206
	   Memory (MB)          :        2     2000      2000
...
