000 (407444.000.000) 10/23 15:30:37 Job submitted from host: <137.138.156.150:9618?addrs=137.138.156.150-9618+[2001-1458-d00-14--9a]-9618&noUDP&sock=4221_d558_7>
...
001 (407444.000.000) 10/23 15:31:15 Job executing on host: <188.184.205.90:9618?addrs=188.184.205.90-9618+[--1]-9618&noUDP&sock=1243_2c4f_3>
...
006 (407444.000.000) 10/23 15:31:24 Image size of job updated: 10852
	10  -  MemoryUsage of job (MB)
	9472  -  ResidentSetSize of job (KB)
...
006 (407444.000.000) 10/23 15:31:36 Image size of job updated: 167236
	10  -  MemoryUsage of job (MB)
	9472  -  ResidentSetSize of job (KB)
...
005 (407444.000.000) 10/23 15:31:37 Job terminated.
	(1) Normal termination (return value 1)
		Usr 0 00:00:01, Sys 0 00:00:00  -  Run Remote Usage
		Usr 0 00:00:00, Sys 0 00:00:00  -  Run Local Usage
		Usr 0 00:00:01, Sys 0 00:00:00  -  Total Remote Usage
		Usr 0 00:00:00, Sys 0 00:00:00  -  Total Local Usage
	792  -  Run Bytes Sent By Job
	902  -  Run Bytes Received By Job
	792  -  Total Bytes Sent By Job
	902  -  Total Bytes Received By Job
	Partitionable Resources :    Usage  Request Allocated
	   Cpus                 :                 1         1
	   Disk (KB)            :       16        1   2190719
	   Memory (MB)          :       10     2000      2000
...
000 (407977.000.000) 10/23 16:43:59 Job submitted from host: <137.138.156.150:9618?addrs=137.138.156.150-9618+[2001-1458-d00-14--9a]-9618&noUDP&sock=4221_d558_7>
...
001 (407977.000.000) 10/23 16:45:07 Job executing on host: <188.184.205.79:9618?addrs=188.184.205.79-9618+[2001-1458-301-7d--100-51b]-9618&noUDP&sock=1284_4bb1_3>
...
006 (407977.000.000) 10/23 16:45:15 Image size of job updated: 100408
	42  -  MemoryUsage of job (MB)
	42708  -  ResidentSetSize of job (KB)
...
006 (407977.000.000) 10/23 16:45:30 Image size of job updated: 183464
	42  -  MemoryUsage of job (MB)
	42708  -  ResidentSetSize of job (KB)
...
005 (407977.000.000) 10/23 16:45:30 Job terminated.
	(1) Normal termination (return value 139)
		Usr 0 00:00:02, Sys 0 00:00:00  -  Run Remote Usage
		Usr 0 00:00:00, Sys 0 00:00:00  -  Run Local Usage
		Usr 0 00:00:02, Sys 0 00:00:00  -  Total Remote Usage
		Usr 0 00:00:00, Sys 0 00:00:00  -  Total Local Usage
	4003  -  Run Bytes Sent By Job
	902  -  Run Bytes Received By Job
	4003  -  Total Bytes Sent By Job
	902  -  Total Bytes Received By Job
	Partitionable Resources :    Usage  Request Allocated
	   Cpus                 :                 1         1
	   Disk (KB)            :       20        1   2108933
	   Memory (MB)          :       42     2000      2000
...
000 (408684.000.000) 10/24 11:44:17 Job submitted from host: <137.138.156.150:9618?addrs=137.138.156.150-9618+[2001-1458-d00-14--9a]-9618&noUDP&sock=4221_d558_7>
...
001 (408684.000.000) 10/24 12:18:18 Job executing on host: <188.184.205.61:9618?addrs=188.184.205.61-9618+[2001-1458-301-7d--100-516]-9618&noUDP&sock=1270_b15e_3>
...
006 (408684.000.000) 10/24 12:18:27 Image size of job updated: 94872
	37  -  MemoryUsage of job (MB)
	37172  -  ResidentSetSize of job (KB)
...
006 (408684.000.000) 10/24 12:18:40 Image size of job updated: 162680
	37  -  MemoryUsage of job (MB)
	37212  -  ResidentSetSize of job (KB)
...
005 (408684.000.000) 10/24 12:18:41 Job terminated.
	(1) Normal termination (return value 1)
		Usr 0 00:00:01, Sys 0 00:00:00  -  Run Remote Usage
		Usr 0 00:00:00, Sys 0 00:00:00  -  Run Local Usage
		Usr 0 00:00:01, Sys 0 00:00:00  -  Total Remote Usage
		Usr 0 00:00:00, Sys 0 00:00:00  -  Total Local Usage
	12085  -  Run Bytes Sent By Job
	902  -  Run Bytes Received By Job
	12085  -  Total Bytes Sent By Job
	902  -  Total Bytes Received By Job
	Partitionable Resources :    Usage  Request Allocated
	   Cpus                 :                 1         1
	   Disk (KB)            :       28        1   2180102
	   Memory (MB)          :       37     2000      2000
...
