000 (407532.000.000) 10/23 15:45:30 Job submitted from host: <137.138.156.150:9618?addrs=137.138.156.150-9618+[2001-1458-d00-14--9a]-9618&noUDP&sock=4221_d558_7>
...
001 (407532.000.000) 10/23 15:46:57 Job executing on host: <188.184.205.239:9618?addrs=188.184.205.239-9618+[2001-1458-301-7d--100-532]-9618&noUDP&sock=1265_4364_3>
...
006 (407532.000.000) 10/23 15:47:06 Image size of job updated: 62932
	44  -  MemoryUsage of job (MB)
	44428  -  ResidentSetSize of job (KB)
...
006 (407532.000.000) 10/23 15:47:10 Image size of job updated: 70336
	44  -  MemoryUsage of job (MB)
	44448  -  ResidentSetSize of job (KB)
...
005 (407532.000.000) 10/23 15:47:10 Job terminated.
	(1) Normal termination (return value 1)
		Usr 0 00:00:01, Sys 0 00:00:00  -  Run Remote Usage
		Usr 0 00:00:00, Sys 0 00:00:00  -  Run Local Usage
		Usr 0 00:00:01, Sys 0 00:00:00  -  Total Remote Usage
		Usr 0 00:00:00, Sys 0 00:00:00  -  Total Local Usage
	791  -  Run Bytes Sent By Job
	902  -  Run Bytes Received By Job
	791  -  Total Bytes Sent By Job
	902  -  Total Bytes Received By Job
	Partitionable Resources :    Usage  Request Allocated
	   Cpus                 :                 1         1
	   Disk (KB)            :       17        1   2200446
	   Memory (MB)          :       44     2000      2000
...
000 (408777.000.000) 10/24 13:18:16 Job submitted from host: <137.138.156.150:9618?addrs=137.138.156.150-9618+[2001-1458-d00-14--9a]-9618&noUDP&sock=4221_d558_7>
...
001 (408777.000.000) 10/24 13:18:53 Job executing on host: <188.184.205.54:9618?addrs=188.184.205.54-9618+[--1]-9618&noUDP&sock=1253_0841_3>
...
006 (408777.000.000) 10/24 13:19:01 Image size of job updated: 81480
	31  -  MemoryUsage of job (MB)
	31200  -  ResidentSetSize of job (KB)
...
006 (408777.000.000) 10/24 13:19:14 Image size of job updated: 95276
	31  -  MemoryUsage of job (MB)
	31200  -  ResidentSetSize of job (KB)
...
005 (408777.000.000) 10/24 13:19:14 Job terminated.
	(1) Normal termination (return value 139)
		Usr 0 00:00:02, Sys 0 00:00:00  -  Run Remote Usage
		Usr 0 00:00:00, Sys 0 00:00:00  -  Run Local Usage
		Usr 0 00:00:02, Sys 0 00:00:00  -  Total Remote Usage
		Usr 0 00:00:00, Sys 0 00:00:00  -  Total Local Usage
	4209  -  Run Bytes Sent By Job
	902  -  Run Bytes Received By Job
	4209  -  Total Bytes Sent By Job
	902  -  Total Bytes Received By Job
	Partitionable Resources :    Usage  Request Allocated
	   Cpus                 :                 1         1
	   Disk (KB)            :       20        1   2197820
	   Memory (MB)          :       31     2000      2000
...
