000 (407413.000.000) 10/23 15:28:37 Job submitted from host: <137.138.156.150:9618?addrs=137.138.156.150-9618+[2001-1458-d00-14--9a]-9618&noUDP&sock=4221_d558_7>
...
001 (407413.000.000) 10/23 15:29:57 Job executing on host: <188.184.205.61:9618?addrs=188.184.205.61-9618+[2001-1458-301-7d--100-516]-9618&noUDP&sock=1270_b15e_3>
...
006 (407413.000.000) 10/23 15:30:06 Image size of job updated: 70348
	40  -  MemoryUsage of job (MB)
	40564  -  ResidentSetSize of job (KB)
...
006 (407413.000.000) 10/23 15:30:14 Image size of job updated: 70348
	40  -  MemoryUsage of job (MB)
	40592  -  ResidentSetSize of job (KB)
...
005 (407413.000.000) 10/23 15:30:14 Job terminated.
	(1) Normal termination (return value 1)
		Usr 0 00:00:01, Sys 0 00:00:00  -  Run Remote Usage
		Usr 0 00:00:00, Sys 0 00:00:00  -  Run Local Usage
		Usr 0 00:00:01, Sys 0 00:00:00  -  Total Remote Usage
		Usr 0 00:00:00, Sys 0 00:00:00  -  Total Local Usage
	792  -  Run Bytes Sent By Job
	902  -  Run Bytes Received By Job
	792  -  Total Bytes Sent By Job
	902  -  Total Bytes Received By Job
	Partitionable Resources :    Usage  Request Allocated
	   Cpus                 :                 1         1
	   Disk (KB)            :       17        1   2190514
	   Memory (MB)          :       40     2000      2000
...
000 (407946.000.000) 10/23 16:41:07 Job submitted from host: <137.138.156.150:9618?addrs=137.138.156.150-9618+[2001-1458-d00-14--9a]-9618&noUDP&sock=4221_d558_7>
...
001 (407946.000.000) 10/23 16:41:10 Job executing on host: <188.184.186.247:9618?addrs=188.184.186.247-9618+[2001-1458-301-f8--f]-9618&noUDP&sock=1303_53fe_3>
...
006 (407946.000.000) 10/23 16:41:19 Image size of job updated: 97028
	39  -  MemoryUsage of job (MB)
	39324  -  ResidentSetSize of job (KB)
...
006 (407946.000.000) 10/23 16:41:29 Image size of job updated: 472524
	39  -  MemoryUsage of job (MB)
	39328  -  ResidentSetSize of job (KB)
...
005 (407946.000.000) 10/23 16:41:29 Job terminated.
	(1) Normal termination (return value 1)
		Usr 0 00:00:01, Sys 0 00:00:00  -  Run Remote Usage
		Usr 0 00:00:00, Sys 0 00:00:00  -  Run Local Usage
		Usr 0 00:00:01, Sys 0 00:00:00  -  Total Remote Usage
		Usr 0 00:00:00, Sys 0 00:00:00  -  Total Local Usage
	12085  -  Run Bytes Sent By Job
	902  -  Run Bytes Received By Job
	12085  -  Total Bytes Sent By Job
	902  -  Total Bytes Received By Job
	Partitionable Resources :    Usage  Request Allocated
	   Cpus                 :                 1         1
	   Disk (KB)            :       28        1   2132316
	   Memory (MB)          :       39     2000      2000
...
