000 (407706.000.000) 10/23 16:09:12 Job submitted from host: <137.138.156.150:9618?addrs=137.138.156.150-9618+[2001-1458-d00-14--9a]-9618&noUDP&sock=4221_d558_7>
...
001 (407706.000.000) 10/23 16:13:34 Job executing on host: <188.184.205.210:9618?addrs=188.184.205.210-9618+[2001-1458-301-7d--100-528]-9618&noUDP&sock=1287_5a7a_3>
...
006 (407706.000.000) 10/23 16:13:42 Image size of job updated: 97700
	40  -  MemoryUsage of job (MB)
	40000  -  ResidentSetSize of job (KB)
...
006 (407706.000.000) 10/23 16:13:57 Image size of job updated: 130628
	40  -  MemoryUsage of job (MB)
	40012  -  ResidentSetSize of job (KB)
...
005 (407706.000.000) 10/23 16:13:57 Job terminated.
	(1) Normal termination (return value 139)
		Usr 0 00:00:02, Sys 0 00:00:00  -  Run Remote Usage
		Usr 0 00:00:00, Sys 0 00:00:00  -  Run Local Usage
		Usr 0 00:00:02, Sys 0 00:00:00  -  Total Remote Usage
		Usr 0 00:00:00, Sys 0 00:00:00  -  Total Local Usage
	6112  -  Run Bytes Sent By Job
	902  -  Run Bytes Received By Job
	6112  -  Total Bytes Sent By Job
	902  -  Total Bytes Received By Job
	Partitionable Resources :    Usage  Request Allocated
	   Cpus                 :                 1         1
	   Disk (KB)            :       22        1   2215557
	   Memory (MB)          :       40     2000      2000
...
000 (408958.000.000) 10/24 14:50:37 Job submitted from host: <137.138.156.150:9618?addrs=137.138.156.150-9618+[2001-1458-d00-14--9a]-9618&noUDP&sock=4221_d558_7>
...
001 (408958.000.000) 10/24 14:51:56 Job executing on host: <188.185.213.36:9618?addrs=188.185.213.36-9618+[2001-1459-301-98--100-1e]-9618&noUDP&sock=1280_8d50_3>
...
006 (408958.000.000) 10/24 14:52:04 Image size of job updated: 424
	1  -  MemoryUsage of job (MB)
	424  -  ResidentSetSize of job (KB)
...
006 (408958.000.000) 10/24 14:54:25 Image size of job updated: 33904
	1  -  MemoryUsage of job (MB)
	424  -  ResidentSetSize of job (KB)
...
005 (408958.000.000) 10/24 14:54:25 Job terminated.
	(1) Normal termination (return value 1)
		Usr 0 00:00:01, Sys 0 00:00:00  -  Run Remote Usage
		Usr 0 00:00:00, Sys 0 00:00:00  -  Run Local Usage
		Usr 0 00:00:01, Sys 0 00:00:00  -  Total Remote Usage
		Usr 0 00:00:00, Sys 0 00:00:00  -  Total Local Usage
	13057  -  Run Bytes Sent By Job
	902  -  Run Bytes Received By Job
	13057  -  Total Bytes Sent By Job
	902  -  Total Bytes Received By Job
	Partitionable Resources :    Usage  Request Allocated
	   Cpus                 :                 1         1
	   Disk (KB)            :       29        1   2180770
	   Memory (MB)          :        1     2000      2000
...
