000 (407490.000.000) 10/23 15:43:00 Job submitted from host: <137.138.156.150:9618?addrs=137.138.156.150-9618+[2001-1458-d00-14--9a]-9618&noUDP&sock=4221_d558_7>
...
001 (407490.000.000) 10/23 15:46:33 Job executing on host: <188.184.205.67:9618?addrs=188.184.205.67-9618+[2001-1458-301-7d--100-515]-9618&noUDP&sock=1274_6fbf_3>
...
006 (407490.000.000) 10/23 15:46:42 Image size of job updated: 49876
	44  -  MemoryUsage of job (MB)
	44196  -  ResidentSetSize of job (KB)
...
005 (407490.000.000) 10/23 15:46:55 Job terminated.
	(1) Normal termination (return value 1)
		Usr 0 00:00:01, Sys 0 00:00:00  -  Run Remote Usage
		Usr 0 00:00:00, Sys 0 00:00:00  -  Run Local Usage
		Usr 0 00:00:01, Sys 0 00:00:00  -  Total Remote Usage
		Usr 0 00:00:00, Sys 0 00:00:00  -  Total Local Usage
	789  -  Run Bytes Sent By Job
	902  -  Run Bytes Received By Job
	789  -  Total Bytes Sent By Job
	902  -  Total Bytes Received By Job
	Partitionable Resources :    Usage  Request Allocated
	   Cpus                 :                 1         1
	   Disk (KB)            :       17        1   2127757
	   Memory (MB)          :       44     2000      2000
...
000 (408735.000.000) 10/24 13:15:56 Job submitted from host: <137.138.156.150:9618?addrs=137.138.156.150-9618+[2001-1458-d00-14--9a]-9618&noUDP&sock=4221_d558_7>
...
001 (408735.000.000) 10/24 13:16:18 Job executing on host: <188.184.206.125:9618?addrs=188.184.206.125-9618+[2001-1458-301-7d--100-55f]-9618&noUDP&sock=1280_8d50_3>
...
006 (408735.000.000) 10/24 13:16:26 Image size of job updated: 94212
	43  -  MemoryUsage of job (MB)
	43520  -  ResidentSetSize of job (KB)
...
006 (408735.000.000) 10/24 13:16:31 Image size of job updated: 142792
	43  -  MemoryUsage of job (MB)
	43520  -  ResidentSetSize of job (KB)
...
005 (408735.000.000) 10/24 13:16:31 Job terminated.
	(1) Normal termination (return value 1)
		Usr 0 00:00:00, Sys 0 00:00:00  -  Run Remote Usage
		Usr 0 00:00:00, Sys 0 00:00:00  -  Run Local Usage
		Usr 0 00:00:00, Sys 0 00:00:00  -  Total Remote Usage
		Usr 0 00:00:00, Sys 0 00:00:00  -  Total Local Usage
	10006  -  Run Bytes Sent By Job
	902  -  Run Bytes Received By Job
	10006  -  Total Bytes Sent By Job
	902  -  Total Bytes Received By Job
	Partitionable Resources :    Usage  Request Allocated
	   Cpus                 :                 1         1
	   Disk (KB)            :       26        1   2205854
	   Memory (MB)          :       43     2000      2000
...
