000 (407472.000.000) 10/23 15:41:50 Job submitted from host: <137.138.156.150:9618?addrs=137.138.156.150-9618+[2001-1458-d00-14--9a]-9618&noUDP&sock=4221_d558_7>
...
001 (407472.000.000) 10/23 15:46:10 Job executing on host: <188.184.205.239:9618?addrs=188.184.205.239-9618+[2001-1458-301-7d--100-532]-9618&noUDP&sock=1265_4364_3>
...
006 (407472.000.000) 10/23 15:46:18 Image size of job updated: 15424
	8  -  MemoryUsage of job (MB)
	7652  -  ResidentSetSize of job (KB)
...
006 (407472.000.000) 10/23 15:46:31 Image size of job updated: 70812
	8  -  MemoryUsage of job (MB)
	7652  -  ResidentSetSize of job (KB)
...
005 (407472.000.000) 10/23 15:46:31 Job terminated.
	(1) Normal termination (return value 1)
		Usr 0 00:00:01, Sys 0 00:00:00  -  Run Remote Usage
		Usr 0 00:00:00, Sys 0 00:00:00  -  Run Local Usage
		Usr 0 00:00:01, Sys 0 00:00:00  -  Total Remote Usage
		Usr 0 00:00:00, Sys 0 00:00:00  -  Total Local Usage
	791  -  Run Bytes Sent By Job
	902  -  Run Bytes Received By Job
	791  -  Total Bytes Sent By Job
	902  -  Total Bytes Received By Job
	Partitionable Resources :    Usage  Request Allocated
	   Cpus                 :                 1         1
	   Disk (KB)            :       16        1   2200446
	   Memory (MB)          :        8     2000      2000
...
000 (408717.000.000) 10/24 13:14:52 Job submitted from host: <137.138.156.150:9618?addrs=137.138.156.150-9618+[2001-1458-d00-14--9a]-9618&noUDP&sock=4221_d558_7>
...
001 (408717.000.000) 10/24 13:16:05 Job executing on host: <188.184.204.8:9618?addrs=188.184.204.8-9618+[2001-1458-301-7d--100-508]-9618&noUDP&sock=1275_1f57_3>
...
006 (408717.000.000) 10/24 13:16:14 Image size of job updated: 9768
	8  -  MemoryUsage of job (MB)
	7196  -  ResidentSetSize of job (KB)
...
006 (408717.000.000) 10/24 13:16:35 Image size of job updated: 29792
	8  -  MemoryUsage of job (MB)
	7200  -  ResidentSetSize of job (KB)
...
005 (408717.000.000) 10/24 13:16:35 Job terminated.
	(1) Normal termination (return value 1)
		Usr 0 00:00:01, Sys 0 00:00:00  -  Run Remote Usage
		Usr 0 00:00:00, Sys 0 00:00:00  -  Run Local Usage
		Usr 0 00:00:01, Sys 0 00:00:00  -  Total Remote Usage
		Usr 0 00:00:00, Sys 0 00:00:00  -  Total Local Usage
	5645  -  Run Bytes Sent By Job
	902  -  Run Bytes Received By Job
	5645  -  Total Bytes Sent By Job
	902  -  Total Bytes Received By Job
	Partitionable Resources :    Usage  Request Allocated
	   Cpus                 :                 1         1
	   Disk (KB)            :       21        1   2192353
	   Memory (MB)          :        8     2000      2000
...
