000 (407131.000.000) 10/23 14:57:39 Job submitted from host: <137.138.156.150:9618?addrs=137.138.156.150-9618+[2001-1458-d00-14--9a]-9618&noUDP&sock=4221_d558_7>
...
001 (407131.000.000) 10/23 14:57:53 Job executing on host: <188.184.204.218:9618?addrs=188.184.204.218-9618+[2001-1458-301-7d--100-513]-9618&noUDP&sock=1283_9c19_3>
...
006 (407131.000.000) 10/23 14:58:02 Image size of job updated: 99180
	43  -  MemoryUsage of job (MB)
	43532  -  ResidentSetSize of job (KB)
...
006 (407131.000.000) 10/23 14:58:19 Image size of job updated: 182528
	43  -  MemoryUsage of job (MB)
	43532  -  ResidentSetSize of job (KB)
...
005 (407131.000.000) 10/23 14:58:19 Job terminated.
	(1) Normal termination (return value 139)
		Usr 0 00:00:02, Sys 0 00:00:00  -  Run Remote Usage
		Usr 0 00:00:00, Sys 0 00:00:00  -  Run Local Usage
		Usr 0 00:00:02, Sys 0 00:00:00  -  Total Remote Usage
		Usr 0 00:00:00, Sys 0 00:00:00  -  Total Local Usage
	4017  -  Run Bytes Sent By Job
	902  -  Run Bytes Received By Job
	4017  -  Total Bytes Sent By Job
	902  -  Total Bytes Received By Job
	Partitionable Resources :    Usage  Request Allocated
	   Cpus                 :                 1         1
	   Disk (KB)            :       20        1   2105206
	   Memory (MB)          :       43     2000      2000
...
