000 (407321.000.000) 10/23 15:22:33 Job submitted from host: <137.138.156.150:9618?addrs=137.138.156.150-9618+[2001-1458-d00-14--9a]-9618&noUDP&sock=4221_d558_7>
...
001 (407321.000.000) 10/23 15:22:50 Job executing on host: <188.185.213.191:9618?addrs=188.185.213.191-9618+[2001-1459-301-98--100-b9]-9618&noUDP&sock=1258_763b_3>
...
006 (407321.000.000) 10/23 15:23:00 Image size of job updated: 59544
	44  -  MemoryUsage of job (MB)
	44388  -  ResidentSetSize of job (KB)
...
006 (407321.000.000) 10/23 15:23:03 Image size of job updated: 59600
	44  -  MemoryUsage of job (MB)
	44428  -  ResidentSetSize of job (KB)
...
005 (407321.000.000) 10/23 15:23:03 Job terminated.
	(1) Normal termination (return value 1)
		Usr 0 00:00:00, Sys 0 00:00:00  -  Run Remote Usage
		Usr 0 00:00:00, Sys 0 00:00:00  -  Run Local Usage
		Usr 0 00:00:00, Sys 0 00:00:00  -  Total Remote Usage
		Usr 0 00:00:00, Sys 0 00:00:00  -  Total Local Usage
	793  -  Run Bytes Sent By Job
	902  -  Run Bytes Received By Job
	793  -  Total Bytes Sent By Job
	902  -  Total Bytes Received By Job
	Partitionable Resources :    Usage  Request Allocated
	   Cpus                 :                 1         1
	   Disk (KB)            :       17        1   2154648
	   Memory (MB)          :       44     2000      2000
...
000 (407838.000.000) 10/23 16:34:21 Job submitted from host: <137.138.156.150:9618?addrs=137.138.156.150-9618+[2001-1458-d00-14--9a]-9618&noUDP&sock=4221_d558_7>
...
001 (407838.000.000) 10/23 16:37:05 Job executing on host: <188.184.204.197:9618?addrs=188.184.204.197-9618+[2001-1458-301-7d--100-523]-9618&noUDP&sock=1279_ddb8_3>
...
006 (407838.000.000) 10/23 16:37:14 Image size of job updated: 53172
	43  -  MemoryUsage of job (MB)
	43520  -  ResidentSetSize of job (KB)
...
005 (407838.000.000) 10/23 16:37:28 Job terminated.
	(1) Normal termination (return value 139)
		Usr 0 00:00:02, Sys 0 00:00:00  -  Run Remote Usage
		Usr 0 00:00:00, Sys 0 00:00:00  -  Run Local Usage
		Usr 0 00:00:02, Sys 0 00:00:00  -  Total Remote Usage
		Usr 0 00:00:00, Sys 0 00:00:00  -  Total Local Usage
	4003  -  Run Bytes Sent By Job
	902  -  Run Bytes Received By Job
	4003  -  Total Bytes Sent By Job
	902  -  Total Bytes Received By Job
	Partitionable Resources :    Usage  Request Allocated
	   Cpus                 :                 1         1
	   Disk (KB)            :       20        1   2108380
	   Memory (MB)          :       43     2000      2000
...
000 (408659.000.000) 10/24 11:39:44 Job submitted from host: <137.138.156.150:9618?addrs=137.138.156.150-9618+[2001-1458-d00-14--9a]-9618&noUDP&sock=4221_d558_7>
...
001 (408659.000.000) 10/24 12:18:11 Job executing on host: <188.184.205.172:9618?addrs=188.184.205.172-9618+[2001-1458-301-7d--100-526]-9618&noUDP&sock=1269_01c5_3>
...
006 (408659.000.000) 10/24 12:18:20 Image size of job updated: 22968
	8  -  MemoryUsage of job (MB)
	7484  -  ResidentSetSize of job (KB)
...
006 (408659.000.000) 10/24 12:18:37 Image size of job updated: 163288
	8  -  MemoryUsage of job (MB)
	7488  -  ResidentSetSize of job (KB)
...
005 (408659.000.000) 10/24 12:18:37 Job terminated.
	(1) Normal termination (return value 1)
		Usr 0 00:00:01, Sys 0 00:00:00  -  Run Remote Usage
		Usr 0 00:00:00, Sys 0 00:00:00  -  Run Local Usage
		Usr 0 00:00:01, Sys 0 00:00:00  -  Total Remote Usage
		Usr 0 00:00:00, Sys 0 00:00:00  -  Total Local Usage
	12085  -  Run Bytes Sent By Job
	902  -  Run Bytes Received By Job
	12085  -  Total Bytes Sent By Job
	902  -  Total Bytes Received By Job
	Partitionable Resources :    Usage  Request Allocated
	   Cpus                 :                 1         1
	   Disk (KB)            :       28        1   2190032
	   Memory (MB)          :        8     2000      2000
...
