000 (407760.000.000) 10/23 16:12:51 Job submitted from host: <137.138.156.150:9618?addrs=137.138.156.150-9618+[2001-1458-d00-14--9a]-9618&noUDP&sock=4221_d558_7>
...
001 (407760.000.000) 10/23 16:14:21 Job executing on host: <188.184.204.197:9618?addrs=188.184.204.197-9618+[2001-1458-301-7d--100-523]-9618&noUDP&sock=1279_ddb8_3>
...
006 (407760.000.000) 10/23 16:14:30 Image size of job updated: 96604
	38  -  MemoryUsage of job (MB)
	38900  -  ResidentSetSize of job (KB)
...
006 (407760.000.000) 10/23 16:14:42 Image size of job updated: 471292
	38  -  MemoryUsage of job (MB)
	38908  -  ResidentSetSize of job (KB)
...
005 (407760.000.000) 10/23 16:14:42 Job terminated.
	(1) Normal termination (return value 1)
		Usr 0 00:00:01, Sys 0 00:00:00  -  Run Remote Usage
		Usr 0 00:00:00, Sys 0 00:00:00  -  Run Local Usage
		Usr 0 00:00:01, Sys 0 00:00:00  -  Total Remote Usage
		Usr 0 00:00:00, Sys 0 00:00:00  -  Total Local Usage
	13056  -  Run Bytes Sent By Job
	902  -  Run Bytes Received By Job
	13056  -  Total Bytes Sent By Job
	902  -  Total Bytes Received By Job
	Partitionable Resources :    Usage  Request Allocated
	   Cpus                 :                 1         1
	   Disk (KB)            :       29        1   2111509
	   Memory (MB)          :       38     2000      2000
...
000 (409012.000.000) 10/24 14:53:43 Job submitted from host: <137.138.156.150:9618?addrs=137.138.156.150-9618+[2001-1458-d00-14--9a]-9618&noUDP&sock=4221_d558_7>
...
001 (409012.000.000) 10/24 14:54:41 Job executing on host: <188.184.206.167:9618?addrs=188.184.206.167-9618+[2001-1458-301-7d--100-554]-9618&noUDP&sock=1268_522d_3>
...
006 (409012.000.000) 10/24 14:54:49 Image size of job updated: 96280
	38  -  MemoryUsage of job (MB)
	38580  -  ResidentSetSize of job (KB)
...
006 (409012.000.000) 10/24 14:55:06 Image size of job updated: 415368
	38  -  MemoryUsage of job (MB)
	38584  -  ResidentSetSize of job (KB)
...
005 (409012.000.000) 10/24 14:55:07 Job terminated.
	(1) Normal termination (return value 139)
		Usr 0 00:00:02, Sys 0 00:00:00  -  Run Remote Usage
		Usr 0 00:00:00, Sys 0 00:00:00  -  Run Local Usage
		Usr 0 00:00:02, Sys 0 00:00:00  -  Total Remote Usage
		Usr 0 00:00:00, Sys 0 00:00:00  -  Total Local Usage
	6110  -  Run Bytes Sent By Job
	902  -  Run Bytes Received By Job
	6110  -  Total Bytes Sent By Job
	902  -  Total Bytes Received By Job
	Partitionable Resources :    Usage  Request Allocated
	   Cpus                 :                 1         1
	   Disk (KB)            :       22        1   2105582
	   Memory (MB)          :       38     2000      2000
...
