000 (407412.000.000) 10/23 15:28:34 Job submitted from host: <137.138.156.150:9618?addrs=137.138.156.150-9618+[2001-1458-d00-14--9a]-9618&noUDP&sock=4221_d558_7>
...
001 (407412.000.000) 10/23 15:29:39 Job executing on host: <188.184.205.61:9618?addrs=188.184.205.61-9618+[2001-1458-301-7d--100-516]-9618&noUDP&sock=1270_b15e_3>
...
006 (407412.000.000) 10/23 15:29:49 Image size of job updated: 65632
	42  -  MemoryUsage of job (MB)
	42568  -  ResidentSetSize of job (KB)
...
006 (407412.000.000) 10/23 15:29:55 Image size of job updated: 167236
	42  -  MemoryUsage of job (MB)
	42588  -  ResidentSetSize of job (KB)
...
005 (407412.000.000) 10/23 15:29:55 Job terminated.
	(1) Normal termination (return value 1)
		Usr 0 00:00:01, Sys 0 00:00:00  -  Run Remote Usage
		Usr 0 00:00:00, Sys 0 00:00:00  -  Run Local Usage
		Usr 0 00:00:01, Sys 0 00:00:00  -  Total Remote Usage
		Usr 0 00:00:00, Sys 0 00:00:00  -  Total Local Usage
	794  -  Run Bytes Sent By Job
	902  -  Run Bytes Received By Job
	794  -  Total Bytes Sent By Job
	902  -  Total Bytes Received By Job
	Partitionable Resources :    Usage  Request Allocated
	   Cpus                 :                 1         1
	   Disk (KB)            :       17        1   2190514
	   Memory (MB)          :       42     2000      2000
...
000 (407945.000.000) 10/23 16:40:43 Job submitted from host: <137.138.156.150:9618?addrs=137.138.156.150-9618+[2001-1458-d00-14--9a]-9618&noUDP&sock=4221_d558_7>
...
001 (407945.000.000) 10/23 16:40:50 Job executing on host: <188.184.186.247:9618?addrs=188.184.186.247-9618+[2001-1458-301-f8--f]-9618&noUDP&sock=1303_53fe_3>
...
006 (407945.000.000) 10/23 16:40:58 Image size of job updated: 99548
	41  -  MemoryUsage of job (MB)
	41848  -  ResidentSetSize of job (KB)
...
006 (407945.000.000) 10/23 16:41:08 Image size of job updated: 155508
	41  -  MemoryUsage of job (MB)
	41852  -  ResidentSetSize of job (KB)
...
005 (407945.000.000) 10/23 16:41:08 Job terminated.
	(1) Normal termination (return value 1)
		Usr 0 00:00:01, Sys 0 00:00:00  -  Run Remote Usage
		Usr 0 00:00:00, Sys 0 00:00:00  -  Run Local Usage
		Usr 0 00:00:01, Sys 0 00:00:00  -  Total Remote Usage
		Usr 0 00:00:00, Sys 0 00:00:00  -  Total Local Usage
	12086  -  Run Bytes Sent By Job
	902  -  Run Bytes Received By Job
	12086  -  Total Bytes Sent By Job
	902  -  Total Bytes Received By Job
	Partitionable Resources :    Usage  Request Allocated
	   Cpus                 :                 1         1
	   Disk (KB)            :       28        1   2132316
	   Memory (MB)          :       41     2000      2000
...
