000 (407581.000.000) 10/23 15:48:28 Job submitted from host: <137.138.156.150:9618?addrs=137.138.156.150-9618+[2001-1458-d00-14--9a]-9618&noUDP&sock=4221_d558_7>
...
001 (407581.000.000) 10/23 15:48:49 Job executing on host: <188.184.204.103:9618?addrs=188.184.204.103-9618+[2001-1458-301-7d--100-4fd]-9618&noUDP&sock=1263_e434_3>
...
006 (407581.000.000) 10/23 15:48:58 Image size of job updated: 75868
	43  -  MemoryUsage of job (MB)
	43544  -  ResidentSetSize of job (KB)
...
006 (407581.000.000) 10/23 15:49:02 Image size of job updated: 75892
	43  -  MemoryUsage of job (MB)
	43544  -  ResidentSetSize of job (KB)
...
005 (407581.000.000) 10/23 15:49:02 Job terminated.
	(1) Normal termination (return value 1)
		Usr 0 00:00:00, Sys 0 00:00:00  -  Run Remote Usage
		Usr 0 00:00:00, Sys 0 00:00:00  -  Run Local Usage
		Usr 0 00:00:00, Sys 0 00:00:00  -  Total Remote Usage
		Usr 0 00:00:00, Sys 0 00:00:00  -  Total Local Usage
	790  -  Run Bytes Sent By Job
	902  -  Run Bytes Received By Job
	790  -  Total Bytes Sent By Job
	902  -  Total Bytes Received By Job
	Partitionable Resources :    Usage  Request Allocated
	   Cpus                 :                 1         1
	   Disk (KB)            :       17        1   2120098
	   Memory (MB)          :       43     2000      2000
...
000 (408827.000.000) 10/24 13:21:33 Job submitted from host: <137.138.156.150:9618?addrs=137.138.156.150-9618+[2001-1458-d00-14--9a]-9618&noUDP&sock=4221_d558_7>
...
001 (408827.000.000) 10/24 13:21:56 Job executing on host: <188.184.205.219:9618?addrs=188.184.205.219-9618+[2001-1458-301-7d--100-53a]-9618&noUDP&sock=1282_ec81_3>
...
006 (408827.000.000) 10/24 13:22:04 Image size of job updated: 23444
	8  -  MemoryUsage of job (MB)
	7852  -  ResidentSetSize of job (KB)
...
006 (408827.000.000) 10/24 13:22:13 Image size of job updated: 100404
	8  -  MemoryUsage of job (MB)
	7856  -  ResidentSetSize of job (KB)
...
005 (408827.000.000) 10/24 13:22:13 Job terminated.
	(1) Normal termination (return value 1)
		Usr 0 00:00:01, Sys 0 00:00:00  -  Run Remote Usage
		Usr 0 00:00:00, Sys 0 00:00:00  -  Run Local Usage
		Usr 0 00:00:01, Sys 0 00:00:00  -  Total Remote Usage
		Usr 0 00:00:00, Sys 0 00:00:00  -  Total Local Usage
	3454  -  Run Bytes Sent By Job
	902  -  Run Bytes Received By Job
	3454  -  Total Bytes Sent By Job
	902  -  Total Bytes Received By Job
	Partitionable Resources :    Usage  Request Allocated
	   Cpus                 :                 1         1
	   Disk (KB)            :       19        1   2142496
	   Memory (MB)          :        8     2000      2000
...
