000 (407432.000.000) 10/23 15:29:35 Job submitted from host: <137.138.156.150:9618?addrs=137.138.156.150-9618+[2001-1458-d00-14--9a]-9618&noUDP&sock=4221_d558_7>
...
001 (407432.000.000) 10/23 15:31:12 Job executing on host: <188.184.206.122:9618?addrs=188.184.206.122-9618+[2001-1458-301-7d--100-549]-9618&noUDP&sock=1251_a911_3>
...
006 (407432.000.000) 10/23 15:31:21 Image size of job updated: 14016
	9  -  MemoryUsage of job (MB)
	8296  -  ResidentSetSize of job (KB)
...
006 (407432.000.000) 10/23 15:31:34 Image size of job updated: 416396
	9  -  MemoryUsage of job (MB)
	8296  -  ResidentSetSize of job (KB)
...
005 (407432.000.000) 10/23 15:31:34 Job terminated.
	(1) Normal termination (return value 1)
		Usr 0 00:00:01, Sys 0 00:00:00  -  Run Remote Usage
		Usr 0 00:00:00, Sys 0 00:00:00  -  Run Local Usage
		Usr 0 00:00:01, Sys 0 00:00:00  -  Total Remote Usage
		Usr 0 00:00:00, Sys 0 00:00:00  -  Total Local Usage
	794  -  Run Bytes Sent By Job
	902  -  Run Bytes Received By Job
	794  -  Total Bytes Sent By Job
	902  -  Total Bytes Received By Job
	Partitionable Resources :    Usage  Request Allocated
	   Cpus                 :                 1         1
	   Disk (KB)            :       17        1   2213269
	   Memory (MB)          :        9     2000      2000
...
000 (407965.000.000) 10/23 16:42:33 Job submitted from host: <137.138.156.150:9618?addrs=137.138.156.150-9618+[2001-1458-d00-14--9a]-9618&noUDP&sock=4221_d558_7>
...
001 (407965.000.000) 10/23 16:44:37 Job executing on host: <188.184.206.182:9618?addrs=188.184.206.182-9618+[--1]-9618&noUDP&sock=1293_780b_3>
...
006 (407965.000.000) 10/23 16:44:46 Image size of job updated: 1108
	2  -  MemoryUsage of job (MB)
	1108  -  ResidentSetSize of job (KB)
...
006 (407965.000.000) 10/23 16:45:28 Image size of job updated: 32504
	2  -  MemoryUsage of job (MB)
	1108  -  ResidentSetSize of job (KB)
...
005 (407965.000.000) 10/23 16:45:28 Job terminated.
	(1) Normal termination (return value 1)
		Usr 0 00:00:01, Sys 0 00:00:00  -  Run Remote Usage
		Usr 0 00:00:00, Sys 0 00:00:00  -  Run Local Usage
		Usr 0 00:00:01, Sys 0 00:00:00  -  Total Remote Usage
		Usr 0 00:00:00, Sys 0 00:00:00  -  Total Local Usage
	12086  -  Run Bytes Sent By Job
	902  -  Run Bytes Received By Job
	12086  -  Total Bytes Sent By Job
	902  -  Total Bytes Received By Job
	Partitionable Resources :    Usage  Request Allocated
	   Cpus                 :                 1         1
	   Disk (KB)            :       28        1   2152520
	   Memory (MB)          :        2     2000      2000
...
