000 (407537.000.000) 10/23 15:45:43 Job submitted from host: <137.138.156.150:9618?addrs=137.138.156.150-9618+[2001-1458-d00-14--9a]-9618&noUDP&sock=4221_d558_7>
...
001 (407537.000.000) 10/23 15:47:10 Job executing on host: <188.184.205.90:9618?addrs=188.184.205.90-9618+[--1]-9618&noUDP&sock=1243_2c4f_3>
...
006 (407537.000.000) 10/23 15:47:18 Image size of job updated: 64260
	43  -  MemoryUsage of job (MB)
	43536  -  ResidentSetSize of job (KB)
...
006 (407537.000.000) 10/23 15:47:23 Image size of job updated: 167236
	43  -  MemoryUsage of job (MB)
	43536  -  ResidentSetSize of job (KB)
...
005 (407537.000.000) 10/23 15:47:23 Job terminated.
	(1) Normal termination (return value 1)
		Usr 0 00:00:01, Sys 0 00:00:00  -  Run Remote Usage
		Usr 0 00:00:00, Sys 0 00:00:00  -  Run Local Usage
		Usr 0 00:00:01, Sys 0 00:00:00  -  Total Remote Usage
		Usr 0 00:00:00, Sys 0 00:00:00  -  Total Local Usage
	789  -  Run Bytes Sent By Job
	902  -  Run Bytes Received By Job
	789  -  Total Bytes Sent By Job
	902  -  Total Bytes Received By Job
	Partitionable Resources :    Usage  Request Allocated
	   Cpus                 :                 1         1
	   Disk (KB)            :       17        1   2190725
	   Memory (MB)          :       43     2000      2000
...
000 (408782.000.000) 10/24 13:18:45 Job submitted from host: <137.138.156.150:9618?addrs=137.138.156.150-9618+[2001-1458-d00-14--9a]-9618&noUDP&sock=4221_d558_7>
...
001 (408782.000.000) 10/24 13:19:01 Job executing on host: <188.184.206.97:9618?addrs=188.184.206.97-9618+[2001-1458-301-7d--100-558]-9618&noUDP&sock=1275_1f57_3>
...
006 (408782.000.000) 10/24 13:19:10 Image size of job updated: 95320
	43  -  MemoryUsage of job (MB)
	43524  -  ResidentSetSize of job (KB)
...
005 (408782.000.000) 10/24 13:19:18 Job terminated.
	(1) Normal termination (return value 1)
		Usr 0 00:00:01, Sys 0 00:00:00  -  Run Remote Usage
		Usr 0 00:00:00, Sys 0 00:00:00  -  Run Local Usage
		Usr 0 00:00:01, Sys 0 00:00:00  -  Total Remote Usage
		Usr 0 00:00:00, Sys 0 00:00:00  -  Total Local Usage
	3453  -  Run Bytes Sent By Job
	902  -  Run Bytes Received By Job
	3453  -  Total Bytes Sent By Job
	902  -  Total Bytes Received By Job
	Partitionable Resources :    Usage  Request Allocated
	   Cpus                 :                 1         1
	   Disk (KB)            :       19        1   2112903
	   Memory (MB)          :       43     2000      2000
...
