000 (407510.000.000) 10/23 15:44:01 Job submitted from host: <137.138.156.150:9618?addrs=137.138.156.150-9618+[2001-1458-d00-14--9a]-9618&noUDP&sock=4221_d558_7>
...
001 (407510.000.000) 10/23 15:46:57 Job executing on host: <188.184.205.237:9618?addrs=188.184.205.237-9618+[2001-1458-301-7d--100-531]-9618&noUDP&sock=1287_5a7a_3>
...
006 (407510.000.000) 10/23 15:47:05 Image size of job updated: 100556
	42  -  MemoryUsage of job (MB)
	42820  -  ResidentSetSize of job (KB)
...
006 (407510.000.000) 10/23 15:47:09 Image size of job updated: 100556
	42  -  MemoryUsage of job (MB)
	42908  -  ResidentSetSize of job (KB)
...
005 (407510.000.000) 10/23 15:47:09 Job terminated.
	(1) Normal termination (return value 1)
		Usr 0 00:00:00, Sys 0 00:00:00  -  Run Remote Usage
		Usr 0 00:00:00, Sys 0 00:00:00  -  Run Local Usage
		Usr 0 00:00:00, Sys 0 00:00:00  -  Total Remote Usage
		Usr 0 00:00:00, Sys 0 00:00:00  -  Total Local Usage
	789  -  Run Bytes Sent By Job
	902  -  Run Bytes Received By Job
	789  -  Total Bytes Sent By Job
	902  -  Total Bytes Received By Job
	Partitionable Resources :    Usage  Request Allocated
	   Cpus                 :                 1         1
	   Disk (KB)            :       17        1   2224104
	   Memory (MB)          :       42     2000      2000
...
000 (408755.000.000) 10/24 13:17:10 Job submitted from host: <137.138.156.150:9618?addrs=137.138.156.150-9618+[2001-1458-d00-14--9a]-9618&noUDP&sock=4221_d558_7>
...
001 (408755.000.000) 10/24 13:18:43 Job executing on host: <188.185.213.80:9618?addrs=188.185.213.80-9618+[2001-1459-301-98--100-4a]-9618&noUDP&sock=1306_62c6_3>
...
006 (408755.000.000) 10/24 13:18:52 Image size of job updated: 25664
	10  -  MemoryUsage of job (MB)
	9824  -  ResidentSetSize of job (KB)
...
006 (408755.000.000) 10/24 13:19:10 Image size of job updated: 143568
	10  -  MemoryUsage of job (MB)
	9824  -  ResidentSetSize of job (KB)
...
005 (408755.000.000) 10/24 13:19:11 Job terminated.
	(1) Normal termination (return value 1)
		Usr 0 00:00:01, Sys 0 00:00:00  -  Run Remote Usage
		Usr 0 00:00:00, Sys 0 00:00:00  -  Run Local Usage
		Usr 0 00:00:01, Sys 0 00:00:00  -  Total Remote Usage
		Usr 0 00:00:00, Sys 0 00:00:00  -  Total Local Usage
	5644  -  Run Bytes Sent By Job
	902  -  Run Bytes Received By Job
	5644  -  Total Bytes Sent By Job
	902  -  Total Bytes Received By Job
	Partitionable Resources :    Usage  Request Allocated
	   Cpus                 :                 1         1
	   Disk (KB)            :       21        1   2187936
	   Memory (MB)          :       10     2000      2000
...
