000 (407306.000.000) 10/23 15:21:15 Job submitted from host: <137.138.156.150:9618?addrs=137.138.156.150-9618+[2001-1458-d00-14--9a]-9618&noUDP&sock=4221_d558_7>
...
001 (407306.000.000) 10/23 15:22:43 Job executing on host: <188.184.205.67:9618?addrs=188.184.205.67-9618+[2001-1458-301-7d--100-515]-9618&noUDP&sock=1274_6fbf_3>
...
006 (407306.000.000) 10/23 15:22:51 Image size of job updated: 51736
	43  -  MemoryUsage of job (MB)
	43856  -  ResidentSetSize of job (KB)
...
006 (407306.000.000) 10/23 15:22:54 Image size of job updated: 439584
	43  -  MemoryUsage of job (MB)
	44012  -  ResidentSetSize of job (KB)
...
005 (407306.000.000) 10/23 15:22:55 Job terminated.
	(1) Normal termination (return value 1)
		Usr 0 00:00:01, Sys 0 00:00:00  -  Run Remote Usage
		Usr 0 00:00:00, Sys 0 00:00:00  -  Run Local Usage
		Usr 0 00:00:01, Sys 0 00:00:00  -  Total Remote Usage
		Usr 0 00:00:00, Sys 0 00:00:00  -  Total Local Usage
	793  -  Run Bytes Sent By Job
	902  -  Run Bytes Received By Job
	793  -  Total Bytes Sent By Job
	902  -  Total Bytes Received By Job
	Partitionable Resources :    Usage  Request Allocated
	   Cpus                 :                 1         1
	   Disk (KB)            :       17        1   2127765
	   Memory (MB)          :       43     2000      2000
...
000 (407823.000.000) 10/23 16:33:30 Job submitted from host: <137.138.156.150:9618?addrs=137.138.156.150-9618+[2001-1458-d00-14--9a]-9618&noUDP&sock=4221_d558_7>
...
001 (407823.000.000) 10/23 16:36:27 Job executing on host: <188.184.204.223:9618?addrs=188.184.204.223-9618+[2001-1458-301-7d--100-50f]-9618&noUDP&sock=1286_aae2_3>
...
006 (407823.000.000) 10/23 16:36:36 Image size of job updated: 83920
	44  -  MemoryUsage of job (MB)
	44200  -  ResidentSetSize of job (KB)
...
006 (407823.000.000) 10/23 16:36:41 Image size of job updated: 472320
	44  -  MemoryUsage of job (MB)
	44232  -  ResidentSetSize of job (KB)
...
005 (407823.000.000) 10/23 16:36:54 Job terminated.
	(1) Normal termination (return value 1)
		Usr 0 00:00:01, Sys 0 00:00:00  -  Run Remote Usage
		Usr 0 00:00:00, Sys 0 00:00:00  -  Run Local Usage
		Usr 0 00:00:01, Sys 0 00:00:00  -  Total Remote Usage
		Usr 0 00:00:00, Sys 0 00:00:00  -  Total Local Usage
	12085  -  Run Bytes Sent By Job
	902  -  Run Bytes Received By Job
	12085  -  Total Bytes Sent By Job
	902  -  Total Bytes Received By Job
	Partitionable Resources :    Usage  Request Allocated
	   Cpus                 :                 1         1
	   Disk (KB)            :       28        1   2114356
	   Memory (MB)          :       44     2000      2000
...
