000 (407707.000.000) 10/23 16:09:15 Job submitted from host: <137.138.156.150:9618?addrs=137.138.156.150-9618+[2001-1458-d00-14--9a]-9618&noUDP&sock=4221_d558_7>
...
001 (407707.000.000) 10/23 16:13:34 Job executing on host: <188.184.206.45:9618?addrs=188.184.206.45-9618+[2001-1458-301-7d--100-551]-9618&noUDP&sock=1288_0a12_3>
...
006 (407707.000.000) 10/23 16:13:43 Image size of job updated: 61924
	44  -  MemoryUsage of job (MB)
	44476  -  ResidentSetSize of job (KB)
...
006 (407707.000.000) 10/23 16:13:50 Image size of job updated: 61924
	44  -  MemoryUsage of job (MB)
	44484  -  ResidentSetSize of job (KB)
...
005 (407707.000.000) 10/23 16:13:50 Job terminated.
	(1) Normal termination (return value 1)
		Usr 0 00:00:01, Sys 0 00:00:00  -  Run Remote Usage
		Usr 0 00:00:00, Sys 0 00:00:00  -  Run Local Usage
		Usr 0 00:00:01, Sys 0 00:00:00  -  Total Remote Usage
		Usr 0 00:00:00, Sys 0 00:00:00  -  Total Local Usage
	13056  -  Run Bytes Sent By Job
	902  -  Run Bytes Received By Job
	13056  -  Total Bytes Sent By Job
	902  -  Total Bytes Received By Job
	Partitionable Resources :    Usage  Request Allocated
	   Cpus                 :                 1         1
	   Disk (KB)            :       29        1   2217317
	   Memory (MB)          :       44     2000      2000
...
000 (408959.000.000) 10/24 14:50:39 Job submitted from host: <137.138.156.150:9618?addrs=137.138.156.150-9618+[2001-1458-d00-14--9a]-9618&noUDP&sock=4221_d558_7>
...
001 (408959.000.000) 10/24 14:51:56 Job executing on host: <188.185.210.171:9618?addrs=188.185.210.171-9618+[2001-1459-301-95--100-a5]-9618&noUDP&sock=1281_3ce8_3>
...
006 (408959.000.000) 10/24 14:52:04 Image size of job updated: 424
	1  -  MemoryUsage of job (MB)
	424  -  ResidentSetSize of job (KB)
...
006 (408959.000.000) 10/24 14:57:02 Image size of job updated: 33216
	1  -  MemoryUsage of job (MB)
	424  -  ResidentSetSize of job (KB)
...
005 (408959.000.000) 10/24 14:57:02 Job terminated.
	(1) Normal termination (return value 1)
		Usr 0 00:00:01, Sys 0 00:00:00  -  Run Remote Usage
		Usr 0 00:00:00, Sys 0 00:00:00  -  Run Local Usage
		Usr 0 00:00:01, Sys 0 00:00:00  -  Total Remote Usage
		Usr 0 00:00:00, Sys 0 00:00:00  -  Total Local Usage
	13056  -  Run Bytes Sent By Job
	902  -  Run Bytes Received By Job
	13056  -  Total Bytes Sent By Job
	902  -  Total Bytes Received By Job
	Partitionable Resources :    Usage  Request Allocated
	   Cpus                 :                 1         1
	   Disk (KB)            :       29        1   2167598
	   Memory (MB)          :        1     2000      2000
...
