000 (407470.000.000) 10/23 15:41:45 Job submitted from host: <137.138.156.150:9618?addrs=137.138.156.150-9618+[2001-1458-d00-14--9a]-9618&noUDP&sock=4221_d558_7>
...
001 (407470.000.000) 10/23 15:46:10 Job executing on host: <188.184.205.61:9618?addrs=188.184.205.61-9618+[2001-1458-301-7d--100-516]-9618&noUDP&sock=1270_b15e_3>
...
006 (407470.000.000) 10/23 15:46:18 Image size of job updated: 15160
	9  -  MemoryUsage of job (MB)
	8304  -  ResidentSetSize of job (KB)
...
006 (407470.000.000) 10/23 15:46:31 Image size of job updated: 69380
	9  -  MemoryUsage of job (MB)
	8308  -  ResidentSetSize of job (KB)
...
005 (407470.000.000) 10/23 15:46:31 Job terminated.
	(1) Normal termination (return value 1)
		Usr 0 00:00:01, Sys 0 00:00:00  -  Run Remote Usage
		Usr 0 00:00:00, Sys 0 00:00:00  -  Run Local Usage
		Usr 0 00:00:01, Sys 0 00:00:00  -  Total Remote Usage
		Usr 0 00:00:00, Sys 0 00:00:00  -  Total Local Usage
	789  -  Run Bytes Sent By Job
	902  -  Run Bytes Received By Job
	789  -  Total Bytes Sent By Job
	902  -  Total Bytes Received By Job
	Partitionable Resources :    Usage  Request Allocated
	   Cpus                 :                 1         1
	   Disk (KB)            :       16        1   2190520
	   Memory (MB)          :        9     2000      2000
...
000 (408715.000.000) 10/24 13:14:44 Job submitted from host: <137.138.156.150:9618?addrs=137.138.156.150-9618+[2001-1458-d00-14--9a]-9618&noUDP&sock=4221_d558_7>
...
001 (408715.000.000) 10/24 13:16:09 Job executing on host: <188.185.55.69:9618?addrs=188.185.55.69-9618+[2001-1459-301-b3--100-2fd]-9618&noUDP&sock=1215_f7a8_3>
...
006 (408715.000.000) 10/24 13:16:17 Image size of job updated: 23548
	8  -  MemoryUsage of job (MB)
	8052  -  ResidentSetSize of job (KB)
...
006 (408715.000.000) 10/24 13:16:46 Image size of job updated: 471280
	9  -  MemoryUsage of job (MB)
	8224  -  ResidentSetSize of job (KB)
...
005 (408715.000.000) 10/24 13:16:47 Job terminated.
	(1) Normal termination (return value 1)
		Usr 0 00:00:01, Sys 0 00:00:00  -  Run Remote Usage
		Usr 0 00:00:00, Sys 0 00:00:00  -  Run Local Usage
		Usr 0 00:00:01, Sys 0 00:00:00  -  Total Remote Usage
		Usr 0 00:00:00, Sys 0 00:00:00  -  Total Local Usage
	5644  -  Run Bytes Sent By Job
	902  -  Run Bytes Received By Job
	5644  -  Total Bytes Sent By Job
	902  -  Total Bytes Received By Job
	Partitionable Resources :    Usage  Request Allocated
	   Cpus                 :                 1         1
	   Disk (KB)            :       21        1   2199601
	   Memory (MB)          :        9     2000      2000
...
