000 (407588.000.000) 10/23 15:49:12 Job submitted from host: <137.138.156.150:9618?addrs=137.138.156.150-9618+[2001-1458-d00-14--9a]-9618&noUDP&sock=4221_d558_7>
...
001 (407588.000.000) 10/23 15:49:26 Job executing on host: <188.184.204.206:9618?addrs=188.184.204.206-9618+[2001-1458-301-7d--100-50c]-9618&noUDP&sock=1269_01c5_3>
...
006 (407588.000.000) 10/23 15:49:35 Image size of job updated: 69616
	29  -  MemoryUsage of job (MB)
	28876  -  ResidentSetSize of job (KB)
...
006 (407588.000.000) 10/23 15:49:45 Image size of job updated: 93548
	29  -  MemoryUsage of job (MB)
	28876  -  ResidentSetSize of job (KB)
...
005 (407588.000.000) 10/23 15:49:45 Job terminated.
	(1) Normal termination (return value 1)
		Usr 0 00:00:00, Sys 0 00:00:00  -  Run Remote Usage
		Usr 0 00:00:00, Sys 0 00:00:00  -  Run Local Usage
		Usr 0 00:00:00, Sys 0 00:00:00  -  Total Remote Usage
		Usr 0 00:00:00, Sys 0 00:00:00  -  Total Local Usage
	790  -  Run Bytes Sent By Job
	902  -  Run Bytes Received By Job
	790  -  Total Bytes Sent By Job
	902  -  Total Bytes Received By Job
	Partitionable Resources :    Usage  Request Allocated
	   Cpus                 :                 1         1
	   Disk (KB)            :       17        1   2123705
	   Memory (MB)          :       29     2000      2000
...
000 (408834.000.000) 10/24 13:21:59 Job submitted from host: <137.138.156.150:9618?addrs=137.138.156.150-9618+[2001-1458-d00-14--9a]-9618&noUDP&sock=4221_d558_7>
...
001 (408834.000.000) 10/24 13:22:05 Job executing on host: <188.185.214.18:9618?addrs=188.185.214.18-9618+[2001-1459-301-99--100-c]-9618&noUDP&sock=1282_ec81_3>
...
006 (408834.000.000) 10/24 13:22:13 Image size of job updated: 17020
	7  -  MemoryUsage of job (MB)
	6924  -  ResidentSetSize of job (KB)
...
006 (408834.000.000) 10/24 13:23:30 Image size of job updated: 159832
	7  -  MemoryUsage of job (MB)
	6924  -  ResidentSetSize of job (KB)
...
005 (408834.000.000) 10/24 13:23:31 Job terminated.
	(1) Normal termination (return value 139)
		Usr 0 00:00:02, Sys 0 00:00:00  -  Run Remote Usage
		Usr 0 00:00:00, Sys 0 00:00:00  -  Run Local Usage
		Usr 0 00:00:02, Sys 0 00:00:00  -  Total Remote Usage
		Usr 0 00:00:00, Sys 0 00:00:00  -  Total Local Usage
	4209  -  Run Bytes Sent By Job
	902  -  Run Bytes Received By Job
	4209  -  Total Bytes Sent By Job
	902  -  Total Bytes Received By Job
	Partitionable Resources :    Usage  Request Allocated
	   Cpus                 :                 1         1
	   Disk (KB)            :       20        1   2163319
	   Memory (MB)          :        7     2000      2000
...
