000 (407455.000.000) 10/23 15:40:59 Job submitted from host: <137.138.156.150:9618?addrs=137.138.156.150-9618+[2001-1458-d00-14--9a]-9618&noUDP&sock=4221_d558_7>
...
001 (407455.000.000) 10/23 15:46:04 Job executing on host: <188.184.204.206:9618?addrs=188.184.204.206-9618+[2001-1458-301-7d--100-50c]-9618&noUDP&sock=1269_01c5_3>
...
006 (407455.000.000) 10/23 15:46:12 Image size of job updated: 92964
	35  -  MemoryUsage of job (MB)
	35716  -  ResidentSetSize of job (KB)
...
006 (407455.000.000) 10/23 15:46:20 Image size of job updated: 96148
	35  -  MemoryUsage of job (MB)
	35716  -  ResidentSetSize of job (KB)
...
005 (407455.000.000) 10/23 15:46:20 Job terminated.
	(1) Normal termination (return value 1)
		Usr 0 00:00:01, Sys 0 00:00:00  -  Run Remote Usage
		Usr 0 00:00:00, Sys 0 00:00:00  -  Run Local Usage
		Usr 0 00:00:01, Sys 0 00:00:00  -  Total Remote Usage
		Usr 0 00:00:00, Sys 0 00:00:00  -  Total Local Usage
	788  -  Run Bytes Sent By Job
	902  -  Run Bytes Received By Job
	788  -  Total Bytes Sent By Job
	902  -  Total Bytes Received By Job
	Partitionable Resources :    Usage  Request Allocated
	   Cpus                 :                 1         1
	   Disk (KB)            :       17        1   2123705
	   Memory (MB)          :       35     2000      2000
...
000 (408699.000.000) 10/24 13:13:32 Job submitted from host: <137.138.156.150:9618?addrs=137.138.156.150-9618+[2001-1458-d00-14--9a]-9618&noUDP&sock=4221_d558_7>
...
001 (408699.000.000) 10/24 13:16:00 Job executing on host: <188.185.211.123:9618?addrs=188.185.211.123-9618+[2001-1459-301-96--100-75]-9618&noUDP&sock=1261_8503_3>
...
006 (408699.000.000) 10/24 13:16:09 Image size of job updated: 1492
	2  -  MemoryUsage of job (MB)
	1412  -  ResidentSetSize of job (KB)
...
006 (408699.000.000) 10/24 13:16:50 Image size of job updated: 142740
	2  -  MemoryUsage of job (MB)
	1428  -  ResidentSetSize of job (KB)
...
005 (408699.000.000) 10/24 13:16:50 Job terminated.
	(1) Normal termination (return value 1)
		Usr 0 00:00:01, Sys 0 00:00:00  -  Run Remote Usage
		Usr 0 00:00:00, Sys 0 00:00:00  -  Run Local Usage
		Usr 0 00:00:01, Sys 0 00:00:00  -  Total Remote Usage
		Usr 0 00:00:00, Sys 0 00:00:00  -  Total Local Usage
	3452  -  Run Bytes Sent By Job
	902  -  Run Bytes Received By Job
	3452  -  Total Bytes Sent By Job
	902  -  Total Bytes Received By Job
	Partitionable Resources :    Usage  Request Allocated
	   Cpus                 :                 1         1
	   Disk (KB)            :       19        1   2169202
	   Memory (MB)          :        2     2000      2000
...
