000 (407478.000.000) 10/23 15:42:09 Job submitted from host: <137.138.156.150:9618?addrs=137.138.156.150-9618+[2001-1458-d00-14--9a]-9618&noUDP&sock=4221_d558_7>
...
001 (407478.000.000) 10/23 15:46:11 Job executing on host: <188.184.205.67:9618?addrs=188.184.205.67-9618+[2001-1458-301-7d--100-515]-9618&noUDP&sock=1274_6fbf_3>
...
006 (407478.000.000) 10/23 15:46:20 Image size of job updated: 31620
	25  -  MemoryUsage of job (MB)
	25236  -  ResidentSetSize of job (KB)
...
006 (407478.000.000) 10/23 15:46:31 Image size of job updated: 54492
	25  -  MemoryUsage of job (MB)
	25240  -  ResidentSetSize of job (KB)
...
005 (407478.000.000) 10/23 15:46:31 Job terminated.
	(1) Normal termination (return value 1)
		Usr 0 00:00:00, Sys 0 00:00:00  -  Run Remote Usage
		Usr 0 00:00:00, Sys 0 00:00:00  -  Run Local Usage
		Usr 0 00:00:00, Sys 0 00:00:00  -  Total Remote Usage
		Usr 0 00:00:00, Sys 0 00:00:00  -  Total Local Usage
	791  -  Run Bytes Sent By Job
	902  -  Run Bytes Received By Job
	791  -  Total Bytes Sent By Job
	902  -  Total Bytes Received By Job
	Partitionable Resources :    Usage  Request Allocated
	   Cpus                 :                 1         1
	   Disk (KB)            :       16        1   2127764
	   Memory (MB)          :       25     2000      2000
...
000 (408723.000.000) 10/24 13:15:18 Job submitted from host: <137.138.156.150:9618?addrs=137.138.156.150-9618+[2001-1458-d00-14--9a]-9618&noUDP&sock=4221_d558_7>
...
001 (408723.000.000) 10/24 13:16:08 Job executing on host: <188.184.206.25:9618?addrs=188.184.206.25-9618+[2001-1458-301-7d--100-538]-9618&noUDP&sock=1284_4bb1_3>
...
006 (408723.000.000) 10/24 13:16:16 Image size of job updated: 22676
	8  -  MemoryUsage of job (MB)
	7188  -  ResidentSetSize of job (KB)
...
006 (408723.000.000) 10/24 13:16:32 Image size of job updated: 76680
	8  -  MemoryUsage of job (MB)
	7188  -  ResidentSetSize of job (KB)
...
005 (408723.000.000) 10/24 13:16:32 Job terminated.
	(1) Normal termination (return value 1)
		Usr 0 00:00:01, Sys 0 00:00:00  -  Run Remote Usage
		Usr 0 00:00:00, Sys 0 00:00:00  -  Run Local Usage
		Usr 0 00:00:01, Sys 0 00:00:00  -  Total Remote Usage
		Usr 0 00:00:00, Sys 0 00:00:00  -  Total Local Usage
	3454  -  Run Bytes Sent By Job
	902  -  Run Bytes Received By Job
	3454  -  Total Bytes Sent By Job
	902  -  Total Bytes Received By Job
	Partitionable Resources :    Usage  Request Allocated
	   Cpus                 :                 1         1
	   Disk (KB)            :       19        1   2186952
	   Memory (MB)          :        8     2000      2000
...
