000 (407651.000.000) 10/23 15:52:24 Job submitted from host: <137.138.156.150:9618?addrs=137.138.156.150-9618+[2001-1458-d00-14--9a]-9618&noUDP&sock=4221_d558_7>
...
001 (407651.000.000) 10/23 15:55:02 Job executing on host: <188.184.204.218:9618?addrs=188.184.204.218-9618+[2001-1458-301-7d--100-513]-9618&noUDP&sock=1283_9c19_3>
...
006 (407651.000.000) 10/23 15:55:10 Image size of job updated: 95064
	37  -  MemoryUsage of job (MB)
	37364  -  ResidentSetSize of job (KB)
...
006 (407651.000.000) 10/23 15:55:16 Image size of job updated: 95064
	37  -  MemoryUsage of job (MB)
	37472  -  ResidentSetSize of job (KB)
...
005 (407651.000.000) 10/23 15:55:16 Job terminated.
	(1) Normal termination (return value 1)
		Usr 0 00:00:01, Sys 0 00:00:00  -  Run Remote Usage
		Usr 0 00:00:00, Sys 0 00:00:00  -  Run Local Usage
		Usr 0 00:00:01, Sys 0 00:00:00  -  Total Remote Usage
		Usr 0 00:00:00, Sys 0 00:00:00  -  Total Local Usage
	792  -  Run Bytes Sent By Job
	902  -  Run Bytes Received By Job
	792  -  Total Bytes Sent By Job
	902  -  Total Bytes Received By Job
	Partitionable Resources :    Usage  Request Allocated
	   Cpus                 :                 1         1
	   Disk (KB)            :       17        1   2101832
	   Memory (MB)          :       37     2000      2000
...
000 (408897.000.000) 10/24 13:25:52 Job submitted from host: <137.138.156.150:9618?addrs=137.138.156.150-9618+[2001-1458-d00-14--9a]-9618&noUDP&sock=4221_d558_7>
...
001 (408897.000.000) 10/24 13:26:06 Job executing on host: <188.185.201.148:9618?addrs=188.185.201.148-9618+[2001-1459-301-60--100-8e]-9618&noUDP&sock=1239_6dee_3>
...
006 (408897.000.000) 10/24 13:26:14 Image size of job updated: 92008
	43  -  MemoryUsage of job (MB)
	43528  -  ResidentSetSize of job (KB)
...
006 (408897.000.000) 10/24 13:26:21 Image size of job updated: 93532
	43  -  MemoryUsage of job (MB)
	43528  -  ResidentSetSize of job (KB)
...
005 (408897.000.000) 10/24 13:26:21 Job terminated.
	(1) Normal termination (return value 1)
		Usr 0 00:00:01, Sys 0 00:00:00  -  Run Remote Usage
		Usr 0 00:00:00, Sys 0 00:00:00  -  Run Local Usage
		Usr 0 00:00:01, Sys 0 00:00:00  -  Total Remote Usage
		Usr 0 00:00:00, Sys 0 00:00:00  -  Total Local Usage
	3455  -  Run Bytes Sent By Job
	902  -  Run Bytes Received By Job
	3455  -  Total Bytes Sent By Job
	902  -  Total Bytes Received By Job
	Partitionable Resources :    Usage  Request Allocated
	   Cpus                 :                 1         1
	   Disk (KB)            :       19        1   2182771
	   Memory (MB)          :       43     2000      2000
...
