000 (407670.000.000) 10/23 16:07:03 Job submitted from host: <137.138.156.150:9618?addrs=137.138.156.150-9618+[2001-1458-d00-14--9a]-9618&noUDP&sock=4221_d558_7>
...
001 (407670.000.000) 10/23 16:11:31 Job executing on host: <188.184.205.210:9618?addrs=188.184.205.210-9618+[2001-1458-301-7d--100-528]-9618&noUDP&sock=1287_5a7a_3>
...
006 (407670.000.000) 10/23 16:11:40 Image size of job updated: 91992
	43  -  MemoryUsage of job (MB)
	43520  -  ResidentSetSize of job (KB)
...
005 (407670.000.000) 10/23 16:11:55 Job terminated.
	(1) Normal termination (return value 1)
		Usr 0 00:00:01, Sys 0 00:00:00  -  Run Remote Usage
		Usr 0 00:00:00, Sys 0 00:00:00  -  Run Local Usage
		Usr 0 00:00:01, Sys 0 00:00:00  -  Total Remote Usage
		Usr 0 00:00:00, Sys 0 00:00:00  -  Total Local Usage
	17417  -  Run Bytes Sent By Job
	902  -  Run Bytes Received By Job
	17417  -  Total Bytes Sent By Job
	902  -  Total Bytes Received By Job
	Partitionable Resources :    Usage  Request Allocated
	   Cpus                 :                 1         1
	   Disk (KB)            :       33        1   2215557
	   Memory (MB)          :       43     2000      2000
...
000 (408921.000.000) 10/24 14:48:06 Job submitted from host: <137.138.156.150:9618?addrs=137.138.156.150-9618+[2001-1458-d00-14--9a]-9618&noUDP&sock=4221_d558_7>
...
001 (408921.000.000) 10/24 14:51:48 Job executing on host: <188.184.204.75:9618?addrs=188.184.204.75-9618+[2001-1458-301-7d--100-4ff]-9618&noUDP&sock=1272_108e_3>
...
006 (408921.000.000) 10/24 14:51:56 Image size of job updated: 18448
	6  -  MemoryUsage of job (MB)
	6052  -  ResidentSetSize of job (KB)
...
006 (408921.000.000) 10/24 14:52:18 Image size of job updated: 109152
	6  -  MemoryUsage of job (MB)
	6052  -  ResidentSetSize of job (KB)
...
005 (408921.000.000) 10/24 14:52:20 Job terminated.
	(1) Normal termination (return value 1)
		Usr 0 00:00:01, Sys 0 00:00:00  -  Run Remote Usage
		Usr 0 00:00:00, Sys 0 00:00:00  -  Run Local Usage
		Usr 0 00:00:01, Sys 0 00:00:00  -  Total Remote Usage
		Usr 0 00:00:00, Sys 0 00:00:00  -  Total Local Usage
	17417  -  Run Bytes Sent By Job
	902  -  Run Bytes Received By Job
	17417  -  Total Bytes Sent By Job
	902  -  Total Bytes Received By Job
	Partitionable Resources :    Usage  Request Allocated
	   Cpus                 :                 1         1
	   Disk (KB)            :       33        1   2102622
	   Memory (MB)          :        6     2000      2000
...
