000 (407426.000.000) 10/23 15:29:16 Job submitted from host: <137.138.156.150:9618?addrs=137.138.156.150-9618+[2001-1458-d00-14--9a]-9618&noUDP&sock=4221_d558_7>
...
001 (407426.000.000) 10/23 15:31:10 Job executing on host: <188.184.205.252:9618?addrs=188.184.205.252-9618+[2001-1458-301-7d--100-539]-9618&noUDP&sock=1275_1f57_3>
...
006 (407426.000.000) 10/23 15:31:18 Image size of job updated: 95912
	38  -  MemoryUsage of job (MB)
	38212  -  ResidentSetSize of job (KB)
...
006 (407426.000.000) 10/23 15:31:26 Image size of job updated: 96164
	38  -  MemoryUsage of job (MB)
	38224  -  ResidentSetSize of job (KB)
...
005 (407426.000.000) 10/23 15:31:26 Job terminated.
	(1) Normal termination (return value 1)
		Usr 0 00:00:01, Sys 0 00:00:00  -  Run Remote Usage
		Usr 0 00:00:00, Sys 0 00:00:00  -  Run Local Usage
		Usr 0 00:00:01, Sys 0 00:00:00  -  Total Remote Usage
		Usr 0 00:00:00, Sys 0 00:00:00  -  Total Local Usage
	792  -  Run Bytes Sent By Job
	902  -  Run Bytes Received By Job
	792  -  Total Bytes Sent By Job
	902  -  Total Bytes Received By Job
	Partitionable Resources :    Usage  Request Allocated
	   Cpus                 :                 1         1
	   Disk (KB)            :       17        1   2101278
	   Memory (MB)          :       38     2000      2000
...
000 (407959.000.000) 10/23 16:42:09 Job submitted from host: <137.138.156.150:9618?addrs=137.138.156.150-9618+[2001-1458-d00-14--9a]-9618&noUDP&sock=4221_d558_7>
...
001 (407959.000.000) 10/23 16:44:35 Job executing on host: <188.185.208.166:9618?addrs=188.185.208.166-9618+[2001-1459-301-93--100-a0]-9618&noUDP&sock=1318_9de9_3>
...
006 (407959.000.000) 10/23 16:44:44 Image size of job updated: 24180
	9  -  MemoryUsage of job (MB)
	8392  -  ResidentSetSize of job (KB)
...
006 (407959.000.000) 10/23 16:45:12 Image size of job updated: 161128
	9  -  MemoryUsage of job (MB)
	8400  -  ResidentSetSize of job (KB)
...
005 (407959.000.000) 10/23 16:45:12 Job terminated.
	(1) Normal termination (return value 1)
		Usr 0 00:00:01, Sys 0 00:00:00  -  Run Remote Usage
		Usr 0 00:00:00, Sys 0 00:00:00  -  Run Local Usage
		Usr 0 00:00:01, Sys 0 00:00:00  -  Total Remote Usage
		Usr 0 00:00:00, Sys 0 00:00:00  -  Total Local Usage
	12085  -  Run Bytes Sent By Job
	902  -  Run Bytes Received By Job
	12085  -  Total Bytes Sent By Job
	902  -  Total Bytes Received By Job
	Partitionable Resources :    Usage  Request Allocated
	   Cpus                 :                 1         1
	   Disk (KB)            :       28        1   2196515
	   Memory (MB)          :        9     2000      2000
...
