000 (407530.000.000) 10/23 15:45:25 Job submitted from host: <137.138.156.150:9618?addrs=137.138.156.150-9618+[2001-1458-d00-14--9a]-9618&noUDP&sock=4221_d558_7>
...
001 (407530.000.000) 10/23 15:46:57 Job executing on host: <188.184.206.122:9618?addrs=188.184.206.122-9618+[2001-1458-301-7d--100-549]-9618&noUDP&sock=1251_a911_3>
...
006 (407530.000.000) 10/23 15:47:06 Image size of job updated: 68596
	43  -  MemoryUsage of job (MB)
	43536  -  ResidentSetSize of job (KB)
...
006 (407530.000.000) 10/23 15:47:10 Image size of job updated: 446852
	43  -  MemoryUsage of job (MB)
	43544  -  ResidentSetSize of job (KB)
...
005 (407530.000.000) 10/23 15:47:10 Job terminated.
	(1) Normal termination (return value 1)
		Usr 0 00:00:01, Sys 0 00:00:00  -  Run Remote Usage
		Usr 0 00:00:00, Sys 0 00:00:00  -  Run Local Usage
		Usr 0 00:00:01, Sys 0 00:00:00  -  Total Remote Usage
		Usr 0 00:00:00, Sys 0 00:00:00  -  Total Local Usage
	789  -  Run Bytes Sent By Job
	902  -  Run Bytes Received By Job
	789  -  Total Bytes Sent By Job
	902  -  Total Bytes Received By Job
	Partitionable Resources :    Usage  Request Allocated
	   Cpus                 :                 1         1
	   Disk (KB)            :       17        1   2213273
	   Memory (MB)          :       43     2000      2000
...
000 (408775.000.000) 10/24 13:18:11 Job submitted from host: <137.138.156.150:9618?addrs=137.138.156.150-9618+[2001-1458-d00-14--9a]-9618&noUDP&sock=4221_d558_7>
...
001 (408775.000.000) 10/24 13:18:55 Job executing on host: <188.184.206.11:9618?addrs=188.184.206.11-9618+[2001-1458-301-7d--100-533]-9618&noUDP&sock=1290_6943_3>
...
006 (408775.000.000) 10/24 13:19:04 Image size of job updated: 80324
	31  -  MemoryUsage of job (MB)
	31092  -  ResidentSetSize of job (KB)
...
006 (408775.000.000) 10/24 13:19:13 Image size of job updated: 92588
	31  -  MemoryUsage of job (MB)
	31280  -  ResidentSetSize of job (KB)
...
005 (408775.000.000) 10/24 13:19:13 Job terminated.
	(1) Normal termination (return value 1)
		Usr 0 00:00:01, Sys 0 00:00:00  -  Run Remote Usage
		Usr 0 00:00:00, Sys 0 00:00:00  -  Run Local Usage
		Usr 0 00:00:01, Sys 0 00:00:00  -  Total Remote Usage
		Usr 0 00:00:00, Sys 0 00:00:00  -  Total Local Usage
	7825  -  Run Bytes Sent By Job
	902  -  Run Bytes Received By Job
	7825  -  Total Bytes Sent By Job
	902  -  Total Bytes Received By Job
	Partitionable Resources :    Usage  Request Allocated
	   Cpus                 :                 1         1
	   Disk (KB)            :       23        1   2106973
	   Memory (MB)          :       31     2000      2000
...
