000 (407462.000.000) 10/23 15:41:21 Job submitted from host: <137.138.156.150:9618?addrs=137.138.156.150-9618+[2001-1458-d00-14--9a]-9618&noUDP&sock=4221_d558_7>
...
001 (407462.000.000) 10/23 15:46:07 Job executing on host: <188.185.213.191:9618?addrs=188.185.213.191-9618+[2001-1459-301-98--100-b9]-9618&noUDP&sock=1258_763b_3>
...
006 (407462.000.000) 10/23 15:46:16 Image size of job updated: 14468
	7  -  MemoryUsage of job (MB)
	6776  -  ResidentSetSize of job (KB)
...
006 (407462.000.000) 10/23 15:46:34 Image size of job updated: 74988
	7  -  MemoryUsage of job (MB)
	6880  -  ResidentSetSize of job (KB)
...
005 (407462.000.000) 10/23 15:46:34 Job terminated.
	(1) Normal termination (return value 1)
		Usr 0 00:00:00, Sys 0 00:00:00  -  Run Remote Usage
		Usr 0 00:00:00, Sys 0 00:00:00  -  Run Local Usage
		Usr 0 00:00:00, Sys 0 00:00:00  -  Total Remote Usage
		Usr 0 00:00:00, Sys 0 00:00:00  -  Total Local Usage
	788  -  Run Bytes Sent By Job
	902  -  Run Bytes Received By Job
	788  -  Total Bytes Sent By Job
	902  -  Total Bytes Received By Job
	Partitionable Resources :    Usage  Request Allocated
	   Cpus                 :                 1         1
	   Disk (KB)            :       17        1   2154647
	   Memory (MB)          :        7     2000      2000
...
000 (408707.000.000) 10/24 13:13:52 Job submitted from host: <137.138.156.150:9618?addrs=137.138.156.150-9618+[2001-1458-d00-14--9a]-9618&noUDP&sock=4221_d558_7>
...
001 (408707.000.000) 10/24 13:16:02 Job executing on host: <188.184.204.151:9618?addrs=188.184.204.151-9618+[--1]-9618&noUDP&sock=1216_a740_3>
...
006 (408707.000.000) 10/24 13:16:10 Image size of job updated: 22820
	8  -  MemoryUsage of job (MB)
	7336  -  ResidentSetSize of job (KB)
...
006 (408707.000.000) 10/24 13:16:22 Image size of job updated: 418424
	8  -  MemoryUsage of job (MB)
	7344  -  ResidentSetSize of job (KB)
...
005 (408707.000.000) 10/24 13:16:22 Job terminated.
	(1) Normal termination (return value 1)
		Usr 0 00:00:01, Sys 0 00:00:00  -  Run Remote Usage
		Usr 0 00:00:00, Sys 0 00:00:00  -  Run Local Usage
		Usr 0 00:00:01, Sys 0 00:00:00  -  Total Remote Usage
		Usr 0 00:00:00, Sys 0 00:00:00  -  Total Local Usage
	5643  -  Run Bytes Sent By Job
	902  -  Run Bytes Received By Job
	5643  -  Total Bytes Sent By Job
	902  -  Total Bytes Received By Job
	Partitionable Resources :    Usage  Request Allocated
	   Cpus                 :                 1         1
	   Disk (KB)            :       21        1   2181667
	   Memory (MB)          :        8     2000      2000
...
