000 (407730.000.000) 10/23 16:10:44 Job submitted from host: <137.138.156.150:9618?addrs=137.138.156.150-9618+[2001-1458-d00-14--9a]-9618&noUDP&sock=4221_d558_7>
...
001 (407730.000.000) 10/23 16:13:55 Job executing on host: <188.184.206.167:9618?addrs=188.184.206.167-9618+[2001-1458-301-7d--100-554]-9618&noUDP&sock=1268_522d_3>
...
006 (407730.000.000) 10/23 16:14:03 Image size of job updated: 98948
	41  -  MemoryUsage of job (MB)
	41248  -  ResidentSetSize of job (KB)
...
006 (407730.000.000) 10/23 16:14:10 Image size of job updated: 471548
	41  -  MemoryUsage of job (MB)
	41248  -  ResidentSetSize of job (KB)
...
005 (407730.000.000) 10/23 16:14:11 Job terminated.
	(1) Normal termination (return value 1)
		Usr 0 00:00:01, Sys 0 00:00:00  -  Run Remote Usage
		Usr 0 00:00:00, Sys 0 00:00:00  -  Run Local Usage
		Usr 0 00:00:01, Sys 0 00:00:00  -  Total Remote Usage
		Usr 0 00:00:00, Sys 0 00:00:00  -  Total Local Usage
	10875  -  Run Bytes Sent By Job
	902  -  Run Bytes Received By Job
	10875  -  Total Bytes Sent By Job
	902  -  Total Bytes Received By Job
	Partitionable Resources :    Usage  Request Allocated
	   Cpus                 :                 1         1
	   Disk (KB)            :       27        1   2119120
	   Memory (MB)          :       41     2000      2000
...
000 (408982.000.000) 10/24 14:51:54 Job submitted from host: <137.138.156.150:9618?addrs=137.138.156.150-9618+[2001-1458-d00-14--9a]-9618&noUDP&sock=4221_d558_7>
...
001 (408982.000.000) 10/24 14:52:16 Job executing on host: <188.184.204.8:9618?addrs=188.184.204.8-9618+[2001-1458-301-7d--100-508]-9618&noUDP&sock=1275_1f57_3>
...
006 (408982.000.000) 10/24 14:52:24 Image size of job updated: 22444
	7  -  MemoryUsage of job (MB)
	6960  -  ResidentSetSize of job (KB)
...
006 (408982.000.000) 10/24 14:52:39 Image size of job updated: 93564
	7  -  MemoryUsage of job (MB)
	6976  -  ResidentSetSize of job (KB)
...
005 (408982.000.000) 10/24 14:52:39 Job terminated.
	(1) Normal termination (return value 1)
		Usr 0 00:00:01, Sys 0 00:00:00  -  Run Remote Usage
		Usr 0 00:00:00, Sys 0 00:00:00  -  Run Local Usage
		Usr 0 00:00:01, Sys 0 00:00:00  -  Total Remote Usage
		Usr 0 00:00:00, Sys 0 00:00:00  -  Total Local Usage
	10875  -  Run Bytes Sent By Job
	902  -  Run Bytes Received By Job
	10875  -  Total Bytes Sent By Job
	902  -  Total Bytes Received By Job
	Partitionable Resources :    Usage  Request Allocated
	   Cpus                 :                 1         1
	   Disk (KB)            :       26        1   2191197
	   Memory (MB)          :        7     2000      2000
...
