000 (407756.000.000) 10/23 16:12:38 Job submitted from host: <137.138.156.150:9618?addrs=137.138.156.150-9618+[2001-1458-d00-14--9a]-9618&noUDP&sock=4221_d558_7>
...
001 (407756.000.000) 10/23 16:14:15 Job executing on host: <188.184.205.143:9618?addrs=188.184.205.143-9618+[2001-1458-301-7d--100-52f]-9618&noUDP&sock=1270_b15e_3>
...
006 (407756.000.000) 10/23 16:14:24 Image size of job updated: 96376
	47  -  MemoryUsage of job (MB)
	47864  -  ResidentSetSize of job (KB)
...
006 (407756.000.000) 10/23 16:14:38 Image size of job updated: 633424
	47  -  MemoryUsage of job (MB)
	47864  -  ResidentSetSize of job (KB)
...
005 (407756.000.000) 10/23 16:14:38 Job terminated.
	(1) Normal termination (return value 139)
		Usr 0 00:00:02, Sys 0 00:00:00  -  Run Remote Usage
		Usr 0 00:00:00, Sys 0 00:00:00  -  Run Local Usage
		Usr 0 00:00:02, Sys 0 00:00:00  -  Total Remote Usage
		Usr 0 00:00:00, Sys 0 00:00:00  -  Total Local Usage
	6112  -  Run Bytes Sent By Job
	902  -  Run Bytes Received By Job
	6112  -  Total Bytes Sent By Job
	902  -  Total Bytes Received By Job
	Partitionable Resources :    Usage  Request Allocated
	   Cpus                 :                 1         1
	   Disk (KB)            :       22        1   2217084
	   Memory (MB)          :       47     2000      2000
...
000 (409008.000.000) 10/24 14:53:31 Job submitted from host: <137.138.156.150:9618?addrs=137.138.156.150-9618+[2001-1458-d00-14--9a]-9618&noUDP&sock=4221_d558_7>
...
001 (409008.000.000) 10/24 14:54:27 Job executing on host: <188.184.207.12:9618?addrs=188.184.207.12-9618+[2001-1458-301-7d--100-562]-9618&noUDP&sock=1254_b7da_3>
...
006 (409008.000.000) 10/24 14:54:37 Image size of job updated: 99252
	41  -  MemoryUsage of job (MB)
	41552  -  ResidentSetSize of job (KB)
...
006 (409008.000.000) 10/24 14:54:52 Image size of job updated: 191984
	41  -  MemoryUsage of job (MB)
	41580  -  ResidentSetSize of job (KB)
...
005 (409008.000.000) 10/24 14:54:53 Job terminated.
	(1) Normal termination (return value 139)
		Usr 0 00:00:02, Sys 0 00:00:00  -  Run Remote Usage
		Usr 0 00:00:00, Sys 0 00:00:00  -  Run Local Usage
		Usr 0 00:00:02, Sys 0 00:00:00  -  Total Remote Usage
		Usr 0 00:00:00, Sys 0 00:00:00  -  Total Local Usage
	6112  -  Run Bytes Sent By Job
	902  -  Run Bytes Received By Job
	6112  -  Total Bytes Sent By Job
	902  -  Total Bytes Received By Job
	Partitionable Resources :    Usage  Request Allocated
	   Cpus                 :                 1         1
	   Disk (KB)            :       22        1   2223529
	   Memory (MB)          :       41     2000      2000
...
