000 (407762.000.000) 10/23 16:12:58 Job submitted from host: <137.138.156.150:9618?addrs=137.138.156.150-9618+[2001-1458-d00-14--9a]-9618&noUDP&sock=4221_d558_7>
...
001 (407762.000.000) 10/23 16:14:25 Job executing on host: <188.184.206.167:9618?addrs=188.184.206.167-9618+[2001-1458-301-7d--100-554]-9618&noUDP&sock=1268_522d_3>
...
006 (407762.000.000) 10/23 16:14:34 Image size of job updated: 93448
	45  -  MemoryUsage of job (MB)
	45712  -  ResidentSetSize of job (KB)
...
006 (407762.000.000) 10/23 16:14:37 Image size of job updated: 147688
	45  -  MemoryUsage of job (MB)
	45712  -  ResidentSetSize of job (KB)
...
005 (407762.000.000) 10/23 16:14:37 Job terminated.
	(1) Normal termination (return value 1)
		Usr 0 00:00:01, Sys 0 00:00:00  -  Run Remote Usage
		Usr 0 00:00:00, Sys 0 00:00:00  -  Run Local Usage
		Usr 0 00:00:01, Sys 0 00:00:00  -  Total Remote Usage
		Usr 0 00:00:00, Sys 0 00:00:00  -  Total Local Usage
	10875  -  Run Bytes Sent By Job
	902  -  Run Bytes Received By Job
	10875  -  Total Bytes Sent By Job
	902  -  Total Bytes Received By Job
	Partitionable Resources :    Usage  Request Allocated
	   Cpus                 :                 1         1
	   Disk (KB)            :       27        1   2119120
	   Memory (MB)          :       45     2000      2000
...
000 (409014.000.000) 10/24 14:53:48 Job submitted from host: <137.138.156.150:9618?addrs=137.138.156.150-9618+[2001-1458-d00-14--9a]-9618&noUDP&sock=4221_d558_7>
...
001 (409014.000.000) 10/24 14:54:51 Job executing on host: <188.185.213.80:9618?addrs=188.185.213.80-9618+[2001-1459-301-98--100-4a]-9618&noUDP&sock=1306_62c6_3>
...
006 (409014.000.000) 10/24 14:55:00 Image size of job updated: 95724
	38  -  MemoryUsage of job (MB)
	38024  -  ResidentSetSize of job (KB)
...
006 (409014.000.000) 10/24 14:55:18 Image size of job updated: 150304
	38  -  MemoryUsage of job (MB)
	38048  -  ResidentSetSize of job (KB)
...
005 (409014.000.000) 10/24 14:55:19 Job terminated.
	(1) Normal termination (return value 1)
		Usr 0 00:00:01, Sys 0 00:00:00  -  Run Remote Usage
		Usr 0 00:00:00, Sys 0 00:00:00  -  Run Local Usage
		Usr 0 00:00:01, Sys 0 00:00:00  -  Total Remote Usage
		Usr 0 00:00:00, Sys 0 00:00:00  -  Total Local Usage
	10875  -  Run Bytes Sent By Job
	902  -  Run Bytes Received By Job
	10875  -  Total Bytes Sent By Job
	902  -  Total Bytes Received By Job
	Partitionable Resources :    Usage  Request Allocated
	   Cpus                 :                 1         1
	   Disk (KB)            :       26        1   2183995
	   Memory (MB)          :       38     2000      2000
...
