000 (407312.000.000) 10/23 15:21:57 Job submitted from host: <137.138.156.150:9618?addrs=137.138.156.150-9618+[2001-1458-d00-14--9a]-9618&noUDP&sock=4221_d558_7>
...
001 (407312.000.000) 10/23 15:22:44 Job executing on host: <188.184.205.90:9618?addrs=188.184.205.90-9618+[--1]-9618&noUDP&sock=1243_2c4f_3>
...
006 (407312.000.000) 10/23 15:22:53 Image size of job updated: 55472
	44  -  MemoryUsage of job (MB)
	44760  -  ResidentSetSize of job (KB)
...
006 (407312.000.000) 10/23 15:22:55 Image size of job updated: 55472
	44  -  MemoryUsage of job (MB)
	44780  -  ResidentSetSize of job (KB)
...
005 (407312.000.000) 10/23 15:22:56 Job terminated.
	(1) Normal termination (return value 1)
		Usr 0 00:00:01, Sys 0 00:00:00  -  Run Remote Usage
		Usr 0 00:00:00, Sys 0 00:00:00  -  Run Local Usage
		Usr 0 00:00:01, Sys 0 00:00:00  -  Total Remote Usage
		Usr 0 00:00:00, Sys 0 00:00:00  -  Total Local Usage
	793  -  Run Bytes Sent By Job
	902  -  Run Bytes Received By Job
	793  -  Total Bytes Sent By Job
	902  -  Total Bytes Received By Job
	Partitionable Resources :    Usage  Request Allocated
	   Cpus                 :                 1         1
	   Disk (KB)            :       17        1   2190721
	   Memory (MB)          :       44     2000      2000
...
000 (407829.000.000) 10/23 16:33:49 Job submitted from host: <137.138.156.150:9618?addrs=137.138.156.150-9618+[2001-1458-d00-14--9a]-9618&noUDP&sock=4221_d558_7>
...
001 (407829.000.000) 10/23 16:36:37 Job executing on host: <188.184.204.197:9618?addrs=188.184.204.197-9618+[2001-1458-301-7d--100-523]-9618&noUDP&sock=1279_ddb8_3>
...
006 (407829.000.000) 10/23 16:36:45 Image size of job updated: 49488
	41  -  MemoryUsage of job (MB)
	41044  -  ResidentSetSize of job (KB)
...
006 (407829.000.000) 10/23 16:37:02 Image size of job updated: 415396
	41  -  MemoryUsage of job (MB)
	41048  -  ResidentSetSize of job (KB)
...
005 (407829.000.000) 10/23 16:37:02 Job terminated.
	(1) Normal termination (return value 139)
		Usr 0 00:00:02, Sys 0 00:00:00  -  Run Remote Usage
		Usr 0 00:00:00, Sys 0 00:00:00  -  Run Local Usage
		Usr 0 00:00:02, Sys 0 00:00:00  -  Total Remote Usage
		Usr 0 00:00:00, Sys 0 00:00:00  -  Total Local Usage
	4003  -  Run Bytes Sent By Job
	902  -  Run Bytes Received By Job
	4003  -  Total Bytes Sent By Job
	902  -  Total Bytes Received By Job
	Partitionable Resources :    Usage  Request Allocated
	   Cpus                 :                 1         1
	   Disk (KB)            :       20        1   2108380
	   Memory (MB)          :       41     2000      2000
...
000 (408655.000.000) 10/24 11:39:17 Job submitted from host: <137.138.156.150:9618?addrs=137.138.156.150-9618+[2001-1458-d00-14--9a]-9618&noUDP&sock=4221_d558_7>
...
001 (408655.000.000) 10/24 12:18:12 Job executing on host: <188.184.205.219:9618?addrs=188.184.205.219-9618+[2001-1458-301-7d--100-53a]-9618&noUDP&sock=1282_ec81_3>
...
006 (408655.000.000) 10/24 12:18:21 Image size of job updated: 21104
	7  -  MemoryUsage of job (MB)
	6456  -  ResidentSetSize of job (KB)
...
006 (408655.000.000) 10/24 12:18:43 Image size of job updated: 161896
	7  -  MemoryUsage of job (MB)
	6456  -  ResidentSetSize of job (KB)
...
005 (408655.000.000) 10/24 12:18:43 Job terminated.
	(1) Normal termination (return value 1)
		Usr 0 00:00:01, Sys 0 00:00:00  -  Run Remote Usage
		Usr 0 00:00:00, Sys 0 00:00:00  -  Run Local Usage
		Usr 0 00:00:01, Sys 0 00:00:00  -  Total Remote Usage
		Usr 0 00:00:00, Sys 0 00:00:00  -  Total Local Usage
	12085  -  Run Bytes Sent By Job
	902  -  Run Bytes Received By Job
	12085  -  Total Bytes Sent By Job
	902  -  Total Bytes Received By Job
	Partitionable Resources :    Usage  Request Allocated
	   Cpus                 :                 1         1
	   Disk (KB)            :       28        1   2142507
	   Memory (MB)          :        7     2000      2000
...
