000 (407304.000.000) 10/23 15:21:08 Job submitted from host: <137.138.156.150:9618?addrs=137.138.156.150-9618+[2001-1458-d00-14--9a]-9618&noUDP&sock=4221_d558_7>
...
001 (407304.000.000) 10/23 15:22:41 Job executing on host: <188.184.204.103:9618?addrs=188.184.204.103-9618+[2001-1458-301-7d--100-4fd]-9618&noUDP&sock=1263_e434_3>
...
006 (407304.000.000) 10/23 15:22:50 Image size of job updated: 76816
	44  -  MemoryUsage of job (MB)
	44420  -  ResidentSetSize of job (KB)
...
005 (407304.000.000) 10/23 15:22:54 Job terminated.
	(1) Normal termination (return value 1)
		Usr 0 00:00:00, Sys 0 00:00:00  -  Run Remote Usage
		Usr 0 00:00:00, Sys 0 00:00:00  -  Run Local Usage
		Usr 0 00:00:00, Sys 0 00:00:00  -  Total Remote Usage
		Usr 0 00:00:00, Sys 0 00:00:00  -  Total Local Usage
	793  -  Run Bytes Sent By Job
	902  -  Run Bytes Received By Job
	793  -  Total Bytes Sent By Job
	902  -  Total Bytes Received By Job
	Partitionable Resources :    Usage  Request Allocated
	   Cpus                 :                 1         1
	   Disk (KB)            :       17        1   2120100
	   Memory (MB)          :       44     2000      2000
...
000 (407821.000.000) 10/23 16:33:24 Job submitted from host: <137.138.156.150:9618?addrs=137.138.156.150-9618+[2001-1458-d00-14--9a]-9618&noUDP&sock=4221_d558_7>
...
001 (407821.000.000) 10/23 16:36:20 Job executing on host: <188.184.204.197:9618?addrs=188.184.204.197-9618+[2001-1458-301-7d--100-523]-9618&noUDP&sock=1279_ddb8_3>
...
006 (407821.000.000) 10/23 16:36:29 Image size of job updated: 70712
	41  -  MemoryUsage of job (MB)
	41832  -  ResidentSetSize of job (KB)
...
006 (407821.000.000) 10/23 16:36:49 Image size of job updated: 70712
	41  -  MemoryUsage of job (MB)
	41836  -  ResidentSetSize of job (KB)
...
005 (407821.000.000) 10/23 16:36:53 Job terminated.
	(1) Normal termination (return value 139)
		Usr 0 00:00:02, Sys 0 00:00:00  -  Run Remote Usage
		Usr 0 00:00:00, Sys 0 00:00:00  -  Run Local Usage
		Usr 0 00:00:02, Sys 0 00:00:00  -  Total Remote Usage
		Usr 0 00:00:00, Sys 0 00:00:00  -  Total Local Usage
	4003  -  Run Bytes Sent By Job
	902  -  Run Bytes Received By Job
	4003  -  Total Bytes Sent By Job
	902  -  Total Bytes Received By Job
	Partitionable Resources :    Usage  Request Allocated
	   Cpus                 :                 1         1
	   Disk (KB)            :       20        1   2108440
	   Memory (MB)          :       41     2000      2000
...
000 (408652.000.000) 10/24 11:38:50 Job submitted from host: <137.138.156.150:9618?addrs=137.138.156.150-9618+[2001-1458-d00-14--9a]-9618&noUDP&sock=4221_d558_7>
...
001 (408652.000.000) 10/24 12:18:12 Job executing on host: <188.184.204.202:9618?addrs=188.184.204.202-9618+[2001-1458-301-7d--100-51a]-9618&noUDP&sock=1274_6fbf_3>
...
006 (408652.000.000) 10/24 12:18:20 Image size of job updated: 1744
	2  -  MemoryUsage of job (MB)
	1560  -  ResidentSetSize of job (KB)
...
006 (408652.000.000) 10/24 12:18:47 Image size of job updated: 162032
	2  -  MemoryUsage of job (MB)
	1560  -  ResidentSetSize of job (KB)
...
005 (408652.000.000) 10/24 12:18:48 Job terminated.
	(1) Normal termination (return value 1)
		Usr 0 00:00:01, Sys 0 00:00:00  -  Run Remote Usage
		Usr 0 00:00:00, Sys 0 00:00:00  -  Run Local Usage
		Usr 0 00:00:01, Sys 0 00:00:00  -  Total Remote Usage
		Usr 0 00:00:00, Sys 0 00:00:00  -  Total Local Usage
	12085  -  Run Bytes Sent By Job
	902  -  Run Bytes Received By Job
	12085  -  Total Bytes Sent By Job
	902  -  Total Bytes Received By Job
	Partitionable Resources :    Usage  Request Allocated
	   Cpus                 :                 1         1
	   Disk (KB)            :       28        1   2103232
	   Memory (MB)          :        2     2000      2000
...
