000 (407587.000.000) 10/23 15:49:08 Job submitted from host: <137.138.156.150:9618?addrs=137.138.156.150-9618+[2001-1458-d00-14--9a]-9618&noUDP&sock=4221_d558_7>
...
001 (407587.000.000) 10/23 15:49:19 Job executing on host: <188.184.204.103:9618?addrs=188.184.204.103-9618+[2001-1458-301-7d--100-4fd]-9618&noUDP&sock=1263_e434_3>
...
006 (407587.000.000) 10/23 15:49:28 Image size of job updated: 25200
	10  -  MemoryUsage of job (MB)
	9388  -  ResidentSetSize of job (KB)
...
006 (407587.000.000) 10/23 15:49:39 Image size of job updated: 87876
	10  -  MemoryUsage of job (MB)
	9388  -  ResidentSetSize of job (KB)
...
005 (407587.000.000) 10/23 15:49:39 Job terminated.
	(1) Normal termination (return value 1)
		Usr 0 00:00:00, Sys 0 00:00:00  -  Run Remote Usage
		Usr 0 00:00:00, Sys 0 00:00:00  -  Run Local Usage
		Usr 0 00:00:00, Sys 0 00:00:00  -  Total Remote Usage
		Usr 0 00:00:00, Sys 0 00:00:00  -  Total Local Usage
	792  -  Run Bytes Sent By Job
	902  -  Run Bytes Received By Job
	792  -  Total Bytes Sent By Job
	902  -  Total Bytes Received By Job
	Partitionable Resources :    Usage  Request Allocated
	   Cpus                 :                 1         1
	   Disk (KB)            :       17        1   2120098
	   Memory (MB)          :       10     2000      2000
...
000 (408833.000.000) 10/24 13:21:55 Job submitted from host: <137.138.156.150:9618?addrs=137.138.156.150-9618+[2001-1458-d00-14--9a]-9618&noUDP&sock=4221_d558_7>
...
001 (408833.000.000) 10/24 13:22:04 Job executing on host: <188.185.214.18:9618?addrs=188.185.214.18-9618+[2001-1459-301-99--100-c]-9618&noUDP&sock=1282_ec81_3>
...
006 (408833.000.000) 10/24 13:22:13 Image size of job updated: 12276
	7  -  MemoryUsage of job (MB)
	6888  -  ResidentSetSize of job (KB)
...
006 (408833.000.000) 10/24 13:23:30 Image size of job updated: 170120
	7  -  MemoryUsage of job (MB)
	6904  -  ResidentSetSize of job (KB)
...
005 (408833.000.000) 10/24 13:23:31 Job terminated.
	(1) Normal termination (return value 139)
		Usr 0 00:00:02, Sys 0 00:00:00  -  Run Remote Usage
		Usr 0 00:00:00, Sys 0 00:00:00  -  Run Local Usage
		Usr 0 00:00:02, Sys 0 00:00:00  -  Total Remote Usage
		Usr 0 00:00:00, Sys 0 00:00:00  -  Total Local Usage
	4211  -  Run Bytes Sent By Job
	902  -  Run Bytes Received By Job
	4211  -  Total Bytes Sent By Job
	902  -  Total Bytes Received By Job
	Partitionable Resources :    Usage  Request Allocated
	   Cpus                 :                 1         1
	   Disk (KB)            :       20        1   2163326
	   Memory (MB)          :        7     2000      2000
...
