000 (407279.000.000) 10/23 15:19:42 Job submitted from host: <137.138.156.150:9618?addrs=137.138.156.150-9618+[2001-1458-d00-14--9a]-9618&noUDP&sock=4221_d558_7>
...
001 (407279.000.000) 10/23 15:22:17 Job executing on host: <188.184.205.67:9618?addrs=188.184.205.67-9618+[2001-1458-301-7d--100-515]-9618&noUDP&sock=1274_6fbf_3>
...
006 (407279.000.000) 10/23 15:22:26 Image size of job updated: 14368
	10  -  MemoryUsage of job (MB)
	9432  -  ResidentSetSize of job (KB)
...
006 (407279.000.000) 10/23 15:22:40 Image size of job updated: 167236
	10  -  MemoryUsage of job (MB)
	9432  -  ResidentSetSize of job (KB)
...
005 (407279.000.000) 10/23 15:22:40 Job terminated.
	(1) Normal termination (return value 1)
		Usr 0 00:00:01, Sys 0 00:00:00  -  Run Remote Usage
		Usr 0 00:00:00, Sys 0 00:00:00  -  Run Local Usage
		Usr 0 00:00:01, Sys 0 00:00:00  -  Total Remote Usage
		Usr 0 00:00:00, Sys 0 00:00:00  -  Total Local Usage
	793  -  Run Bytes Sent By Job
	902  -  Run Bytes Received By Job
	793  -  Total Bytes Sent By Job
	902  -  Total Bytes Received By Job
	Partitionable Resources :    Usage  Request Allocated
	   Cpus                 :                 1         1
	   Disk (KB)            :       16        1   2127765
	   Memory (MB)          :       10     2000      2000
...
000 (407788.000.000) 10/23 16:31:36 Job submitted from host: <137.138.156.150:9618?addrs=137.138.156.150-9618+[2001-1458-d00-14--9a]-9618&noUDP&sock=4221_d558_7>
...
001 (407788.000.000) 10/23 16:35:15 Job executing on host: <188.184.204.197:9618?addrs=188.184.204.197-9618+[2001-1458-301-7d--100-523]-9618&noUDP&sock=1279_ddb8_3>
...
006 (407788.000.000) 10/23 16:35:23 Image size of job updated: 63628
	41  -  MemoryUsage of job (MB)
	41664  -  ResidentSetSize of job (KB)
...
006 (407788.000.000) 10/23 16:35:40 Image size of job updated: 63628
	41  -  MemoryUsage of job (MB)
	41672  -  ResidentSetSize of job (KB)
...
005 (407788.000.000) 10/23 16:35:40 Job terminated.
	(1) Normal termination (return value 139)
		Usr 0 00:00:02, Sys 0 00:00:00  -  Run Remote Usage
		Usr 0 00:00:00, Sys 0 00:00:00  -  Run Local Usage
		Usr 0 00:00:02, Sys 0 00:00:00  -  Total Remote Usage
		Usr 0 00:00:00, Sys 0 00:00:00  -  Total Local Usage
	4003  -  Run Bytes Sent By Job
	902  -  Run Bytes Received By Job
	4003  -  Total Bytes Sent By Job
	902  -  Total Bytes Received By Job
	Partitionable Resources :    Usage  Request Allocated
	   Cpus                 :                 1         1
	   Disk (KB)            :       20        1   2108380
	   Memory (MB)          :       41     2000      2000
...
000 (408639.000.000) 10/24 11:37:35 Job submitted from host: <137.138.156.150:9618?addrs=137.138.156.150-9618+[2001-1458-d00-14--9a]-9618&noUDP&sock=4221_d558_7>
...
001 (408639.000.000) 10/24 12:18:21 Job executing on host: <188.185.214.177:9618?addrs=188.185.214.177-9618+[2001-1459-301-99--100-ab]-9618&noUDP&sock=1326_1aab_3>
...
006 (408639.000.000) 10/24 12:18:30 Image size of job updated: 1144
	2  -  MemoryUsage of job (MB)
	1144  -  ResidentSetSize of job (KB)
...
006 (408639.000.000) 10/24 12:21:02 Image size of job updated: 162492
	2  -  MemoryUsage of job (MB)
	1144  -  ResidentSetSize of job (KB)
...
005 (408639.000.000) 10/24 12:21:03 Job terminated.
	(1) Normal termination (return value 1)
		Usr 0 00:00:01, Sys 0 00:00:00  -  Run Remote Usage
		Usr 0 00:00:00, Sys 0 00:00:00  -  Run Local Usage
		Usr 0 00:00:01, Sys 0 00:00:00  -  Total Remote Usage
		Usr 0 00:00:00, Sys 0 00:00:00  -  Total Local Usage
	12085  -  Run Bytes Sent By Job
	902  -  Run Bytes Received By Job
	12085  -  Total Bytes Sent By Job
	902  -  Total Bytes Received By Job
	Partitionable Resources :    Usage  Request Allocated
	   Cpus                 :                 1         1
	   Disk (KB)            :       28        1   2196578
	   Memory (MB)          :        2     2000      2000
...
